Classic Timing Analyzer report for vga256
Wed Sep 02 13:55:47 2009
Quartus II Version 9.0 Build 132 02/25/2009 SJ Full Version


---------------------
; Table of Contents ;
---------------------
  1. Legal Notice
  2. Timing Analyzer Summary
  3. Timing Analyzer Settings
  4. Clock Settings Summary
  5. Parallel Compilation
  6. Clock Setup: 'clk_25m'
  7. tco
  8. Timing Analyzer Messages



----------------
; Legal Notice ;
----------------
Copyright (C) 1991-2009 Altera Corporation
Your use of Altera Corporation's design tools, logic functions 
and other software and tools, and its AMPP partner logic 
functions, and any output files from any of the foregoing 
(including device programming or simulation files), and any 
associated documentation or information are expressly subject 
to the terms and conditions of the Altera Program License 
Subscription Agreement, Altera MegaCore Function License 
Agreement, or other applicable license agreement, including, 
without limitation, that your use is for the sole purpose of 
programming logic devices manufactured by Altera and sold by 
Altera or its authorized distributors.  Please refer to the 
applicable agreement for further details.



+----------------------------------------------------------------------------------------------------------------------------------------------------------+
; Timing Analyzer Summary                                                                                                                                  ;
+------------------------------+-------+---------------+----------------------------------+------------+------------+------------+----------+--------------+
; Type                         ; Slack ; Required Time ; Actual Time                      ; From       ; To         ; From Clock ; To Clock ; Failed Paths ;
+------------------------------+-------+---------------+----------------------------------+------------+------------+------------+----------+--------------+
; Worst-case tco               ; N/A   ; None          ; 7.738 ns                         ; vga_rgb[6] ; vga_r[1]   ; clk_25m    ; --       ; 0            ;
; Clock Setup: 'clk_25m'       ; N/A   ; None          ; 112.07 MHz ( period = 8.923 ns ) ; y_cnt[0]   ; vga_rgb[4] ; clk_25m    ; clk_25m  ; 0            ;
; Total number of failed paths ;       ;               ;                                  ;            ;            ;            ;          ; 0            ;
+------------------------------+-------+---------------+----------------------------------+------------+------------+------------+----------+--------------+


+--------------------------------------------------------------------------------------------------------------------+
; Timing Analyzer Settings                                                                                           ;
+---------------------------------------------------------------------+--------------------+------+----+-------------+
; Option                                                              ; Setting            ; From ; To ; Entity Name ;
+---------------------------------------------------------------------+--------------------+------+----+-------------+
; Device Name                                                         ; EP1C3T144C8        ;      ;    ;             ;
; Timing Models                                                       ; Final              ;      ;    ;             ;
; Default hold multicycle                                             ; Same as Multicycle ;      ;    ;             ;
; Cut paths between unrelated clock domains                           ; On                 ;      ;    ;             ;
; Cut off read during write signal paths                              ; On                 ;      ;    ;             ;
; Cut off feedback from I/O pins                                      ; On                 ;      ;    ;             ;
; Report Combined Fast/Slow Timing                                    ; Off                ;      ;    ;             ;
; Ignore Clock Settings                                               ; Off                ;      ;    ;             ;
; Analyze latches as synchronous elements                             ; On                 ;      ;    ;             ;
; Enable Recovery/Removal analysis                                    ; Off                ;      ;    ;             ;
; Enable Clock Latency                                                ; Off                ;      ;    ;             ;
; Use TimeQuest Timing Analyzer                                       ; Off                ;      ;    ;             ;
; Minimum Core Junction Temperature                                   ; 0                  ;      ;    ;             ;
; Maximum Core Junction Temperature                                   ; 85                 ;      ;    ;             ;
; Number of source nodes to report per destination node               ; 10                 ;      ;    ;             ;
; Number of destination nodes to report                               ; 10                 ;      ;    ;             ;
; Number of paths to report                                           ; 200                ;      ;    ;             ;
; Report Minimum Timing Checks                                        ; Off                ;      ;    ;             ;
; Use Fast Timing Models                                              ; Off                ;      ;    ;             ;
; Report IO Paths Separately                                          ; Off                ;      ;    ;             ;
; Perform Multicorner Analysis                                        ; Off                ;      ;    ;             ;
; Reports the worst-case path for each clock domain and analysis      ; Off                ;      ;    ;             ;
; Removes common clock path pessimism (CCPP) during slack computation ; Off                ;      ;    ;             ;
; Output I/O Timing Endpoint                                          ; Near End           ;      ;    ;             ;
+---------------------------------------------------------------------+--------------------+------+----+-------------+


+------------------------------------------------------------------------------------------------------------------------------------------------------------------------------------+
; Clock Settings Summary                                                                                                                                                             ;
+-----------------+--------------------+----------+------------------+---------------+--------------+----------+-----------------------+---------------------+--------+--------------+
; Clock Node Name ; Clock Setting Name ; Type     ; Fmax Requirement ; Early Latency ; Late Latency ; Based on ; Multiply Base Fmax by ; Divide Base Fmax by ; Offset ; Phase offset ;
+-----------------+--------------------+----------+------------------+---------------+--------------+----------+-----------------------+---------------------+--------+--------------+
; clk_25m         ;                    ; User Pin ; None             ; 0.000 ns      ; 0.000 ns     ; --       ; N/A                   ; N/A                 ; N/A    ;              ;
+-----------------+--------------------+----------+------------------+---------------+--------------+----------+-----------------------+---------------------+--------+--------------+


+------------------------------------------+
; Parallel Compilation                     ;
+----------------------------+-------------+
; Processors                 ; Number      ;
+----------------------------+-------------+
; Number detected on machine ; 2           ;
; Maximum allowed            ; 2           ;
;                            ;             ;
; Average used               ; 1.00        ;
; Maximum used               ; 1           ;
;                            ;             ;
; Usage by Processor         ; % Time Used ;
;     1 processor            ; 100.0%      ;
;     2 processors           ;   0.0%      ;
+----------------------------+-------------+


+---------------------------------------------------------------------------------------------------------------------------------------------------------------------------------------------------------------------------------------------------------------------------------------------------------------------+
; Clock Setup: 'clk_25m'                                                                                                                                                                                                                                                                                              ;
+-----------------------------------------+-----------------------------------------------------+-------------------------------------------------------------------------------------------+-------------+------------+----------+-----------------------------+---------------------------+-------------------------+
; Slack                                   ; Actual fmax (period)                                ; From                                                                                      ; To          ; From Clock ; To Clock ; Required Setup Relationship ; Required Longest P2P Time ; Actual Longest P2P Time ;
+-----------------------------------------+-----------------------------------------------------+-------------------------------------------------------------------------------------------+-------------+------------+----------+-----------------------------+---------------------------+-------------------------+
; N/A                                     ; 112.07 MHz ( period = 8.923 ns )                    ; y_cnt[0]                                                                                  ; vga_rgb[4]  ; clk_25m    ; clk_25m  ; None                        ; None                      ; 8.623 ns                ;
; N/A                                     ; 113.20 MHz ( period = 8.834 ns )                    ; y_cnt[1]                                                                                  ; vga_rgb[4]  ; clk_25m    ; clk_25m  ; None                        ; None                      ; 8.534 ns                ;
; N/A                                     ; 114.19 MHz ( period = 8.757 ns )                    ; y_cnt[2]                                                                                  ; vga_rgb[4]  ; clk_25m    ; clk_25m  ; None                        ; None                      ; 8.457 ns                ;
; N/A                                     ; 114.90 MHz ( period = 8.703 ns )                    ; y_cnt[3]                                                                                  ; vga_rgb[4]  ; clk_25m    ; clk_25m  ; None                        ; None                      ; 8.403 ns                ;
; N/A                                     ; 115.15 MHz ( period = 8.684 ns )                    ; y_cnt[4]                                                                                  ; vga_rgb[4]  ; clk_25m    ; clk_25m  ; None                        ; None                      ; 8.384 ns                ;
; N/A                                     ; 115.15 MHz ( period = 8.684 ns )                    ; y_cnt[7]                                                                                  ; vga_rgb[4]  ; clk_25m    ; clk_25m  ; None                        ; None                      ; 8.384 ns                ;
; N/A                                     ; 115.51 MHz ( period = 8.657 ns )                    ; y_cnt[5]                                                                                  ; vga_rgb[4]  ; clk_25m    ; clk_25m  ; None                        ; None                      ; 8.357 ns                ;
; N/A                                     ; 116.47 MHz ( period = 8.586 ns )                    ; y_cnt[6]                                                                                  ; vga_rgb[4]  ; clk_25m    ; clk_25m  ; None                        ; None                      ; 8.286 ns                ;
; N/A                                     ; 119.93 MHz ( period = 8.338 ns )                    ; y_cnt[0]                                                                                  ; rom_addr[4] ; clk_25m    ; clk_25m  ; None                        ; None                      ; 8.077 ns                ;
; N/A                                     ; 119.93 MHz ( period = 8.338 ns )                    ; y_cnt[0]                                                                                  ; rom_addr[5] ; clk_25m    ; clk_25m  ; None                        ; None                      ; 8.077 ns                ;
; N/A                                     ; 121.23 MHz ( period = 8.249 ns )                    ; y_cnt[1]                                                                                  ; rom_addr[4] ; clk_25m    ; clk_25m  ; None                        ; None                      ; 7.988 ns                ;
; N/A                                     ; 121.23 MHz ( period = 8.249 ns )                    ; y_cnt[1]                                                                                  ; rom_addr[5] ; clk_25m    ; clk_25m  ; None                        ; None                      ; 7.988 ns                ;
; N/A                                     ; 122.37 MHz ( period = 8.172 ns )                    ; y_cnt[2]                                                                                  ; rom_addr[4] ; clk_25m    ; clk_25m  ; None                        ; None                      ; 7.911 ns                ;
; N/A                                     ; 122.37 MHz ( period = 8.172 ns )                    ; y_cnt[2]                                                                                  ; rom_addr[5] ; clk_25m    ; clk_25m  ; None                        ; None                      ; 7.911 ns                ;
; N/A                                     ; 123.14 MHz ( period = 8.121 ns )                    ; y_cnt[0]                                                                                  ; rom_addr[3] ; clk_25m    ; clk_25m  ; None                        ; None                      ; 7.860 ns                ;
; N/A                                     ; 123.18 MHz ( period = 8.118 ns )                    ; y_cnt[3]                                                                                  ; rom_addr[4] ; clk_25m    ; clk_25m  ; None                        ; None                      ; 7.857 ns                ;
; N/A                                     ; 123.18 MHz ( period = 8.118 ns )                    ; y_cnt[3]                                                                                  ; rom_addr[5] ; clk_25m    ; clk_25m  ; None                        ; None                      ; 7.857 ns                ;
; N/A                                     ; 123.47 MHz ( period = 8.099 ns )                    ; y_cnt[4]                                                                                  ; rom_addr[4] ; clk_25m    ; clk_25m  ; None                        ; None                      ; 7.838 ns                ;
; N/A                                     ; 123.47 MHz ( period = 8.099 ns )                    ; y_cnt[7]                                                                                  ; rom_addr[4] ; clk_25m    ; clk_25m  ; None                        ; None                      ; 7.838 ns                ;
; N/A                                     ; 123.47 MHz ( period = 8.099 ns )                    ; y_cnt[4]                                                                                  ; rom_addr[5] ; clk_25m    ; clk_25m  ; None                        ; None                      ; 7.838 ns                ;
; N/A                                     ; 123.47 MHz ( period = 8.099 ns )                    ; y_cnt[7]                                                                                  ; rom_addr[5] ; clk_25m    ; clk_25m  ; None                        ; None                      ; 7.838 ns                ;
; N/A                                     ; 123.89 MHz ( period = 8.072 ns )                    ; y_cnt[5]                                                                                  ; rom_addr[4] ; clk_25m    ; clk_25m  ; None                        ; None                      ; 7.811 ns                ;
; N/A                                     ; 123.89 MHz ( period = 8.072 ns )                    ; y_cnt[5]                                                                                  ; rom_addr[5] ; clk_25m    ; clk_25m  ; None                        ; None                      ; 7.811 ns                ;
; N/A                                     ; 124.35 MHz ( period = 8.042 ns )                    ; y_cnt[0]                                                                                  ; rom_addr[0] ; clk_25m    ; clk_25m  ; None                        ; None                      ; 7.781 ns                ;
; N/A                                     ; 124.35 MHz ( period = 8.042 ns )                    ; y_cnt[0]                                                                                  ; rom_addr[1] ; clk_25m    ; clk_25m  ; None                        ; None                      ; 7.781 ns                ;
; N/A                                     ; 124.35 MHz ( period = 8.042 ns )                    ; y_cnt[0]                                                                                  ; rom_addr[2] ; clk_25m    ; clk_25m  ; None                        ; None                      ; 7.781 ns                ;
; N/A                                     ; 124.50 MHz ( period = 8.032 ns )                    ; y_cnt[1]                                                                                  ; rom_addr[3] ; clk_25m    ; clk_25m  ; None                        ; None                      ; 7.771 ns                ;
; N/A                                     ; 124.98 MHz ( period = 8.001 ns )                    ; y_cnt[6]                                                                                  ; rom_addr[4] ; clk_25m    ; clk_25m  ; None                        ; None                      ; 7.740 ns                ;
; N/A                                     ; 124.98 MHz ( period = 8.001 ns )                    ; y_cnt[6]                                                                                  ; rom_addr[5] ; clk_25m    ; clk_25m  ; None                        ; None                      ; 7.740 ns                ;
; N/A                                     ; 125.71 MHz ( period = 7.955 ns )                    ; y_cnt[2]                                                                                  ; rom_addr[3] ; clk_25m    ; clk_25m  ; None                        ; None                      ; 7.694 ns                ;
; N/A                                     ; 125.75 MHz ( period = 7.952 ns )                    ; y_cnt[1]                                                                                  ; rom_addr[2] ; clk_25m    ; clk_25m  ; None                        ; None                      ; 7.691 ns                ;
; N/A                                     ; 125.77 MHz ( period = 7.951 ns )                    ; y_cnt[1]                                                                                  ; rom_addr[0] ; clk_25m    ; clk_25m  ; None                        ; None                      ; 7.690 ns                ;
; N/A                                     ; 125.77 MHz ( period = 7.951 ns )                    ; y_cnt[1]                                                                                  ; rom_addr[1] ; clk_25m    ; clk_25m  ; None                        ; None                      ; 7.690 ns                ;
; N/A                                     ; 126.28 MHz ( period = 7.919 ns )                    ; y_cnt[8]                                                                                  ; vga_rgb[4]  ; clk_25m    ; clk_25m  ; None                        ; None                      ; 7.619 ns                ;
; N/A                                     ; 126.57 MHz ( period = 7.901 ns )                    ; y_cnt[3]                                                                                  ; rom_addr[3] ; clk_25m    ; clk_25m  ; None                        ; None                      ; 7.640 ns                ;
; N/A                                     ; 126.87 MHz ( period = 7.882 ns )                    ; y_cnt[4]                                                                                  ; rom_addr[3] ; clk_25m    ; clk_25m  ; None                        ; None                      ; 7.621 ns                ;
; N/A                                     ; 126.87 MHz ( period = 7.882 ns )                    ; y_cnt[7]                                                                                  ; rom_addr[3] ; clk_25m    ; clk_25m  ; None                        ; None                      ; 7.621 ns                ;
; N/A                                     ; 126.98 MHz ( period = 7.875 ns )                    ; y_cnt[2]                                                                                  ; rom_addr[2] ; clk_25m    ; clk_25m  ; None                        ; None                      ; 7.614 ns                ;
; N/A                                     ; 127.03 MHz ( period = 7.872 ns )                    ; y_cnt[2]                                                                                  ; rom_addr[0] ; clk_25m    ; clk_25m  ; None                        ; None                      ; 7.611 ns                ;
; N/A                                     ; 127.03 MHz ( period = 7.872 ns )                    ; y_cnt[2]                                                                                  ; rom_addr[1] ; clk_25m    ; clk_25m  ; None                        ; None                      ; 7.611 ns                ;
; N/A                                     ; 127.31 MHz ( period = 7.855 ns )                    ; y_cnt[5]                                                                                  ; rom_addr[3] ; clk_25m    ; clk_25m  ; None                        ; None                      ; 7.594 ns                ;
; N/A                                     ; 127.52 MHz ( period = 7.842 ns )                    ; vga_rom:uut_vga_rom|altsyncram:altsyncram_component|altsyncram_1051:auto_generated|q_a[1] ; vga_rgb[4]  ; clk_25m    ; clk_25m  ; None                        ; None                      ; 7.119 ns                ;
; N/A                                     ; 127.86 MHz ( period = 7.821 ns )                    ; y_cnt[3]                                                                                  ; rom_addr[2] ; clk_25m    ; clk_25m  ; None                        ; None                      ; 7.560 ns                ;
; N/A                                     ; 127.94 MHz ( period = 7.816 ns )                    ; y_cnt[3]                                                                                  ; rom_addr[0] ; clk_25m    ; clk_25m  ; None                        ; None                      ; 7.555 ns                ;
; N/A                                     ; 127.94 MHz ( period = 7.816 ns )                    ; y_cnt[3]                                                                                  ; rom_addr[1] ; clk_25m    ; clk_25m  ; None                        ; None                      ; 7.555 ns                ;
; N/A                                     ; 128.17 MHz ( period = 7.802 ns )                    ; y_cnt[4]                                                                                  ; rom_addr[2] ; clk_25m    ; clk_25m  ; None                        ; None                      ; 7.541 ns                ;
; N/A                                     ; 128.17 MHz ( period = 7.802 ns )                    ; y_cnt[7]                                                                                  ; rom_addr[2] ; clk_25m    ; clk_25m  ; None                        ; None                      ; 7.541 ns                ;
; N/A                                     ; 128.47 MHz ( period = 7.784 ns )                    ; y_cnt[6]                                                                                  ; rom_addr[3] ; clk_25m    ; clk_25m  ; None                        ; None                      ; 7.523 ns                ;
; N/A                                     ; 128.50 MHz ( period = 7.782 ns )                    ; vga_rom:uut_vga_rom|altsyncram:altsyncram_component|altsyncram_1051:auto_generated|q_a[3] ; vga_rgb[4]  ; clk_25m    ; clk_25m  ; None                        ; None                      ; 7.059 ns                ;
; N/A                                     ; 128.62 MHz ( period = 7.775 ns )                    ; y_cnt[5]                                                                                  ; rom_addr[2] ; clk_25m    ; clk_25m  ; None                        ; None                      ; 7.514 ns                ;
; N/A                                     ; 128.68 MHz ( period = 7.771 ns )                    ; x_cnt[8]                                                                                  ; rom_addr[4] ; clk_25m    ; clk_25m  ; None                        ; None                      ; 7.510 ns                ;
; N/A                                     ; 128.68 MHz ( period = 7.771 ns )                    ; x_cnt[8]                                                                                  ; rom_addr[5] ; clk_25m    ; clk_25m  ; None                        ; None                      ; 7.510 ns                ;
; N/A                                     ; 128.85 MHz ( period = 7.761 ns )                    ; y_cnt[4]                                                                                  ; rom_addr[0] ; clk_25m    ; clk_25m  ; None                        ; None                      ; 7.500 ns                ;
; N/A                                     ; 128.85 MHz ( period = 7.761 ns )                    ; y_cnt[7]                                                                                  ; rom_addr[0] ; clk_25m    ; clk_25m  ; None                        ; None                      ; 7.500 ns                ;
; N/A                                     ; 128.85 MHz ( period = 7.761 ns )                    ; y_cnt[4]                                                                                  ; rom_addr[1] ; clk_25m    ; clk_25m  ; None                        ; None                      ; 7.500 ns                ;
; N/A                                     ; 128.85 MHz ( period = 7.761 ns )                    ; y_cnt[7]                                                                                  ; rom_addr[1] ; clk_25m    ; clk_25m  ; None                        ; None                      ; 7.500 ns                ;
; N/A                                     ; 129.30 MHz ( period = 7.734 ns )                    ; y_cnt[5]                                                                                  ; rom_addr[0] ; clk_25m    ; clk_25m  ; None                        ; None                      ; 7.473 ns                ;
; N/A                                     ; 129.30 MHz ( period = 7.734 ns )                    ; y_cnt[5]                                                                                  ; rom_addr[1] ; clk_25m    ; clk_25m  ; None                        ; None                      ; 7.473 ns                ;
; N/A                                     ; 129.80 MHz ( period = 7.704 ns )                    ; y_cnt[6]                                                                                  ; rom_addr[2] ; clk_25m    ; clk_25m  ; None                        ; None                      ; 7.443 ns                ;
; N/A                                     ; 130.50 MHz ( period = 7.663 ns )                    ; y_cnt[6]                                                                                  ; rom_addr[0] ; clk_25m    ; clk_25m  ; None                        ; None                      ; 7.402 ns                ;
; N/A                                     ; 130.50 MHz ( period = 7.663 ns )                    ; y_cnt[6]                                                                                  ; rom_addr[1] ; clk_25m    ; clk_25m  ; None                        ; None                      ; 7.402 ns                ;
; N/A                                     ; 131.29 MHz ( period = 7.617 ns )                    ; x_cnt[9]                                                                                  ; rom_addr[4] ; clk_25m    ; clk_25m  ; None                        ; None                      ; 7.356 ns                ;
; N/A                                     ; 131.29 MHz ( period = 7.617 ns )                    ; x_cnt[9]                                                                                  ; rom_addr[5] ; clk_25m    ; clk_25m  ; None                        ; None                      ; 7.356 ns                ;
; N/A                                     ; 131.77 MHz ( period = 7.589 ns )                    ; vga_rom:uut_vga_rom|altsyncram:altsyncram_component|altsyncram_1051:auto_generated|q_a[6] ; vga_rgb[4]  ; clk_25m    ; clk_25m  ; None                        ; None                      ; 6.866 ns                ;
; N/A                                     ; 131.80 MHz ( period = 7.587 ns )                    ; vga_rom:uut_vga_rom|altsyncram:altsyncram_component|altsyncram_1051:auto_generated|q_a[0] ; vga_rgb[4]  ; clk_25m    ; clk_25m  ; None                        ; None                      ; 6.864 ns                ;
; N/A                                     ; 132.38 MHz ( period = 7.554 ns )                    ; x_cnt[8]                                                                                  ; rom_addr[3] ; clk_25m    ; clk_25m  ; None                        ; None                      ; 7.293 ns                ;
; N/A                                     ; 132.61 MHz ( period = 7.541 ns )                    ; vga_rom:uut_vga_rom|altsyncram:altsyncram_component|altsyncram_1051:auto_generated|q_a[2] ; vga_rgb[4]  ; clk_25m    ; clk_25m  ; None                        ; None                      ; 6.818 ns                ;
; N/A                                     ; 133.80 MHz ( period = 7.474 ns )                    ; x_cnt[8]                                                                                  ; rom_addr[2] ; clk_25m    ; clk_25m  ; None                        ; None                      ; 7.213 ns                ;
; N/A                                     ; 133.85 MHz ( period = 7.471 ns )                    ; y_cnt[0]                                                                                  ; vga_rgb[7]  ; clk_25m    ; clk_25m  ; None                        ; None                      ; 7.210 ns                ;
; N/A                                     ; 134.79 MHz ( period = 7.419 ns )                    ; y_cnt[8]                                                                                  ; rom_addr[4] ; clk_25m    ; clk_25m  ; None                        ; None                      ; 7.158 ns                ;
; N/A                                     ; 134.79 MHz ( period = 7.419 ns )                    ; y_cnt[8]                                                                                  ; rom_addr[5] ; clk_25m    ; clk_25m  ; None                        ; None                      ; 7.158 ns                ;
; N/A                                     ; 135.14 MHz ( period = 7.400 ns )                    ; x_cnt[9]                                                                                  ; rom_addr[3] ; clk_25m    ; clk_25m  ; None                        ; None                      ; 7.139 ns                ;
; N/A                                     ; 135.24 MHz ( period = 7.394 ns )                    ; x_cnt[8]                                                                                  ; rom_addr[1] ; clk_25m    ; clk_25m  ; None                        ; None                      ; 7.133 ns                ;
; N/A                                     ; 135.28 MHz ( period = 7.392 ns )                    ; x_cnt[4]                                                                                  ; vga_rgb[4]  ; clk_25m    ; clk_25m  ; None                        ; None                      ; 7.092 ns                ;
; N/A                                     ; 135.41 MHz ( period = 7.385 ns )                    ; vga_rom:uut_vga_rom|altsyncram:altsyncram_component|altsyncram_1051:auto_generated|q_a[4] ; vga_rgb[4]  ; clk_25m    ; clk_25m  ; None                        ; None                      ; 6.662 ns                ;
; N/A                                     ; 135.46 MHz ( period = 7.382 ns )                    ; y_cnt[1]                                                                                  ; vga_rgb[7]  ; clk_25m    ; clk_25m  ; None                        ; None                      ; 7.121 ns                ;
; N/A                                     ; 136.61 MHz ( period = 7.320 ns )                    ; x_cnt[9]                                                                                  ; rom_addr[2] ; clk_25m    ; clk_25m  ; None                        ; None                      ; 7.059 ns                ;
; N/A                                     ; 136.89 MHz ( period = 7.305 ns )                    ; y_cnt[2]                                                                                  ; vga_rgb[7]  ; clk_25m    ; clk_25m  ; None                        ; None                      ; 7.044 ns                ;
; N/A                                     ; 137.91 MHz ( period = 7.251 ns )                    ; y_cnt[3]                                                                                  ; vga_rgb[7]  ; clk_25m    ; clk_25m  ; None                        ; None                      ; 6.990 ns                ;
; N/A                                     ; 138.12 MHz ( period = 7.240 ns )                    ; x_cnt[9]                                                                                  ; rom_addr[1] ; clk_25m    ; clk_25m  ; None                        ; None                      ; 6.979 ns                ;
; N/A                                     ; 138.18 MHz ( period = 7.237 ns )                    ; x_cnt[5]                                                                                  ; vga_rgb[4]  ; clk_25m    ; clk_25m  ; None                        ; None                      ; 6.937 ns                ;
; N/A                                     ; 138.20 MHz ( period = 7.236 ns )                    ; y_cnt[0]                                                                                  ; vga_rgb[3]  ; clk_25m    ; clk_25m  ; None                        ; None                      ; 6.975 ns                ;
; N/A                                     ; 138.27 MHz ( period = 7.232 ns )                    ; y_cnt[4]                                                                                  ; vga_rgb[7]  ; clk_25m    ; clk_25m  ; None                        ; None                      ; 6.971 ns                ;
; N/A                                     ; 138.27 MHz ( period = 7.232 ns )                    ; y_cnt[7]                                                                                  ; vga_rgb[7]  ; clk_25m    ; clk_25m  ; None                        ; None                      ; 6.971 ns                ;
; N/A                                     ; 138.79 MHz ( period = 7.205 ns )                    ; y_cnt[5]                                                                                  ; vga_rgb[7]  ; clk_25m    ; clk_25m  ; None                        ; None                      ; 6.944 ns                ;
; N/A                                     ; 138.85 MHz ( period = 7.202 ns )                    ; y_cnt[8]                                                                                  ; rom_addr[3] ; clk_25m    ; clk_25m  ; None                        ; None                      ; 6.941 ns                ;
; N/A                                     ; 139.55 MHz ( period = 7.166 ns )                    ; y_cnt[0]                                                                                  ; vga_rgb[6]  ; clk_25m    ; clk_25m  ; None                        ; None                      ; 6.905 ns                ;
; N/A                                     ; 139.74 MHz ( period = 7.156 ns )                    ; x_cnt[2]                                                                                  ; vga_rgb[4]  ; clk_25m    ; clk_25m  ; None                        ; None                      ; 6.856 ns                ;
; N/A                                     ; 139.92 MHz ( period = 7.147 ns )                    ; y_cnt[1]                                                                                  ; vga_rgb[3]  ; clk_25m    ; clk_25m  ; None                        ; None                      ; 6.886 ns                ;
; N/A                                     ; 140.17 MHz ( period = 7.134 ns )                    ; y_cnt[6]                                                                                  ; vga_rgb[7]  ; clk_25m    ; clk_25m  ; None                        ; None                      ; 6.873 ns                ;
; N/A                                     ; 140.27 MHz ( period = 7.129 ns )                    ; vga_rom:uut_vga_rom|altsyncram:altsyncram_component|altsyncram_1051:auto_generated|q_a[5] ; vga_rgb[4]  ; clk_25m    ; clk_25m  ; None                        ; None                      ; 6.406 ns                ;
; N/A                                     ; 140.41 MHz ( period = 7.122 ns )                    ; y_cnt[8]                                                                                  ; rom_addr[2] ; clk_25m    ; clk_25m  ; None                        ; None                      ; 6.861 ns                ;
; N/A                                     ; 141.30 MHz ( period = 7.077 ns )                    ; y_cnt[1]                                                                                  ; vga_rgb[6]  ; clk_25m    ; clk_25m  ; None                        ; None                      ; 6.816 ns                ;
; N/A                                     ; 141.44 MHz ( period = 7.070 ns )                    ; y_cnt[2]                                                                                  ; vga_rgb[3]  ; clk_25m    ; clk_25m  ; None                        ; None                      ; 6.809 ns                ;
; N/A                                     ; 141.46 MHz ( period = 7.069 ns )                    ; char_bit[0]                                                                               ; vga_rgb[4]  ; clk_25m    ; clk_25m  ; None                        ; None                      ; 6.769 ns                ;
; N/A                                     ; 141.58 MHz ( period = 7.063 ns )                    ; x_cnt[8]                                                                                  ; vga_rgb[4]  ; clk_25m    ; clk_25m  ; None                        ; None                      ; 6.763 ns                ;
; N/A                                     ; 141.98 MHz ( period = 7.043 ns )                    ; vga_rom:uut_vga_rom|altsyncram:altsyncram_component|altsyncram_1051:auto_generated|q_a[7] ; vga_rgb[4]  ; clk_25m    ; clk_25m  ; None                        ; None                      ; 6.320 ns                ;
; N/A                                     ; 142.01 MHz ( period = 7.042 ns )                    ; y_cnt[8]                                                                                  ; rom_addr[1] ; clk_25m    ; clk_25m  ; None                        ; None                      ; 6.781 ns                ;
; N/A                                     ; 142.53 MHz ( period = 7.016 ns )                    ; y_cnt[3]                                                                                  ; vga_rgb[3]  ; clk_25m    ; clk_25m  ; None                        ; None                      ; 6.755 ns                ;
; N/A                                     ; 142.86 MHz ( period = 7.000 ns )                    ; y_cnt[2]                                                                                  ; vga_rgb[6]  ; clk_25m    ; clk_25m  ; None                        ; None                      ; 6.739 ns                ;
; N/A                                     ; 142.92 MHz ( period = 6.997 ns )                    ; y_cnt[4]                                                                                  ; vga_rgb[3]  ; clk_25m    ; clk_25m  ; None                        ; None                      ; 6.736 ns                ;
; N/A                                     ; 142.92 MHz ( period = 6.997 ns )                    ; y_cnt[7]                                                                                  ; vga_rgb[3]  ; clk_25m    ; clk_25m  ; None                        ; None                      ; 6.736 ns                ;
; N/A                                     ; 142.94 MHz ( period = 6.996 ns )                    ; y_cnt[8]                                                                                  ; rom_addr[0] ; clk_25m    ; clk_25m  ; None                        ; None                      ; 6.735 ns                ;
; N/A                                     ; 143.47 MHz ( period = 6.970 ns )                    ; y_cnt[5]                                                                                  ; vga_rgb[3]  ; clk_25m    ; clk_25m  ; None                        ; None                      ; 6.709 ns                ;
; N/A                                     ; 143.88 MHz ( period = 6.950 ns )                    ; x_cnt[3]                                                                                  ; vga_rgb[4]  ; clk_25m    ; clk_25m  ; None                        ; None                      ; 6.650 ns                ;
; N/A                                     ; 143.97 MHz ( period = 6.946 ns )                    ; y_cnt[3]                                                                                  ; vga_rgb[6]  ; clk_25m    ; clk_25m  ; None                        ; None                      ; 6.685 ns                ;
; N/A                                     ; 144.36 MHz ( period = 6.927 ns )                    ; y_cnt[4]                                                                                  ; vga_rgb[6]  ; clk_25m    ; clk_25m  ; None                        ; None                      ; 6.666 ns                ;
; N/A                                     ; 144.36 MHz ( period = 6.927 ns )                    ; y_cnt[7]                                                                                  ; vga_rgb[6]  ; clk_25m    ; clk_25m  ; None                        ; None                      ; 6.666 ns                ;
; N/A                                     ; 144.74 MHz ( period = 6.909 ns )                    ; x_cnt[9]                                                                                  ; vga_rgb[4]  ; clk_25m    ; clk_25m  ; None                        ; None                      ; 6.609 ns                ;
; N/A                                     ; 144.93 MHz ( period = 6.900 ns )                    ; y_cnt[5]                                                                                  ; vga_rgb[6]  ; clk_25m    ; clk_25m  ; None                        ; None                      ; 6.639 ns                ;
; N/A                                     ; 144.95 MHz ( period = 6.899 ns )                    ; y_cnt[6]                                                                                  ; vga_rgb[3]  ; clk_25m    ; clk_25m  ; None                        ; None                      ; 6.638 ns                ;
; N/A                                     ; 145.14 MHz ( period = 6.890 ns )                    ; char_bit[1]                                                                               ; vga_rgb[4]  ; clk_25m    ; clk_25m  ; None                        ; None                      ; 6.590 ns                ;
; N/A                                     ; 145.77 MHz ( period = 6.860 ns )                    ; x_cnt[8]                                                                                  ; char_bit[1] ; clk_25m    ; clk_25m  ; None                        ; None                      ; 6.599 ns                ;
; N/A                                     ; 145.77 MHz ( period = 6.860 ns )                    ; x_cnt[8]                                                                                  ; char_bit[0] ; clk_25m    ; clk_25m  ; None                        ; None                      ; 6.599 ns                ;
; N/A                                     ; 145.77 MHz ( period = 6.860 ns )                    ; x_cnt[8]                                                                                  ; char_bit[2] ; clk_25m    ; clk_25m  ; None                        ; None                      ; 6.599 ns                ;
; N/A                                     ; 146.43 MHz ( period = 6.829 ns )                    ; y_cnt[6]                                                                                  ; vga_rgb[6]  ; clk_25m    ; clk_25m  ; None                        ; None                      ; 6.568 ns                ;
; N/A                                     ; 146.69 MHz ( period = 6.817 ns )                    ; x_cnt[0]                                                                                  ; vga_rgb[4]  ; clk_25m    ; clk_25m  ; None                        ; None                      ; 6.517 ns                ;
; N/A                                     ; 147.45 MHz ( period = 6.782 ns )                    ; x_cnt[8]                                                                                  ; rom_addr[0] ; clk_25m    ; clk_25m  ; None                        ; None                      ; 6.521 ns                ;
; N/A                                     ; 147.71 MHz ( period = 6.770 ns )                    ; x_cnt[4]                                                                                  ; char_bit[1] ; clk_25m    ; clk_25m  ; None                        ; None                      ; 6.509 ns                ;
; N/A                                     ; 147.71 MHz ( period = 6.770 ns )                    ; x_cnt[4]                                                                                  ; char_bit[0] ; clk_25m    ; clk_25m  ; None                        ; None                      ; 6.509 ns                ;
; N/A                                     ; 147.71 MHz ( period = 6.770 ns )                    ; x_cnt[4]                                                                                  ; char_bit[2] ; clk_25m    ; clk_25m  ; None                        ; None                      ; 6.509 ns                ;
; N/A                                     ; 149.12 MHz ( period = 6.706 ns )                    ; x_cnt[9]                                                                                  ; char_bit[1] ; clk_25m    ; clk_25m  ; None                        ; None                      ; 6.445 ns                ;
; N/A                                     ; 149.12 MHz ( period = 6.706 ns )                    ; x_cnt[9]                                                                                  ; char_bit[0] ; clk_25m    ; clk_25m  ; None                        ; None                      ; 6.445 ns                ;
; N/A                                     ; 149.12 MHz ( period = 6.706 ns )                    ; x_cnt[9]                                                                                  ; char_bit[2] ; clk_25m    ; clk_25m  ; None                        ; None                      ; 6.445 ns                ;
; N/A                                     ; 149.28 MHz ( period = 6.699 ns )                    ; y_cnt[0]                                                                                  ; vga_rgb[5]  ; clk_25m    ; clk_25m  ; None                        ; None                      ; 6.438 ns                ;
; N/A                                     ; 150.58 MHz ( period = 6.641 ns )                    ; x_cnt[6]                                                                                  ; vga_rgb[4]  ; clk_25m    ; clk_25m  ; None                        ; None                      ; 6.341 ns                ;
; N/A                                     ; 150.88 MHz ( period = 6.628 ns )                    ; x_cnt[9]                                                                                  ; rom_addr[0] ; clk_25m    ; clk_25m  ; None                        ; None                      ; 6.367 ns                ;
; N/A                                     ; 151.17 MHz ( period = 6.615 ns )                    ; x_cnt[5]                                                                                  ; char_bit[1] ; clk_25m    ; clk_25m  ; None                        ; None                      ; 6.354 ns                ;
; N/A                                     ; 151.17 MHz ( period = 6.615 ns )                    ; x_cnt[5]                                                                                  ; char_bit[0] ; clk_25m    ; clk_25m  ; None                        ; None                      ; 6.354 ns                ;
; N/A                                     ; 151.17 MHz ( period = 6.615 ns )                    ; x_cnt[5]                                                                                  ; char_bit[2] ; clk_25m    ; clk_25m  ; None                        ; None                      ; 6.354 ns                ;
; N/A                                     ; 151.29 MHz ( period = 6.610 ns )                    ; y_cnt[1]                                                                                  ; vga_rgb[5]  ; clk_25m    ; clk_25m  ; None                        ; None                      ; 6.349 ns                ;
; N/A                                     ; 153.07 MHz ( period = 6.533 ns )                    ; y_cnt[2]                                                                                  ; vga_rgb[5]  ; clk_25m    ; clk_25m  ; None                        ; None                      ; 6.272 ns                ;
; N/A                                     ; 153.70 MHz ( period = 6.506 ns )                    ; y_cnt[9]                                                                                  ; rom_addr[4] ; clk_25m    ; clk_25m  ; None                        ; None                      ; 6.245 ns                ;
; N/A                                     ; 153.70 MHz ( period = 6.506 ns )                    ; y_cnt[9]                                                                                  ; rom_addr[5] ; clk_25m    ; clk_25m  ; None                        ; None                      ; 6.245 ns                ;
; N/A                                     ; 154.30 MHz ( period = 6.481 ns )                    ; y_cnt[9]                                                                                  ; vga_rgb[4]  ; clk_25m    ; clk_25m  ; None                        ; None                      ; 6.181 ns                ;
; N/A                                     ; 154.34 MHz ( period = 6.479 ns )                    ; y_cnt[3]                                                                                  ; vga_rgb[5]  ; clk_25m    ; clk_25m  ; None                        ; None                      ; 6.218 ns                ;
; N/A                                     ; 154.63 MHz ( period = 6.467 ns )                    ; y_cnt[8]                                                                                  ; vga_rgb[7]  ; clk_25m    ; clk_25m  ; None                        ; None                      ; 6.206 ns                ;
; N/A                                     ; 154.80 MHz ( period = 6.460 ns )                    ; y_cnt[4]                                                                                  ; vga_rgb[5]  ; clk_25m    ; clk_25m  ; None                        ; None                      ; 6.199 ns                ;
; N/A                                     ; 154.80 MHz ( period = 6.460 ns )                    ; y_cnt[7]                                                                                  ; vga_rgb[5]  ; clk_25m    ; clk_25m  ; None                        ; None                      ; 6.199 ns                ;
; N/A                                     ; 155.45 MHz ( period = 6.433 ns )                    ; y_cnt[5]                                                                                  ; vga_rgb[5]  ; clk_25m    ; clk_25m  ; None                        ; None                      ; 6.172 ns                ;
; N/A                                     ; 155.84 MHz ( period = 6.417 ns )                    ; x_cnt[2]                                                                                  ; y_cnt[8]    ; clk_25m    ; clk_25m  ; None                        ; None                      ; 6.156 ns                ;
; N/A                                     ; 155.84 MHz ( period = 6.417 ns )                    ; x_cnt[2]                                                                                  ; y_cnt[7]    ; clk_25m    ; clk_25m  ; None                        ; None                      ; 6.156 ns                ;
; N/A                                     ; 155.84 MHz ( period = 6.417 ns )                    ; x_cnt[2]                                                                                  ; y_cnt[6]    ; clk_25m    ; clk_25m  ; None                        ; None                      ; 6.156 ns                ;
; N/A                                     ; 155.84 MHz ( period = 6.417 ns )                    ; x_cnt[2]                                                                                  ; y_cnt[5]    ; clk_25m    ; clk_25m  ; None                        ; None                      ; 6.156 ns                ;
; N/A                                     ; 155.84 MHz ( period = 6.417 ns )                    ; x_cnt[2]                                                                                  ; y_cnt[9]    ; clk_25m    ; clk_25m  ; None                        ; None                      ; 6.156 ns                ;
; N/A                                     ; 156.96 MHz ( period = 6.371 ns )                    ; x_cnt[1]                                                                                  ; vga_rgb[4]  ; clk_25m    ; clk_25m  ; None                        ; None                      ; 6.071 ns                ;
; N/A                                     ; 157.18 MHz ( period = 6.362 ns )                    ; y_cnt[6]                                                                                  ; vga_rgb[5]  ; clk_25m    ; clk_25m  ; None                        ; None                      ; 6.101 ns                ;
; N/A                                     ; 157.85 MHz ( period = 6.335 ns )                    ; x_cnt[7]                                                                                  ; rom_addr[4] ; clk_25m    ; clk_25m  ; None                        ; None                      ; 6.074 ns                ;
; N/A                                     ; 157.85 MHz ( period = 6.335 ns )                    ; x_cnt[7]                                                                                  ; rom_addr[5] ; clk_25m    ; clk_25m  ; None                        ; None                      ; 6.074 ns                ;
; N/A                                     ; 158.70 MHz ( period = 6.301 ns )                    ; x_cnt[5]                                                                                  ; y_cnt[8]    ; clk_25m    ; clk_25m  ; None                        ; None                      ; 6.040 ns                ;
; N/A                                     ; 158.70 MHz ( period = 6.301 ns )                    ; x_cnt[5]                                                                                  ; y_cnt[7]    ; clk_25m    ; clk_25m  ; None                        ; None                      ; 6.040 ns                ;
; N/A                                     ; 158.70 MHz ( period = 6.301 ns )                    ; x_cnt[5]                                                                                  ; y_cnt[6]    ; clk_25m    ; clk_25m  ; None                        ; None                      ; 6.040 ns                ;
; N/A                                     ; 158.70 MHz ( period = 6.301 ns )                    ; x_cnt[5]                                                                                  ; y_cnt[5]    ; clk_25m    ; clk_25m  ; None                        ; None                      ; 6.040 ns                ;
; N/A                                     ; 158.70 MHz ( period = 6.301 ns )                    ; x_cnt[5]                                                                                  ; y_cnt[9]    ; clk_25m    ; clk_25m  ; None                        ; None                      ; 6.040 ns                ;
; N/A                                     ; 159.01 MHz ( period = 6.289 ns )                    ; y_cnt[9]                                                                                  ; rom_addr[3] ; clk_25m    ; clk_25m  ; None                        ; None                      ; 6.028 ns                ;
; N/A                                     ; 160.31 MHz ( period = 6.238 ns )                    ; x_cnt[3]                                                                                  ; rom_addr[4] ; clk_25m    ; clk_25m  ; None                        ; None                      ; 5.977 ns                ;
; N/A                                     ; 160.31 MHz ( period = 6.238 ns )                    ; x_cnt[3]                                                                                  ; rom_addr[5] ; clk_25m    ; clk_25m  ; None                        ; None                      ; 5.977 ns                ;
; N/A                                     ; 160.46 MHz ( period = 6.232 ns )                    ; y_cnt[8]                                                                                  ; vga_rgb[3]  ; clk_25m    ; clk_25m  ; None                        ; None                      ; 5.971 ns                ;
; N/A                                     ; 160.75 MHz ( period = 6.221 ns )                    ; x_cnt[2]                                                                                  ; char_bit[1] ; clk_25m    ; clk_25m  ; None                        ; None                      ; 5.960 ns                ;
; N/A                                     ; 160.75 MHz ( period = 6.221 ns )                    ; x_cnt[2]                                                                                  ; char_bit[0] ; clk_25m    ; clk_25m  ; None                        ; None                      ; 5.960 ns                ;
; N/A                                     ; 160.75 MHz ( period = 6.221 ns )                    ; x_cnt[2]                                                                                  ; char_bit[2] ; clk_25m    ; clk_25m  ; None                        ; None                      ; 5.960 ns                ;
; N/A                                     ; 161.06 MHz ( period = 6.209 ns )                    ; y_cnt[9]                                                                                  ; rom_addr[2] ; clk_25m    ; clk_25m  ; None                        ; None                      ; 5.948 ns                ;
; N/A                                     ; 161.13 MHz ( period = 6.206 ns )                    ; x_cnt[3]                                                                                  ; char_bit[1] ; clk_25m    ; clk_25m  ; None                        ; None                      ; 5.945 ns                ;
; N/A                                     ; 161.13 MHz ( period = 6.206 ns )                    ; x_cnt[3]                                                                                  ; char_bit[0] ; clk_25m    ; clk_25m  ; None                        ; None                      ; 5.945 ns                ;
; N/A                                     ; 161.13 MHz ( period = 6.206 ns )                    ; x_cnt[3]                                                                                  ; char_bit[2] ; clk_25m    ; clk_25m  ; None                        ; None                      ; 5.945 ns                ;
; N/A                                     ; 161.24 MHz ( period = 6.202 ns )                    ; x_cnt[2]                                                                                  ; y_cnt[4]    ; clk_25m    ; clk_25m  ; None                        ; None                      ; 5.941 ns                ;
; N/A                                     ; 162.28 MHz ( period = 6.162 ns )                    ; y_cnt[8]                                                                                  ; vga_rgb[6]  ; clk_25m    ; clk_25m  ; None                        ; None                      ; 5.901 ns                ;
; N/A                                     ; 162.47 MHz ( period = 6.155 ns )                    ; vga_rom:uut_vga_rom|altsyncram:altsyncram_component|altsyncram_1051:auto_generated|q_a[1] ; vga_rgb[3]  ; clk_25m    ; clk_25m  ; None                        ; None                      ; 5.471 ns                ;
; N/A                                     ; 163.16 MHz ( period = 6.129 ns )                    ; y_cnt[9]                                                                                  ; rom_addr[1] ; clk_25m    ; clk_25m  ; None                        ; None                      ; 5.868 ns                ;
; N/A                                     ; 163.35 MHz ( period = 6.122 ns )                    ; x_cnt[2]                                                                                  ; y_cnt[3]    ; clk_25m    ; clk_25m  ; None                        ; None                      ; 5.861 ns                ;
; N/A                                     ; 163.45 MHz ( period = 6.118 ns )                    ; x_cnt[7]                                                                                  ; rom_addr[3] ; clk_25m    ; clk_25m  ; None                        ; None                      ; 5.857 ns                ;
; N/A                                     ; 163.45 MHz ( period = 6.118 ns )                    ; x_cnt[6]                                                                                  ; rom_addr[4] ; clk_25m    ; clk_25m  ; None                        ; None                      ; 5.857 ns                ;
; N/A                                     ; 163.45 MHz ( period = 6.118 ns )                    ; x_cnt[6]                                                                                  ; rom_addr[5] ; clk_25m    ; clk_25m  ; None                        ; None                      ; 5.857 ns                ;
; N/A                                     ; 164.07 MHz ( period = 6.095 ns )                    ; vga_rom:uut_vga_rom|altsyncram:altsyncram_component|altsyncram_1051:auto_generated|q_a[3] ; vga_rgb[3]  ; clk_25m    ; clk_25m  ; None                        ; None                      ; 5.411 ns                ;
; N/A                                     ; 164.31 MHz ( period = 6.086 ns )                    ; x_cnt[5]                                                                                  ; y_cnt[4]    ; clk_25m    ; clk_25m  ; None                        ; None                      ; 5.825 ns                ;
; N/A                                     ; 164.72 MHz ( period = 6.071 ns )                    ; x_cnt[5]                                                                                  ; rom_addr[4] ; clk_25m    ; clk_25m  ; None                        ; None                      ; 5.810 ns                ;
; N/A                                     ; 164.72 MHz ( period = 6.071 ns )                    ; x_cnt[5]                                                                                  ; rom_addr[5] ; clk_25m    ; clk_25m  ; None                        ; None                      ; 5.810 ns                ;
; N/A                                     ; 165.10 MHz ( period = 6.057 ns )                    ; x_cnt[4]                                                                                  ; vga_rgb[7]  ; clk_25m    ; clk_25m  ; None                        ; None                      ; 5.796 ns                ;
; N/A                                     ; 165.51 MHz ( period = 6.042 ns )                    ; x_cnt[2]                                                                                  ; y_cnt[2]    ; clk_25m    ; clk_25m  ; None                        ; None                      ; 5.781 ns                ;
; N/A                                     ; 165.62 MHz ( period = 6.038 ns )                    ; x_cnt[7]                                                                                  ; rom_addr[2] ; clk_25m    ; clk_25m  ; None                        ; None                      ; 5.777 ns                ;
; N/A                                     ; 166.09 MHz ( period = 6.021 ns )                    ; x_cnt[3]                                                                                  ; rom_addr[3] ; clk_25m    ; clk_25m  ; None                        ; None                      ; 5.760 ns                ;
; N/A                                     ; 166.50 MHz ( period = 6.006 ns )                    ; x_cnt[5]                                                                                  ; y_cnt[3]    ; clk_25m    ; clk_25m  ; None                        ; None                      ; 5.745 ns                ;
; N/A                                     ; 167.73 MHz ( period = 5.962 ns )                    ; x_cnt[2]                                                                                  ; y_cnt[1]    ; clk_25m    ; clk_25m  ; None                        ; None                      ; 5.701 ns                ;
; N/A                                     ; 167.84 MHz ( period = 5.958 ns )                    ; x_cnt[7]                                                                                  ; rom_addr[1] ; clk_25m    ; clk_25m  ; None                        ; None                      ; 5.697 ns                ;
; N/A                                     ; 168.32 MHz ( period = 5.941 ns )                    ; x_cnt[3]                                                                                  ; rom_addr[2] ; clk_25m    ; clk_25m  ; None                        ; None                      ; 5.680 ns                ;
; N/A                                     ; 168.75 MHz ( period = 5.926 ns )                    ; x_cnt[5]                                                                                  ; y_cnt[2]    ; clk_25m    ; clk_25m  ; None                        ; None                      ; 5.665 ns                ;
; N/A                                     ; 169.00 MHz ( period = 5.917 ns )                    ; x_cnt[1]                                                                                  ; char_bit[1] ; clk_25m    ; clk_25m  ; None                        ; None                      ; 5.656 ns                ;
; N/A                                     ; 169.00 MHz ( period = 5.917 ns )                    ; x_cnt[1]                                                                                  ; char_bit[0] ; clk_25m    ; clk_25m  ; None                        ; None                      ; 5.656 ns                ;
; N/A                                     ; 169.00 MHz ( period = 5.917 ns )                    ; x_cnt[1]                                                                                  ; char_bit[2] ; clk_25m    ; clk_25m  ; None                        ; None                      ; 5.656 ns                ;
; N/A                                     ; 169.43 MHz ( period = 5.902 ns )                    ; x_cnt[5]                                                                                  ; vga_rgb[7]  ; clk_25m    ; clk_25m  ; None                        ; None                      ; 5.641 ns                ;
; N/A                                     ; 169.43 MHz ( period = 5.902 ns )                    ; vga_rom:uut_vga_rom|altsyncram:altsyncram_component|altsyncram_1051:auto_generated|q_a[6] ; vga_rgb[3]  ; clk_25m    ; clk_25m  ; None                        ; None                      ; 5.218 ns                ;
; N/A                                     ; 169.46 MHz ( period = 5.901 ns )                    ; x_cnt[6]                                                                                  ; rom_addr[3] ; clk_25m    ; clk_25m  ; None                        ; None                      ; 5.640 ns                ;
; N/A                                     ; 169.49 MHz ( period = 5.900 ns )                    ; vga_rom:uut_vga_rom|altsyncram:altsyncram_component|altsyncram_1051:auto_generated|q_a[0] ; vga_rgb[3]  ; clk_25m    ; clk_25m  ; None                        ; None                      ; 5.216 ns                ;
; N/A                                     ; 169.95 MHz ( period = 5.884 ns )                    ; x_cnt[0]                                                                                  ; rom_addr[4] ; clk_25m    ; clk_25m  ; None                        ; None                      ; 5.623 ns                ;
; N/A                                     ; 169.95 MHz ( period = 5.884 ns )                    ; x_cnt[0]                                                                                  ; rom_addr[5] ; clk_25m    ; clk_25m  ; None                        ; None                      ; 5.623 ns                ;
; N/A                                     ; 170.62 MHz ( period = 5.861 ns )                    ; x_cnt[3]                                                                                  ; rom_addr[1] ; clk_25m    ; clk_25m  ; None                        ; None                      ; 5.600 ns                ;
; N/A                                     ; 170.82 MHz ( period = 5.854 ns )                    ; x_cnt[5]                                                                                  ; rom_addr[3] ; clk_25m    ; clk_25m  ; None                        ; None                      ; 5.593 ns                ;
; N/A                                     ; 170.82 MHz ( period = 5.854 ns )                    ; vga_rom:uut_vga_rom|altsyncram:altsyncram_component|altsyncram_1051:auto_generated|q_a[2] ; vga_rgb[3]  ; clk_25m    ; clk_25m  ; None                        ; None                      ; 5.170 ns                ;
; N/A                                     ; 171.06 MHz ( period = 5.846 ns )                    ; x_cnt[4]                                                                                  ; y_cnt[6]    ; clk_25m    ; clk_25m  ; None                        ; None                      ; 5.585 ns                ;
; N/A                                     ; 171.06 MHz ( period = 5.846 ns )                    ; x_cnt[4]                                                                                  ; y_cnt[5]    ; clk_25m    ; clk_25m  ; None                        ; None                      ; 5.585 ns                ;
; Timing analysis restricted to 200 rows. ; To change the limit use Settings (Assignments menu) ;                                                                                           ;             ;            ;          ;                             ;                           ;                         ;
+-----------------------------------------+-----------------------------------------------------+-------------------------------------------------------------------------------------------+-------------+------------+----------+-----------------------------+---------------------------+-------------------------+


+------------------------------------------------------------------------+
; tco                                                                    ;
+-------+--------------+------------+------------+----------+------------+
; Slack ; Required tco ; Actual tco ; From       ; To       ; From Clock ;
+-------+--------------+------------+------------+----------+------------+
; N/A   ; None         ; 7.738 ns   ; vga_rgb[6] ; vga_r[1] ; clk_25m    ;
; N/A   ; None         ; 7.735 ns   ; vga_rgb[7] ; vga_r[2] ; clk_25m    ;
; N/A   ; None         ; 7.638 ns   ; vga_rgb[5] ; vga_r[0] ; clk_25m    ;
; N/A   ; None         ; 7.280 ns   ; vga_rgb[3] ; vga_g[1] ; clk_25m    ;
; N/A   ; None         ; 7.278 ns   ; hsync_r    ; hsync    ; clk_25m    ;
; N/A   ; None         ; 7.005 ns   ; vsync_r    ; vsync    ; clk_25m    ;
; N/A   ; None         ; 6.368 ns   ; vga_rgb[4] ; vga_g[2] ; clk_25m    ;
+-------+--------------+------------+------------+----------+------------+


+--------------------------+
; Timing Analyzer Messages ;
+--------------------------+
Info: *******************************************************************
Info: Running Quartus II Classic Timing Analyzer
    Info: Version 9.0 Build 132 02/25/2009 SJ Full Version
    Info: Processing started: Wed Sep 02 13:55:46 2009
Info: Command: quartus_tan --read_settings_files=off --write_settings_files=off vga256 -c vga256 --timing_analysis_only
Info: Parallel compilation is enabled and will use 2 of the 2 processors detected
Warning: Found pins functioning as undefined clocks and/or memory enables
    Info: Assuming node "clk_25m" is an undefined clock
Info: Clock "clk_25m" has Internal fmax of 112.07 MHz between source register "y_cnt[0]" and destination register "vga_rgb[4]" (period= 8.923 ns)
    Info: + Longest register to register delay is 8.623 ns
        Info: 1: + IC(0.000 ns) + CELL(0.000 ns) = 0.000 ns; Loc. = LC_X22_Y8_N0; Fanout = 7; REG Node = 'y_cnt[0]'
        Info: 2: + IC(1.144 ns) + CELL(0.423 ns) = 1.567 ns; Loc. = LC_X19_Y8_N0; Fanout = 2; COMB Node = 'Add2~40'
        Info: 3: + IC(0.000 ns) + CELL(0.078 ns) = 1.645 ns; Loc. = LC_X19_Y8_N1; Fanout = 2; COMB Node = 'Add2~42'
        Info: 4: + IC(0.000 ns) + CELL(0.078 ns) = 1.723 ns; Loc. = LC_X19_Y8_N2; Fanout = 2; COMB Node = 'Add2~44'
        Info: 5: + IC(0.000 ns) + CELL(0.078 ns) = 1.801 ns; Loc. = LC_X19_Y8_N3; Fanout = 2; COMB Node = 'Add2~38'
        Info: 6: + IC(0.000 ns) + CELL(0.178 ns) = 1.979 ns; Loc. = LC_X19_Y8_N4; Fanout = 5; COMB Node = 'Add2~46'
        Info: 7: + IC(0.000 ns) + CELL(0.621 ns) = 2.600 ns; Loc. = LC_X19_Y8_N8; Fanout = 3; COMB Node = 'Add2~33'
        Info: 8: + IC(0.714 ns) + CELL(0.590 ns) = 3.904 ns; Loc. = LC_X20_Y8_N0; Fanout = 3; COMB Node = 'Equal10~0'
        Info: 9: + IC(1.233 ns) + CELL(0.114 ns) = 5.251 ns; Loc. = LC_X19_Y7_N4; Fanout = 1; COMB Node = 'vga_rgb~8'
        Info: 10: + IC(0.340 ns) + CELL(0.114 ns) = 5.705 ns; Loc. = LC_X19_Y7_N5; Fanout = 4; COMB Node = 'vga_rgb~9'
        Info: 11: + IC(0.424 ns) + CELL(0.114 ns) = 6.243 ns; Loc. = LC_X19_Y7_N0; Fanout = 2; COMB Node = 'vga_rgb~10'
        Info: 12: + IC(2.265 ns) + CELL(0.115 ns) = 8.623 ns; Loc. = LC_X26_Y1_N2; Fanout = 1; REG Node = 'vga_rgb[4]'
        Info: Total cell delay = 2.503 ns ( 29.03 % )
        Info: Total interconnect delay = 6.120 ns ( 70.97 % )
    Info: - Smallest clock skew is -0.039 ns
        Info: + Shortest clock path from clock "clk_25m" to destination register is 2.743 ns
            Info: 1: + IC(0.000 ns) + CELL(1.469 ns) = 1.469 ns; Loc. = PIN_16; Fanout = 52; CLK Node = 'clk_25m'
            Info: 2: + IC(0.563 ns) + CELL(0.711 ns) = 2.743 ns; Loc. = LC_X26_Y1_N2; Fanout = 1; REG Node = 'vga_rgb[4]'
            Info: Total cell delay = 2.180 ns ( 79.48 % )
            Info: Total interconnect delay = 0.563 ns ( 20.52 % )
        Info: - Longest clock path from clock "clk_25m" to source register is 2.782 ns
            Info: 1: + IC(0.000 ns) + CELL(1.469 ns) = 1.469 ns; Loc. = PIN_16; Fanout = 52; CLK Node = 'clk_25m'
            Info: 2: + IC(0.602 ns) + CELL(0.711 ns) = 2.782 ns; Loc. = LC_X22_Y8_N0; Fanout = 7; REG Node = 'y_cnt[0]'
            Info: Total cell delay = 2.180 ns ( 78.36 % )
            Info: Total interconnect delay = 0.602 ns ( 21.64 % )
    Info: + Micro clock to output delay of source is 0.224 ns
    Info: + Micro setup delay of destination is 0.037 ns
Info: tco from clock "clk_25m" to destination pin "vga_r[1]" through register "vga_rgb[6]" is 7.738 ns
    Info: + Longest clock path from clock "clk_25m" to source register is 2.782 ns
        Info: 1: + IC(0.000 ns) + CELL(1.469 ns) = 1.469 ns; Loc. = PIN_16; Fanout = 52; CLK Node = 'clk_25m'
        Info: 2: + IC(0.602 ns) + CELL(0.711 ns) = 2.782 ns; Loc. = LC_X19_Y7_N8; Fanout = 1; REG Node = 'vga_rgb[6]'
        Info: Total cell delay = 2.180 ns ( 78.36 % )
        Info: Total interconnect delay = 0.602 ns ( 21.64 % )
    Info: + Micro clock to output delay of source is 0.224 ns
    Info: + Longest register to pin delay is 4.732 ns
        Info: 1: + IC(0.000 ns) + CELL(0.000 ns) = 0.000 ns; Loc. = LC_X19_Y7_N8; Fanout = 1; REG Node = 'vga_rgb[6]'
        Info: 2: + IC(2.608 ns) + CELL(2.124 ns) = 4.732 ns; Loc. = PIN_73; Fanout = 0; PIN Node = 'vga_r[1]'
        Info: Total cell delay = 2.124 ns ( 44.89 % )
        Info: Total interconnect delay = 2.608 ns ( 55.11 % )
Info: Quartus II Classic Timing Analyzer was successful. 0 errors, 1 warning
    Info: Peak virtual memory: 135 megabytes
    Info: Processing ended: Wed Sep 02 13:55:47 2009
    Info: Elapsed time: 00:00:01
    Info: Total CPU time (on all processors): 00:00:01


