Classic Timing Analyzer report for vga256
Wed Sep 02 13:00:59 2009
Quartus II Version 9.0 Build 132 02/25/2009 SJ Full Version


---------------------
; Table of Contents ;
---------------------
  1. Legal Notice
  2. Timing Analyzer Summary
  3. Timing Analyzer Settings
  4. Clock Settings Summary
  5. Parallel Compilation
  6. Clock Setup: 'clk_25m'
  7. tco
  8. Timing Analyzer Messages



----------------
; Legal Notice ;
----------------
Copyright (C) 1991-2009 Altera Corporation
Your use of Altera Corporation's design tools, logic functions 
and other software and tools, and its AMPP partner logic 
functions, and any output files from any of the foregoing 
(including device programming or simulation files), and any 
associated documentation or information are expressly subject 
to the terms and conditions of the Altera Program License 
Subscription Agreement, Altera MegaCore Function License 
Agreement, or other applicable license agreement, including, 
without limitation, that your use is for the sole purpose of 
programming logic devices manufactured by Altera and sold by 
Altera or its authorized distributors.  Please refer to the 
applicable agreement for further details.



+----------------------------------------------------------------------------------------------------------------------------------------------------------+
; Timing Analyzer Summary                                                                                                                                  ;
+------------------------------+-------+---------------+----------------------------------+------------+------------+------------+----------+--------------+
; Type                         ; Slack ; Required Time ; Actual Time                      ; From       ; To         ; From Clock ; To Clock ; Failed Paths ;
+------------------------------+-------+---------------+----------------------------------+------------+------------+------------+----------+--------------+
; Worst-case tco               ; N/A   ; None          ; 7.185 ns                         ; vga_rgb[6] ; vga_r[1]   ; clk_25m    ; --       ; 0            ;
; Clock Setup: 'clk_25m'       ; N/A   ; None          ; 100.26 MHz ( period = 9.974 ns ) ; y_cnt[0]   ; vga_rgb[6] ; clk_25m    ; clk_25m  ; 0            ;
; Total number of failed paths ;       ;               ;                                  ;            ;            ;            ;          ; 0            ;
+------------------------------+-------+---------------+----------------------------------+------------+------------+------------+----------+--------------+


+--------------------------------------------------------------------------------------------------------------------+
; Timing Analyzer Settings                                                                                           ;
+---------------------------------------------------------------------+--------------------+------+----+-------------+
; Option                                                              ; Setting            ; From ; To ; Entity Name ;
+---------------------------------------------------------------------+--------------------+------+----+-------------+
; Device Name                                                         ; EP1C3T144C8        ;      ;    ;             ;
; Timing Models                                                       ; Final              ;      ;    ;             ;
; Default hold multicycle                                             ; Same as Multicycle ;      ;    ;             ;
; Cut paths between unrelated clock domains                           ; On                 ;      ;    ;             ;
; Cut off read during write signal paths                              ; On                 ;      ;    ;             ;
; Cut off feedback from I/O pins                                      ; On                 ;      ;    ;             ;
; Report Combined Fast/Slow Timing                                    ; Off                ;      ;    ;             ;
; Ignore Clock Settings                                               ; Off                ;      ;    ;             ;
; Analyze latches as synchronous elements                             ; On                 ;      ;    ;             ;
; Enable Recovery/Removal analysis                                    ; Off                ;      ;    ;             ;
; Enable Clock Latency                                                ; Off                ;      ;    ;             ;
; Use TimeQuest Timing Analyzer                                       ; Off                ;      ;    ;             ;
; Minimum Core Junction Temperature                                   ; 0                  ;      ;    ;             ;
; Maximum Core Junction Temperature                                   ; 85                 ;      ;    ;             ;
; Number of source nodes to report per destination node               ; 10                 ;      ;    ;             ;
; Number of destination nodes to report                               ; 10                 ;      ;    ;             ;
; Number of paths to report                                           ; 200                ;      ;    ;             ;
; Report Minimum Timing Checks                                        ; Off                ;      ;    ;             ;
; Use Fast Timing Models                                              ; Off                ;      ;    ;             ;
; Report IO Paths Separately                                          ; Off                ;      ;    ;             ;
; Perform Multicorner Analysis                                        ; Off                ;      ;    ;             ;
; Reports the worst-case path for each clock domain and analysis      ; Off                ;      ;    ;             ;
; Removes common clock path pessimism (CCPP) during slack computation ; Off                ;      ;    ;             ;
; Output I/O Timing Endpoint                                          ; Near End           ;      ;    ;             ;
+---------------------------------------------------------------------+--------------------+------+----+-------------+


+------------------------------------------------------------------------------------------------------------------------------------------------------------------------------------+
; Clock Settings Summary                                                                                                                                                             ;
+-----------------+--------------------+----------+------------------+---------------+--------------+----------+-----------------------+---------------------+--------+--------------+
; Clock Node Name ; Clock Setting Name ; Type     ; Fmax Requirement ; Early Latency ; Late Latency ; Based on ; Multiply Base Fmax by ; Divide Base Fmax by ; Offset ; Phase offset ;
+-----------------+--------------------+----------+------------------+---------------+--------------+----------+-----------------------+---------------------+--------+--------------+
; clk_25m         ;                    ; User Pin ; None             ; 0.000 ns      ; 0.000 ns     ; --       ; N/A                   ; N/A                 ; N/A    ;              ;
+-----------------+--------------------+----------+------------------+---------------+--------------+----------+-----------------------+---------------------+--------+--------------+


+------------------------------------------+
; Parallel Compilation                     ;
+----------------------------+-------------+
; Processors                 ; Number      ;
+----------------------------+-------------+
; Number detected on machine ; 2           ;
; Maximum allowed            ; 2           ;
;                            ;             ;
; Average used               ; 1.00        ;
; Maximum used               ; 1           ;
;                            ;             ;
; Usage by Processor         ; % Time Used ;
;     1 processor            ; 100.0%      ;
;     2 processors           ;   0.0%      ;
+----------------------------+-------------+


+---------------------------------------------------------------------------------------------------------------------------------------------------------------------------------------------------------------------------------------+
; Clock Setup: 'clk_25m'                                                                                                                                                                                                                ;
+-----------------------------------------+-----------------------------------------------------+-------------+-------------+------------+----------+-----------------------------+---------------------------+-------------------------+
; Slack                                   ; Actual fmax (period)                                ; From        ; To          ; From Clock ; To Clock ; Required Setup Relationship ; Required Longest P2P Time ; Actual Longest P2P Time ;
+-----------------------------------------+-----------------------------------------------------+-------------+-------------+------------+----------+-----------------------------+---------------------------+-------------------------+
; N/A                                     ; 100.26 MHz ( period = 9.974 ns )                    ; y_cnt[0]    ; vga_rgb[6]  ; clk_25m    ; clk_25m  ; None                        ; None                      ; 9.713 ns                ;
; N/A                                     ; 100.27 MHz ( period = 9.973 ns )                    ; y_cnt[0]    ; vga_rgb[7]  ; clk_25m    ; clk_25m  ; None                        ; None                      ; 9.712 ns                ;
; N/A                                     ; 103.01 MHz ( period = 9.708 ns )                    ; y_cnt[1]    ; vga_rgb[6]  ; clk_25m    ; clk_25m  ; None                        ; None                      ; 9.447 ns                ;
; N/A                                     ; 103.02 MHz ( period = 9.707 ns )                    ; y_cnt[1]    ; vga_rgb[7]  ; clk_25m    ; clk_25m  ; None                        ; None                      ; 9.446 ns                ;
; N/A                                     ; 106.01 MHz ( period = 9.433 ns )                    ; y_cnt[0]    ; vga_rgb[3]  ; clk_25m    ; clk_25m  ; None                        ; None                      ; 9.172 ns                ;
; N/A                                     ; 106.10 MHz ( period = 9.425 ns )                    ; y_cnt[3]    ; vga_rgb[6]  ; clk_25m    ; clk_25m  ; None                        ; None                      ; 9.164 ns                ;
; N/A                                     ; 106.11 MHz ( period = 9.424 ns )                    ; y_cnt[3]    ; vga_rgb[7]  ; clk_25m    ; clk_25m  ; None                        ; None                      ; 9.163 ns                ;
; N/A                                     ; 106.26 MHz ( period = 9.411 ns )                    ; y_cnt[4]    ; vga_rgb[6]  ; clk_25m    ; clk_25m  ; None                        ; None                      ; 9.150 ns                ;
; N/A                                     ; 106.27 MHz ( period = 9.410 ns )                    ; y_cnt[4]    ; vga_rgb[7]  ; clk_25m    ; clk_25m  ; None                        ; None                      ; 9.149 ns                ;
; N/A                                     ; 107.11 MHz ( period = 9.336 ns )                    ; y_cnt[5]    ; vga_rgb[6]  ; clk_25m    ; clk_25m  ; None                        ; None                      ; 9.075 ns                ;
; N/A                                     ; 107.12 MHz ( period = 9.335 ns )                    ; y_cnt[2]    ; vga_rgb[6]  ; clk_25m    ; clk_25m  ; None                        ; None                      ; 9.074 ns                ;
; N/A                                     ; 107.12 MHz ( period = 9.335 ns )                    ; y_cnt[5]    ; vga_rgb[7]  ; clk_25m    ; clk_25m  ; None                        ; None                      ; 9.074 ns                ;
; N/A                                     ; 107.14 MHz ( period = 9.334 ns )                    ; y_cnt[2]    ; vga_rgb[7]  ; clk_25m    ; clk_25m  ; None                        ; None                      ; 9.073 ns                ;
; N/A                                     ; 108.72 MHz ( period = 9.198 ns )                    ; y_cnt[0]    ; vga_rgb[4]  ; clk_25m    ; clk_25m  ; None                        ; None                      ; 8.937 ns                ;
; N/A                                     ; 109.09 MHz ( period = 9.167 ns )                    ; y_cnt[1]    ; vga_rgb[3]  ; clk_25m    ; clk_25m  ; None                        ; None                      ; 8.906 ns                ;
; N/A                                     ; 109.21 MHz ( period = 9.157 ns )                    ; y_cnt[7]    ; vga_rgb[6]  ; clk_25m    ; clk_25m  ; None                        ; None                      ; 8.896 ns                ;
; N/A                                     ; 109.22 MHz ( period = 9.156 ns )                    ; y_cnt[7]    ; vga_rgb[7]  ; clk_25m    ; clk_25m  ; None                        ; None                      ; 8.895 ns                ;
; N/A                                     ; 109.37 MHz ( period = 9.143 ns )                    ; y_cnt[0]    ; vga_rgb[5]  ; clk_25m    ; clk_25m  ; None                        ; None                      ; 8.882 ns                ;
; N/A                                     ; 110.14 MHz ( period = 9.079 ns )                    ; y_cnt[6]    ; vga_rgb[6]  ; clk_25m    ; clk_25m  ; None                        ; None                      ; 8.818 ns                ;
; N/A                                     ; 110.16 MHz ( period = 9.078 ns )                    ; y_cnt[6]    ; vga_rgb[7]  ; clk_25m    ; clk_25m  ; None                        ; None                      ; 8.817 ns                ;
; N/A                                     ; 111.96 MHz ( period = 8.932 ns )                    ; y_cnt[1]    ; vga_rgb[4]  ; clk_25m    ; clk_25m  ; None                        ; None                      ; 8.671 ns                ;
; N/A                                     ; 112.33 MHz ( period = 8.902 ns )                    ; y_cnt[0]    ; vga_rgb[2]  ; clk_25m    ; clk_25m  ; None                        ; None                      ; 8.641 ns                ;
; N/A                                     ; 112.56 MHz ( period = 8.884 ns )                    ; y_cnt[3]    ; vga_rgb[3]  ; clk_25m    ; clk_25m  ; None                        ; None                      ; 8.623 ns                ;
; N/A                                     ; 112.65 MHz ( period = 8.877 ns )                    ; y_cnt[1]    ; vga_rgb[5]  ; clk_25m    ; clk_25m  ; None                        ; None                      ; 8.616 ns                ;
; N/A                                     ; 112.74 MHz ( period = 8.870 ns )                    ; y_cnt[4]    ; vga_rgb[3]  ; clk_25m    ; clk_25m  ; None                        ; None                      ; 8.609 ns                ;
; N/A                                     ; 113.70 MHz ( period = 8.795 ns )                    ; y_cnt[5]    ; vga_rgb[3]  ; clk_25m    ; clk_25m  ; None                        ; None                      ; 8.534 ns                ;
; N/A                                     ; 113.71 MHz ( period = 8.794 ns )                    ; y_cnt[2]    ; vga_rgb[3]  ; clk_25m    ; clk_25m  ; None                        ; None                      ; 8.533 ns                ;
; N/A                                     ; 113.73 MHz ( period = 8.793 ns )                    ; y_cnt[8]    ; vga_rgb[6]  ; clk_25m    ; clk_25m  ; None                        ; None                      ; 8.532 ns                ;
; N/A                                     ; 113.74 MHz ( period = 8.792 ns )                    ; y_cnt[8]    ; vga_rgb[7]  ; clk_25m    ; clk_25m  ; None                        ; None                      ; 8.531 ns                ;
; N/A                                     ; 115.19 MHz ( period = 8.681 ns )                    ; char_bit[4] ; vga_rgb[6]  ; clk_25m    ; clk_25m  ; None                        ; None                      ; 8.420 ns                ;
; N/A                                     ; 115.21 MHz ( period = 8.680 ns )                    ; char_bit[4] ; vga_rgb[7]  ; clk_25m    ; clk_25m  ; None                        ; None                      ; 8.419 ns                ;
; N/A                                     ; 115.62 MHz ( period = 8.649 ns )                    ; y_cnt[3]    ; vga_rgb[4]  ; clk_25m    ; clk_25m  ; None                        ; None                      ; 8.388 ns                ;
; N/A                                     ; 115.79 MHz ( period = 8.636 ns )                    ; y_cnt[1]    ; vga_rgb[2]  ; clk_25m    ; clk_25m  ; None                        ; None                      ; 8.375 ns                ;
; N/A                                     ; 115.81 MHz ( period = 8.635 ns )                    ; y_cnt[4]    ; vga_rgb[4]  ; clk_25m    ; clk_25m  ; None                        ; None                      ; 8.374 ns                ;
; N/A                                     ; 116.06 MHz ( period = 8.616 ns )                    ; y_cnt[7]    ; vga_rgb[3]  ; clk_25m    ; clk_25m  ; None                        ; None                      ; 8.355 ns                ;
; N/A                                     ; 116.36 MHz ( period = 8.594 ns )                    ; y_cnt[3]    ; vga_rgb[5]  ; clk_25m    ; clk_25m  ; None                        ; None                      ; 8.333 ns                ;
; N/A                                     ; 116.55 MHz ( period = 8.580 ns )                    ; y_cnt[4]    ; vga_rgb[5]  ; clk_25m    ; clk_25m  ; None                        ; None                      ; 8.319 ns                ;
; N/A                                     ; 116.75 MHz ( period = 8.565 ns )                    ; char_bit[2] ; vga_rgb[6]  ; clk_25m    ; clk_25m  ; None                        ; None                      ; 8.304 ns                ;
; N/A                                     ; 116.77 MHz ( period = 8.564 ns )                    ; char_bit[2] ; vga_rgb[7]  ; clk_25m    ; clk_25m  ; None                        ; None                      ; 8.303 ns                ;
; N/A                                     ; 116.82 MHz ( period = 8.560 ns )                    ; y_cnt[5]    ; vga_rgb[4]  ; clk_25m    ; clk_25m  ; None                        ; None                      ; 8.299 ns                ;
; N/A                                     ; 116.84 MHz ( period = 8.559 ns )                    ; y_cnt[2]    ; vga_rgb[4]  ; clk_25m    ; clk_25m  ; None                        ; None                      ; 8.298 ns                ;
; N/A                                     ; 117.12 MHz ( period = 8.538 ns )                    ; y_cnt[6]    ; vga_rgb[3]  ; clk_25m    ; clk_25m  ; None                        ; None                      ; 8.277 ns                ;
; N/A                                     ; 117.22 MHz ( period = 8.531 ns )                    ; char_bit[3] ; vga_rgb[6]  ; clk_25m    ; clk_25m  ; None                        ; None                      ; 8.270 ns                ;
; N/A                                     ; 117.23 MHz ( period = 8.530 ns )                    ; char_bit[3] ; vga_rgb[7]  ; clk_25m    ; clk_25m  ; None                        ; None                      ; 8.269 ns                ;
; N/A                                     ; 117.58 MHz ( period = 8.505 ns )                    ; y_cnt[5]    ; vga_rgb[5]  ; clk_25m    ; clk_25m  ; None                        ; None                      ; 8.244 ns                ;
; N/A                                     ; 117.59 MHz ( period = 8.504 ns )                    ; y_cnt[2]    ; vga_rgb[5]  ; clk_25m    ; clk_25m  ; None                        ; None                      ; 8.243 ns                ;
; N/A                                     ; 119.32 MHz ( period = 8.381 ns )                    ; y_cnt[7]    ; vga_rgb[4]  ; clk_25m    ; clk_25m  ; None                        ; None                      ; 8.120 ns                ;
; N/A                                     ; 119.72 MHz ( period = 8.353 ns )                    ; y_cnt[3]    ; vga_rgb[2]  ; clk_25m    ; clk_25m  ; None                        ; None                      ; 8.092 ns                ;
; N/A                                     ; 119.92 MHz ( period = 8.339 ns )                    ; y_cnt[4]    ; vga_rgb[2]  ; clk_25m    ; clk_25m  ; None                        ; None                      ; 8.078 ns                ;
; N/A                                     ; 120.11 MHz ( period = 8.326 ns )                    ; y_cnt[7]    ; vga_rgb[5]  ; clk_25m    ; clk_25m  ; None                        ; None                      ; 8.065 ns                ;
; N/A                                     ; 120.28 MHz ( period = 8.314 ns )                    ; char_bit[1] ; vga_rgb[6]  ; clk_25m    ; clk_25m  ; None                        ; None                      ; 8.053 ns                ;
; N/A                                     ; 120.29 MHz ( period = 8.313 ns )                    ; char_bit[1] ; vga_rgb[7]  ; clk_25m    ; clk_25m  ; None                        ; None                      ; 8.052 ns                ;
; N/A                                     ; 120.44 MHz ( period = 8.303 ns )                    ; y_cnt[6]    ; vga_rgb[4]  ; clk_25m    ; clk_25m  ; None                        ; None                      ; 8.042 ns                ;
; N/A                                     ; 121.01 MHz ( period = 8.264 ns )                    ; y_cnt[5]    ; vga_rgb[2]  ; clk_25m    ; clk_25m  ; None                        ; None                      ; 8.003 ns                ;
; N/A                                     ; 121.02 MHz ( period = 8.263 ns )                    ; y_cnt[2]    ; vga_rgb[2]  ; clk_25m    ; clk_25m  ; None                        ; None                      ; 8.002 ns                ;
; N/A                                     ; 121.18 MHz ( period = 8.252 ns )                    ; y_cnt[8]    ; vga_rgb[3]  ; clk_25m    ; clk_25m  ; None                        ; None                      ; 7.991 ns                ;
; N/A                                     ; 121.24 MHz ( period = 8.248 ns )                    ; y_cnt[6]    ; vga_rgb[5]  ; clk_25m    ; clk_25m  ; None                        ; None                      ; 7.987 ns                ;
; N/A                                     ; 121.36 MHz ( period = 8.240 ns )                    ; y_cnt[9]    ; vga_rgb[6]  ; clk_25m    ; clk_25m  ; None                        ; None                      ; 7.979 ns                ;
; N/A                                     ; 121.37 MHz ( period = 8.239 ns )                    ; y_cnt[9]    ; vga_rgb[7]  ; clk_25m    ; clk_25m  ; None                        ; None                      ; 7.978 ns                ;
; N/A                                     ; 122.85 MHz ( period = 8.140 ns )                    ; char_bit[4] ; vga_rgb[3]  ; clk_25m    ; clk_25m  ; None                        ; None                      ; 7.879 ns                ;
; N/A                                     ; 123.43 MHz ( period = 8.102 ns )                    ; char_bit[0] ; vga_rgb[6]  ; clk_25m    ; clk_25m  ; None                        ; None                      ; 7.841 ns                ;
; N/A                                     ; 123.44 MHz ( period = 8.101 ns )                    ; char_bit[0] ; vga_rgb[7]  ; clk_25m    ; clk_25m  ; None                        ; None                      ; 7.840 ns                ;
; N/A                                     ; 123.69 MHz ( period = 8.085 ns )                    ; y_cnt[7]    ; vga_rgb[2]  ; clk_25m    ; clk_25m  ; None                        ; None                      ; 7.824 ns                ;
; N/A                                     ; 124.63 MHz ( period = 8.024 ns )                    ; char_bit[2] ; vga_rgb[3]  ; clk_25m    ; clk_25m  ; None                        ; None                      ; 7.763 ns                ;
; N/A                                     ; 124.73 MHz ( period = 8.017 ns )                    ; y_cnt[8]    ; vga_rgb[4]  ; clk_25m    ; clk_25m  ; None                        ; None                      ; 7.756 ns                ;
; N/A                                     ; 124.89 MHz ( period = 8.007 ns )                    ; y_cnt[6]    ; vga_rgb[2]  ; clk_25m    ; clk_25m  ; None                        ; None                      ; 7.746 ns                ;
; N/A                                     ; 125.16 MHz ( period = 7.990 ns )                    ; char_bit[3] ; vga_rgb[3]  ; clk_25m    ; clk_25m  ; None                        ; None                      ; 7.729 ns                ;
; N/A                                     ; 125.60 MHz ( period = 7.962 ns )                    ; y_cnt[8]    ; vga_rgb[5]  ; clk_25m    ; clk_25m  ; None                        ; None                      ; 7.701 ns                ;
; N/A                                     ; 126.50 MHz ( period = 7.905 ns )                    ; char_bit[4] ; vga_rgb[4]  ; clk_25m    ; clk_25m  ; None                        ; None                      ; 7.644 ns                ;
; N/A                                     ; 126.55 MHz ( period = 7.902 ns )                    ; x_cnt[5]    ; y_cnt[8]    ; clk_25m    ; clk_25m  ; None                        ; None                      ; 7.641 ns                ;
; N/A                                     ; 126.55 MHz ( period = 7.902 ns )                    ; x_cnt[5]    ; y_cnt[7]    ; clk_25m    ; clk_25m  ; None                        ; None                      ; 7.641 ns                ;
; N/A                                     ; 126.55 MHz ( period = 7.902 ns )                    ; x_cnt[5]    ; y_cnt[6]    ; clk_25m    ; clk_25m  ; None                        ; None                      ; 7.641 ns                ;
; N/A                                     ; 126.55 MHz ( period = 7.902 ns )                    ; x_cnt[5]    ; y_cnt[5]    ; clk_25m    ; clk_25m  ; None                        ; None                      ; 7.641 ns                ;
; N/A                                     ; 126.55 MHz ( period = 7.902 ns )                    ; x_cnt[5]    ; y_cnt[9]    ; clk_25m    ; clk_25m  ; None                        ; None                      ; 7.641 ns                ;
; N/A                                     ; 127.39 MHz ( period = 7.850 ns )                    ; char_bit[4] ; vga_rgb[5]  ; clk_25m    ; clk_25m  ; None                        ; None                      ; 7.589 ns                ;
; N/A                                     ; 127.91 MHz ( period = 7.818 ns )                    ; x_cnt[2]    ; y_cnt[8]    ; clk_25m    ; clk_25m  ; None                        ; None                      ; 7.557 ns                ;
; N/A                                     ; 127.91 MHz ( period = 7.818 ns )                    ; x_cnt[2]    ; y_cnt[7]    ; clk_25m    ; clk_25m  ; None                        ; None                      ; 7.557 ns                ;
; N/A                                     ; 127.91 MHz ( period = 7.818 ns )                    ; x_cnt[2]    ; y_cnt[6]    ; clk_25m    ; clk_25m  ; None                        ; None                      ; 7.557 ns                ;
; N/A                                     ; 127.91 MHz ( period = 7.818 ns )                    ; x_cnt[2]    ; y_cnt[5]    ; clk_25m    ; clk_25m  ; None                        ; None                      ; 7.557 ns                ;
; N/A                                     ; 127.91 MHz ( period = 7.818 ns )                    ; x_cnt[2]    ; y_cnt[9]    ; clk_25m    ; clk_25m  ; None                        ; None                      ; 7.557 ns                ;
; N/A                                     ; 128.39 MHz ( period = 7.789 ns )                    ; char_bit[2] ; vga_rgb[4]  ; clk_25m    ; clk_25m  ; None                        ; None                      ; 7.528 ns                ;
; N/A                                     ; 128.65 MHz ( period = 7.773 ns )                    ; char_bit[1] ; vga_rgb[3]  ; clk_25m    ; clk_25m  ; None                        ; None                      ; 7.512 ns                ;
; N/A                                     ; 128.95 MHz ( period = 7.755 ns )                    ; char_bit[3] ; vga_rgb[4]  ; clk_25m    ; clk_25m  ; None                        ; None                      ; 7.494 ns                ;
; N/A                                     ; 129.30 MHz ( period = 7.734 ns )                    ; char_bit[2] ; vga_rgb[5]  ; clk_25m    ; clk_25m  ; None                        ; None                      ; 7.473 ns                ;
; N/A                                     ; 129.52 MHz ( period = 7.721 ns )                    ; y_cnt[8]    ; vga_rgb[2]  ; clk_25m    ; clk_25m  ; None                        ; None                      ; 7.460 ns                ;
; N/A                                     ; 129.87 MHz ( period = 7.700 ns )                    ; char_bit[3] ; vga_rgb[5]  ; clk_25m    ; clk_25m  ; None                        ; None                      ; 7.439 ns                ;
; N/A                                     ; 129.89 MHz ( period = 7.699 ns )                    ; y_cnt[9]    ; vga_rgb[3]  ; clk_25m    ; clk_25m  ; None                        ; None                      ; 7.438 ns                ;
; N/A                                     ; 130.09 MHz ( period = 7.687 ns )                    ; x_cnt[5]    ; y_cnt[4]    ; clk_25m    ; clk_25m  ; None                        ; None                      ; 7.426 ns                ;
; N/A                                     ; 131.42 MHz ( period = 7.609 ns )                    ; char_bit[4] ; vga_rgb[2]  ; clk_25m    ; clk_25m  ; None                        ; None                      ; 7.348 ns                ;
; N/A                                     ; 131.46 MHz ( period = 7.607 ns )                    ; x_cnt[5]    ; y_cnt[3]    ; clk_25m    ; clk_25m  ; None                        ; None                      ; 7.346 ns                ;
; N/A                                     ; 131.53 MHz ( period = 7.603 ns )                    ; x_cnt[2]    ; y_cnt[4]    ; clk_25m    ; clk_25m  ; None                        ; None                      ; 7.342 ns                ;
; N/A                                     ; 132.26 MHz ( period = 7.561 ns )                    ; char_bit[0] ; vga_rgb[3]  ; clk_25m    ; clk_25m  ; None                        ; None                      ; 7.300 ns                ;
; N/A                                     ; 132.66 MHz ( period = 7.538 ns )                    ; char_bit[1] ; vga_rgb[4]  ; clk_25m    ; clk_25m  ; None                        ; None                      ; 7.277 ns                ;
; N/A                                     ; 132.86 MHz ( period = 7.527 ns )                    ; x_cnt[5]    ; y_cnt[2]    ; clk_25m    ; clk_25m  ; None                        ; None                      ; 7.266 ns                ;
; N/A                                     ; 132.93 MHz ( period = 7.523 ns )                    ; x_cnt[2]    ; y_cnt[3]    ; clk_25m    ; clk_25m  ; None                        ; None                      ; 7.262 ns                ;
; N/A                                     ; 133.46 MHz ( period = 7.493 ns )                    ; char_bit[2] ; vga_rgb[2]  ; clk_25m    ; clk_25m  ; None                        ; None                      ; 7.232 ns                ;
; N/A                                     ; 133.64 MHz ( period = 7.483 ns )                    ; char_bit[1] ; vga_rgb[5]  ; clk_25m    ; clk_25m  ; None                        ; None                      ; 7.222 ns                ;
; N/A                                     ; 133.98 MHz ( period = 7.464 ns )                    ; y_cnt[9]    ; vga_rgb[4]  ; clk_25m    ; clk_25m  ; None                        ; None                      ; 7.203 ns                ;
; N/A                                     ; 134.07 MHz ( period = 7.459 ns )                    ; char_bit[3] ; vga_rgb[2]  ; clk_25m    ; clk_25m  ; None                        ; None                      ; 7.198 ns                ;
; N/A                                     ; 134.28 MHz ( period = 7.447 ns )                    ; x_cnt[5]    ; y_cnt[1]    ; clk_25m    ; clk_25m  ; None                        ; None                      ; 7.186 ns                ;
; N/A                                     ; 134.35 MHz ( period = 7.443 ns )                    ; x_cnt[2]    ; y_cnt[2]    ; clk_25m    ; clk_25m  ; None                        ; None                      ; 7.182 ns                ;
; N/A                                     ; 134.97 MHz ( period = 7.409 ns )                    ; y_cnt[9]    ; vga_rgb[5]  ; clk_25m    ; clk_25m  ; None                        ; None                      ; 7.148 ns                ;
; N/A                                     ; 135.81 MHz ( period = 7.363 ns )                    ; x_cnt[2]    ; y_cnt[1]    ; clk_25m    ; clk_25m  ; None                        ; None                      ; 7.102 ns                ;
; N/A                                     ; 136.50 MHz ( period = 7.326 ns )                    ; char_bit[0] ; vga_rgb[4]  ; clk_25m    ; clk_25m  ; None                        ; None                      ; 7.065 ns                ;
; N/A                                     ; 137.53 MHz ( period = 7.271 ns )                    ; char_bit[0] ; vga_rgb[5]  ; clk_25m    ; clk_25m  ; None                        ; None                      ; 7.010 ns                ;
; N/A                                     ; 138.03 MHz ( period = 7.245 ns )                    ; x_cnt[6]    ; vga_rgb[6]  ; clk_25m    ; clk_25m  ; None                        ; None                      ; 6.984 ns                ;
; N/A                                     ; 138.05 MHz ( period = 7.244 ns )                    ; x_cnt[6]    ; vga_rgb[7]  ; clk_25m    ; clk_25m  ; None                        ; None                      ; 6.983 ns                ;
; N/A                                     ; 138.08 MHz ( period = 7.242 ns )                    ; char_bit[1] ; vga_rgb[2]  ; clk_25m    ; clk_25m  ; None                        ; None                      ; 6.981 ns                ;
; N/A                                     ; 139.51 MHz ( period = 7.168 ns )                    ; y_cnt[9]    ; vga_rgb[2]  ; clk_25m    ; clk_25m  ; None                        ; None                      ; 6.907 ns                ;
; N/A                                     ; 140.67 MHz ( period = 7.109 ns )                    ; x_cnt[0]    ; char_bit[0] ; clk_25m    ; clk_25m  ; None                        ; None                      ; 6.848 ns                ;
; N/A                                     ; 140.67 MHz ( period = 7.109 ns )                    ; x_cnt[0]    ; char_bit[1] ; clk_25m    ; clk_25m  ; None                        ; None                      ; 6.848 ns                ;
; N/A                                     ; 140.67 MHz ( period = 7.109 ns )                    ; x_cnt[0]    ; char_bit[2] ; clk_25m    ; clk_25m  ; None                        ; None                      ; 6.848 ns                ;
; N/A                                     ; 140.67 MHz ( period = 7.109 ns )                    ; x_cnt[0]    ; char_bit[4] ; clk_25m    ; clk_25m  ; None                        ; None                      ; 6.848 ns                ;
; N/A                                     ; 140.67 MHz ( period = 7.109 ns )                    ; x_cnt[0]    ; char_bit[3] ; clk_25m    ; clk_25m  ; None                        ; None                      ; 6.848 ns                ;
; N/A                                     ; 142.25 MHz ( period = 7.030 ns )                    ; char_bit[0] ; vga_rgb[2]  ; clk_25m    ; clk_25m  ; None                        ; None                      ; 6.769 ns                ;
; N/A                                     ; 142.33 MHz ( period = 7.026 ns )                    ; x_cnt[0]    ; y_cnt[8]    ; clk_25m    ; clk_25m  ; None                        ; None                      ; 6.765 ns                ;
; N/A                                     ; 142.33 MHz ( period = 7.026 ns )                    ; x_cnt[0]    ; y_cnt[7]    ; clk_25m    ; clk_25m  ; None                        ; None                      ; 6.765 ns                ;
; N/A                                     ; 142.33 MHz ( period = 7.026 ns )                    ; x_cnt[0]    ; y_cnt[6]    ; clk_25m    ; clk_25m  ; None                        ; None                      ; 6.765 ns                ;
; N/A                                     ; 142.33 MHz ( period = 7.026 ns )                    ; x_cnt[0]    ; y_cnt[5]    ; clk_25m    ; clk_25m  ; None                        ; None                      ; 6.765 ns                ;
; N/A                                     ; 142.33 MHz ( period = 7.026 ns )                    ; x_cnt[0]    ; y_cnt[9]    ; clk_25m    ; clk_25m  ; None                        ; None                      ; 6.765 ns                ;
; N/A                                     ; 143.27 MHz ( period = 6.980 ns )                    ; x_cnt[6]    ; y_cnt[8]    ; clk_25m    ; clk_25m  ; None                        ; None                      ; 6.719 ns                ;
; N/A                                     ; 143.27 MHz ( period = 6.980 ns )                    ; x_cnt[6]    ; y_cnt[7]    ; clk_25m    ; clk_25m  ; None                        ; None                      ; 6.719 ns                ;
; N/A                                     ; 143.27 MHz ( period = 6.980 ns )                    ; x_cnt[6]    ; y_cnt[6]    ; clk_25m    ; clk_25m  ; None                        ; None                      ; 6.719 ns                ;
; N/A                                     ; 143.27 MHz ( period = 6.980 ns )                    ; x_cnt[6]    ; y_cnt[5]    ; clk_25m    ; clk_25m  ; None                        ; None                      ; 6.719 ns                ;
; N/A                                     ; 143.27 MHz ( period = 6.980 ns )                    ; x_cnt[6]    ; y_cnt[9]    ; clk_25m    ; clk_25m  ; None                        ; None                      ; 6.719 ns                ;
; N/A                                     ; 143.66 MHz ( period = 6.961 ns )                    ; x_cnt[1]    ; char_bit[0] ; clk_25m    ; clk_25m  ; None                        ; None                      ; 6.700 ns                ;
; N/A                                     ; 143.66 MHz ( period = 6.961 ns )                    ; x_cnt[1]    ; char_bit[1] ; clk_25m    ; clk_25m  ; None                        ; None                      ; 6.700 ns                ;
; N/A                                     ; 143.66 MHz ( period = 6.961 ns )                    ; x_cnt[1]    ; char_bit[2] ; clk_25m    ; clk_25m  ; None                        ; None                      ; 6.700 ns                ;
; N/A                                     ; 143.66 MHz ( period = 6.961 ns )                    ; x_cnt[1]    ; char_bit[4] ; clk_25m    ; clk_25m  ; None                        ; None                      ; 6.700 ns                ;
; N/A                                     ; 143.66 MHz ( period = 6.961 ns )                    ; x_cnt[1]    ; char_bit[3] ; clk_25m    ; clk_25m  ; None                        ; None                      ; 6.700 ns                ;
; N/A                                     ; 143.93 MHz ( period = 6.948 ns )                    ; x_cnt[6]    ; vga_rgb[3]  ; clk_25m    ; clk_25m  ; None                        ; None                      ; 6.687 ns                ;
; N/A                                     ; 144.86 MHz ( period = 6.903 ns )                    ; x_cnt[2]    ; char_bit[0] ; clk_25m    ; clk_25m  ; None                        ; None                      ; 6.642 ns                ;
; N/A                                     ; 144.86 MHz ( period = 6.903 ns )                    ; x_cnt[2]    ; char_bit[1] ; clk_25m    ; clk_25m  ; None                        ; None                      ; 6.642 ns                ;
; N/A                                     ; 144.86 MHz ( period = 6.903 ns )                    ; x_cnt[2]    ; char_bit[2] ; clk_25m    ; clk_25m  ; None                        ; None                      ; 6.642 ns                ;
; N/A                                     ; 144.86 MHz ( period = 6.903 ns )                    ; x_cnt[2]    ; char_bit[4] ; clk_25m    ; clk_25m  ; None                        ; None                      ; 6.642 ns                ;
; N/A                                     ; 144.86 MHz ( period = 6.903 ns )                    ; x_cnt[2]    ; char_bit[3] ; clk_25m    ; clk_25m  ; None                        ; None                      ; 6.642 ns                ;
; N/A                                     ; 146.03 MHz ( period = 6.848 ns )                    ; y_cnt[9]    ; y_cnt[1]    ; clk_25m    ; clk_25m  ; None                        ; None                      ; 6.587 ns                ;
; N/A                                     ; 146.03 MHz ( period = 6.848 ns )                    ; y_cnt[9]    ; y_cnt[0]    ; clk_25m    ; clk_25m  ; None                        ; None                      ; 6.587 ns                ;
; N/A                                     ; 146.03 MHz ( period = 6.848 ns )                    ; y_cnt[9]    ; y_cnt[2]    ; clk_25m    ; clk_25m  ; None                        ; None                      ; 6.587 ns                ;
; N/A                                     ; 146.03 MHz ( period = 6.848 ns )                    ; y_cnt[9]    ; y_cnt[3]    ; clk_25m    ; clk_25m  ; None                        ; None                      ; 6.587 ns                ;
; N/A                                     ; 146.03 MHz ( period = 6.848 ns )                    ; y_cnt[9]    ; y_cnt[4]    ; clk_25m    ; clk_25m  ; None                        ; None                      ; 6.587 ns                ;
; N/A                                     ; 146.03 MHz ( period = 6.848 ns )                    ; y_cnt[9]    ; y_cnt[8]    ; clk_25m    ; clk_25m  ; None                        ; None                      ; 6.587 ns                ;
; N/A                                     ; 146.03 MHz ( period = 6.848 ns )                    ; y_cnt[9]    ; y_cnt[7]    ; clk_25m    ; clk_25m  ; None                        ; None                      ; 6.587 ns                ;
; N/A                                     ; 146.03 MHz ( period = 6.848 ns )                    ; y_cnt[9]    ; y_cnt[6]    ; clk_25m    ; clk_25m  ; None                        ; None                      ; 6.587 ns                ;
; N/A                                     ; 146.03 MHz ( period = 6.848 ns )                    ; y_cnt[9]    ; y_cnt[5]    ; clk_25m    ; clk_25m  ; None                        ; None                      ; 6.587 ns                ;
; N/A                                     ; 146.03 MHz ( period = 6.848 ns )                    ; y_cnt[9]    ; y_cnt[9]    ; clk_25m    ; clk_25m  ; None                        ; None                      ; 6.587 ns                ;
; N/A                                     ; 146.26 MHz ( period = 6.837 ns )                    ; x_cnt[0]    ; vga_rgb[6]  ; clk_25m    ; clk_25m  ; None                        ; None                      ; 6.576 ns                ;
; N/A                                     ; 146.28 MHz ( period = 6.836 ns )                    ; x_cnt[0]    ; vga_rgb[7]  ; clk_25m    ; clk_25m  ; None                        ; None                      ; 6.575 ns                ;
; N/A                                     ; 146.31 MHz ( period = 6.835 ns )                    ; x_cnt[5]    ; y_cnt[0]    ; clk_25m    ; clk_25m  ; None                        ; None                      ; 6.574 ns                ;
; N/A                                     ; 146.82 MHz ( period = 6.811 ns )                    ; x_cnt[0]    ; y_cnt[4]    ; clk_25m    ; clk_25m  ; None                        ; None                      ; 6.550 ns                ;
; N/A                                     ; 147.82 MHz ( period = 6.765 ns )                    ; x_cnt[6]    ; y_cnt[4]    ; clk_25m    ; clk_25m  ; None                        ; None                      ; 6.504 ns                ;
; N/A                                     ; 148.13 MHz ( period = 6.751 ns )                    ; x_cnt[2]    ; y_cnt[0]    ; clk_25m    ; clk_25m  ; None                        ; None                      ; 6.490 ns                ;
; N/A                                     ; 148.57 MHz ( period = 6.731 ns )                    ; x_cnt[0]    ; y_cnt[3]    ; clk_25m    ; clk_25m  ; None                        ; None                      ; 6.470 ns                ;
; N/A                                     ; 148.96 MHz ( period = 6.713 ns )                    ; x_cnt[6]    ; vga_rgb[4]  ; clk_25m    ; clk_25m  ; None                        ; None                      ; 6.452 ns                ;
; N/A                                     ; 149.59 MHz ( period = 6.685 ns )                    ; x_cnt[6]    ; y_cnt[3]    ; clk_25m    ; clk_25m  ; None                        ; None                      ; 6.424 ns                ;
; N/A                                     ; 150.35 MHz ( period = 6.651 ns )                    ; x_cnt[0]    ; y_cnt[2]    ; clk_25m    ; clk_25m  ; None                        ; None                      ; 6.390 ns                ;
; N/A                                     ; 150.56 MHz ( period = 6.642 ns )                    ; x_cnt[0]    ; vga_rgb[3]  ; clk_25m    ; clk_25m  ; None                        ; None                      ; 6.381 ns                ;
; N/A                                     ; 151.40 MHz ( period = 6.605 ns )                    ; x_cnt[6]    ; y_cnt[2]    ; clk_25m    ; clk_25m  ; None                        ; None                      ; 6.344 ns                ;
; N/A                                     ; 152.18 MHz ( period = 6.571 ns )                    ; x_cnt[0]    ; y_cnt[1]    ; clk_25m    ; clk_25m  ; None                        ; None                      ; 6.310 ns                ;
; N/A                                     ; 152.46 MHz ( period = 6.559 ns )                    ; y_cnt[1]    ; y_cnt[1]    ; clk_25m    ; clk_25m  ; None                        ; None                      ; 6.298 ns                ;
; N/A                                     ; 152.46 MHz ( period = 6.559 ns )                    ; y_cnt[1]    ; y_cnt[0]    ; clk_25m    ; clk_25m  ; None                        ; None                      ; 6.298 ns                ;
; N/A                                     ; 152.46 MHz ( period = 6.559 ns )                    ; y_cnt[1]    ; y_cnt[2]    ; clk_25m    ; clk_25m  ; None                        ; None                      ; 6.298 ns                ;
; N/A                                     ; 152.46 MHz ( period = 6.559 ns )                    ; y_cnt[1]    ; y_cnt[3]    ; clk_25m    ; clk_25m  ; None                        ; None                      ; 6.298 ns                ;
; N/A                                     ; 152.46 MHz ( period = 6.559 ns )                    ; y_cnt[1]    ; y_cnt[4]    ; clk_25m    ; clk_25m  ; None                        ; None                      ; 6.298 ns                ;
; N/A                                     ; 152.46 MHz ( period = 6.559 ns )                    ; y_cnt[1]    ; y_cnt[8]    ; clk_25m    ; clk_25m  ; None                        ; None                      ; 6.298 ns                ;
; N/A                                     ; 152.46 MHz ( period = 6.559 ns )                    ; y_cnt[1]    ; y_cnt[7]    ; clk_25m    ; clk_25m  ; None                        ; None                      ; 6.298 ns                ;
; N/A                                     ; 152.46 MHz ( period = 6.559 ns )                    ; y_cnt[1]    ; y_cnt[6]    ; clk_25m    ; clk_25m  ; None                        ; None                      ; 6.298 ns                ;
; N/A                                     ; 152.46 MHz ( period = 6.559 ns )                    ; y_cnt[1]    ; y_cnt[5]    ; clk_25m    ; clk_25m  ; None                        ; None                      ; 6.298 ns                ;
; N/A                                     ; 152.46 MHz ( period = 6.559 ns )                    ; y_cnt[1]    ; y_cnt[9]    ; clk_25m    ; clk_25m  ; None                        ; None                      ; 6.298 ns                ;
; N/A                                     ; 153.26 MHz ( period = 6.525 ns )                    ; x_cnt[6]    ; y_cnt[1]    ; clk_25m    ; clk_25m  ; None                        ; None                      ; 6.264 ns                ;
; N/A                                     ; 155.98 MHz ( period = 6.411 ns )                    ; x_cnt[3]    ; y_cnt[8]    ; clk_25m    ; clk_25m  ; None                        ; None                      ; 6.150 ns                ;
; N/A                                     ; 155.98 MHz ( period = 6.411 ns )                    ; x_cnt[3]    ; y_cnt[7]    ; clk_25m    ; clk_25m  ; None                        ; None                      ; 6.150 ns                ;
; N/A                                     ; 155.98 MHz ( period = 6.411 ns )                    ; x_cnt[3]    ; y_cnt[6]    ; clk_25m    ; clk_25m  ; None                        ; None                      ; 6.150 ns                ;
; N/A                                     ; 155.98 MHz ( period = 6.411 ns )                    ; x_cnt[3]    ; y_cnt[5]    ; clk_25m    ; clk_25m  ; None                        ; None                      ; 6.150 ns                ;
; N/A                                     ; 155.98 MHz ( period = 6.411 ns )                    ; x_cnt[3]    ; y_cnt[9]    ; clk_25m    ; clk_25m  ; None                        ; None                      ; 6.150 ns                ;
; N/A                                     ; 156.08 MHz ( period = 6.407 ns )                    ; x_cnt[0]    ; vga_rgb[4]  ; clk_25m    ; clk_25m  ; None                        ; None                      ; 6.146 ns                ;
; N/A                                     ; 156.99 MHz ( period = 6.370 ns )                    ; x_cnt[6]    ; vga_rgb[2]  ; clk_25m    ; clk_25m  ; None                        ; None                      ; 6.109 ns                ;
; N/A                                     ; 157.06 MHz ( period = 6.367 ns )                    ; x_cnt[6]    ; vga_rgb[5]  ; clk_25m    ; clk_25m  ; None                        ; None                      ; 6.106 ns                ;
; N/A                                     ; 157.65 MHz ( period = 6.343 ns )                    ; y_cnt[5]    ; y_cnt[1]    ; clk_25m    ; clk_25m  ; None                        ; None                      ; 6.082 ns                ;
; N/A                                     ; 157.65 MHz ( period = 6.343 ns )                    ; y_cnt[5]    ; y_cnt[0]    ; clk_25m    ; clk_25m  ; None                        ; None                      ; 6.082 ns                ;
; N/A                                     ; 157.65 MHz ( period = 6.343 ns )                    ; y_cnt[5]    ; y_cnt[2]    ; clk_25m    ; clk_25m  ; None                        ; None                      ; 6.082 ns                ;
; N/A                                     ; 157.65 MHz ( period = 6.343 ns )                    ; y_cnt[5]    ; y_cnt[3]    ; clk_25m    ; clk_25m  ; None                        ; None                      ; 6.082 ns                ;
; N/A                                     ; 157.65 MHz ( period = 6.343 ns )                    ; y_cnt[5]    ; y_cnt[4]    ; clk_25m    ; clk_25m  ; None                        ; None                      ; 6.082 ns                ;
; N/A                                     ; 157.65 MHz ( period = 6.343 ns )                    ; y_cnt[5]    ; y_cnt[8]    ; clk_25m    ; clk_25m  ; None                        ; None                      ; 6.082 ns                ;
; N/A                                     ; 157.65 MHz ( period = 6.343 ns )                    ; y_cnt[5]    ; y_cnt[7]    ; clk_25m    ; clk_25m  ; None                        ; None                      ; 6.082 ns                ;
; N/A                                     ; 157.65 MHz ( period = 6.343 ns )                    ; y_cnt[5]    ; y_cnt[6]    ; clk_25m    ; clk_25m  ; None                        ; None                      ; 6.082 ns                ;
; N/A                                     ; 157.65 MHz ( period = 6.343 ns )                    ; y_cnt[5]    ; y_cnt[5]    ; clk_25m    ; clk_25m  ; None                        ; None                      ; 6.082 ns                ;
; N/A                                     ; 157.65 MHz ( period = 6.343 ns )                    ; y_cnt[5]    ; y_cnt[9]    ; clk_25m    ; clk_25m  ; None                        ; None                      ; 6.082 ns                ;
; N/A                                     ; 158.96 MHz ( period = 6.291 ns )                    ; x_cnt[2]    ; vga_rgb[6]  ; clk_25m    ; clk_25m  ; None                        ; None                      ; 6.030 ns                ;
; N/A                                     ; 158.98 MHz ( period = 6.290 ns )                    ; x_cnt[2]    ; vga_rgb[7]  ; clk_25m    ; clk_25m  ; None                        ; None                      ; 6.029 ns                ;
; N/A                                     ; 161.39 MHz ( period = 6.196 ns )                    ; x_cnt[3]    ; y_cnt[4]    ; clk_25m    ; clk_25m  ; None                        ; None                      ; 5.935 ns                ;
; N/A                                     ; 161.97 MHz ( period = 6.174 ns )                    ; x_cnt[5]    ; char_bit[0] ; clk_25m    ; clk_25m  ; None                        ; None                      ; 5.913 ns                ;
; N/A                                     ; 161.97 MHz ( period = 6.174 ns )                    ; x_cnt[5]    ; char_bit[1] ; clk_25m    ; clk_25m  ; None                        ; None                      ; 5.913 ns                ;
; N/A                                     ; 161.97 MHz ( period = 6.174 ns )                    ; x_cnt[5]    ; char_bit[2] ; clk_25m    ; clk_25m  ; None                        ; None                      ; 5.913 ns                ;
; N/A                                     ; 161.97 MHz ( period = 6.174 ns )                    ; x_cnt[5]    ; char_bit[4] ; clk_25m    ; clk_25m  ; None                        ; None                      ; 5.913 ns                ;
; N/A                                     ; 161.97 MHz ( period = 6.174 ns )                    ; x_cnt[5]    ; char_bit[3] ; clk_25m    ; clk_25m  ; None                        ; None                      ; 5.913 ns                ;
; N/A                                     ; 163.51 MHz ( period = 6.116 ns )                    ; x_cnt[3]    ; y_cnt[3]    ; clk_25m    ; clk_25m  ; None                        ; None                      ; 5.855 ns                ;
; N/A                                     ; 164.04 MHz ( period = 6.096 ns )                    ; x_cnt[2]    ; vga_rgb[3]  ; clk_25m    ; clk_25m  ; None                        ; None                      ; 5.835 ns                ;
; N/A                                     ; 164.45 MHz ( period = 6.081 ns )                    ; x_cnt[0]    ; vga_rgb[2]  ; clk_25m    ; clk_25m  ; None                        ; None                      ; 5.820 ns                ;
; N/A                                     ; 165.59 MHz ( period = 6.039 ns )                    ; x_cnt[1]    ; vga_rgb[6]  ; clk_25m    ; clk_25m  ; None                        ; None                      ; 5.778 ns                ;
; Timing analysis restricted to 200 rows. ; To change the limit use Settings (Assignments menu) ;             ;             ;            ;          ;                             ;                           ;                         ;
+-----------------------------------------+-----------------------------------------------------+-------------+-------------+------------+----------+-----------------------------+---------------------------+-------------------------+


+------------------------------------------------------------------------+
; tco                                                                    ;
+-------+--------------+------------+------------+----------+------------+
; Slack ; Required tco ; Actual tco ; From       ; To       ; From Clock ;
+-------+--------------+------------+------------+----------+------------+
; N/A   ; None         ; 7.185 ns   ; vga_rgb[7] ; vga_r[2] ; clk_25m    ;
; N/A   ; None         ; 7.185 ns   ; vga_rgb[6] ; vga_r[1] ; clk_25m    ;
; N/A   ; None         ; 7.067 ns   ; vga_rgb[4] ; vga_g[2] ; clk_25m    ;
; N/A   ; None         ; 7.067 ns   ; vga_rgb[5] ; vga_r[0] ; clk_25m    ;
; N/A   ; None         ; 6.808 ns   ; vsync_r    ; vsync    ; clk_25m    ;
; N/A   ; None         ; 6.741 ns   ; vga_rgb[3] ; vga_g[1] ; clk_25m    ;
; N/A   ; None         ; 6.740 ns   ; vga_rgb[2] ; vga_g[0] ; clk_25m    ;
; N/A   ; None         ; 6.480 ns   ; hsync_r    ; hsync    ; clk_25m    ;
+-------+--------------+------------+------------+----------+------------+


+--------------------------+
; Timing Analyzer Messages ;
+--------------------------+
Info: *******************************************************************
Info: Running Quartus II Classic Timing Analyzer
    Info: Version 9.0 Build 132 02/25/2009 SJ Full Version
    Info: Processing started: Wed Sep 02 13:00:58 2009
Info: Command: quartus_tan --read_settings_files=off --write_settings_files=off vga256 -c vga256 --timing_analysis_only
Info: Parallel compilation is enabled and will use 2 of the 2 processors detected
Warning: Found pins functioning as undefined clocks and/or memory enables
    Info: Assuming node "clk_25m" is an undefined clock
Info: Clock "clk_25m" has Internal fmax of 100.26 MHz between source register "y_cnt[0]" and destination register "vga_rgb[6]" (period= 9.974 ns)
    Info: + Longest register to register delay is 9.713 ns
        Info: 1: + IC(0.000 ns) + CELL(0.000 ns) = 0.000 ns; Loc. = LC_X19_Y1_N0; Fanout = 7; REG Node = 'y_cnt[0]'
        Info: 2: + IC(1.275 ns) + CELL(0.575 ns) = 1.850 ns; Loc. = LC_X18_Y2_N0; Fanout = 2; COMB Node = 'Add2~28COUT1_57'
        Info: 3: + IC(0.000 ns) + CELL(0.080 ns) = 1.930 ns; Loc. = LC_X18_Y2_N1; Fanout = 2; COMB Node = 'Add2~36COUT1_59'
        Info: 4: + IC(0.000 ns) + CELL(0.608 ns) = 2.538 ns; Loc. = LC_X18_Y2_N2; Fanout = 10; COMB Node = 'Add2~29'
        Info: 5: + IC(0.848 ns) + CELL(0.292 ns) = 3.678 ns; Loc. = LC_X17_Y2_N5; Fanout = 2; COMB Node = 'vga_rgb~25'
        Info: 6: + IC(0.734 ns) + CELL(0.292 ns) = 4.704 ns; Loc. = LC_X16_Y2_N6; Fanout = 1; COMB Node = 'vga_rgb~27'
        Info: 7: + IC(0.423 ns) + CELL(0.114 ns) = 5.241 ns; Loc. = LC_X16_Y2_N8; Fanout = 1; COMB Node = 'vga_rgb~50'
        Info: 8: + IC(0.442 ns) + CELL(0.292 ns) = 5.975 ns; Loc. = LC_X16_Y2_N9; Fanout = 1; COMB Node = 'vga_rgb~51'
        Info: 9: + IC(0.441 ns) + CELL(0.292 ns) = 6.708 ns; Loc. = LC_X16_Y2_N4; Fanout = 1; COMB Node = 'vga_rgb~39'
        Info: 10: + IC(1.150 ns) + CELL(0.292 ns) = 8.150 ns; Loc. = LC_X19_Y2_N0; Fanout = 4; COMB Node = 'vga_rgb~46'
        Info: 11: + IC(0.423 ns) + CELL(0.114 ns) = 8.687 ns; Loc. = LC_X19_Y2_N7; Fanout = 2; COMB Node = 'vga_rgb~47'
        Info: 12: + IC(0.717 ns) + CELL(0.309 ns) = 9.713 ns; Loc. = LC_X20_Y2_N2; Fanout = 1; REG Node = 'vga_rgb[6]'
        Info: Total cell delay = 3.260 ns ( 33.56 % )
        Info: Total interconnect delay = 6.453 ns ( 66.44 % )
    Info: - Smallest clock skew is 0.000 ns
        Info: + Shortest clock path from clock "clk_25m" to destination register is 2.743 ns
            Info: 1: + IC(0.000 ns) + CELL(1.469 ns) = 1.469 ns; Loc. = PIN_16; Fanout = 35; CLK Node = 'clk_25m'
            Info: 2: + IC(0.563 ns) + CELL(0.711 ns) = 2.743 ns; Loc. = LC_X20_Y2_N2; Fanout = 1; REG Node = 'vga_rgb[6]'
            Info: Total cell delay = 2.180 ns ( 79.48 % )
            Info: Total interconnect delay = 0.563 ns ( 20.52 % )
        Info: - Longest clock path from clock "clk_25m" to source register is 2.743 ns
            Info: 1: + IC(0.000 ns) + CELL(1.469 ns) = 1.469 ns; Loc. = PIN_16; Fanout = 35; CLK Node = 'clk_25m'
            Info: 2: + IC(0.563 ns) + CELL(0.711 ns) = 2.743 ns; Loc. = LC_X19_Y1_N0; Fanout = 7; REG Node = 'y_cnt[0]'
            Info: Total cell delay = 2.180 ns ( 79.48 % )
            Info: Total interconnect delay = 0.563 ns ( 20.52 % )
    Info: + Micro clock to output delay of source is 0.224 ns
    Info: + Micro setup delay of destination is 0.037 ns
Info: tco from clock "clk_25m" to destination pin "vga_r[2]" through register "vga_rgb[7]" is 7.185 ns
    Info: + Longest clock path from clock "clk_25m" to source register is 2.743 ns
        Info: 1: + IC(0.000 ns) + CELL(1.469 ns) = 1.469 ns; Loc. = PIN_16; Fanout = 35; CLK Node = 'clk_25m'
        Info: 2: + IC(0.563 ns) + CELL(0.711 ns) = 2.743 ns; Loc. = LC_X20_Y2_N4; Fanout = 1; REG Node = 'vga_rgb[7]'
        Info: Total cell delay = 2.180 ns ( 79.48 % )
        Info: Total interconnect delay = 0.563 ns ( 20.52 % )
    Info: + Micro clock to output delay of source is 0.224 ns
    Info: + Longest register to pin delay is 4.218 ns
        Info: 1: + IC(0.000 ns) + CELL(0.000 ns) = 0.000 ns; Loc. = LC_X20_Y2_N4; Fanout = 1; REG Node = 'vga_rgb[7]'
        Info: 2: + IC(2.094 ns) + CELL(2.124 ns) = 4.218 ns; Loc. = PIN_74; Fanout = 0; PIN Node = 'vga_r[2]'
        Info: Total cell delay = 2.124 ns ( 50.36 % )
        Info: Total interconnect delay = 2.094 ns ( 49.64 % )
Info: Quartus II Classic Timing Analyzer was successful. 0 errors, 1 warning
    Info: Peak virtual memory: 135 megabytes
    Info: Processing ended: Wed Sep 02 13:00:59 2009
    Info: Elapsed time: 00:00:01
    Info: Total CPU time (on all processors): 00:00:01


