Flow report for vga256
Wed Sep 02 13:01:02 2009
Quartus II Version 9.0 Build 132 02/25/2009 SJ Full Version


---------------------
; Table of Contents ;
---------------------
  1. Legal Notice
  2. Flow Summary
  3. Flow Settings
  4. Flow Non-Default Global Settings
  5. Flow Elapsed Time
  6. Flow OS Summary
  7. Flow Log



----------------
; Legal Notice ;
----------------
Copyright (C) 1991-2009 Altera Corporation
Your use of Altera Corporation's design tools, logic functions 
and other software and tools, and its AMPP partner logic 
functions, and any output files from any of the foregoing 
(including device programming or simulation files), and any 
associated documentation or information are expressly subject 
to the terms and conditions of the Altera Program License 
Subscription Agreement, Altera MegaCore Function License 
Agreement, or other applicable license agreement, including, 
without limitation, that your use is for the sole purpose of 
programming logic devices manufactured by Altera and sold by 
Altera or its authorized distributors.  Please refer to the 
applicable agreement for further details.



+--------------------------------------------------------------------+
; Flow Summary                                                       ;
+-------------------------+------------------------------------------+
; Flow Status             ; Successful - Wed Sep 02 13:01:02 2009    ;
; Quartus II Version      ; 9.0 Build 132 02/25/2009 SJ Full Version ;
; Revision Name           ; vga256                                   ;
; Top-level Entity Name   ; vga_char                                 ;
; Family                  ; Cyclone                                  ;
; Device                  ; EP1C3T144C8                              ;
; Timing Models           ; Final                                    ;
; Met timing requirements ; Yes                                      ;
; Total logic elements    ; 125 / 2,910 ( 4 % )                      ;
; Total pins              ; 12 / 104 ( 12 % )                        ;
; Total virtual pins      ; 0                                        ;
; Total memory bits       ; 0 / 59,904 ( 0 % )                       ;
; Total PLLs              ; 0 / 1 ( 0 % )                            ;
+-------------------------+------------------------------------------+


+-----------------------------------------+
; Flow Settings                           ;
+-------------------+---------------------+
; Option            ; Setting             ;
+-------------------+---------------------+
; Start date & time ; 09/02/2009 13:00:35 ;
; Main task         ; Compilation         ;
; Revision Name     ; vga256              ;
+-------------------+---------------------+


+-------------------------------------------------------------------------------------------------------------------------------------------------------------+
; Flow Non-Default Global Settings                                                                                                                            ;
+------------------------------------+-------------------------------------------------------------------------+---------------+-------------+----------------+
; Assignment Name                    ; Value                                                                   ; Default Value ; Entity Name ; Section Id     ;
+------------------------------------+-------------------------------------------------------------------------+---------------+-------------+----------------+
; COMPILER_SIGNATURE_ID              ; 133845674237.125186763501272                                            ; --            ; --          ; --             ;
; EDA_OUTPUT_DATA_FORMAT             ; Verilog                                                                 ; --            ; --          ; eda_simulation ;
; EDA_SIMULATION_TOOL                ; ModelSim (Verilog)                                                      ; <None>        ; --          ; --             ;
; EDA_TIME_SCALE                     ; 1 ps                                                                    ; --            ; --          ; eda_simulation ;
; MAX_CORE_JUNCTION_TEMP             ; 85                                                                      ; --            ; --          ; --             ;
; MIN_CORE_JUNCTION_TEMP             ; 0                                                                       ; --            ; --          ; --             ;
; MISC_FILE                          ; E:/Personal/EP1C3T144_board/cyclone_prj/ex5_6_VGA/ex5_vga256/vga256.dpf ; --            ; --          ; --             ;
; MISC_FILE                          ; E:/xjwjj/SF-EP1CV3_ex/verilog_prj/ex6_7_VGA/vgachar/vga256.dpf          ; --            ; --          ; --             ;
; PARTITION_COLOR                    ; 16764057                                                                ; --            ; vga_char    ; Top            ;
; PARTITION_NETLIST_TYPE             ; SOURCE                                                                  ; --            ; vga_char    ; Top            ;
; TOP_LEVEL_ENTITY                   ; vga_char                                                                ; vga256        ; --          ; --             ;
; USE_GENERATED_PHYSICAL_CONSTRAINTS ; Off                                                                     ; --            ; --          ; eda_blast_fpga ;
+------------------------------------+-------------------------------------------------------------------------+---------------+-------------+----------------+


+-----------------------------------------------------------------------------------------------------------------------------+
; Flow Elapsed Time                                                                                                           ;
+-------------------------+--------------+-------------------------+---------------------+------------------------------------+
; Module Name             ; Elapsed Time ; Average Processors Used ; Peak Virtual Memory ; Total CPU Time (on all processors) ;
+-------------------------+--------------+-------------------------+---------------------+------------------------------------+
; Analysis & Synthesis    ; 00:00:06     ; 1.0                     ; 174 MB              ; 00:00:03                           ;
; Fitter                  ; 00:00:05     ; 1.0                     ; 180 MB              ; 00:00:03                           ;
; Assembler               ; 00:00:04     ; 1.0                     ; 140 MB              ; 00:00:03                           ;
; Classic Timing Analyzer ; 00:00:01     ; 1.0                     ; 122 MB              ; 00:00:01                           ;
; EDA Netlist Writer      ; 00:00:01     ; 1.0                     ; 123 MB              ; 00:00:01                           ;
; Total                   ; 00:00:17     ; --                      ; --                  ; 00:00:11                           ;
+-------------------------+--------------+-------------------------+---------------------+------------------------------------+


+---------------------------------------------------------------------------------------+
; Flow OS Summary                                                                       ;
+-------------------------+------------------+------------+------------+----------------+
; Module Name             ; Machine Hostname ; OS Name    ; OS Version ; Processor type ;
+-------------------------+------------------+------------+------------+----------------+
; Analysis & Synthesis    ; e227072982a2428  ; Windows XP ; 5.1        ; i686           ;
; Fitter                  ; e227072982a2428  ; Windows XP ; 5.1        ; i686           ;
; Assembler               ; e227072982a2428  ; Windows XP ; 5.1        ; i686           ;
; Classic Timing Analyzer ; e227072982a2428  ; Windows XP ; 5.1        ; i686           ;
; EDA Netlist Writer      ; e227072982a2428  ; Windows XP ; 5.1        ; i686           ;
+-------------------------+------------------+------------+------------+----------------+


------------
; Flow Log ;
------------
quartus_map --read_settings_files=on --write_settings_files=off vga256 -c vga256
quartus_fit --read_settings_files=off --write_settings_files=off vga256 -c vga256
quartus_asm --read_settings_files=off --write_settings_files=off vga256 -c vga256
quartus_tan --read_settings_files=off --write_settings_files=off vga256 -c vga256 --timing_analysis_only
quartus_eda --read_settings_files=off --write_settings_files=off vga256 -c vga256



