EDA Netlist Writer report for edgechk
Fri Oct 23 00:37:42 2009
Quartus II Version 7.2 Build 151 09/26/2007 SJ Full Version


---------------------
; Table of Contents ;
---------------------
  1. Legal Notice
  2. EDA Netlist Writer Summary
  3. Simulation Settings
  4. Simulation Generated Files
  5. EDA Netlist Writer Messages



----------------
; Legal Notice ;
----------------
Copyright (C) 1991-2007 Altera Corporation
Your use of Altera Corporation's design tools, logic functions 
and other software and tools, and its AMPP partner logic 
functions, and any output files from any of the foregoing 
(including device programming or simulation files), and any 
associated documentation or information are expressly subject 
to the terms and conditions of the Altera Program License 
Subscription Agreement, Altera MegaCore Function License 
Agreement, or other applicable license agreement, including, 
without limitation, that your use is for the sole purpose of 
programming logic devices manufactured by Altera and sold by 
Altera or its authorized distributors.  Please refer to the 
applicable agreement for further details.



+-------------------------------------------------------------------+
; EDA Netlist Writer Summary                                        ;
+---------------------------+---------------------------------------+
; EDA Netlist Writer Status ; Successful - Fri Oct 23 00:37:42 2009 ;
; Revision Name             ; edgechk                               ;
; Top-level Entity Name     ; edgechk                               ;
; Family                    ; Cyclone II                            ;
; Simulation Files Creation ; Successful                            ;
+---------------------------+---------------------------------------+


+-----------------------------------------------------------------------------------------------------------------+
; Simulation Settings                                                                                             ;
+--------------------------------------------------------------------------------------------+--------------------+
; Option                                                                                     ; Setting            ;
+--------------------------------------------------------------------------------------------+--------------------+
; Tool Name                                                                                  ; ModelSim (Verilog) ;
; Generate netlist for functional simulation only                                            ; Off                ;
; Time scale                                                                                 ; 1 ps               ;
; Truncate long hierarchy paths                                                              ; Off                ;
; Map illegal HDL characters                                                                 ; Off                ;
; Flatten buses into individual nodes                                                        ; Off                ;
; Maintain hierarchy                                                                         ; Off                ;
; Bring out device-wide set/reset signals as ports                                           ; Off                ;
; Enable glitch filtering                                                                    ; Off                ;
; Do not write top level VHDL entity                                                         ; Off                ;
; Disable setup and hold time violations detection in input registers of bi-directional pins ; Off                ;
; Architecture name in VHDL output netlist                                                   ; structure          ;
+--------------------------------------------------------------------------------------------+--------------------+


+-----------------------------------------------------------------------------------+
; Simulation Generated Files                                                        ;
+-----------------------------------------------------------------------------------+
; Generated Files                                                                   ;
+-----------------------------------------------------------------------------------+
; D:/Projecct/FPGA/EP2C5T144_V1.0/Project/edgechk/simulation/modelsim/edgechk.vo    ;
; D:/Projecct/FPGA/EP2C5T144_V1.0/Project/edgechk/simulation/modelsim/edgechk_v.sdo ;
+-----------------------------------------------------------------------------------+


+-----------------------------+
; EDA Netlist Writer Messages ;
+-----------------------------+
Info: *******************************************************************
Info: Running Quartus II EDA Netlist Writer
    Info: Version 7.2 Build 151 09/26/2007 SJ Full Version
    Info: Processing started: Fri Oct 23 00:37:42 2009
Info: Command: quartus_eda --read_settings_files=off --write_settings_files=off edgechk -c edgechk
Info: Generated files "edgechk.vo" and "edgechk_v.sdo" in directory "D:/Projecct/FPGA/EP2C5T144_V1.0/Project/edgechk/simulation/modelsim/" for EDA simulation tool
Info: Quartus II EDA Netlist Writer was successful. 0 errors, 0 warnings
    Info: Allocated 105 megabytes of memory during processing
    Info: Processing ended: Fri Oct 23 00:37:42 2009
    Info: Elapsed time: 00:00:00


