Classic Timing Analyzer report for johnson
Tue Sep 01 08:44:12 2009
Quartus II Version 9.0 Build 132 02/25/2009 SJ Full Version


---------------------
; Table of Contents ;
---------------------
  1. Legal Notice
  2. Timing Analyzer Summary
  3. Timing Analyzer Settings
  4. Clock Settings Summary
  5. Parallel Compilation
  6. Clock Setup: 'clk'
  7. tco
  8. Timing Analyzer Messages



----------------
; Legal Notice ;
----------------
Copyright (C) 1991-2009 Altera Corporation
Your use of Altera Corporation's design tools, logic functions 
and other software and tools, and its AMPP partner logic 
functions, and any output files from any of the foregoing 
(including device programming or simulation files), and any 
associated documentation or information are expressly subject 
to the terms and conditions of the Altera Program License 
Subscription Agreement, Altera MegaCore Function License 
Agreement, or other applicable license agreement, including, 
without limitation, that your use is for the sole purpose of 
programming logic devices manufactured by Altera and sold by 
Altera or its authorized distributors.  Please refer to the 
applicable agreement for further details.



+----------------------------------------------------------------------------------------------------------------------------------------------------------------------+
; Timing Analyzer Summary                                                                                                                                              ;
+------------------------------+-------+---------------+------------------------------------------------+-----------+-----------+------------+----------+--------------+
; Type                         ; Slack ; Required Time ; Actual Time                                    ; From      ; To        ; From Clock ; To Clock ; Failed Paths ;
+------------------------------+-------+---------------+------------------------------------------------+-----------+-----------+------------+----------+--------------+
; Worst-case tco               ; N/A   ; None          ; 6.370 ns                                       ; delay[24] ; led       ; clk        ; --       ; 0            ;
; Clock Setup: 'clk'           ; N/A   ; None          ; Restricted to 275.03 MHz ( period = 3.636 ns ) ; delay[4]  ; delay[23] ; clk        ; clk      ; 0            ;
; Total number of failed paths ;       ;               ;                                                ;           ;           ;            ;          ; 0            ;
+------------------------------+-------+---------------+------------------------------------------------+-----------+-----------+------------+----------+--------------+


+--------------------------------------------------------------------------------------------------------------------+
; Timing Analyzer Settings                                                                                           ;
+---------------------------------------------------------------------+--------------------+------+----+-------------+
; Option                                                              ; Setting            ; From ; To ; Entity Name ;
+---------------------------------------------------------------------+--------------------+------+----+-------------+
; Device Name                                                         ; EP1C3T144C8        ;      ;    ;             ;
; Timing Models                                                       ; Final              ;      ;    ;             ;
; Default hold multicycle                                             ; Same as Multicycle ;      ;    ;             ;
; Cut paths between unrelated clock domains                           ; On                 ;      ;    ;             ;
; Cut off read during write signal paths                              ; On                 ;      ;    ;             ;
; Cut off feedback from I/O pins                                      ; On                 ;      ;    ;             ;
; Report Combined Fast/Slow Timing                                    ; Off                ;      ;    ;             ;
; Ignore Clock Settings                                               ; Off                ;      ;    ;             ;
; Analyze latches as synchronous elements                             ; On                 ;      ;    ;             ;
; Enable Recovery/Removal analysis                                    ; Off                ;      ;    ;             ;
; Enable Clock Latency                                                ; Off                ;      ;    ;             ;
; Use TimeQuest Timing Analyzer                                       ; Off                ;      ;    ;             ;
; Number of source nodes to report per destination node               ; 10                 ;      ;    ;             ;
; Number of destination nodes to report                               ; 10                 ;      ;    ;             ;
; Number of paths to report                                           ; 200                ;      ;    ;             ;
; Report Minimum Timing Checks                                        ; Off                ;      ;    ;             ;
; Use Fast Timing Models                                              ; Off                ;      ;    ;             ;
; Report IO Paths Separately                                          ; Off                ;      ;    ;             ;
; Perform Multicorner Analysis                                        ; Off                ;      ;    ;             ;
; Reports the worst-case path for each clock domain and analysis      ; Off                ;      ;    ;             ;
; Removes common clock path pessimism (CCPP) during slack computation ; Off                ;      ;    ;             ;
; Output I/O Timing Endpoint                                          ; Near End           ;      ;    ;             ;
+---------------------------------------------------------------------+--------------------+------+----+-------------+


+------------------------------------------------------------------------------------------------------------------------------------------------------------------------------------+
; Clock Settings Summary                                                                                                                                                             ;
+-----------------+--------------------+----------+------------------+---------------+--------------+----------+-----------------------+---------------------+--------+--------------+
; Clock Node Name ; Clock Setting Name ; Type     ; Fmax Requirement ; Early Latency ; Late Latency ; Based on ; Multiply Base Fmax by ; Divide Base Fmax by ; Offset ; Phase offset ;
+-----------------+--------------------+----------+------------------+---------------+--------------+----------+-----------------------+---------------------+--------+--------------+
; clk             ;                    ; User Pin ; None             ; 0.000 ns      ; 0.000 ns     ; --       ; N/A                   ; N/A                 ; N/A    ;              ;
+-----------------+--------------------+----------+------------------+---------------+--------------+----------+-----------------------+---------------------+--------+--------------+


+------------------------------------------+
; Parallel Compilation                     ;
+----------------------------+-------------+
; Processors                 ; Number      ;
+----------------------------+-------------+
; Number detected on machine ; 2           ;
; Maximum allowed            ; 2           ;
;                            ;             ;
; Average used               ; 1.00        ;
; Maximum used               ; 1           ;
;                            ;             ;
; Usage by Processor         ; % Time Used ;
;     1 processor            ; 100.0%      ;
;     2 processors           ;   0.0%      ;
+----------------------------+-------------+


+-----------------------------------------------------------------------------------------------------------------------------------------------------------------------------------------------------------------------------------+
; Clock Setup: 'clk'                                                                                                                                                                                                                ;
+-----------------------------------------+-----------------------------------------------------+-----------+-----------+------------+----------+-----------------------------+---------------------------+-------------------------+
; Slack                                   ; Actual fmax (period)                                ; From      ; To        ; From Clock ; To Clock ; Required Setup Relationship ; Required Longest P2P Time ; Actual Longest P2P Time ;
+-----------------------------------------+-----------------------------------------------------+-----------+-----------+------------+----------+-----------------------------+---------------------------+-------------------------+
; N/A                                     ; Restricted to 275.03 MHz ( period = 3.636 ns )      ; delay[4]  ; delay[24] ; clk        ; clk      ; None                        ; None                      ; 2.835 ns                ;
; N/A                                     ; Restricted to 275.03 MHz ( period = 3.636 ns )      ; delay[4]  ; delay[23] ; clk        ; clk      ; None                        ; None                      ; 2.835 ns                ;
; N/A                                     ; Restricted to 275.03 MHz ( period = 3.636 ns )      ; delay[0]  ; delay[24] ; clk        ; clk      ; None                        ; None                      ; 2.817 ns                ;
; N/A                                     ; Restricted to 275.03 MHz ( period = 3.636 ns )      ; delay[0]  ; delay[23] ; clk        ; clk      ; None                        ; None                      ; 2.817 ns                ;
; N/A                                     ; Restricted to 275.03 MHz ( period = 3.636 ns )      ; delay[5]  ; delay[24] ; clk        ; clk      ; None                        ; None                      ; 2.770 ns                ;
; N/A                                     ; Restricted to 275.03 MHz ( period = 3.636 ns )      ; delay[5]  ; delay[23] ; clk        ; clk      ; None                        ; None                      ; 2.770 ns                ;
; N/A                                     ; Restricted to 275.03 MHz ( period = 3.636 ns )      ; delay[4]  ; delay[22] ; clk        ; clk      ; None                        ; None                      ; 2.758 ns                ;
; N/A                                     ; Restricted to 275.03 MHz ( period = 3.636 ns )      ; delay[4]  ; delay[21] ; clk        ; clk      ; None                        ; None                      ; 2.758 ns                ;
; N/A                                     ; Restricted to 275.03 MHz ( period = 3.636 ns )      ; delay[4]  ; delay[20] ; clk        ; clk      ; None                        ; None                      ; 2.758 ns                ;
; N/A                                     ; Restricted to 275.03 MHz ( period = 3.636 ns )      ; delay[4]  ; delay[19] ; clk        ; clk      ; None                        ; None                      ; 2.758 ns                ;
; N/A                                     ; Restricted to 275.03 MHz ( period = 3.636 ns )      ; delay[4]  ; delay[18] ; clk        ; clk      ; None                        ; None                      ; 2.758 ns                ;
; N/A                                     ; Restricted to 275.03 MHz ( period = 3.636 ns )      ; delay[3]  ; delay[24] ; clk        ; clk      ; None                        ; None                      ; 2.754 ns                ;
; N/A                                     ; Restricted to 275.03 MHz ( period = 3.636 ns )      ; delay[3]  ; delay[23] ; clk        ; clk      ; None                        ; None                      ; 2.754 ns                ;
; N/A                                     ; Restricted to 275.03 MHz ( period = 3.636 ns )      ; delay[0]  ; delay[22] ; clk        ; clk      ; None                        ; None                      ; 2.740 ns                ;
; N/A                                     ; Restricted to 275.03 MHz ( period = 3.636 ns )      ; delay[0]  ; delay[21] ; clk        ; clk      ; None                        ; None                      ; 2.740 ns                ;
; N/A                                     ; Restricted to 275.03 MHz ( period = 3.636 ns )      ; delay[0]  ; delay[20] ; clk        ; clk      ; None                        ; None                      ; 2.740 ns                ;
; N/A                                     ; Restricted to 275.03 MHz ( period = 3.636 ns )      ; delay[0]  ; delay[19] ; clk        ; clk      ; None                        ; None                      ; 2.740 ns                ;
; N/A                                     ; Restricted to 275.03 MHz ( period = 3.636 ns )      ; delay[0]  ; delay[18] ; clk        ; clk      ; None                        ; None                      ; 2.740 ns                ;
; N/A                                     ; Restricted to 275.03 MHz ( period = 3.636 ns )      ; delay[7]  ; delay[24] ; clk        ; clk      ; None                        ; None                      ; 2.697 ns                ;
; N/A                                     ; Restricted to 275.03 MHz ( period = 3.636 ns )      ; delay[7]  ; delay[23] ; clk        ; clk      ; None                        ; None                      ; 2.697 ns                ;
; N/A                                     ; Restricted to 275.03 MHz ( period = 3.636 ns )      ; delay[5]  ; delay[22] ; clk        ; clk      ; None                        ; None                      ; 2.693 ns                ;
; N/A                                     ; Restricted to 275.03 MHz ( period = 3.636 ns )      ; delay[5]  ; delay[21] ; clk        ; clk      ; None                        ; None                      ; 2.693 ns                ;
; N/A                                     ; Restricted to 275.03 MHz ( period = 3.636 ns )      ; delay[5]  ; delay[20] ; clk        ; clk      ; None                        ; None                      ; 2.693 ns                ;
; N/A                                     ; Restricted to 275.03 MHz ( period = 3.636 ns )      ; delay[5]  ; delay[19] ; clk        ; clk      ; None                        ; None                      ; 2.693 ns                ;
; N/A                                     ; Restricted to 275.03 MHz ( period = 3.636 ns )      ; delay[5]  ; delay[18] ; clk        ; clk      ; None                        ; None                      ; 2.693 ns                ;
; N/A                                     ; Restricted to 275.03 MHz ( period = 3.636 ns )      ; delay[3]  ; delay[22] ; clk        ; clk      ; None                        ; None                      ; 2.677 ns                ;
; N/A                                     ; Restricted to 275.03 MHz ( period = 3.636 ns )      ; delay[3]  ; delay[21] ; clk        ; clk      ; None                        ; None                      ; 2.677 ns                ;
; N/A                                     ; Restricted to 275.03 MHz ( period = 3.636 ns )      ; delay[3]  ; delay[20] ; clk        ; clk      ; None                        ; None                      ; 2.677 ns                ;
; N/A                                     ; Restricted to 275.03 MHz ( period = 3.636 ns )      ; delay[3]  ; delay[19] ; clk        ; clk      ; None                        ; None                      ; 2.677 ns                ;
; N/A                                     ; Restricted to 275.03 MHz ( period = 3.636 ns )      ; delay[3]  ; delay[18] ; clk        ; clk      ; None                        ; None                      ; 2.677 ns                ;
; N/A                                     ; Restricted to 275.03 MHz ( period = 3.636 ns )      ; delay[1]  ; delay[24] ; clk        ; clk      ; None                        ; None                      ; 2.634 ns                ;
; N/A                                     ; Restricted to 275.03 MHz ( period = 3.636 ns )      ; delay[1]  ; delay[23] ; clk        ; clk      ; None                        ; None                      ; 2.634 ns                ;
; N/A                                     ; Restricted to 275.03 MHz ( period = 3.636 ns )      ; delay[7]  ; delay[22] ; clk        ; clk      ; None                        ; None                      ; 2.620 ns                ;
; N/A                                     ; Restricted to 275.03 MHz ( period = 3.636 ns )      ; delay[7]  ; delay[21] ; clk        ; clk      ; None                        ; None                      ; 2.620 ns                ;
; N/A                                     ; Restricted to 275.03 MHz ( period = 3.636 ns )      ; delay[7]  ; delay[20] ; clk        ; clk      ; None                        ; None                      ; 2.620 ns                ;
; N/A                                     ; Restricted to 275.03 MHz ( period = 3.636 ns )      ; delay[7]  ; delay[19] ; clk        ; clk      ; None                        ; None                      ; 2.620 ns                ;
; N/A                                     ; Restricted to 275.03 MHz ( period = 3.636 ns )      ; delay[7]  ; delay[18] ; clk        ; clk      ; None                        ; None                      ; 2.620 ns                ;
; N/A                                     ; Restricted to 275.03 MHz ( period = 3.636 ns )      ; delay[2]  ; delay[24] ; clk        ; clk      ; None                        ; None                      ; 2.617 ns                ;
; N/A                                     ; Restricted to 275.03 MHz ( period = 3.636 ns )      ; delay[2]  ; delay[23] ; clk        ; clk      ; None                        ; None                      ; 2.617 ns                ;
; N/A                                     ; Restricted to 275.03 MHz ( period = 3.636 ns )      ; delay[9]  ; delay[24] ; clk        ; clk      ; None                        ; None                      ; 2.610 ns                ;
; N/A                                     ; Restricted to 275.03 MHz ( period = 3.636 ns )      ; delay[9]  ; delay[23] ; clk        ; clk      ; None                        ; None                      ; 2.610 ns                ;
; N/A                                     ; Restricted to 275.03 MHz ( period = 3.636 ns )      ; delay[1]  ; delay[22] ; clk        ; clk      ; None                        ; None                      ; 2.557 ns                ;
; N/A                                     ; Restricted to 275.03 MHz ( period = 3.636 ns )      ; delay[1]  ; delay[21] ; clk        ; clk      ; None                        ; None                      ; 2.557 ns                ;
; N/A                                     ; Restricted to 275.03 MHz ( period = 3.636 ns )      ; delay[1]  ; delay[20] ; clk        ; clk      ; None                        ; None                      ; 2.557 ns                ;
; N/A                                     ; Restricted to 275.03 MHz ( period = 3.636 ns )      ; delay[1]  ; delay[19] ; clk        ; clk      ; None                        ; None                      ; 2.557 ns                ;
; N/A                                     ; Restricted to 275.03 MHz ( period = 3.636 ns )      ; delay[1]  ; delay[18] ; clk        ; clk      ; None                        ; None                      ; 2.557 ns                ;
; N/A                                     ; Restricted to 275.03 MHz ( period = 3.636 ns )      ; delay[2]  ; delay[22] ; clk        ; clk      ; None                        ; None                      ; 2.540 ns                ;
; N/A                                     ; Restricted to 275.03 MHz ( period = 3.636 ns )      ; delay[2]  ; delay[21] ; clk        ; clk      ; None                        ; None                      ; 2.540 ns                ;
; N/A                                     ; Restricted to 275.03 MHz ( period = 3.636 ns )      ; delay[2]  ; delay[20] ; clk        ; clk      ; None                        ; None                      ; 2.540 ns                ;
; N/A                                     ; Restricted to 275.03 MHz ( period = 3.636 ns )      ; delay[2]  ; delay[19] ; clk        ; clk      ; None                        ; None                      ; 2.540 ns                ;
; N/A                                     ; Restricted to 275.03 MHz ( period = 3.636 ns )      ; delay[2]  ; delay[18] ; clk        ; clk      ; None                        ; None                      ; 2.540 ns                ;
; N/A                                     ; Restricted to 275.03 MHz ( period = 3.636 ns )      ; delay[10] ; delay[24] ; clk        ; clk      ; None                        ; None                      ; 2.536 ns                ;
; N/A                                     ; Restricted to 275.03 MHz ( period = 3.636 ns )      ; delay[10] ; delay[23] ; clk        ; clk      ; None                        ; None                      ; 2.536 ns                ;
; N/A                                     ; Restricted to 275.03 MHz ( period = 3.636 ns )      ; delay[9]  ; delay[22] ; clk        ; clk      ; None                        ; None                      ; 2.533 ns                ;
; N/A                                     ; Restricted to 275.03 MHz ( period = 3.636 ns )      ; delay[9]  ; delay[21] ; clk        ; clk      ; None                        ; None                      ; 2.533 ns                ;
; N/A                                     ; Restricted to 275.03 MHz ( period = 3.636 ns )      ; delay[9]  ; delay[20] ; clk        ; clk      ; None                        ; None                      ; 2.533 ns                ;
; N/A                                     ; Restricted to 275.03 MHz ( period = 3.636 ns )      ; delay[9]  ; delay[19] ; clk        ; clk      ; None                        ; None                      ; 2.533 ns                ;
; N/A                                     ; Restricted to 275.03 MHz ( period = 3.636 ns )      ; delay[9]  ; delay[18] ; clk        ; clk      ; None                        ; None                      ; 2.533 ns                ;
; N/A                                     ; Restricted to 275.03 MHz ( period = 3.636 ns )      ; delay[8]  ; delay[24] ; clk        ; clk      ; None                        ; None                      ; 2.528 ns                ;
; N/A                                     ; Restricted to 275.03 MHz ( period = 3.636 ns )      ; delay[8]  ; delay[23] ; clk        ; clk      ; None                        ; None                      ; 2.528 ns                ;
; N/A                                     ; Restricted to 275.03 MHz ( period = 3.636 ns )      ; delay[6]  ; delay[24] ; clk        ; clk      ; None                        ; None                      ; 2.520 ns                ;
; N/A                                     ; Restricted to 275.03 MHz ( period = 3.636 ns )      ; delay[6]  ; delay[23] ; clk        ; clk      ; None                        ; None                      ; 2.520 ns                ;
; N/A                                     ; Restricted to 275.03 MHz ( period = 3.636 ns )      ; delay[14] ; delay[24] ; clk        ; clk      ; None                        ; None                      ; 2.497 ns                ;
; N/A                                     ; Restricted to 275.03 MHz ( period = 3.636 ns )      ; delay[14] ; delay[23] ; clk        ; clk      ; None                        ; None                      ; 2.497 ns                ;
; N/A                                     ; Restricted to 275.03 MHz ( period = 3.636 ns )      ; delay[4]  ; delay[17] ; clk        ; clk      ; None                        ; None                      ; 2.491 ns                ;
; N/A                                     ; Restricted to 275.03 MHz ( period = 3.636 ns )      ; delay[4]  ; delay[16] ; clk        ; clk      ; None                        ; None                      ; 2.491 ns                ;
; N/A                                     ; Restricted to 275.03 MHz ( period = 3.636 ns )      ; delay[4]  ; delay[15] ; clk        ; clk      ; None                        ; None                      ; 2.491 ns                ;
; N/A                                     ; Restricted to 275.03 MHz ( period = 3.636 ns )      ; delay[4]  ; delay[14] ; clk        ; clk      ; None                        ; None                      ; 2.491 ns                ;
; N/A                                     ; Restricted to 275.03 MHz ( period = 3.636 ns )      ; delay[4]  ; delay[13] ; clk        ; clk      ; None                        ; None                      ; 2.491 ns                ;
; N/A                                     ; Restricted to 275.03 MHz ( period = 3.636 ns )      ; delay[0]  ; delay[17] ; clk        ; clk      ; None                        ; None                      ; 2.473 ns                ;
; N/A                                     ; Restricted to 275.03 MHz ( period = 3.636 ns )      ; delay[0]  ; delay[16] ; clk        ; clk      ; None                        ; None                      ; 2.473 ns                ;
; N/A                                     ; Restricted to 275.03 MHz ( period = 3.636 ns )      ; delay[0]  ; delay[15] ; clk        ; clk      ; None                        ; None                      ; 2.473 ns                ;
; N/A                                     ; Restricted to 275.03 MHz ( period = 3.636 ns )      ; delay[0]  ; delay[14] ; clk        ; clk      ; None                        ; None                      ; 2.473 ns                ;
; N/A                                     ; Restricted to 275.03 MHz ( period = 3.636 ns )      ; delay[0]  ; delay[13] ; clk        ; clk      ; None                        ; None                      ; 2.473 ns                ;
; N/A                                     ; Restricted to 275.03 MHz ( period = 3.636 ns )      ; delay[10] ; delay[22] ; clk        ; clk      ; None                        ; None                      ; 2.459 ns                ;
; N/A                                     ; Restricted to 275.03 MHz ( period = 3.636 ns )      ; delay[10] ; delay[21] ; clk        ; clk      ; None                        ; None                      ; 2.459 ns                ;
; N/A                                     ; Restricted to 275.03 MHz ( period = 3.636 ns )      ; delay[10] ; delay[20] ; clk        ; clk      ; None                        ; None                      ; 2.459 ns                ;
; N/A                                     ; Restricted to 275.03 MHz ( period = 3.636 ns )      ; delay[10] ; delay[19] ; clk        ; clk      ; None                        ; None                      ; 2.459 ns                ;
; N/A                                     ; Restricted to 275.03 MHz ( period = 3.636 ns )      ; delay[10] ; delay[18] ; clk        ; clk      ; None                        ; None                      ; 2.459 ns                ;
; N/A                                     ; Restricted to 275.03 MHz ( period = 3.636 ns )      ; delay[8]  ; delay[22] ; clk        ; clk      ; None                        ; None                      ; 2.451 ns                ;
; N/A                                     ; Restricted to 275.03 MHz ( period = 3.636 ns )      ; delay[8]  ; delay[21] ; clk        ; clk      ; None                        ; None                      ; 2.451 ns                ;
; N/A                                     ; Restricted to 275.03 MHz ( period = 3.636 ns )      ; delay[8]  ; delay[20] ; clk        ; clk      ; None                        ; None                      ; 2.451 ns                ;
; N/A                                     ; Restricted to 275.03 MHz ( period = 3.636 ns )      ; delay[8]  ; delay[19] ; clk        ; clk      ; None                        ; None                      ; 2.451 ns                ;
; N/A                                     ; Restricted to 275.03 MHz ( period = 3.636 ns )      ; delay[8]  ; delay[18] ; clk        ; clk      ; None                        ; None                      ; 2.451 ns                ;
; N/A                                     ; Restricted to 275.03 MHz ( period = 3.636 ns )      ; delay[6]  ; delay[22] ; clk        ; clk      ; None                        ; None                      ; 2.443 ns                ;
; N/A                                     ; Restricted to 275.03 MHz ( period = 3.636 ns )      ; delay[6]  ; delay[21] ; clk        ; clk      ; None                        ; None                      ; 2.443 ns                ;
; N/A                                     ; Restricted to 275.03 MHz ( period = 3.636 ns )      ; delay[6]  ; delay[20] ; clk        ; clk      ; None                        ; None                      ; 2.443 ns                ;
; N/A                                     ; Restricted to 275.03 MHz ( period = 3.636 ns )      ; delay[6]  ; delay[19] ; clk        ; clk      ; None                        ; None                      ; 2.443 ns                ;
; N/A                                     ; Restricted to 275.03 MHz ( period = 3.636 ns )      ; delay[6]  ; delay[18] ; clk        ; clk      ; None                        ; None                      ; 2.443 ns                ;
; N/A                                     ; Restricted to 275.03 MHz ( period = 3.636 ns )      ; delay[5]  ; delay[17] ; clk        ; clk      ; None                        ; None                      ; 2.426 ns                ;
; N/A                                     ; Restricted to 275.03 MHz ( period = 3.636 ns )      ; delay[5]  ; delay[16] ; clk        ; clk      ; None                        ; None                      ; 2.426 ns                ;
; N/A                                     ; Restricted to 275.03 MHz ( period = 3.636 ns )      ; delay[5]  ; delay[15] ; clk        ; clk      ; None                        ; None                      ; 2.426 ns                ;
; N/A                                     ; Restricted to 275.03 MHz ( period = 3.636 ns )      ; delay[5]  ; delay[14] ; clk        ; clk      ; None                        ; None                      ; 2.426 ns                ;
; N/A                                     ; Restricted to 275.03 MHz ( period = 3.636 ns )      ; delay[5]  ; delay[13] ; clk        ; clk      ; None                        ; None                      ; 2.426 ns                ;
; N/A                                     ; Restricted to 275.03 MHz ( period = 3.636 ns )      ; delay[15] ; delay[24] ; clk        ; clk      ; None                        ; None                      ; 2.422 ns                ;
; N/A                                     ; Restricted to 275.03 MHz ( period = 3.636 ns )      ; delay[15] ; delay[23] ; clk        ; clk      ; None                        ; None                      ; 2.422 ns                ;
; N/A                                     ; Restricted to 275.03 MHz ( period = 3.636 ns )      ; delay[14] ; delay[22] ; clk        ; clk      ; None                        ; None                      ; 2.420 ns                ;
; N/A                                     ; Restricted to 275.03 MHz ( period = 3.636 ns )      ; delay[14] ; delay[21] ; clk        ; clk      ; None                        ; None                      ; 2.420 ns                ;
; N/A                                     ; Restricted to 275.03 MHz ( period = 3.636 ns )      ; delay[14] ; delay[20] ; clk        ; clk      ; None                        ; None                      ; 2.420 ns                ;
; N/A                                     ; Restricted to 275.03 MHz ( period = 3.636 ns )      ; delay[14] ; delay[19] ; clk        ; clk      ; None                        ; None                      ; 2.420 ns                ;
; N/A                                     ; Restricted to 275.03 MHz ( period = 3.636 ns )      ; delay[14] ; delay[18] ; clk        ; clk      ; None                        ; None                      ; 2.420 ns                ;
; N/A                                     ; Restricted to 275.03 MHz ( period = 3.636 ns )      ; delay[13] ; delay[24] ; clk        ; clk      ; None                        ; None                      ; 2.415 ns                ;
; N/A                                     ; Restricted to 275.03 MHz ( period = 3.636 ns )      ; delay[13] ; delay[23] ; clk        ; clk      ; None                        ; None                      ; 2.415 ns                ;
; N/A                                     ; Restricted to 275.03 MHz ( period = 3.636 ns )      ; delay[4]  ; delay[12] ; clk        ; clk      ; None                        ; None                      ; 2.414 ns                ;
; N/A                                     ; Restricted to 275.03 MHz ( period = 3.636 ns )      ; delay[4]  ; delay[11] ; clk        ; clk      ; None                        ; None                      ; 2.414 ns                ;
; N/A                                     ; Restricted to 275.03 MHz ( period = 3.636 ns )      ; delay[4]  ; delay[10] ; clk        ; clk      ; None                        ; None                      ; 2.414 ns                ;
; N/A                                     ; Restricted to 275.03 MHz ( period = 3.636 ns )      ; delay[4]  ; delay[9]  ; clk        ; clk      ; None                        ; None                      ; 2.414 ns                ;
; N/A                                     ; Restricted to 275.03 MHz ( period = 3.636 ns )      ; delay[4]  ; delay[8]  ; clk        ; clk      ; None                        ; None                      ; 2.414 ns                ;
; N/A                                     ; Restricted to 275.03 MHz ( period = 3.636 ns )      ; delay[3]  ; delay[17] ; clk        ; clk      ; None                        ; None                      ; 2.410 ns                ;
; N/A                                     ; Restricted to 275.03 MHz ( period = 3.636 ns )      ; delay[3]  ; delay[16] ; clk        ; clk      ; None                        ; None                      ; 2.410 ns                ;
; N/A                                     ; Restricted to 275.03 MHz ( period = 3.636 ns )      ; delay[3]  ; delay[15] ; clk        ; clk      ; None                        ; None                      ; 2.410 ns                ;
; N/A                                     ; Restricted to 275.03 MHz ( period = 3.636 ns )      ; delay[3]  ; delay[14] ; clk        ; clk      ; None                        ; None                      ; 2.410 ns                ;
; N/A                                     ; Restricted to 275.03 MHz ( period = 3.636 ns )      ; delay[3]  ; delay[13] ; clk        ; clk      ; None                        ; None                      ; 2.410 ns                ;
; N/A                                     ; Restricted to 275.03 MHz ( period = 3.636 ns )      ; delay[0]  ; delay[12] ; clk        ; clk      ; None                        ; None                      ; 2.396 ns                ;
; N/A                                     ; Restricted to 275.03 MHz ( period = 3.636 ns )      ; delay[0]  ; delay[11] ; clk        ; clk      ; None                        ; None                      ; 2.396 ns                ;
; N/A                                     ; Restricted to 275.03 MHz ( period = 3.636 ns )      ; delay[0]  ; delay[10] ; clk        ; clk      ; None                        ; None                      ; 2.396 ns                ;
; N/A                                     ; Restricted to 275.03 MHz ( period = 3.636 ns )      ; delay[0]  ; delay[9]  ; clk        ; clk      ; None                        ; None                      ; 2.396 ns                ;
; N/A                                     ; Restricted to 275.03 MHz ( period = 3.636 ns )      ; delay[0]  ; delay[8]  ; clk        ; clk      ; None                        ; None                      ; 2.396 ns                ;
; N/A                                     ; Restricted to 275.03 MHz ( period = 3.636 ns )      ; delay[7]  ; delay[17] ; clk        ; clk      ; None                        ; None                      ; 2.353 ns                ;
; N/A                                     ; Restricted to 275.03 MHz ( period = 3.636 ns )      ; delay[7]  ; delay[16] ; clk        ; clk      ; None                        ; None                      ; 2.353 ns                ;
; N/A                                     ; Restricted to 275.03 MHz ( period = 3.636 ns )      ; delay[7]  ; delay[15] ; clk        ; clk      ; None                        ; None                      ; 2.353 ns                ;
; N/A                                     ; Restricted to 275.03 MHz ( period = 3.636 ns )      ; delay[7]  ; delay[14] ; clk        ; clk      ; None                        ; None                      ; 2.353 ns                ;
; N/A                                     ; Restricted to 275.03 MHz ( period = 3.636 ns )      ; delay[7]  ; delay[13] ; clk        ; clk      ; None                        ; None                      ; 2.353 ns                ;
; N/A                                     ; Restricted to 275.03 MHz ( period = 3.636 ns )      ; delay[5]  ; delay[12] ; clk        ; clk      ; None                        ; None                      ; 2.349 ns                ;
; N/A                                     ; Restricted to 275.03 MHz ( period = 3.636 ns )      ; delay[5]  ; delay[11] ; clk        ; clk      ; None                        ; None                      ; 2.349 ns                ;
; N/A                                     ; Restricted to 275.03 MHz ( period = 3.636 ns )      ; delay[5]  ; delay[10] ; clk        ; clk      ; None                        ; None                      ; 2.349 ns                ;
; N/A                                     ; Restricted to 275.03 MHz ( period = 3.636 ns )      ; delay[5]  ; delay[9]  ; clk        ; clk      ; None                        ; None                      ; 2.349 ns                ;
; N/A                                     ; Restricted to 275.03 MHz ( period = 3.636 ns )      ; delay[5]  ; delay[8]  ; clk        ; clk      ; None                        ; None                      ; 2.349 ns                ;
; N/A                                     ; Restricted to 275.03 MHz ( period = 3.636 ns )      ; delay[17] ; delay[24] ; clk        ; clk      ; None                        ; None                      ; 2.348 ns                ;
; N/A                                     ; Restricted to 275.03 MHz ( period = 3.636 ns )      ; delay[17] ; delay[23] ; clk        ; clk      ; None                        ; None                      ; 2.348 ns                ;
; N/A                                     ; Restricted to 275.03 MHz ( period = 3.636 ns )      ; delay[15] ; delay[22] ; clk        ; clk      ; None                        ; None                      ; 2.345 ns                ;
; N/A                                     ; Restricted to 275.03 MHz ( period = 3.636 ns )      ; delay[15] ; delay[21] ; clk        ; clk      ; None                        ; None                      ; 2.345 ns                ;
; N/A                                     ; Restricted to 275.03 MHz ( period = 3.636 ns )      ; delay[15] ; delay[20] ; clk        ; clk      ; None                        ; None                      ; 2.345 ns                ;
; N/A                                     ; Restricted to 275.03 MHz ( period = 3.636 ns )      ; delay[15] ; delay[19] ; clk        ; clk      ; None                        ; None                      ; 2.345 ns                ;
; N/A                                     ; Restricted to 275.03 MHz ( period = 3.636 ns )      ; delay[15] ; delay[18] ; clk        ; clk      ; None                        ; None                      ; 2.345 ns                ;
; N/A                                     ; Restricted to 275.03 MHz ( period = 3.636 ns )      ; delay[13] ; delay[22] ; clk        ; clk      ; None                        ; None                      ; 2.338 ns                ;
; N/A                                     ; Restricted to 275.03 MHz ( period = 3.636 ns )      ; delay[13] ; delay[21] ; clk        ; clk      ; None                        ; None                      ; 2.338 ns                ;
; N/A                                     ; Restricted to 275.03 MHz ( period = 3.636 ns )      ; delay[13] ; delay[20] ; clk        ; clk      ; None                        ; None                      ; 2.338 ns                ;
; N/A                                     ; Restricted to 275.03 MHz ( period = 3.636 ns )      ; delay[13] ; delay[19] ; clk        ; clk      ; None                        ; None                      ; 2.338 ns                ;
; N/A                                     ; Restricted to 275.03 MHz ( period = 3.636 ns )      ; delay[13] ; delay[18] ; clk        ; clk      ; None                        ; None                      ; 2.338 ns                ;
; N/A                                     ; Restricted to 275.03 MHz ( period = 3.636 ns )      ; delay[3]  ; delay[12] ; clk        ; clk      ; None                        ; None                      ; 2.333 ns                ;
; N/A                                     ; Restricted to 275.03 MHz ( period = 3.636 ns )      ; delay[3]  ; delay[11] ; clk        ; clk      ; None                        ; None                      ; 2.333 ns                ;
; N/A                                     ; Restricted to 275.03 MHz ( period = 3.636 ns )      ; delay[3]  ; delay[10] ; clk        ; clk      ; None                        ; None                      ; 2.333 ns                ;
; N/A                                     ; Restricted to 275.03 MHz ( period = 3.636 ns )      ; delay[3]  ; delay[9]  ; clk        ; clk      ; None                        ; None                      ; 2.333 ns                ;
; N/A                                     ; Restricted to 275.03 MHz ( period = 3.636 ns )      ; delay[3]  ; delay[8]  ; clk        ; clk      ; None                        ; None                      ; 2.333 ns                ;
; N/A                                     ; Restricted to 275.03 MHz ( period = 3.636 ns )      ; delay[11] ; delay[24] ; clk        ; clk      ; None                        ; None                      ; 2.297 ns                ;
; N/A                                     ; Restricted to 275.03 MHz ( period = 3.636 ns )      ; delay[11] ; delay[23] ; clk        ; clk      ; None                        ; None                      ; 2.297 ns                ;
; N/A                                     ; Restricted to 275.03 MHz ( period = 3.636 ns )      ; delay[1]  ; delay[17] ; clk        ; clk      ; None                        ; None                      ; 2.290 ns                ;
; N/A                                     ; Restricted to 275.03 MHz ( period = 3.636 ns )      ; delay[1]  ; delay[16] ; clk        ; clk      ; None                        ; None                      ; 2.290 ns                ;
; N/A                                     ; Restricted to 275.03 MHz ( period = 3.636 ns )      ; delay[1]  ; delay[15] ; clk        ; clk      ; None                        ; None                      ; 2.290 ns                ;
; N/A                                     ; Restricted to 275.03 MHz ( period = 3.636 ns )      ; delay[1]  ; delay[14] ; clk        ; clk      ; None                        ; None                      ; 2.290 ns                ;
; N/A                                     ; Restricted to 275.03 MHz ( period = 3.636 ns )      ; delay[1]  ; delay[13] ; clk        ; clk      ; None                        ; None                      ; 2.290 ns                ;
; N/A                                     ; Restricted to 275.03 MHz ( period = 3.636 ns )      ; delay[7]  ; delay[12] ; clk        ; clk      ; None                        ; None                      ; 2.276 ns                ;
; N/A                                     ; Restricted to 275.03 MHz ( period = 3.636 ns )      ; delay[7]  ; delay[11] ; clk        ; clk      ; None                        ; None                      ; 2.276 ns                ;
; N/A                                     ; Restricted to 275.03 MHz ( period = 3.636 ns )      ; delay[7]  ; delay[10] ; clk        ; clk      ; None                        ; None                      ; 2.276 ns                ;
; N/A                                     ; Restricted to 275.03 MHz ( period = 3.636 ns )      ; delay[7]  ; delay[9]  ; clk        ; clk      ; None                        ; None                      ; 2.276 ns                ;
; N/A                                     ; Restricted to 275.03 MHz ( period = 3.636 ns )      ; delay[7]  ; delay[8]  ; clk        ; clk      ; None                        ; None                      ; 2.276 ns                ;
; N/A                                     ; Restricted to 275.03 MHz ( period = 3.636 ns )      ; delay[12] ; delay[24] ; clk        ; clk      ; None                        ; None                      ; 2.273 ns                ;
; N/A                                     ; Restricted to 275.03 MHz ( period = 3.636 ns )      ; delay[12] ; delay[23] ; clk        ; clk      ; None                        ; None                      ; 2.273 ns                ;
; N/A                                     ; Restricted to 275.03 MHz ( period = 3.636 ns )      ; delay[2]  ; delay[17] ; clk        ; clk      ; None                        ; None                      ; 2.273 ns                ;
; N/A                                     ; Restricted to 275.03 MHz ( period = 3.636 ns )      ; delay[2]  ; delay[16] ; clk        ; clk      ; None                        ; None                      ; 2.273 ns                ;
; N/A                                     ; Restricted to 275.03 MHz ( period = 3.636 ns )      ; delay[2]  ; delay[15] ; clk        ; clk      ; None                        ; None                      ; 2.273 ns                ;
; N/A                                     ; Restricted to 275.03 MHz ( period = 3.636 ns )      ; delay[2]  ; delay[14] ; clk        ; clk      ; None                        ; None                      ; 2.273 ns                ;
; N/A                                     ; Restricted to 275.03 MHz ( period = 3.636 ns )      ; delay[2]  ; delay[13] ; clk        ; clk      ; None                        ; None                      ; 2.273 ns                ;
; N/A                                     ; Restricted to 275.03 MHz ( period = 3.636 ns )      ; delay[17] ; delay[22] ; clk        ; clk      ; None                        ; None                      ; 2.271 ns                ;
; N/A                                     ; Restricted to 275.03 MHz ( period = 3.636 ns )      ; delay[17] ; delay[21] ; clk        ; clk      ; None                        ; None                      ; 2.271 ns                ;
; N/A                                     ; Restricted to 275.03 MHz ( period = 3.636 ns )      ; delay[17] ; delay[20] ; clk        ; clk      ; None                        ; None                      ; 2.271 ns                ;
; N/A                                     ; Restricted to 275.03 MHz ( period = 3.636 ns )      ; delay[17] ; delay[19] ; clk        ; clk      ; None                        ; None                      ; 2.271 ns                ;
; N/A                                     ; Restricted to 275.03 MHz ( period = 3.636 ns )      ; delay[17] ; delay[18] ; clk        ; clk      ; None                        ; None                      ; 2.271 ns                ;
; N/A                                     ; Restricted to 275.03 MHz ( period = 3.636 ns )      ; delay[9]  ; delay[17] ; clk        ; clk      ; None                        ; None                      ; 2.266 ns                ;
; N/A                                     ; Restricted to 275.03 MHz ( period = 3.636 ns )      ; delay[9]  ; delay[16] ; clk        ; clk      ; None                        ; None                      ; 2.266 ns                ;
; N/A                                     ; Restricted to 275.03 MHz ( period = 3.636 ns )      ; delay[9]  ; delay[15] ; clk        ; clk      ; None                        ; None                      ; 2.266 ns                ;
; N/A                                     ; Restricted to 275.03 MHz ( period = 3.636 ns )      ; delay[9]  ; delay[14] ; clk        ; clk      ; None                        ; None                      ; 2.266 ns                ;
; N/A                                     ; Restricted to 275.03 MHz ( period = 3.636 ns )      ; delay[9]  ; delay[13] ; clk        ; clk      ; None                        ; None                      ; 2.266 ns                ;
; N/A                                     ; Restricted to 275.03 MHz ( period = 3.636 ns )      ; delay[19] ; delay[24] ; clk        ; clk      ; None                        ; None                      ; 2.264 ns                ;
; N/A                                     ; Restricted to 275.03 MHz ( period = 3.636 ns )      ; delay[19] ; delay[23] ; clk        ; clk      ; None                        ; None                      ; 2.264 ns                ;
; N/A                                     ; Restricted to 275.03 MHz ( period = 3.636 ns )      ; delay[11] ; delay[22] ; clk        ; clk      ; None                        ; None                      ; 2.220 ns                ;
; N/A                                     ; Restricted to 275.03 MHz ( period = 3.636 ns )      ; delay[11] ; delay[21] ; clk        ; clk      ; None                        ; None                      ; 2.220 ns                ;
; N/A                                     ; Restricted to 275.03 MHz ( period = 3.636 ns )      ; delay[11] ; delay[20] ; clk        ; clk      ; None                        ; None                      ; 2.220 ns                ;
; N/A                                     ; Restricted to 275.03 MHz ( period = 3.636 ns )      ; delay[11] ; delay[19] ; clk        ; clk      ; None                        ; None                      ; 2.220 ns                ;
; N/A                                     ; Restricted to 275.03 MHz ( period = 3.636 ns )      ; delay[11] ; delay[18] ; clk        ; clk      ; None                        ; None                      ; 2.220 ns                ;
; N/A                                     ; Restricted to 275.03 MHz ( period = 3.636 ns )      ; delay[1]  ; delay[12] ; clk        ; clk      ; None                        ; None                      ; 2.213 ns                ;
; N/A                                     ; Restricted to 275.03 MHz ( period = 3.636 ns )      ; delay[1]  ; delay[11] ; clk        ; clk      ; None                        ; None                      ; 2.213 ns                ;
; N/A                                     ; Restricted to 275.03 MHz ( period = 3.636 ns )      ; delay[1]  ; delay[10] ; clk        ; clk      ; None                        ; None                      ; 2.213 ns                ;
; N/A                                     ; Restricted to 275.03 MHz ( period = 3.636 ns )      ; delay[1]  ; delay[9]  ; clk        ; clk      ; None                        ; None                      ; 2.213 ns                ;
; N/A                                     ; Restricted to 275.03 MHz ( period = 3.636 ns )      ; delay[1]  ; delay[8]  ; clk        ; clk      ; None                        ; None                      ; 2.213 ns                ;
; N/A                                     ; Restricted to 275.03 MHz ( period = 3.636 ns )      ; delay[12] ; delay[22] ; clk        ; clk      ; None                        ; None                      ; 2.196 ns                ;
; N/A                                     ; Restricted to 275.03 MHz ( period = 3.636 ns )      ; delay[12] ; delay[21] ; clk        ; clk      ; None                        ; None                      ; 2.196 ns                ;
; N/A                                     ; Restricted to 275.03 MHz ( period = 3.636 ns )      ; delay[12] ; delay[20] ; clk        ; clk      ; None                        ; None                      ; 2.196 ns                ;
; N/A                                     ; Restricted to 275.03 MHz ( period = 3.636 ns )      ; delay[12] ; delay[19] ; clk        ; clk      ; None                        ; None                      ; 2.196 ns                ;
; N/A                                     ; Restricted to 275.03 MHz ( period = 3.636 ns )      ; delay[12] ; delay[18] ; clk        ; clk      ; None                        ; None                      ; 2.196 ns                ;
; N/A                                     ; Restricted to 275.03 MHz ( period = 3.636 ns )      ; delay[2]  ; delay[12] ; clk        ; clk      ; None                        ; None                      ; 2.196 ns                ;
; N/A                                     ; Restricted to 275.03 MHz ( period = 3.636 ns )      ; delay[2]  ; delay[11] ; clk        ; clk      ; None                        ; None                      ; 2.196 ns                ;
; N/A                                     ; Restricted to 275.03 MHz ( period = 3.636 ns )      ; delay[2]  ; delay[10] ; clk        ; clk      ; None                        ; None                      ; 2.196 ns                ;
; N/A                                     ; Restricted to 275.03 MHz ( period = 3.636 ns )      ; delay[2]  ; delay[9]  ; clk        ; clk      ; None                        ; None                      ; 2.196 ns                ;
; N/A                                     ; Restricted to 275.03 MHz ( period = 3.636 ns )      ; delay[2]  ; delay[8]  ; clk        ; clk      ; None                        ; None                      ; 2.196 ns                ;
; N/A                                     ; Restricted to 275.03 MHz ( period = 3.636 ns )      ; delay[10] ; delay[17] ; clk        ; clk      ; None                        ; None                      ; 2.192 ns                ;
; N/A                                     ; Restricted to 275.03 MHz ( period = 3.636 ns )      ; delay[10] ; delay[16] ; clk        ; clk      ; None                        ; None                      ; 2.192 ns                ;
; N/A                                     ; Restricted to 275.03 MHz ( period = 3.636 ns )      ; delay[10] ; delay[15] ; clk        ; clk      ; None                        ; None                      ; 2.192 ns                ;
; N/A                                     ; Restricted to 275.03 MHz ( period = 3.636 ns )      ; delay[10] ; delay[14] ; clk        ; clk      ; None                        ; None                      ; 2.192 ns                ;
; Timing analysis restricted to 200 rows. ; To change the limit use Settings (Assignments menu) ;           ;           ;            ;          ;                             ;                           ;                         ;
+-----------------------------------------+-----------------------------------------------------+-----------+-----------+------------+----------+-----------------------------+---------------------------+-------------------------+


+------------------------------------------------------------------+
; tco                                                              ;
+-------+--------------+------------+-----------+-----+------------+
; Slack ; Required tco ; Actual tco ; From      ; To  ; From Clock ;
+-------+--------------+------------+-----------+-----+------------+
; N/A   ; None         ; 6.370 ns   ; delay[24] ; led ; clk        ;
+-------+--------------+------------+-----------+-----+------------+


+--------------------------+
; Timing Analyzer Messages ;
+--------------------------+
Info: *******************************************************************
Info: Running Quartus II Classic Timing Analyzer
    Info: Version 9.0 Build 132 02/25/2009 SJ Full Version
    Info: Processing started: Tue Sep 01 08:44:12 2009
Info: Command: quartus_tan --read_settings_files=off --write_settings_files=off johnson -c johnson --timing_analysis_only
Info: Parallel compilation is enabled and will use 2 of the 2 processors detected
Warning: Found pins functioning as undefined clocks and/or memory enables
    Info: Assuming node "clk" is an undefined clock
Info: Clock "clk" Internal fmax is restricted to 275.03 MHz between source register "delay[4]" and destination register "delay[24]"
    Info: fmax restricted to Clock High delay (1.818 ns) plus Clock Low delay (1.818 ns) : restricted to 3.636 ns. Expand message to see actual delay path.
        Info: + Longest register to register delay is 2.835 ns
            Info: 1: + IC(0.000 ns) + CELL(0.000 ns) = 0.000 ns; Loc. = LC_X16_Y3_N6; Fanout = 3; REG Node = 'delay[4]'
            Info: 2: + IC(0.523 ns) + CELL(0.575 ns) = 1.098 ns; Loc. = LC_X16_Y3_N6; Fanout = 2; COMB Node = 'delay[4]~41COUT1_73'
            Info: 3: + IC(0.000 ns) + CELL(0.080 ns) = 1.178 ns; Loc. = LC_X16_Y3_N7; Fanout = 2; COMB Node = 'delay[5]~39COUT1_75'
            Info: 4: + IC(0.000 ns) + CELL(0.080 ns) = 1.258 ns; Loc. = LC_X16_Y3_N8; Fanout = 2; COMB Node = 'delay[6]~37COUT1_77'
            Info: 5: + IC(0.000 ns) + CELL(0.258 ns) = 1.516 ns; Loc. = LC_X16_Y3_N9; Fanout = 6; COMB Node = 'delay[7]~35'
            Info: 6: + IC(0.000 ns) + CELL(0.136 ns) = 1.652 ns; Loc. = LC_X16_Y2_N4; Fanout = 6; COMB Node = 'delay[12]~25'
            Info: 7: + IC(0.000 ns) + CELL(0.208 ns) = 1.860 ns; Loc. = LC_X16_Y2_N9; Fanout = 6; COMB Node = 'delay[17]~15'
            Info: 8: + IC(0.000 ns) + CELL(0.136 ns) = 1.996 ns; Loc. = LC_X16_Y1_N4; Fanout = 2; COMB Node = 'delay[22]~5'
            Info: 9: + IC(0.000 ns) + CELL(0.839 ns) = 2.835 ns; Loc. = LC_X16_Y1_N6; Fanout = 2; REG Node = 'delay[24]'
            Info: Total cell delay = 2.312 ns ( 81.55 % )
            Info: Total interconnect delay = 0.523 ns ( 18.45 % )
        Info: - Smallest clock skew is 0.000 ns
            Info: + Shortest clock path from clock "clk" to destination register is 2.743 ns
                Info: 1: + IC(0.000 ns) + CELL(1.469 ns) = 1.469 ns; Loc. = PIN_16; Fanout = 25; CLK Node = 'clk'
                Info: 2: + IC(0.563 ns) + CELL(0.711 ns) = 2.743 ns; Loc. = LC_X16_Y1_N6; Fanout = 2; REG Node = 'delay[24]'
                Info: Total cell delay = 2.180 ns ( 79.48 % )
                Info: Total interconnect delay = 0.563 ns ( 20.52 % )
            Info: - Longest clock path from clock "clk" to source register is 2.743 ns
                Info: 1: + IC(0.000 ns) + CELL(1.469 ns) = 1.469 ns; Loc. = PIN_16; Fanout = 25; CLK Node = 'clk'
                Info: 2: + IC(0.563 ns) + CELL(0.711 ns) = 2.743 ns; Loc. = LC_X16_Y3_N6; Fanout = 3; REG Node = 'delay[4]'
                Info: Total cell delay = 2.180 ns ( 79.48 % )
                Info: Total interconnect delay = 0.563 ns ( 20.52 % )
        Info: + Micro clock to output delay of source is 0.224 ns
        Info: + Micro setup delay of destination is 0.037 ns
Info: tco from clock "clk" to destination pin "led" through register "delay[24]" is 6.370 ns
    Info: + Longest clock path from clock "clk" to source register is 2.743 ns
        Info: 1: + IC(0.000 ns) + CELL(1.469 ns) = 1.469 ns; Loc. = PIN_16; Fanout = 25; CLK Node = 'clk'
        Info: 2: + IC(0.563 ns) + CELL(0.711 ns) = 2.743 ns; Loc. = LC_X16_Y1_N6; Fanout = 2; REG Node = 'delay[24]'
        Info: Total cell delay = 2.180 ns ( 79.48 % )
        Info: Total interconnect delay = 0.563 ns ( 20.52 % )
    Info: + Micro clock to output delay of source is 0.224 ns
    Info: + Longest register to pin delay is 3.403 ns
        Info: 1: + IC(0.000 ns) + CELL(0.000 ns) = 0.000 ns; Loc. = LC_X16_Y1_N6; Fanout = 2; REG Node = 'delay[24]'
        Info: 2: + IC(1.295 ns) + CELL(2.108 ns) = 3.403 ns; Loc. = PIN_56; Fanout = 0; PIN Node = 'led'
        Info: Total cell delay = 2.108 ns ( 61.95 % )
        Info: Total interconnect delay = 1.295 ns ( 38.05 % )
Info: Quartus II Classic Timing Analyzer was successful. 0 errors, 1 warning
    Info: Peak virtual memory: 135 megabytes
    Info: Processing ended: Tue Sep 01 08:44:12 2009
    Info: Elapsed time: 00:00:00
    Info: Total CPU time (on all processors): 00:00:01


