Fitter report for MAXII_PicoBlaze
Mon Jun 02 10:25:08 2008
Quartus II Version 7.0 Build 33 02/05/2007 SJ Full Version


---------------------
; Table of Contents ;
---------------------
  1. Legal Notice
  2. Fitter Summary
  3. Fitter Settings
  4. Pin-Out File
  5. Fitter Resource Usage Summary
  6. Input Pins
  7. Output Pins
  8. I/O Bank Usage
  9. All Package Pins
 10. Output Pin Default Load For Reported TCO
 11. Fitter Resource Utilization by Entity
 12. Delay Chain Summary
 13. Control Signals
 14. Global & Other Fast Signals
 15. Non-Global High Fan-Out Signals
 16. Interconnect Usage Summary
 17. LAB Logic Elements
 18. LAB-wide Signals
 19. LAB Signals Sourced
 20. LAB Signals Sourced Out
 21. LAB Distinct Inputs
 22. Fitter Device Options
 23. Advanced Data - General
 24. Advanced Data - Placement Preparation
 25. Advanced Data - Placement
 26. Advanced Data - Routing
 27. Fitter Messages
 28. Fitter Suppressed Messages



----------------
; Legal Notice ;
----------------
Copyright (C) 1991-2007 Altera Corporation
Your use of Altera Corporation's design tools, logic functions 
and other software and tools, and its AMPP partner logic 
functions, and any output files from any of the foregoing 
(including device programming or simulation files), and any 
associated documentation or information are expressly subject 
to the terms and conditions of the Altera Program License 
Subscription Agreement, Altera MegaCore Function License 
Agreement, or other applicable license agreement, including, 
without limitation, that your use is for the sole purpose of 
programming logic devices manufactured by Altera and sold by 
Altera or its authorized distributors.  Please refer to the 
applicable agreement for further details.



+-----------------------------------------------------------------+
; Fitter Summary                                                  ;
+-----------------------+-----------------------------------------+
; Fitter Status         ; Successful - Mon Jun 02 10:25:08 2008   ;
; Quartus II Version    ; 7.0 Build 33 02/05/2007 SJ Full Version ;
; Revision Name         ; MAXII_PicoBlaze                         ;
; Top-level Entity Name ; MAXII_PicoBlaze                         ;
; Family                ; MAX II                                  ;
; Device                ; EPM570T144C5                            ;
; Timing Models         ; Final                                   ;
; Total logic elements  ; 364 / 570 ( 64 % )                      ;
; Total pins            ; 10 / 116 ( 9 % )                        ;
; Total virtual pins    ; 0                                       ;
; UFM blocks            ; 0 / 1 ( 0 % )                           ;
+-----------------------+-----------------------------------------+


+--------------------------------------------------------------------------------------------------------------------------+
; Fitter Settings                                                                                                          ;
+--------------------------------------------------------+--------------------------------+--------------------------------+
; Option                                                 ; Setting                        ; Default Value                  ;
+--------------------------------------------------------+--------------------------------+--------------------------------+
; Device                                                 ; EPM570T144C5                   ;                                ;
; Fit Attempts to Skip                                   ; 0                              ; 0.0                            ;
; Always Enable Input Buffers                            ; Off                            ; Off                            ;
; Router Timing Optimization Level                       ; Normal                         ; Normal                         ;
; Placement Effort Multiplier                            ; 1.0                            ; 1.0                            ;
; Router Effort Multiplier                               ; 1.0                            ; 1.0                            ;
; Optimize Hold Timing                                   ; IO Paths and Minimum TPD Paths ; IO Paths and Minimum TPD Paths ;
; Optimize Fast-Corner Timing                            ; Off                            ; Off                            ;
; Guarantee I/O Paths Have Zero Hold Time at Fast Corner ; On                             ; On                             ;
; PowerPlay Power Optimization                           ; Normal compilation             ; Normal compilation             ;
; Optimize Timing                                        ; Normal compilation             ; Normal compilation             ;
; Optimize IOC Register Placement for Timing             ; On                             ; On                             ;
; Limit to One Fitting Attempt                           ; Off                            ; Off                            ;
; Final Placement Optimizations                          ; Automatically                  ; Automatically                  ;
; Fitter Aggressive Routability Optimizations            ; Automatically                  ; Automatically                  ;
; Fitter Initial Placement Seed                          ; 1                              ; 1                              ;
; Slow Slew Rate                                         ; Off                            ; Off                            ;
; PCI I/O                                                ; Off                            ; Off                            ;
; Weak Pull-Up Resistor                                  ; Off                            ; Off                            ;
; Enable Bus-Hold Circuitry                              ; Off                            ; Off                            ;
; Auto Delay Chains                                      ; On                             ; On                             ;
; Perform Physical Synthesis for Combinational Logic     ; Off                            ; Off                            ;
; Perform Register Duplication                           ; Off                            ; Off                            ;
; Perform Register Retiming                              ; Off                            ; Off                            ;
; Perform Asynchronous Signal Pipelining                 ; Off                            ; Off                            ;
; Fitter Effort                                          ; Auto Fit                       ; Auto Fit                       ;
; Physical Synthesis Effort Level                        ; Normal                         ; Normal                         ;
; Logic Cell Insertion - Logic Duplication               ; Auto                           ; Auto                           ;
; Auto Register Duplication                              ; Auto                           ; Auto                           ;
; Auto Global Clock                                      ; On                             ; On                             ;
; Auto Global Register Control Signals                   ; On                             ; On                             ;
; Stop After Congestion Map Generation                   ; Off                            ; Off                            ;
; Use smart compilation                                  ; Off                            ; Off                            ;
+--------------------------------------------------------+--------------------------------+--------------------------------+


+--------------+
; Pin-Out File ;
+--------------+
The pin-out file can be found in C:/altera/work/MAXII_PicoBlaze1/MAXII_PicoBlaze.pin.


+----------------------------------------------------------------------+
; Fitter Resource Usage Summary                                        ;
+---------------------------------------------+------------------------+
; Resource                                    ; Usage                  ;
+---------------------------------------------+------------------------+
; Total logic elements                        ; 364 / 570 ( 64 % )     ;
;     -- Combinational with no register       ; 210                    ;
;     -- Register only                        ; 38                     ;
;     -- Combinational with a register        ; 116                    ;
;                                             ;                        ;
; Logic element usage by number of LUT inputs ;                        ;
;     -- 4 input functions                    ; 103                    ;
;     -- 3 input functions                    ; 63                     ;
;     -- 2 input functions                    ; 114                    ;
;     -- 1 input functions                    ; 63                     ;
;     -- 0 input functions                    ; 21                     ;
;                                             ;                        ;
; Logic elements by mode                      ;                        ;
;     -- normal mode                          ; 337                    ;
;     -- arithmetic mode                      ; 27                     ;
;     -- qfbk mode                            ; 17                     ;
;     -- register cascade mode                ; 0                      ;
;     -- synchronous clear/load mode          ; 38                     ;
;     -- asynchronous clear/load mode         ; 32                     ;
;                                             ;                        ;
; Total registers                             ; 154 / 570 ( 27 % )     ;
; Total LABs                                  ; 47 / 57 ( 82 % )       ;
; Logic elements in carry chains              ; 30                     ;
; User inserted logic elements                ; 0                      ;
; Virtual pins                                ; 0                      ;
; I/O pins                                    ; 10 / 116 ( 9 % )       ;
;     -- Clock pins                           ; 1                      ;
; Global signals                              ; 4                      ;
; UFM blocks                                  ; 0 / 1 ( 0 % )          ;
; Global clocks                               ; 4 / 4 ( 100 % )        ;
; Average interconnect usage                  ; 17%                    ;
; Peak interconnect usage                     ; 17%                    ;
; Maximum fan-out node                        ; clkdiv:inst17|s_clk    ;
; Maximum fan-out                             ; 132                    ;
; Highest non-global fan-out signal           ; ROM_test:inst1|dout[8] ;
; Highest non-global fan-out                  ; 51                     ;
; Total fan-out                               ; 1199                   ;
; Average fan-out                             ; 3.21                   ;
+---------------------------------------------+------------------------+


+----------------------------------------------------------------------------------------------------------------------------------------------------------------------------------------------------------------+
; Input Pins                                                                                                                                                                                                     ;
+---------+-------+----------+--------------+--------------+-------------+-----------------------+--------------------+--------+-----------------+----------+--------------+--------------+----------------------+
; Name    ; Pin # ; I/O Bank ; X coordinate ; Y coordinate ; Cell number ; Combinational Fan-Out ; Registered Fan-Out ; Global ; PCI I/O Enabled ; Bus Hold ; Weak Pull Up ; I/O Standard ; Location assigned by ;
+---------+-------+----------+--------------+--------------+-------------+-----------------------+--------------------+--------+-----------------+----------+--------------+--------------+----------------------+
; clk     ; 89    ; 2        ; 13           ; 4            ; 4           ; 22                    ; 0                  ; yes    ; no              ; no       ; Off          ; 3.3-V LVTTL  ; User                 ;
; reset_n ; 22    ; 1        ; 0            ; 5            ; 3           ; 32                    ; 0                  ; yes    ; no              ; no       ; Off          ; 3.3-V LVTTL  ; User                 ;
+---------+-------+----------+--------------+--------------+-------------+-----------------------+--------------------+--------+-----------------+----------+--------------+--------------+----------------------+


+-----------------------------------------------------------------------------------------------------------------------------------------------------------------------------------------------------------------------------------------------------------------------------+
; Output Pins                                                                                                                                                                                                                                                                 ;
+--------+-------+----------+--------------+--------------+-------------+-----------------+----------------+-----------------+------------+---------------+----------+--------------+--------------+------------------+------------------------+----------------------+-------+
; Name   ; Pin # ; I/O Bank ; X coordinate ; Y coordinate ; Cell number ; Output Register ; Slow Slew Rate ; PCI I/O Enabled ; Open Drain ; TRI Primitive ; Bus Hold ; Weak Pull Up ; I/O Standard ; Current Strength ; Fast Output Connection ; Location assigned by ; Load  ;
+--------+-------+----------+--------------+--------------+-------------+-----------------+----------------+-----------------+------------+---------------+----------+--------------+--------------+------------------+------------------------+----------------------+-------+
; led[0] ; 8     ; 1        ; 0            ; 7            ; 5           ; no              ; no             ; no              ; no         ; no            ; no       ; Off          ; 3.3-V LVTTL  ; 16mA             ; no                     ; User                 ; 10 pF ;
; led[1] ; 7     ; 1        ; 0            ; 7            ; 4           ; no              ; no             ; no              ; no         ; no            ; no       ; Off          ; 3.3-V LVTTL  ; 16mA             ; no                     ; User                 ; 10 pF ;
; led[2] ; 6     ; 1        ; 0            ; 7            ; 3           ; no              ; no             ; no              ; no         ; no            ; no       ; Off          ; 3.3-V LVTTL  ; 16mA             ; no                     ; User                 ; 10 pF ;
; led[3] ; 5     ; 1        ; 0            ; 7            ; 2           ; no              ; no             ; no              ; no         ; no            ; no       ; Off          ; 3.3-V LVTTL  ; 16mA             ; no                     ; User                 ; 10 pF ;
; led[4] ; 4     ; 1        ; 0            ; 7            ; 0           ; no              ; no             ; no              ; no         ; no            ; no       ; Off          ; 3.3-V LVTTL  ; 16mA             ; no                     ; User                 ; 10 pF ;
; led[5] ; 3     ; 1        ; 1            ; 8            ; 2           ; no              ; no             ; no              ; no         ; no            ; no       ; Off          ; 3.3-V LVTTL  ; 16mA             ; no                     ; User                 ; 10 pF ;
; led[6] ; 2     ; 1        ; 1            ; 8            ; 0           ; no              ; no             ; no              ; no         ; no            ; no       ; Off          ; 3.3-V LVTTL  ; 16mA             ; no                     ; User                 ; 10 pF ;
; led[7] ; 1     ; 1        ; 2            ; 8            ; 3           ; no              ; no             ; no              ; no         ; no            ; no       ; Off          ; 3.3-V LVTTL  ; 16mA             ; yes                    ; User                 ; 10 pF ;
+--------+-------+----------+--------------+--------------+-------------+-----------------+----------------+-----------------+------------+---------------+----------+--------------+--------------+------------------+------------------------+----------------------+-------+


+-----------------------------------------------------------+
; I/O Bank Usage                                            ;
+----------+-----------------+---------------+--------------+
; I/O Bank ; Usage           ; VCCIO Voltage ; VREF Voltage ;
+----------+-----------------+---------------+--------------+
; 1        ; 9 / 56 ( 16 % ) ; 3.3V          ; --           ;
; 2        ; 1 / 60 ( 2 % )  ; 3.3V          ; --           ;
+----------+-----------------+---------------+--------------+


+----------------------------------------------------------------------------------------------------------------------------------------------+
; All Package Pins                                                                                                                             ;
+----------+------------+----------+----------------+--------+--------------+---------+------------+-----------------+----------+--------------+
; Location ; Pad Number ; I/O Bank ; Pin Name/Usage ; Dir.   ; I/O Standard ; Voltage ; I/O Type   ; User Assignment ; Bus Hold ; Weak Pull Up ;
+----------+------------+----------+----------------+--------+--------------+---------+------------+-----------------+----------+--------------+
; 1        ; 1          ; 1        ; led[7]         ; output ; 3.3-V LVTTL  ;         ; Column I/O ; Y               ; no       ; Off          ;
; 2        ; 2          ; 1        ; led[6]         ; output ; 3.3-V LVTTL  ;         ; Column I/O ; Y               ; no       ; Off          ;
; 3        ; 4          ; 1        ; led[5]         ; output ; 3.3-V LVTTL  ;         ; Column I/O ; Y               ; no       ; Off          ;
; 4        ; 6          ; 1        ; led[4]         ; output ; 3.3-V LVTTL  ;         ; Row I/O    ; Y               ; no       ; Off          ;
; 5        ; 8          ; 1        ; led[3]         ; output ; 3.3-V LVTTL  ;         ; Row I/O    ; Y               ; no       ; Off          ;
; 6        ; 9          ; 1        ; led[2]         ; output ; 3.3-V LVTTL  ;         ; Row I/O    ; Y               ; no       ; Off          ;
; 7        ; 10         ; 1        ; led[1]         ; output ; 3.3-V LVTTL  ;         ; Row I/O    ; Y               ; no       ; Off          ;
; 8        ; 11         ; 1        ; led[0]         ; output ; 3.3-V LVTTL  ;         ; Row I/O    ; Y               ; no       ; Off          ;
; 9        ;            ; 1        ; VCCIO1         ; power  ;              ; 3.3V    ; --         ;                 ; --       ; --           ;
; 10       ;            ;          ; GNDIO          ; gnd    ;              ;         ; --         ;                 ; --       ; --           ;
; 11       ; 14         ; 1        ; RESERVED_INPUT ;        ;              ;         ; Row I/O    ;                 ; no       ; Off          ;
; 12       ; 15         ; 1        ; RESERVED_INPUT ;        ;              ;         ; Row I/O    ;                 ; no       ; Off          ;
; 13       ; 16         ; 1        ; RESERVED_INPUT ;        ;              ;         ; Row I/O    ;                 ; no       ; Off          ;
; 14       ; 17         ; 1        ; RESERVED_INPUT ;        ;              ;         ; Row I/O    ;                 ; no       ; Off          ;
; 15       ; 18         ; 1        ; RESERVED_INPUT ;        ;              ;         ; Row I/O    ;                 ; no       ; Off          ;
; 16       ; 19         ; 1        ; RESERVED_INPUT ;        ;              ;         ; Row I/O    ;                 ; no       ; Off          ;
; 17       ;            ;          ; GNDINT         ; gnd    ;              ;         ; --         ;                 ; --       ; --           ;
; 18       ; 20         ; 1        ; RESERVED_INPUT ;        ;              ;         ; Row I/O    ;                 ; no       ; Off          ;
; 19       ;            ;          ; VCCINT         ; power  ;              ; 3.3V    ; --         ;                 ; --       ; --           ;
; 20       ; 21         ; 1        ; RESERVED_INPUT ;        ;              ;         ; Row I/O    ;                 ; no       ; Off          ;
; 21       ; 22         ; 1        ; RESERVED_INPUT ;        ;              ;         ; Row I/O    ;                 ; no       ; Off          ;
; 22       ; 23         ; 1        ; reset_n        ; input  ; 3.3-V LVTTL  ;         ; Row I/O    ; Y               ; no       ; Off          ;
; 23       ; 24         ; 1        ; RESERVED_INPUT ;        ;              ;         ; Row I/O    ;                 ; no       ; Off          ;
; 24       ; 25         ; 1        ; RESERVED_INPUT ;        ;              ;         ; Row I/O    ;                 ; no       ; Off          ;
; 25       ;            ; 1        ; VCCIO1         ; power  ;              ; 3.3V    ; --         ;                 ; --       ; --           ;
; 26       ;            ;          ; GNDIO          ; gnd    ;              ;         ; --         ;                 ; --       ; --           ;
; 27       ; 27         ; 1        ; RESERVED_INPUT ;        ;              ;         ; Row I/O    ;                 ; no       ; Off          ;
; 28       ; 29         ; 1        ; RESERVED_INPUT ;        ;              ;         ; Row I/O    ;                 ; no       ; Off          ;
; 29       ; 30         ; 1        ; RESERVED_INPUT ;        ;              ;         ; Row I/O    ;                 ; no       ; Off          ;
; 30       ; 32         ; 1        ; RESERVED_INPUT ;        ;              ;         ; Row I/O    ;                 ; no       ; Off          ;
; 31       ; 34         ; 1        ; RESERVED_INPUT ;        ;              ;         ; Column I/O ;                 ; no       ; Off          ;
; 32       ; 36         ; 1        ; RESERVED_INPUT ;        ;              ;         ; Column I/O ;                 ; no       ; Off          ;
; 33       ; 38         ; 1        ; #TMS           ; input  ;              ;         ; --         ;                 ; --       ; --           ;
; 34       ; 39         ; 1        ; #TDI           ; input  ;              ;         ; --         ;                 ; --       ; --           ;
; 35       ; 40         ; 1        ; #TCK           ; input  ;              ;         ; --         ;                 ; --       ; --           ;
; 36       ; 41         ; 1        ; #TDO           ; output ;              ;         ; --         ;                 ; --       ; --           ;
; 37       ; 42         ; 1        ; RESERVED_INPUT ;        ;              ;         ; Column I/O ;                 ; no       ; Off          ;
; 38       ; 43         ; 1        ; RESERVED_INPUT ;        ;              ;         ; Column I/O ;                 ; no       ; Off          ;
; 39       ; 45         ; 1        ; RESERVED_INPUT ;        ;              ;         ; Column I/O ;                 ; no       ; Off          ;
; 40       ; 47         ; 1        ; RESERVED_INPUT ;        ;              ;         ; Column I/O ;                 ; no       ; Off          ;
; 41       ; 48         ; 1        ; RESERVED_INPUT ;        ;              ;         ; Column I/O ;                 ; no       ; Off          ;
; 42       ; 50         ; 1        ; RESERVED_INPUT ;        ;              ;         ; Column I/O ;                 ; no       ; Off          ;
; 43       ; 51         ; 1        ; RESERVED_INPUT ;        ;              ;         ; Column I/O ;                 ; no       ; Off          ;
; 44       ; 52         ; 1        ; RESERVED_INPUT ;        ;              ;         ; Column I/O ;                 ; no       ; Off          ;
; 45       ; 55         ; 1        ; RESERVED_INPUT ;        ;              ;         ; Column I/O ;                 ; no       ; Off          ;
; 46       ;            ; 1        ; VCCIO1         ; power  ;              ; 3.3V    ; --         ;                 ; --       ; --           ;
; 47       ;            ;          ; GNDIO          ; gnd    ;              ;         ; --         ;                 ; --       ; --           ;
; 48       ; 56         ; 1        ; RESERVED_INPUT ;        ;              ;         ; Column I/O ;                 ; no       ; Off          ;
; 49       ; 57         ; 1        ; RESERVED_INPUT ;        ;              ;         ; Column I/O ;                 ; no       ; Off          ;
; 50       ; 58         ; 1        ; RESERVED_INPUT ;        ;              ;         ; Column I/O ;                 ; no       ; Off          ;
; 51       ; 59         ; 1        ; RESERVED_INPUT ;        ;              ;         ; Column I/O ;                 ; no       ; Off          ;
; 52       ; 60         ; 1        ; RESERVED_INPUT ;        ;              ;         ; Column I/O ;                 ; no       ; Off          ;
; 53       ; 61         ; 1        ; RESERVED_INPUT ;        ;              ;         ; Column I/O ;                 ; no       ; Off          ;
; 54       ;            ;          ; GNDINT         ; gnd    ;              ;         ; --         ;                 ; --       ; --           ;
; 55       ; 62         ; 1        ; RESERVED_INPUT ;        ;              ;         ; Column I/O ;                 ; no       ; Off          ;
; 56       ;            ;          ; VCCINT         ; power  ;              ; 3.3V    ; --         ;                 ; --       ; --           ;
; 57       ; 63         ; 1        ; RESERVED_INPUT ;        ;              ;         ; Column I/O ;                 ; no       ; Off          ;
; 58       ; 64         ; 1        ; RESERVED_INPUT ;        ;              ;         ; Column I/O ;                 ; no       ; Off          ;
; 59       ; 65         ; 1        ; RESERVED_INPUT ;        ;              ;         ; Column I/O ;                 ; no       ; Off          ;
; 60       ; 66         ; 1        ; RESERVED_INPUT ;        ;              ;         ; Column I/O ;                 ; no       ; Off          ;
; 61       ; 67         ; 1        ; RESERVED_INPUT ;        ;              ;         ; Column I/O ;                 ; no       ; Off          ;
; 62       ; 68         ; 1        ; RESERVED_INPUT ;        ;              ;         ; Column I/O ;                 ; no       ; Off          ;
; 63       ; 69         ; 1        ; RESERVED_INPUT ;        ;              ;         ; Column I/O ;                 ; no       ; Off          ;
; 64       ;            ; 1        ; VCCIO1         ; power  ;              ; 3.3V    ; --         ;                 ; --       ; --           ;
; 65       ;            ;          ; GNDIO          ; gnd    ;              ;         ; --         ;                 ; --       ; --           ;
; 66       ; 71         ; 1        ; RESERVED_INPUT ;        ;              ;         ; Column I/O ;                 ; no       ; Off          ;
; 67       ; 72         ; 1        ; RESERVED_INPUT ;        ;              ;         ; Column I/O ;                 ; no       ; Off          ;
; 68       ; 73         ; 1        ; RESERVED_INPUT ;        ;              ;         ; Column I/O ;                 ; no       ; Off          ;
; 69       ; 75         ; 1        ; RESERVED_INPUT ;        ;              ;         ; Column I/O ;                 ; no       ; Off          ;
; 70       ; 76         ; 1        ; RESERVED_INPUT ;        ;              ;         ; Column I/O ;                 ; no       ; Off          ;
; 71       ; 79         ; 1        ; RESERVED_INPUT ;        ;              ;         ; Column I/O ;                 ; no       ; Off          ;
; 72       ; 81         ; 1        ; RESERVED_INPUT ;        ;              ;         ; Column I/O ;                 ; no       ; Off          ;
; 73       ; 82         ; 2        ; RESERVED_INPUT ;        ;              ;         ; Row I/O    ;                 ; no       ; Off          ;
; 74       ; 83         ; 2        ; RESERVED_INPUT ;        ;              ;         ; Row I/O    ;                 ; no       ; Off          ;
; 75       ; 84         ; 2        ; RESERVED_INPUT ;        ;              ;         ; Row I/O    ;                 ; no       ; Off          ;
; 76       ; 86         ; 2        ; RESERVED_INPUT ;        ;              ;         ; Row I/O    ;                 ; no       ; Off          ;
; 77       ; 89         ; 2        ; RESERVED_INPUT ;        ;              ;         ; Row I/O    ;                 ; no       ; Off          ;
; 78       ; 91         ; 2        ; RESERVED_INPUT ;        ;              ;         ; Row I/O    ;                 ; no       ; Off          ;
; 79       ; 92         ; 2        ; RESERVED_INPUT ;        ;              ;         ; Row I/O    ;                 ; no       ; Off          ;
; 80       ; 93         ; 2        ; RESERVED_INPUT ;        ;              ;         ; Row I/O    ;                 ; no       ; Off          ;
; 81       ; 94         ; 2        ; RESERVED_INPUT ;        ;              ;         ; Row I/O    ;                 ; no       ; Off          ;
; 82       ;            ; 2        ; VCCIO2         ; power  ;              ; 3.3V    ; --         ;                 ; --       ; --           ;
; 83       ;            ;          ; GNDIO          ; gnd    ;              ;         ; --         ;                 ; --       ; --           ;
; 84       ; 96         ; 2        ; RESERVED_INPUT ;        ;              ;         ; Row I/O    ;                 ; no       ; Off          ;
; 85       ; 97         ; 2        ; RESERVED_INPUT ;        ;              ;         ; Row I/O    ;                 ; no       ; Off          ;
; 86       ; 98         ; 2        ; RESERVED_INPUT ;        ;              ;         ; Row I/O    ;                 ; no       ; Off          ;
; 87       ; 99         ; 2        ; RESERVED_INPUT ;        ;              ;         ; Row I/O    ;                 ; no       ; Off          ;
; 88       ; 100        ; 2        ; RESERVED_INPUT ;        ;              ;         ; Row I/O    ;                 ; no       ; Off          ;
; 89       ; 101        ; 2        ; clk            ; input  ; 3.3-V LVTTL  ;         ; Row I/O    ; Y               ; no       ; Off          ;
; 90       ;            ;          ; VCCINT         ; power  ;              ; 3.3V    ; --         ;                 ; --       ; --           ;
; 91       ; 102        ; 2        ; RESERVED_INPUT ;        ;              ;         ; Row I/O    ;                 ; no       ; Off          ;
; 92       ;            ;          ; GNDINT         ; gnd    ;              ;         ; --         ;                 ; --       ; --           ;
; 93       ; 103        ; 2        ; RESERVED_INPUT ;        ;              ;         ; Row I/O    ;                 ; no       ; Off          ;
; 94       ; 104        ; 2        ; RESERVED_INPUT ;        ;              ;         ; Row I/O    ;                 ; no       ; Off          ;
; 95       ; 105        ; 2        ; RESERVED_INPUT ;        ;              ;         ; Row I/O    ;                 ; no       ; Off          ;
; 96       ; 106        ; 2        ; RESERVED_INPUT ;        ;              ;         ; Row I/O    ;                 ; no       ; Off          ;
; 97       ; 107        ; 2        ; RESERVED_INPUT ;        ;              ;         ; Row I/O    ;                 ; no       ; Off          ;
; 98       ; 108        ; 2        ; RESERVED_INPUT ;        ;              ;         ; Row I/O    ;                 ; no       ; Off          ;
; 99       ;            ;          ; GNDIO          ; gnd    ;              ;         ; --         ;                 ; --       ; --           ;
; 100      ;            ; 2        ; VCCIO2         ; power  ;              ; 3.3V    ; --         ;                 ; --       ; --           ;
; 101      ; 109        ; 2        ; RESERVED_INPUT ;        ;              ;         ; Row I/O    ;                 ; no       ; Off          ;
; 102      ; 111        ; 2        ; RESERVED_INPUT ;        ;              ;         ; Row I/O    ;                 ; no       ; Off          ;
; 103      ; 112        ; 2        ; RESERVED_INPUT ;        ;              ;         ; Row I/O    ;                 ; no       ; Off          ;
; 104      ; 115        ; 2        ; RESERVED_INPUT ;        ;              ;         ; Row I/O    ;                 ; no       ; Off          ;
; 105      ; 116        ; 2        ; RESERVED_INPUT ;        ;              ;         ; Row I/O    ;                 ; no       ; Off          ;
; 106      ; 118        ; 2        ; RESERVED_INPUT ;        ;              ;         ; Row I/O    ;                 ; no       ; Off          ;
; 107      ; 120        ; 2        ; RESERVED_INPUT ;        ;              ;         ; Row I/O    ;                 ; no       ; Off          ;
; 108      ; 122        ; 2        ; RESERVED_INPUT ;        ;              ;         ; Row I/O    ;                 ; no       ; Off          ;
; 109      ; 125        ; 2        ; RESERVED_INPUT ;        ;              ;         ; Column I/O ;                 ; no       ; Off          ;
; 110      ; 126        ; 2        ; RESERVED_INPUT ;        ;              ;         ; Column I/O ;                 ; no       ; Off          ;
; 111      ; 127        ; 2        ; RESERVED_INPUT ;        ;              ;         ; Column I/O ;                 ; no       ; Off          ;
; 112      ; 129        ; 2        ; RESERVED_INPUT ;        ;              ;         ; Column I/O ;                 ; no       ; Off          ;
; 113      ; 131        ; 2        ; RESERVED_INPUT ;        ;              ;         ; Column I/O ;                 ; no       ; Off          ;
; 114      ; 133        ; 2        ; RESERVED_INPUT ;        ;              ;         ; Column I/O ;                 ; no       ; Off          ;
; 115      ;            ;          ; GNDIO          ; gnd    ;              ;         ; --         ;                 ; --       ; --           ;
; 116      ;            ; 2        ; VCCIO2         ; power  ;              ; 3.3V    ; --         ;                 ; --       ; --           ;
; 117      ; 135        ; 2        ; RESERVED_INPUT ;        ;              ;         ; Column I/O ;                 ; no       ; Off          ;
; 118      ; 136        ; 2        ; RESERVED_INPUT ;        ;              ;         ; Column I/O ;                 ; no       ; Off          ;
; 119      ; 137        ; 2        ; RESERVED_INPUT ;        ;              ;         ; Column I/O ;                 ; no       ; Off          ;
; 120      ; 138        ; 2        ; RESERVED_INPUT ;        ;              ;         ; Column I/O ;                 ; no       ; Off          ;
; 121      ; 139        ; 2        ; RESERVED_INPUT ;        ;              ;         ; Column I/O ;                 ; no       ; Off          ;
; 122      ; 140        ; 2        ; RESERVED_INPUT ;        ;              ;         ; Column I/O ;                 ; no       ; Off          ;
; 123      ; 141        ; 2        ; RESERVED_INPUT ;        ;              ;         ; Column I/O ;                 ; no       ; Off          ;
; 124      ; 142        ; 2        ; RESERVED_INPUT ;        ;              ;         ; Column I/O ;                 ; no       ; Off          ;
; 125      ; 143        ; 2        ; RESERVED_INPUT ;        ;              ;         ; Column I/O ;                 ; no       ; Off          ;
; 126      ;            ;          ; VCCINT         ; power  ;              ; 3.3V    ; --         ;                 ; --       ; --           ;
; 127      ; 144        ; 2        ; RESERVED_INPUT ;        ;              ;         ; Column I/O ;                 ; no       ; Off          ;
; 128      ;            ;          ; GNDINT         ; gnd    ;              ;         ; --         ;                 ; --       ; --           ;
; 129      ; 145        ; 2        ; RESERVED_INPUT ;        ;              ;         ; Column I/O ;                 ; no       ; Off          ;
; 130      ; 146        ; 2        ; RESERVED_INPUT ;        ;              ;         ; Column I/O ;                 ; no       ; Off          ;
; 131      ; 147        ; 2        ; RESERVED_INPUT ;        ;              ;         ; Column I/O ;                 ; no       ; Off          ;
; 132      ; 148        ; 2        ; RESERVED_INPUT ;        ;              ;         ; Column I/O ;                 ; no       ; Off          ;
; 133      ; 149        ; 2        ; RESERVED_INPUT ;        ;              ;         ; Column I/O ;                 ; no       ; Off          ;
; 134      ; 150        ; 2        ; RESERVED_INPUT ;        ;              ;         ; Column I/O ;                 ; no       ; Off          ;
; 135      ;            ;          ; GNDIO          ; gnd    ;              ;         ; --         ;                 ; --       ; --           ;
; 136      ;            ; 2        ; VCCIO2         ; power  ;              ; 3.3V    ; --         ;                 ; --       ; --           ;
; 137      ; 151        ; 2        ; RESERVED_INPUT ;        ;              ;         ; Column I/O ;                 ; no       ; Off          ;
; 138      ; 152        ; 2        ; RESERVED_INPUT ;        ;              ;         ; Column I/O ;                 ; no       ; Off          ;
; 139      ; 153        ; 2        ; RESERVED_INPUT ;        ;              ;         ; Column I/O ;                 ; no       ; Off          ;
; 140      ; 155        ; 2        ; RESERVED_INPUT ;        ;              ;         ; Column I/O ;                 ; no       ; Off          ;
; 141      ; 156        ; 2        ; RESERVED_INPUT ;        ;              ;         ; Column I/O ;                 ; no       ; Off          ;
; 142      ; 158        ; 2        ; RESERVED_INPUT ;        ;              ;         ; Column I/O ;                 ; no       ; Off          ;
; 143      ; 161        ; 2        ; RESERVED_INPUT ;        ;              ;         ; Column I/O ;                 ; no       ; Off          ;
; 144      ; 163        ; 2        ; RESERVED_INPUT ;        ;              ;         ; Column I/O ;                 ; no       ; Off          ;
+----------+------------+----------+----------------+--------+--------------+---------+------------+-----------------+----------+--------------+


+-------------------------------------------------------------+
; Output Pin Default Load For Reported TCO                    ;
+----------------------------+-------+------------------------+
; I/O Standard               ; Load  ; Termination Resistance ;
+----------------------------+-------+------------------------+
; 3.3-V LVTTL                ; 10 pF ; Not Available          ;
; 3.3-V LVCMOS               ; 10 pF ; Not Available          ;
; 2.5 V                      ; 10 pF ; Not Available          ;
; 1.8 V                      ; 10 pF ; Not Available          ;
; 1.5 V                      ; 10 pF ; Not Available          ;
; 3.3V Schmitt Trigger Input ; 10 pF ; Not Available          ;
; 2.5V Schmitt Trigger Input ; 10 pF ; Not Available          ;
+----------------------------+-------+------------------------+
Note: User assignments will override these defaults. The user specified values are listed in the Output Pins and Bidir Pins tables.


+--------------------------------------------------------------------------------------------------------------------------------------------------------------------------------------------------------------------------------------------------------------------------------------------------------------------------+
; Fitter Resource Utilization by Entity                                                                                                                                                                                                                                                                                    ;
+---------------------------------------------------------+-------------+--------------+------------+------+--------------+--------------+-------------------+------------------+-----------------+------------+-----------------------------------------------------------------------------------------------------------+
; Compilation Hierarchy Node                              ; Logic Cells ; LC Registers ; UFM Blocks ; Pins ; Virtual Pins ; LUT-Only LCs ; Register-Only LCs ; LUT/Register LCs ; Carry Chain LCs ; Packed LCs ; Full Hierarchy Name                                                                                       ;
+---------------------------------------------------------+-------------+--------------+------------+------+--------------+--------------+-------------------+------------------+-----------------+------------+-----------------------------------------------------------------------------------------------------------+
; |MAXII_PicoBlaze                                        ; 364 (1)     ; 154          ; 0          ; 10   ; 0            ; 210 (1)      ; 38 (0)            ; 116 (0)          ; 30 (0)          ; 17 (0)     ; |MAXII_PicoBlaze                                                                                          ;
;    |ROM_test:inst1|                                     ; 11 (11)     ; 6            ; 0          ; 0    ; 0            ; 5 (5)        ; 0 (0)             ; 6 (6)            ; 0 (0)           ; 0 (0)      ; |MAXII_PicoBlaze|ROM_test:inst1                                                                           ;
;    |clkdiv:inst17|                                      ; 49 (49)     ; 22           ; 0          ; 0    ; 0            ; 27 (27)      ; 14 (14)           ; 8 (8)            ; 21 (21)         ; 0 (0)      ; |MAXII_PicoBlaze|clkdiv:inst17                                                                            ;
;    |leddriver:inst18|                                   ; 8 (8)       ; 8            ; 0          ; 0    ; 0            ; 0 (0)        ; 0 (0)             ; 8 (8)            ; 0 (0)           ; 0 (0)      ; |MAXII_PicoBlaze|leddriver:inst18                                                                         ;
;    |picoblaze:inst|                                     ; 295 (33)    ; 118          ; 0          ; 0    ; 0            ; 177 (33)     ; 24 (0)            ; 94 (0)           ; 9 (0)           ; 17 (7)     ; |MAXII_PicoBlaze|picoblaze:inst                                                                           ;
;       |IO_strobe_logic:IO_strobes|                      ; 1 (1)       ; 1            ; 0          ; 0    ; 0            ; 0 (0)        ; 0 (0)             ; 1 (1)            ; 0 (0)           ; 0 (0)      ; |MAXII_PicoBlaze|picoblaze:inst|IO_strobe_logic:IO_strobes                                                ;
;       |T_state_and_Reset:basic_control|                 ; 3 (3)       ; 3            ; 0          ; 0    ; 0            ; 0 (0)        ; 0 (0)             ; 3 (3)            ; 0 (0)           ; 0 (0)      ; |MAXII_PicoBlaze|picoblaze:inst|T_state_and_Reset:basic_control                                           ;
;       |arithmetic_process:arithmetic_group|             ; 39 (2)      ; 9            ; 0          ; 0    ; 0            ; 30 (1)       ; 0 (0)             ; 9 (1)            ; 0 (0)           ; 0 (0)      ; |MAXII_PicoBlaze|picoblaze:inst|arithmetic_process:arithmetic_group                                       ;
;          |addsub8:add_sub_module|                       ; 37 (37)     ; 8            ; 0          ; 0    ; 0            ; 29 (29)      ; 0 (0)             ; 8 (8)            ; 0 (0)           ; 0 (0)      ; |MAXII_PicoBlaze|picoblaze:inst|arithmetic_process:arithmetic_group|addsub8:add_sub_module                ;
;       |carry_flag_logic:carry_logic|                    ; 3 (3)       ; 1            ; 0          ; 0    ; 0            ; 2 (2)        ; 0 (0)             ; 1 (1)            ; 0 (0)           ; 0 (0)      ; |MAXII_PicoBlaze|picoblaze:inst|carry_flag_logic:carry_logic                                              ;
;       |interrupt_logic:interrupt_control|               ; 2 (2)       ; 1            ; 0          ; 0    ; 0            ; 1 (1)        ; 0 (0)             ; 1 (1)            ; 0 (0)           ; 1 (1)      ; |MAXII_PicoBlaze|picoblaze:inst|interrupt_logic:interrupt_control                                         ;
;       |logical_bus_processing:logical_group|            ; 8 (8)       ; 8            ; 0          ; 0    ; 0            ; 0 (0)        ; 0 (0)             ; 8 (8)            ; 0 (0)           ; 0 (0)      ; |MAXII_PicoBlaze|picoblaze:inst|logical_bus_processing:logical_group                                      ;
;       |program_counter:prog_count|                      ; 39 (39)     ; 8            ; 0          ; 0    ; 0            ; 31 (31)      ; 0 (0)             ; 8 (8)            ; 9 (9)           ; 0 (0)      ; |MAXII_PicoBlaze|picoblaze:inst|program_counter:prog_count                                                ;
;       |register_and_flag_enable:reg_and_flag_enables|   ; 4 (4)       ; 3            ; 0          ; 0    ; 0            ; 1 (1)        ; 0 (0)             ; 3 (3)            ; 0 (0)           ; 0 (0)      ; |MAXII_PicoBlaze|picoblaze:inst|register_and_flag_enable:reg_and_flag_enables                             ;
;       |register_bank:data_registers|                    ; 93 (0)      ; 32           ; 0          ; 0    ; 0            ; 61 (0)       ; 0 (0)             ; 32 (0)           ; 0 (0)           ; 1 (0)      ; |MAXII_PicoBlaze|picoblaze:inst|register_bank:data_registers                                              ;
;          |ram_Nx1:bus_width_loop_0_data_register_bit|   ; 13 (13)     ; 4            ; 0          ; 0    ; 0            ; 9 (9)        ; 0 (0)             ; 4 (4)            ; 0 (0)           ; 0 (0)      ; |MAXII_PicoBlaze|picoblaze:inst|register_bank:data_registers|ram_Nx1:bus_width_loop_0_data_register_bit   ;
;          |ram_Nx1_1:bus_width_loop_3_data_register_bit| ; 11 (11)     ; 4            ; 0          ; 0    ; 0            ; 7 (7)        ; 0 (0)             ; 4 (4)            ; 0 (0)           ; 0 (0)      ; |MAXII_PicoBlaze|picoblaze:inst|register_bank:data_registers|ram_Nx1_1:bus_width_loop_3_data_register_bit ;
;          |ram_Nx1_2:bus_width_loop_2_data_register_bit| ; 10 (10)     ; 4            ; 0          ; 0    ; 0            ; 6 (6)        ; 0 (0)             ; 4 (4)            ; 0 (0)           ; 1 (1)      ; |MAXII_PicoBlaze|picoblaze:inst|register_bank:data_registers|ram_Nx1_2:bus_width_loop_2_data_register_bit ;
;          |ram_Nx1_3:bus_width_loop_1_data_register_bit| ; 11 (11)     ; 4            ; 0          ; 0    ; 0            ; 7 (7)        ; 0 (0)             ; 4 (4)            ; 0 (0)           ; 0 (0)      ; |MAXII_PicoBlaze|picoblaze:inst|register_bank:data_registers|ram_Nx1_3:bus_width_loop_1_data_register_bit ;
;          |ram_Nx1_4:bus_width_loop_4_data_register_bit| ; 11 (11)     ; 4            ; 0          ; 0    ; 0            ; 7 (7)        ; 0 (0)             ; 4 (4)            ; 0 (0)           ; 0 (0)      ; |MAXII_PicoBlaze|picoblaze:inst|register_bank:data_registers|ram_Nx1_4:bus_width_loop_4_data_register_bit ;
;          |ram_Nx1_5:bus_width_loop_7_data_register_bit| ; 11 (11)     ; 4            ; 0          ; 0    ; 0            ; 7 (7)        ; 0 (0)             ; 4 (4)            ; 0 (0)           ; 0 (0)      ; |MAXII_PicoBlaze|picoblaze:inst|register_bank:data_registers|ram_Nx1_5:bus_width_loop_7_data_register_bit ;
;          |ram_Nx1_6:bus_width_loop_6_data_register_bit| ; 11 (11)     ; 4            ; 0          ; 0    ; 0            ; 7 (7)        ; 0 (0)             ; 4 (4)            ; 0 (0)           ; 0 (0)      ; |MAXII_PicoBlaze|picoblaze:inst|register_bank:data_registers|ram_Nx1_6:bus_width_loop_6_data_register_bit ;
;          |ram_Nx1_7:bus_width_loop_5_data_register_bit| ; 15 (15)     ; 4            ; 0          ; 0    ; 0            ; 11 (11)      ; 0 (0)             ; 4 (4)            ; 0 (0)           ; 0 (0)      ; |MAXII_PicoBlaze|picoblaze:inst|register_bank:data_registers|ram_Nx1_7:bus_width_loop_5_data_register_bit ;
;       |shift_rotate:shift_group|                        ; 18 (18)     ; 9            ; 0          ; 0    ; 0            ; 9 (9)        ; 0 (0)             ; 9 (9)            ; 0 (0)           ; 0 (0)      ; |MAXII_PicoBlaze|picoblaze:inst|shift_rotate:shift_group                                                  ;
;       |stack_counter:stack_control|                     ; 5 (5)       ; 2            ; 0          ; 0    ; 0            ; 3 (3)        ; 0 (0)             ; 2 (2)            ; 0 (0)           ; 0 (0)      ; |MAXII_PicoBlaze|picoblaze:inst|stack_counter:stack_control                                               ;
;       |stack_ram:stack_memory|                          ; 44 (8)      ; 40           ; 0          ; 0    ; 0            ; 4 (0)        ; 24 (0)            ; 16 (8)           ; 0 (0)           ; 8 (0)      ; |MAXII_PicoBlaze|picoblaze:inst|stack_ram:stack_memory                                                    ;
;          |ram_x1s:bus_width_loop_0_stack_ram_bit|       ; 4 (4)       ; 4            ; 0          ; 0    ; 0            ; 0 (0)        ; 3 (3)             ; 1 (1)            ; 0 (0)           ; 1 (1)      ; |MAXII_PicoBlaze|picoblaze:inst|stack_ram:stack_memory|ram_x1s:bus_width_loop_0_stack_ram_bit             ;
;          |ram_x1s_1:bus_width_loop_3_stack_ram_bit|     ; 4 (4)       ; 4            ; 0          ; 0    ; 0            ; 0 (0)        ; 3 (3)             ; 1 (1)            ; 0 (0)           ; 1 (1)      ; |MAXII_PicoBlaze|picoblaze:inst|stack_ram:stack_memory|ram_x1s_1:bus_width_loop_3_stack_ram_bit           ;
;          |ram_x1s_2:bus_width_loop_2_stack_ram_bit|     ; 4 (4)       ; 4            ; 0          ; 0    ; 0            ; 0 (0)        ; 3 (3)             ; 1 (1)            ; 0 (0)           ; 1 (1)      ; |MAXII_PicoBlaze|picoblaze:inst|stack_ram:stack_memory|ram_x1s_2:bus_width_loop_2_stack_ram_bit           ;
;          |ram_x1s_3:bus_width_loop_1_stack_ram_bit|     ; 4 (4)       ; 4            ; 0          ; 0    ; 0            ; 0 (0)        ; 3 (3)             ; 1 (1)            ; 0 (0)           ; 1 (1)      ; |MAXII_PicoBlaze|picoblaze:inst|stack_ram:stack_memory|ram_x1s_3:bus_width_loop_1_stack_ram_bit           ;
;          |ram_x1s_4:bus_width_loop_4_stack_ram_bit|     ; 4 (4)       ; 4            ; 0          ; 0    ; 0            ; 0 (0)        ; 3 (3)             ; 1 (1)            ; 0 (0)           ; 1 (1)      ; |MAXII_PicoBlaze|picoblaze:inst|stack_ram:stack_memory|ram_x1s_4:bus_width_loop_4_stack_ram_bit           ;
;          |ram_x1s_5:bus_width_loop_7_stack_ram_bit|     ; 4 (4)       ; 4            ; 0          ; 0    ; 0            ; 0 (0)        ; 3 (3)             ; 1 (1)            ; 0 (0)           ; 1 (1)      ; |MAXII_PicoBlaze|picoblaze:inst|stack_ram:stack_memory|ram_x1s_5:bus_width_loop_7_stack_ram_bit           ;
;          |ram_x1s_6:bus_width_loop_6_stack_ram_bit|     ; 4 (4)       ; 4            ; 0          ; 0    ; 0            ; 0 (0)        ; 3 (3)             ; 1 (1)            ; 0 (0)           ; 1 (1)      ; |MAXII_PicoBlaze|picoblaze:inst|stack_ram:stack_memory|ram_x1s_6:bus_width_loop_6_stack_ram_bit           ;
;          |ram_x1s_7:bus_width_loop_5_stack_ram_bit|     ; 8 (8)       ; 4            ; 0          ; 0    ; 0            ; 4 (4)        ; 3 (3)             ; 1 (1)            ; 0 (0)           ; 1 (1)      ; |MAXII_PicoBlaze|picoblaze:inst|stack_ram:stack_memory|ram_x1s_7:bus_width_loop_5_stack_ram_bit           ;
;       |zero_flag_logic:zero_logic|                      ; 3 (3)       ; 1            ; 0          ; 0    ; 0            ; 2 (2)        ; 0 (0)             ; 1 (1)            ; 0 (0)           ; 0 (0)      ; |MAXII_PicoBlaze|picoblaze:inst|zero_flag_logic:zero_logic                                                ;
+---------------------------------------------------------+-------------+--------------+------------+------+--------------+--------------+-------------------+------------------+-----------------+------------+-----------------------------------------------------------------------------------------------------------+
Note: For table entries with two numbers listed, the numbers in parentheses indicate the number of resources of the given type used by the specific entity alone. The numbers listed outside of parentheses indicate the total resources of the given type used by the specific entity and all of its sub-entities in the hierarchy.


+------------------------------------+
; Delay Chain Summary                ;
+---------+----------+---------------+
; Name    ; Pin Type ; Pad to Core 0 ;
+---------+----------+---------------+
; reset_n ; Input    ; 1             ;
; clk     ; Input    ; 0             ;
; led[7]  ; Output   ; --            ;
; led[6]  ; Output   ; --            ;
; led[5]  ; Output   ; --            ;
; led[4]  ; Output   ; --            ;
; led[3]  ; Output   ; --            ;
; led[2]  ; Output   ; --            ;
; led[1]  ; Output   ; --            ;
; led[0]  ; Output   ; --            ;
+---------+----------+---------------+


+---------------------------------------------------------------------------------------------------------------------------------------------------------------------------------------------------+
; Control Signals                                                                                                                                                                                   ;
+--------------------------------------------------------------------------------------------------------+--------------+---------+--------------+--------+----------------------+------------------+
; Name                                                                                                   ; Location     ; Fan-Out ; Usage        ; Global ; Global Resource Used ; Global Line Name ;
+--------------------------------------------------------------------------------------------------------+--------------+---------+--------------+--------+----------------------+------------------+
; clk                                                                                                    ; PIN_89       ; 22      ; Clock        ; yes    ; Global Clock         ; GCLK2            ;
; clkdiv:inst17|s_clk                                                                                    ; LC_X9_Y4_N7  ; 132     ; Clock        ; yes    ; Global Clock         ; GCLK0            ;
; inst5                                                                                                  ; LC_X2_Y7_N5  ; 8       ; Clock enable ; no     ; --                   ; --               ;
; picoblaze:inst|T_state_and_Reset:basic_control|reset_delay2                                            ; LC_X10_Y7_N2 ; 16      ; Async. clear ; yes    ; Global Clock         ; GCLK1            ;
; picoblaze:inst|carry_flag_logic:carry_logic|g0_i_o4                                                    ; LC_X4_Y5_N8  ; 2       ; Clock enable ; no     ; --                   ; --               ;
; picoblaze:inst|program_counter:prog_count|g0_i_o4_6                                                    ; LC_X3_Y7_N6  ; 8       ; Clock enable ; no     ; --                   ; --               ;
; picoblaze:inst|register_bank:data_registers|ram_Nx1_7:bus_width_loop_5_data_register_bit|g0_i_o4_1_i   ; LC_X6_Y4_N7  ; 8       ; Clock enable ; no     ; --                   ; --               ;
; picoblaze:inst|register_bank:data_registers|ram_Nx1_7:bus_width_loop_5_data_register_bit|g0_i_o4_2_x_i ; LC_X11_Y4_N2 ; 8       ; Clock enable ; no     ; --                   ; --               ;
; picoblaze:inst|register_bank:data_registers|ram_Nx1_7:bus_width_loop_5_data_register_bit|g0_i_o4_6_x_i ; LC_X11_Y4_N8 ; 8       ; Clock enable ; no     ; --                   ; --               ;
; picoblaze:inst|register_bank:data_registers|ram_Nx1_7:bus_width_loop_5_data_register_bit|g0_i_o4_i     ; LC_X6_Y4_N0  ; 8       ; Clock enable ; no     ; --                   ; --               ;
; picoblaze:inst|stack_ram:stack_memory|ram_x1s_7:bus_width_loop_5_stack_ram_bit|g2_0_i                  ; LC_X3_Y4_N4  ; 8       ; Clock enable ; no     ; --                   ; --               ;
; picoblaze:inst|stack_ram:stack_memory|ram_x1s_7:bus_width_loop_5_stack_ram_bit|g2_1_i                  ; LC_X3_Y4_N9  ; 8       ; Clock enable ; no     ; --                   ; --               ;
; picoblaze:inst|stack_ram:stack_memory|ram_x1s_7:bus_width_loop_5_stack_ram_bit|g2_2_i                  ; LC_X5_Y4_N4  ; 8       ; Clock enable ; no     ; --                   ; --               ;
; picoblaze:inst|stack_ram:stack_memory|ram_x1s_7:bus_width_loop_5_stack_ram_bit|g2_3_i                  ; LC_X5_Y4_N7  ; 8       ; Clock enable ; no     ; --                   ; --               ;
; reset_n                                                                                                ; PIN_22       ; 32      ; Async. clear ; yes    ; Global Clock         ; GCLK3            ;
+--------------------------------------------------------------------------------------------------------+--------------+---------+--------------+--------+----------------------+------------------+


+--------------------------------------------------------------------------------------------------------------------------------+
; Global & Other Fast Signals                                                                                                    ;
+-------------------------------------------------------------+--------------+---------+----------------------+------------------+
; Name                                                        ; Location     ; Fan-Out ; Global Resource Used ; Global Line Name ;
+-------------------------------------------------------------+--------------+---------+----------------------+------------------+
; clk                                                         ; PIN_89       ; 22      ; Global Clock         ; GCLK2            ;
; clkdiv:inst17|s_clk                                         ; LC_X9_Y4_N7  ; 132     ; Global Clock         ; GCLK0            ;
; picoblaze:inst|T_state_and_Reset:basic_control|reset_delay2 ; LC_X10_Y7_N2 ; 16      ; Global Clock         ; GCLK1            ;
; reset_n                                                     ; PIN_22       ; 32      ; Global Clock         ; GCLK3            ;
+-------------------------------------------------------------+--------------+---------+----------------------+------------------+


+------------------------------------------------------------------------------------------------------------------------------------------+
; Non-Global High Fan-Out Signals                                                                                                          ;
+--------------------------------------------------------------------------------------------------------------------------------+---------+
; Name                                                                                                                           ; Fan-Out ;
+--------------------------------------------------------------------------------------------------------------------------------+---------+
; ROM_test:inst1|dout[8]                                                                                                         ; 51      ;
; ROM_test:inst1|dout[1]                                                                                                         ; 47      ;
; picoblaze:inst|stack_counter:stack_control|count_width_loop.1.register_bit.count_value_0                                       ; 21      ;
; ROM_test:inst1|dout[2]                                                                                                         ; 17      ;
; ROM_test:inst1|dout[15]                                                                                                        ; 16      ;
; picoblaze:inst|stack_counter:stack_control|count_width_loop.0.register_bit.count_value_0                                       ; 15      ;
; ROM_test:inst1|dout[11]                                                                                                        ; 14      ;
; picoblaze:inst|T_state_and_Reset:basic_control|internal_T_state                                                                ; 13      ;
; picoblaze:inst|register_and_flag_enable:reg_and_flag_enables|g2                                                                ; 11      ;
; picoblaze:inst|program_counter:prog_count|count_value_0                                                                        ; 10      ;
; picoblaze:inst|program_counter:prog_count|count_value_1                                                                        ; 10      ;
; picoblaze:inst|prog_count_count_value_1_sqmuxa_1                                                                               ; 10      ;
; picoblaze:inst|program_counter:prog_count|select_load_value                                                                    ; 9       ;
; picoblaze:inst|program_counter:prog_count|count_value_3                                                                        ; 9       ;
; picoblaze:inst|program_counter:prog_count|count_value_2                                                                        ; 9       ;
; picoblaze:inst|shift_rotate:shift_group|g1_1_x                                                                                 ; 9       ;
; picoblaze:inst|stack_ram:stack_memory|ram_x1s_7:bus_width_loop_5_stack_ram_bit|g2_1_i                                          ; 8       ;
; picoblaze:inst|stack_ram:stack_memory|ram_x1s_7:bus_width_loop_5_stack_ram_bit|g2_0_i                                          ; 8       ;
; picoblaze:inst|stack_ram:stack_memory|ram_x1s_7:bus_width_loop_5_stack_ram_bit|g2_2_i                                          ; 8       ;
; picoblaze:inst|stack_ram:stack_memory|ram_x1s_7:bus_width_loop_5_stack_ram_bit|g2_3_i                                          ; 8       ;
; picoblaze:inst|arithmetic_process:arithmetic_group|addsub8:add_sub_module|g0_0_o2_0_x                                          ; 8       ;
; picoblaze:inst|register_bank:data_registers|ram_Nx1_7:bus_width_loop_5_data_register_bit|g0_i_o4_i                             ; 8       ;
; picoblaze:inst|register_bank:data_registers|ram_Nx1_7:bus_width_loop_5_data_register_bit|g0_i_o4_1_i                           ; 8       ;
; picoblaze:inst|register_bank:data_registers|ram_Nx1_7:bus_width_loop_5_data_register_bit|g0_i_o4_2_x_i                         ; 8       ;
; picoblaze:inst|register_bank:data_registers|ram_Nx1_7:bus_width_loop_5_data_register_bit|g0_i_o4_6_x_i                         ; 8       ;
; picoblaze:inst|program_counter:prog_count|g0_i_o4_6                                                                            ; 8       ;
; clkdiv:inst17|Equal0~210                                                                                                       ; 8       ;
; clkdiv:inst17|Equal0~209                                                                                                       ; 8       ;
; clkdiv:inst17|Add0~312                                                                                                         ; 8       ;
; picoblaze:inst|shift_rotate:shift_group|g1_x                                                                                   ; 8       ;
; inst5                                                                                                                          ; 8       ;
; picoblaze:inst|arithmetic_process:arithmetic_group|addsub8:add_sub_module|bus_width_loop_4_mid_carry_carry_chain_9_u_s_1_o2[4] ; 7       ;
; picoblaze:inst|program_counter:prog_count|normal_count_1_0_x                                                                   ; 7       ;
; picoblaze:inst|shift_rotate:shift_group|g1_2_x                                                                                 ; 7       ;
; picoblaze:inst|shift_rotate:shift_group|g1_4_x                                                                                 ; 7       ;
; picoblaze:inst|arithmetic_process:arithmetic_group|addsub8:add_sub_module|g0_0_x2_1_xx_mm_a                                    ; 6       ;
; picoblaze:inst|program_counter:prog_count|count_value_4                                                                        ; 6       ;
; picoblaze:inst|program_counter:prog_count|count_value_5                                                                        ; 6       ;
; picoblaze:inst|program_counter:prog_count|count_value_6                                                                        ; 6       ;
; picoblaze:inst|program_counter:prog_count|count_value_7                                                                        ; 6       ;
; picoblaze:inst|shift_rotate:shift_group|g2_3_x                                                                                 ; 6       ;
; picoblaze:inst|arithmetic_process:arithmetic_group|addsub8:add_sub_module|g0_0_o2_2_x                                          ; 5       ;
; picoblaze:inst|arithmetic_process:arithmetic_group|addsub8:add_sub_module|half_addsub_1_x[6]                                   ; 5       ;
; picoblaze:inst|register_bank:data_registers|ram_Nx1:bus_width_loop_0_data_register_bit|g2_6_1                                  ; 5       ;
; picoblaze:inst|ALU_loop_0_un8_alu_result_x                                                                                     ; 5       ;
; picoblaze:inst|register_bank:data_registers|ram_Nx1_3:bus_width_loop_1_data_register_bit|g2_6_1                                ; 5       ;
; picoblaze:inst|ALU_loop_1_un27_alu_result_x                                                                                    ; 5       ;
; picoblaze:inst|register_bank:data_registers|ram_Nx1_2:bus_width_loop_2_data_register_bit|g2_6_1                                ; 5       ;
; picoblaze:inst|ALU_loop_2_un48_alu_result_x                                                                                    ; 5       ;
; picoblaze:inst|register_bank:data_registers|ram_Nx1_1:bus_width_loop_3_data_register_bit|g2_6_1                                ; 5       ;
+--------------------------------------------------------------------------------------------------------------------------------+---------+


+---------------------------------------------------+
; Interconnect Usage Summary                        ;
+----------------------------+----------------------+
; Interconnect Resource Type ; Usage                ;
+----------------------------+----------------------+
; C4s                        ; 197 / 1,624 ( 12 % ) ;
; Direct links               ; 57 / 1,930 ( 3 % )   ;
; Global clocks              ; 4 / 4 ( 100 % )      ;
; LAB clocks                 ; 25 / 56 ( 45 % )     ;
; LUT chains                 ; 50 / 513 ( 10 % )    ;
; Local interconnects        ; 450 / 1,930 ( 23 % ) ;
; R4s                        ; 296 / 1,472 ( 20 % ) ;
+----------------------------+----------------------+


+---------------------------------------------------------------------------+
; LAB Logic Elements                                                        ;
+--------------------------------------------+------------------------------+
; Number of Logic Elements  (Average = 7.74) ; Number of LABs  (Total = 47) ;
+--------------------------------------------+------------------------------+
; 1                                          ; 6                            ;
; 2                                          ; 0                            ;
; 3                                          ; 2                            ;
; 4                                          ; 1                            ;
; 5                                          ; 1                            ;
; 6                                          ; 1                            ;
; 7                                          ; 1                            ;
; 8                                          ; 5                            ;
; 9                                          ; 10                           ;
; 10                                         ; 20                           ;
+--------------------------------------------+------------------------------+


+-------------------------------------------------------------------+
; LAB-wide Signals                                                  ;
+------------------------------------+------------------------------+
; LAB-wide Signals  (Average = 1.64) ; Number of LABs  (Total = 47) ;
+------------------------------------+------------------------------+
; 1 Async. clear                     ; 12                           ;
; 1 Clock                            ; 42                           ;
; 1 Clock enable                     ; 16                           ;
; 2 Clock enables                    ; 6                            ;
; 2 Clocks                           ; 1                            ;
+------------------------------------+------------------------------+


+----------------------------------------------------------------------------+
; LAB Signals Sourced                                                        ;
+---------------------------------------------+------------------------------+
; Number of Signals Sourced  (Average = 7.77) ; Number of LABs  (Total = 47) ;
+---------------------------------------------+------------------------------+
; 0                                           ; 0                            ;
; 1                                           ; 6                            ;
; 2                                           ; 0                            ;
; 3                                           ; 2                            ;
; 4                                           ; 1                            ;
; 5                                           ; 1                            ;
; 6                                           ; 1                            ;
; 7                                           ; 1                            ;
; 8                                           ; 5                            ;
; 9                                           ; 10                           ;
; 10                                          ; 19                           ;
; 11                                          ; 1                            ;
+---------------------------------------------+------------------------------+


+--------------------------------------------------------------------------------+
; LAB Signals Sourced Out                                                        ;
+-------------------------------------------------+------------------------------+
; Number of Signals Sourced Out  (Average = 4.40) ; Number of LABs  (Total = 47) ;
+-------------------------------------------------+------------------------------+
; 0                                               ; 0                            ;
; 1                                               ; 6                            ;
; 2                                               ; 8                            ;
; 3                                               ; 5                            ;
; 4                                               ; 9                            ;
; 5                                               ; 5                            ;
; 6                                               ; 3                            ;
; 7                                               ; 2                            ;
; 8                                               ; 5                            ;
; 9                                               ; 3                            ;
; 10                                              ; 1                            ;
+-------------------------------------------------+------------------------------+


+----------------------------------------------------------------------------+
; LAB Distinct Inputs                                                        ;
+---------------------------------------------+------------------------------+
; Number of Distinct Inputs  (Average = 9.70) ; Number of LABs  (Total = 47) ;
+---------------------------------------------+------------------------------+
; 0                                           ; 0                            ;
; 1                                           ; 0                            ;
; 2                                           ; 1                            ;
; 3                                           ; 7                            ;
; 4                                           ; 3                            ;
; 5                                           ; 0                            ;
; 6                                           ; 1                            ;
; 7                                           ; 1                            ;
; 8                                           ; 4                            ;
; 9                                           ; 6                            ;
; 10                                          ; 4                            ;
; 11                                          ; 3                            ;
; 12                                          ; 2                            ;
; 13                                          ; 1                            ;
; 14                                          ; 6                            ;
; 15                                          ; 4                            ;
; 16                                          ; 1                            ;
; 17                                          ; 2                            ;
; 18                                          ; 1                            ;
+---------------------------------------------+------------------------------+


+--------------------------------------------------------------------+
; Fitter Device Options                                              ;
+----------------------------------------------+---------------------+
; Option                                       ; Setting             ;
+----------------------------------------------+---------------------+
; Enable user-supplied start-up clock (CLKUSR) ; Off                 ;
; Enable device-wide reset (DEV_CLRn)          ; Off                 ;
; Enable device-wide output enable (DEV_OE)    ; Off                 ;
; Enable INIT_DONE output                      ; Off                 ;
; Configuration scheme                         ; Passive Serial      ;
; Reserve all unused pins                      ; As input tri-stated ;
; Base pin-out file on sameframe device        ; Off                 ;
+----------------------------------------------+---------------------+


+----------------------------+
; Advanced Data - General    ;
+--------------------+-------+
; Name               ; Value ;
+--------------------+-------+
; Status Code        ; 0     ;
; Desired User Slack ; 0     ;
; Fit Attempts       ; 1     ;
+--------------------+-------+


+----------------------------------------------------------------------------------------------------+
; Advanced Data - Placement Preparation                                                              ;
+--------------------------------------------------------------------------------+-------------------+
; Name                                                                           ; Value             ;
+--------------------------------------------------------------------------------+-------------------+
; Mid Wire Use - Fit Attempt 1                                                   ; 37                ;
; Mid Slack - Fit Attempt 1                                                      ; -14483            ;
; Internal Atom Count - Fit Attempt 1                                            ; 364               ;
; LE/ALM Count - Fit Attempt 1                                                   ; 364               ;
; LAB Count - Fit Attempt 1                                                      ; 47                ;
; Outputs per Lab - Fit Attempt 1                                                ; 4.404             ;
; Inputs per LAB - Fit Attempt 1                                                 ; 8.511             ;
; Global Inputs per LAB - Fit Attempt 1                                          ; 1.191             ;
; LAB Constraint 'non-global clock / CE pair + async load' - Fit Attempt 1       ; 0:47              ;
; LAB Constraint 'ce + sync load' - Fit Attempt 1                                ; 0:21;1:17;2:9     ;
; LAB Constraint 'non-global controls' - Fit Attempt 1                           ; 0:21;1:17;2:9     ;
; LAB Constraint 'un-route combination' - Fit Attempt 1                          ; 0:21;1:17;2:9     ;
; LAB Constraint 'non-global with asyn_clear' - Fit Attempt 1                    ; 0:10;1:27;2:10    ;
; LAB Constraint 'un-route with async_clear' - Fit Attempt 1                     ; 0:10;1:27;2:10    ;
; LAB Constraint 'non-global async clear + sync clear' - Fit Attempt 1           ; 0:47              ;
; LAB Constraint 'global non-clock/non-asynch_clear' - Fit Attempt 1             ; 0:47              ;
; LAB Constraint 'ygr_cl_ngclk_gclkce_sload_aload_constraint' - Fit Attempt 1    ; 0:21;1:26         ;
; LAB Constraint 'global control signals' - Fit Attempt 1                        ; 0:4;1:31;2:11;3:1 ;
; LAB Constraint 'clock / ce pair constraint' - Fit Attempt 1                    ; 0:4;1:20;2:23     ;
; LAB Constraint 'aload_aclr pair with aload used' - Fit Attempt 1               ; 0:47              ;
; LAB Constraint 'aload_aclr pair' - Fit Attempt 1                               ; 0:4;1:41;2:2      ;
; LAB Constraint 'sload_sclear pair' - Fit Attempt 1                             ; 0:41;1:6          ;
; LAB Constraint 'invert_a constraint' - Fit Attempt 1                           ; 0:12;1:35         ;
; LAB Constraint 'has placement constraint' - Fit Attempt 1                      ; 0:44;1:3          ;
; LAB Constraint 'use of ADATA or SDATA by registers constraint' - Fit Attempt 1 ; 0:47              ;
; LEs in Chains - Fit Attempt 1                                                  ; 30                ;
; LEs in Long Chains - Fit Attempt 1                                             ; 21                ;
; LABs with Chains - Fit Attempt 1                                               ; 5                 ;
; LABs with Multiple Chains - Fit Attempt 1                                      ; 0                 ;
; Time - Fit Attempt 1                                                           ; 2                 ;
; Time in tsm_tan.dll - Fit Attempt 1                                            ; 0.015             ;
+--------------------------------------------------------------------------------+-------------------+


+----------------------------------------------+
; Advanced Data - Placement                    ;
+-------------------------------------+--------+
; Name                                ; Value  ;
+-------------------------------------+--------+
; Auto Fit Point 2 - Fit Attempt 1    ; ff     ;
; Early Wire Use - Fit Attempt 1      ; 10     ;
; Early Slack - Fit Attempt 1         ; -17942 ;
; Auto Fit Point 3 - Fit Attempt 1    ; ff     ;
; Auto Fit Point 4 - Fit Attempt 1    ; ff     ;
; Mid Wire Use - Fit Attempt 1        ; 20     ;
; Mid Slack - Fit Attempt 1           ; -15462 ;
; Late Wire Use - Fit Attempt 1       ; 23     ;
; Late Slack - Fit Attempt 1          ; -15462 ;
; Peak Regional Wire - Fit Attempt 1  ; 0.000  ;
; Auto Fit Point 5 - Fit Attempt 1    ; ff     ;
; Time - Fit Attempt 1                ; 0      ;
; Time in tsm_tan.dll - Fit Attempt 1 ; 0.031  ;
+-------------------------------------+--------+


+----------------------------------------------+
; Advanced Data - Routing                      ;
+-------------------------------------+--------+
; Name                                ; Value  ;
+-------------------------------------+--------+
; Early Slack - Fit Attempt 1         ; -12543 ;
; Early Wire Use - Fit Attempt 1      ; 19     ;
; Peak Regional Wire - Fit Attempt 1  ; 18     ;
; Mid Slack - Fit Attempt 1           ; -13209 ;
; Late Slack - Fit Attempt 1          ; -13209 ;
; Late Wire Use - Fit Attempt 1       ; 21     ;
; Time - Fit Attempt 1                ; 1      ;
; Time in tsm_tan.dll - Fit Attempt 1 ; 0.189  ;
+-------------------------------------+--------+


+-----------------+
; Fitter Messages ;
+-----------------+
Info: *******************************************************************
Info: Running Quartus II Fitter
    Info: Version 7.0 Build 33 02/05/2007 SJ Full Version
    Info: Processing started: Mon Jun 02 10:25:03 2008
Info: Command: quartus_fit --read_settings_files=off --write_settings_files=off MAXII_PicoBlaze -c MAXII_PicoBlaze
Info: Selected device EPM570T144C5 for design "MAXII_PicoBlaze"
Info: Fitter is performing an Auto Fit compilation, which may decrease Fitter effort to reduce compilation time
Info: Device migration not selected. If you intend to use device migration later, you may need to change the pin assignments as they may be incompatible with other devices
    Info: Device EPM570T144I5 is compatible
    Info: Device EPM1270T144C5 is compatible
    Info: Device EPM1270T144I5 is compatible
Info: Fitter is using the Classic Timing Analyzer
Info: Timing requirements not specified -- optimizing circuit to achieve the following default global requirements
    Info: Assuming a global fmax requirement of 1000 MHz
    Info: Assuming a global tsu requirement of 2.0 ns
    Info: Assuming a global tco requirement of 1.0 ns
    Info: Assuming a global tpd requirement of 1.0 ns
Info: Completed User Assigned Global Signals Promotion Operation
Info: Automatically promoted signal "clk" to use Global clock in PIN 89
Info: Automatically promoted some destinations of signal "clkdiv:inst17|s_clk" to use Global clock
    Info: Destination "clkdiv:inst17|s_clk" may be non-global or may not use global clock
Info: Automatically promoted some destinations of signal "reset_n" to use Global clock
    Info: Destination "picoblaze:inst|T_state_and_Reset:basic_control|reset_delay2_Z" may be non-global or may not use global clock
    Info: Destination "picoblaze:inst|T_state_and_Reset:basic_control|reset_delay1_Z" may be non-global or may not use global clock
Info: Pin "reset_n" drives global clock, but is not placed in a dedicated clock pin position
Info: Automatically promoted some destinations of signal "picoblaze:inst|T_state_and_Reset:basic_control|reset_delay2" to use Global clock
    Info: Destination "picoblaze:inst|retprog_count_count_value_1_sqmuxa_1" may be non-global or may not use global clock
    Info: Destination "picoblaze:inst|program_counter:prog_count|count_value_7__Z" may be non-global or may not use global clock
    Info: Destination "picoblaze:inst|program_counter:prog_count|count_value_6__Z" may be non-global or may not use global clock
    Info: Destination "picoblaze:inst|program_counter:prog_count|count_value_5__Z" may be non-global or may not use global clock
    Info: Destination "picoblaze:inst|program_counter:prog_count|count_value_4__Z" may be non-global or may not use global clock
    Info: Destination "picoblaze:inst|program_counter:prog_count|count_value_3__Z" may be non-global or may not use global clock
    Info: Destination "picoblaze:inst|program_counter:prog_count|count_value_2__Z" may be non-global or may not use global clock
    Info: Destination "picoblaze:inst|program_counter:prog_count|count_value_1__Z" may be non-global or may not use global clock
    Info: Destination "picoblaze:inst|program_counter:prog_count|count_value_0__Z" may be non-global or may not use global clock
    Info: Destination "picoblaze:inst|T_state_and_Reset:basic_control|internal_T_state_Z" may be non-global or may not use global clock
    Info: Limited to 10 non-global destinations
Info: Completed Auto Global Promotion Operation
Info: Starting register packing
Info: Fitter is using Normal packing mode for logic elements with Auto setting for Auto Packed Registers logic option
Info: Started processing fast register assignments
Info: Finished processing fast register assignments
Info: Finished register packing: elapsed time is 00:00:00
Info: Fitter placement preparation operations beginning
Info: Fitter placement preparation operations ending: elapsed time is 00:00:02
Info: Fitter placement operations beginning
Info: Fitter placement was successful
Info: Fitter placement operations ending: elapsed time is 00:00:00
Info: Estimated most critical path is register to register delay of 13.626 ns
    Info: 1: + IC(0.000 ns) + CELL(0.000 ns) = 0.000 ns; Loc. = LAB_X1_Y5; Fanout = 3; REG Node = 'picoblaze:inst|zero_flag_logic:zero_logic|zero_flag'
    Info: 2: + IC(3.126 ns) + CELL(0.511 ns) = 3.637 ns; Loc. = LAB_X7_Y6; Fanout = 1; COMB Node = 'picoblaze:inst|flag_condition_met_1_2_x2_x'
    Info: 3: + IC(2.042 ns) + CELL(0.200 ns) = 5.879 ns; Loc. = LAB_X5_Y6; Fanout = 7; COMB Node = 'picoblaze:inst|program_counter:prog_count|normal_count_1_0_x'
    Info: 4: + IC(2.086 ns) + CELL(0.200 ns) = 8.165 ns; Loc. = LAB_X5_Y5; Fanout = 5; COMB Node = 'picoblaze:inst|program_counter:prog_count|un1_stack_value[5]'
    Info: 5: + IC(2.079 ns) + CELL(0.747 ns) = 10.991 ns; Loc. = LAB_X6_Y7; Fanout = 2; COMB Node = 'picoblaze:inst|program_counter:prog_count|un1_stack_value_1_cout[1]'
    Info: 6: + IC(0.000 ns) + CELL(0.123 ns) = 11.114 ns; Loc. = LAB_X6_Y7; Fanout = 2; COMB Node = 'picoblaze:inst|program_counter:prog_count|un1_stack_value_1_cout[3]'
    Info: 7: + IC(0.000 ns) + CELL(0.123 ns) = 11.237 ns; Loc. = LAB_X6_Y7; Fanout = 1; COMB Node = 'picoblaze:inst|program_counter:prog_count|un1_stack_value_1_cout[5]'
    Info: 8: + IC(0.000 ns) + CELL(0.815 ns) = 12.052 ns; Loc. = LAB_X6_Y7; Fanout = 1; COMB Node = 'picoblaze:inst|program_counter:prog_count|un1_stack_value_1_combout[7]'
    Info: 9: + IC(0.983 ns) + CELL(0.591 ns) = 13.626 ns; Loc. = LAB_X6_Y7; Fanout = 6; REG Node = 'picoblaze:inst|program_counter:prog_count|count_value_7'
    Info: Total cell delay = 3.310 ns ( 24.29 % )
    Info: Total interconnect delay = 10.316 ns ( 75.71 % )
Info: Fitter routing operations beginning
Info: Average interconnect usage is 17% of the available device resources. Peak interconnect usage is 17%
    Info: The peak interconnect region extends from location X0_Y0 to location X13_Y8
Info: Fitter routing operations ending: elapsed time is 00:00:01
Info: The Fitter performed an Auto Fit compilation.  Optimizations were skipped to reduce compilation time.
    Info: Optimizations that may affect the design's routability were skipped
    Info: Optimizations that may affect the design's timing were skipped
Info: Quartus II Fitter was successful. 0 errors, 0 warnings
    Info: Allocated 157 megabytes of memory during processing
    Info: Processing ended: Mon Jun 02 10:25:08 2008
    Info: Elapsed time: 00:00:05


+----------------------------+
; Fitter Suppressed Messages ;
+----------------------------+
The suppressed messages can be found in C:/altera/work/MAXII_PicoBlaze1/MAXII_PicoBlaze.fit.smsg.


