Classic Timing Analyzer report for IrDX_Receive
Mon Nov 28 08:56:58 2011
Quartus II Version 7.2 Build 151 09/26/2007 SJ Full Version


---------------------
; Table of Contents ;
---------------------
  1. Legal Notice
  2. Timing Analyzer Summary
  3. Timing Analyzer Settings
  4. Clock Settings Summary
  5. Clock Setup: 'clk'
  6. tsu
  7. tco
  8. th
  9. Timing Analyzer Messages



----------------
; Legal Notice ;
----------------
Copyright (C) 1991-2007 Altera Corporation
Your use of Altera Corporation's design tools, logic functions 
and other software and tools, and its AMPP partner logic 
functions, and any output files from any of the foregoing 
(including device programming or simulation files), and any 
associated documentation or information are expressly subject 
to the terms and conditions of the Altera Program License 
Subscription Agreement, Altera MegaCore Function License 
Agreement, or other applicable license agreement, including, 
without limitation, that your use is for the sole purpose of 
programming logic devices manufactured by Altera and sold by 
Altera or its authorized distributors.  Please refer to the 
applicable agreement for further details.



+------------------------------------------------------------------------------------------------------------------------------------------------------------------------------------------------+
; Timing Analyzer Summary                                                                                                                                                                        ;
+------------------------------+-------+---------------+----------------------------------+--------------------------------+------------------------------+------------+----------+--------------+
; Type                         ; Slack ; Required Time ; Actual Time                      ; From                           ; To                           ; From Clock ; To Clock ; Failed Paths ;
+------------------------------+-------+---------------+----------------------------------+--------------------------------+------------------------------+------------+----------+--------------+
; Worst-case tsu               ; N/A   ; None          ; 1.424 ns                         ; rst_n                          ; irda_check:inst1|get_data[2] ; --         ; clk      ; 0            ;
; Worst-case tco               ; N/A   ; None          ; 22.736 ns                        ; irda_check:inst1|irda_data[10] ; HC_SI                        ; clk        ; --       ; 0            ;
; Worst-case th                ; N/A   ; None          ; 2.657 ns                         ; rst_n                          ; irda_check:inst1|irda_reg1   ; --         ; clk      ; 0            ;
; Clock Setup: 'clk'           ; N/A   ; None          ; 98.16 MHz ( period = 10.187 ns ) ; irda_check:inst1|irda_reg1     ; irda_check:inst1|cs.IDLE     ; clk        ; clk      ; 0            ;
; Total number of failed paths ;       ;               ;                                  ;                                ;                              ;            ;          ; 0            ;
+------------------------------+-------+---------------+----------------------------------+--------------------------------+------------------------------+------------+----------+--------------+


+---------------------------------------------------------------------------------------------------------------+
; Timing Analyzer Settings                                                                                      ;
+----------------------------------------------------------------+--------------------+------+----+-------------+
; Option                                                         ; Setting            ; From ; To ; Entity Name ;
+----------------------------------------------------------------+--------------------+------+----+-------------+
; Device Name                                                    ; EPM240T100C5       ;      ;    ;             ;
; Timing Models                                                  ; Final              ;      ;    ;             ;
; Default hold multicycle                                        ; Same as Multicycle ;      ;    ;             ;
; Cut paths between unrelated clock domains                      ; On                 ;      ;    ;             ;
; Cut off read during write signal paths                         ; On                 ;      ;    ;             ;
; Cut off feedback from I/O pins                                 ; On                 ;      ;    ;             ;
; Report Combined Fast/Slow Timing                               ; Off                ;      ;    ;             ;
; Ignore Clock Settings                                          ; Off                ;      ;    ;             ;
; Analyze latches as synchronous elements                        ; On                 ;      ;    ;             ;
; Enable Recovery/Removal analysis                               ; Off                ;      ;    ;             ;
; Enable Clock Latency                                           ; Off                ;      ;    ;             ;
; Use TimeQuest Timing Analyzer                                  ; Off                ;      ;    ;             ;
; Number of source nodes to report per destination node          ; 10                 ;      ;    ;             ;
; Number of destination nodes to report                          ; 10                 ;      ;    ;             ;
; Number of paths to report                                      ; 200                ;      ;    ;             ;
; Report Minimum Timing Checks                                   ; Off                ;      ;    ;             ;
; Use Fast Timing Models                                         ; Off                ;      ;    ;             ;
; Report IO Paths Separately                                     ; Off                ;      ;    ;             ;
; Perform Multicorner Analysis                                   ; Off                ;      ;    ;             ;
; Reports the worst-case path for each clock domain and analysis ; Off                ;      ;    ;             ;
+----------------------------------------------------------------+--------------------+------+----+-------------+


+------------------------------------------------------------------------------------------------------------------------------------------------------------------------------------+
; Clock Settings Summary                                                                                                                                                             ;
+-----------------+--------------------+----------+------------------+---------------+--------------+----------+-----------------------+---------------------+--------+--------------+
; Clock Node Name ; Clock Setting Name ; Type     ; Fmax Requirement ; Early Latency ; Late Latency ; Based on ; Multiply Base Fmax by ; Divide Base Fmax by ; Offset ; Phase offset ;
+-----------------+--------------------+----------+------------------+---------------+--------------+----------+-----------------------+---------------------+--------+--------------+
; clk             ;                    ; User Pin ; None             ; 0.000 ns      ; 0.000 ns     ; --       ; N/A                   ; N/A                 ; N/A    ;              ;
+-----------------+--------------------+----------+------------------+---------------+--------------+----------+-----------------------+---------------------+--------+--------------+


+------------------------------------------------------------------------------------------------------------------------------------------------------------------------------------------------------------------------------------------------------------------------------+
; Clock Setup: 'clk'                                                                                                                                                                                                                                                           ;
+-----------------------------------------+-----------------------------------------------------+-------------------------------+----------------------------------+------------+----------+-----------------------------+---------------------------+-------------------------+
; Slack                                   ; Actual fmax (period)                                ; From                          ; To                               ; From Clock ; To Clock ; Required Setup Relationship ; Required Longest P2P Time ; Actual Longest P2P Time ;
+-----------------------------------------+-----------------------------------------------------+-------------------------------+----------------------------------+------------+----------+-----------------------------+---------------------------+-------------------------+
; N/A                                     ; 98.16 MHz ( period = 10.187 ns )                    ; irda_check:inst1|irda_reg1    ; irda_check:inst1|cs.IDLE         ; clk        ; clk      ; None                        ; None                      ; 9.478 ns                ;
; N/A                                     ; 99.65 MHz ( period = 10.035 ns )                    ; irda_check:inst1|data_cnt[1]  ; irda_check:inst1|cs.IDLE         ; clk        ; clk      ; None                        ; None                      ; 9.326 ns                ;
; N/A                                     ; 100.92 MHz ( period = 9.909 ns )                    ; irda_check:inst1|data_cnt[0]  ; irda_check:inst1|cs.IDLE         ; clk        ; clk      ; None                        ; None                      ; 9.200 ns                ;
; N/A                                     ; 105.13 MHz ( period = 9.512 ns )                    ; irda_check:inst1|data_cnt[2]  ; irda_check:inst1|cs.IDLE         ; clk        ; clk      ; None                        ; None                      ; 8.803 ns                ;
; N/A                                     ; 106.91 MHz ( period = 9.354 ns )                    ; irda_check:inst1|irda_reg1    ; irda_check:inst1|irda_data[8]    ; clk        ; clk      ; None                        ; None                      ; 8.645 ns                ;
; N/A                                     ; 106.91 MHz ( period = 9.354 ns )                    ; irda_check:inst1|irda_reg1    ; irda_check:inst1|irda_data[0]    ; clk        ; clk      ; None                        ; None                      ; 8.645 ns                ;
; N/A                                     ; 106.91 MHz ( period = 9.354 ns )                    ; irda_check:inst1|irda_reg1    ; irda_check:inst1|irda_data[11]   ; clk        ; clk      ; None                        ; None                      ; 8.645 ns                ;
; N/A                                     ; 106.91 MHz ( period = 9.354 ns )                    ; irda_check:inst1|irda_reg1    ; irda_check:inst1|irda_data[7]    ; clk        ; clk      ; None                        ; None                      ; 8.645 ns                ;
; N/A                                     ; 106.91 MHz ( period = 9.354 ns )                    ; irda_check:inst1|irda_reg1    ; irda_check:inst1|irda_data[9]    ; clk        ; clk      ; None                        ; None                      ; 8.645 ns                ;
; N/A                                     ; 106.91 MHz ( period = 9.354 ns )                    ; irda_check:inst1|irda_reg1    ; irda_check:inst1|irda_data[13]   ; clk        ; clk      ; None                        ; None                      ; 8.645 ns                ;
; N/A                                     ; 106.91 MHz ( period = 9.354 ns )                    ; irda_check:inst1|irda_reg1    ; irda_check:inst1|irda_data[1]    ; clk        ; clk      ; None                        ; None                      ; 8.645 ns                ;
; N/A                                     ; 106.91 MHz ( period = 9.354 ns )                    ; irda_check:inst1|irda_reg1    ; irda_check:inst1|irda_data[6]    ; clk        ; clk      ; None                        ; None                      ; 8.645 ns                ;
; N/A                                     ; 108.52 MHz ( period = 9.215 ns )                    ; irda_check:inst1|counter[4]   ; irda_check:inst1|counter2[5]     ; clk        ; clk      ; None                        ; None                      ; 8.506 ns                ;
; N/A                                     ; 108.52 MHz ( period = 9.215 ns )                    ; irda_check:inst1|counter[4]   ; irda_check:inst1|counter2[8]     ; clk        ; clk      ; None                        ; None                      ; 8.506 ns                ;
; N/A                                     ; 108.52 MHz ( period = 9.215 ns )                    ; irda_check:inst1|counter[4]   ; irda_check:inst1|counter2[6]     ; clk        ; clk      ; None                        ; None                      ; 8.506 ns                ;
; N/A                                     ; 108.52 MHz ( period = 9.215 ns )                    ; irda_check:inst1|counter[4]   ; irda_check:inst1|counter2[7]     ; clk        ; clk      ; None                        ; None                      ; 8.506 ns                ;
; N/A                                     ; 108.67 MHz ( period = 9.202 ns )                    ; irda_check:inst1|data_cnt[1]  ; irda_check:inst1|irda_data[8]    ; clk        ; clk      ; None                        ; None                      ; 8.493 ns                ;
; N/A                                     ; 108.67 MHz ( period = 9.202 ns )                    ; irda_check:inst1|data_cnt[1]  ; irda_check:inst1|irda_data[0]    ; clk        ; clk      ; None                        ; None                      ; 8.493 ns                ;
; N/A                                     ; 108.67 MHz ( period = 9.202 ns )                    ; irda_check:inst1|data_cnt[1]  ; irda_check:inst1|irda_data[11]   ; clk        ; clk      ; None                        ; None                      ; 8.493 ns                ;
; N/A                                     ; 108.67 MHz ( period = 9.202 ns )                    ; irda_check:inst1|data_cnt[1]  ; irda_check:inst1|irda_data[7]    ; clk        ; clk      ; None                        ; None                      ; 8.493 ns                ;
; N/A                                     ; 108.67 MHz ( period = 9.202 ns )                    ; irda_check:inst1|data_cnt[1]  ; irda_check:inst1|irda_data[9]    ; clk        ; clk      ; None                        ; None                      ; 8.493 ns                ;
; N/A                                     ; 108.67 MHz ( period = 9.202 ns )                    ; irda_check:inst1|data_cnt[1]  ; irda_check:inst1|irda_data[13]   ; clk        ; clk      ; None                        ; None                      ; 8.493 ns                ;
; N/A                                     ; 108.67 MHz ( period = 9.202 ns )                    ; irda_check:inst1|data_cnt[1]  ; irda_check:inst1|irda_data[1]    ; clk        ; clk      ; None                        ; None                      ; 8.493 ns                ;
; N/A                                     ; 108.67 MHz ( period = 9.202 ns )                    ; irda_check:inst1|data_cnt[1]  ; irda_check:inst1|irda_data[6]    ; clk        ; clk      ; None                        ; None                      ; 8.493 ns                ;
; N/A                                     ; 109.82 MHz ( period = 9.106 ns )                    ; irda_check:inst1|counter[7]   ; irda_check:inst1|counter2[5]     ; clk        ; clk      ; None                        ; None                      ; 8.397 ns                ;
; N/A                                     ; 109.82 MHz ( period = 9.106 ns )                    ; irda_check:inst1|counter[7]   ; irda_check:inst1|counter2[8]     ; clk        ; clk      ; None                        ; None                      ; 8.397 ns                ;
; N/A                                     ; 109.82 MHz ( period = 9.106 ns )                    ; irda_check:inst1|counter[7]   ; irda_check:inst1|counter2[6]     ; clk        ; clk      ; None                        ; None                      ; 8.397 ns                ;
; N/A                                     ; 109.82 MHz ( period = 9.106 ns )                    ; irda_check:inst1|counter[7]   ; irda_check:inst1|counter2[7]     ; clk        ; clk      ; None                        ; None                      ; 8.397 ns                ;
; N/A                                     ; 109.83 MHz ( period = 9.105 ns )                    ; irda_check:inst1|irda_reg1    ; irda_check:inst1|irda_data[4]    ; clk        ; clk      ; None                        ; None                      ; 8.396 ns                ;
; N/A                                     ; 109.83 MHz ( period = 9.105 ns )                    ; irda_check:inst1|irda_reg1    ; irda_check:inst1|irda_data[15]   ; clk        ; clk      ; None                        ; None                      ; 8.396 ns                ;
; N/A                                     ; 109.83 MHz ( period = 9.105 ns )                    ; irda_check:inst1|irda_reg1    ; irda_check:inst1|irda_data[3]    ; clk        ; clk      ; None                        ; None                      ; 8.396 ns                ;
; N/A                                     ; 109.83 MHz ( period = 9.105 ns )                    ; irda_check:inst1|irda_reg1    ; irda_check:inst1|irda_data[5]    ; clk        ; clk      ; None                        ; None                      ; 8.396 ns                ;
; N/A                                     ; 109.83 MHz ( period = 9.105 ns )                    ; irda_check:inst1|irda_reg1    ; irda_check:inst1|irda_data[2]    ; clk        ; clk      ; None                        ; None                      ; 8.396 ns                ;
; N/A                                     ; 110.18 MHz ( period = 9.076 ns )                    ; irda_check:inst1|data_cnt[0]  ; irda_check:inst1|irda_data[8]    ; clk        ; clk      ; None                        ; None                      ; 8.367 ns                ;
; N/A                                     ; 110.18 MHz ( period = 9.076 ns )                    ; irda_check:inst1|data_cnt[0]  ; irda_check:inst1|irda_data[0]    ; clk        ; clk      ; None                        ; None                      ; 8.367 ns                ;
; N/A                                     ; 110.18 MHz ( period = 9.076 ns )                    ; irda_check:inst1|data_cnt[0]  ; irda_check:inst1|irda_data[11]   ; clk        ; clk      ; None                        ; None                      ; 8.367 ns                ;
; N/A                                     ; 110.18 MHz ( period = 9.076 ns )                    ; irda_check:inst1|data_cnt[0]  ; irda_check:inst1|irda_data[7]    ; clk        ; clk      ; None                        ; None                      ; 8.367 ns                ;
; N/A                                     ; 110.18 MHz ( period = 9.076 ns )                    ; irda_check:inst1|data_cnt[0]  ; irda_check:inst1|irda_data[9]    ; clk        ; clk      ; None                        ; None                      ; 8.367 ns                ;
; N/A                                     ; 110.18 MHz ( period = 9.076 ns )                    ; irda_check:inst1|data_cnt[0]  ; irda_check:inst1|irda_data[13]   ; clk        ; clk      ; None                        ; None                      ; 8.367 ns                ;
; N/A                                     ; 110.18 MHz ( period = 9.076 ns )                    ; irda_check:inst1|data_cnt[0]  ; irda_check:inst1|irda_data[1]    ; clk        ; clk      ; None                        ; None                      ; 8.367 ns                ;
; N/A                                     ; 110.18 MHz ( period = 9.076 ns )                    ; irda_check:inst1|data_cnt[0]  ; irda_check:inst1|irda_data[6]    ; clk        ; clk      ; None                        ; None                      ; 8.367 ns                ;
; N/A                                     ; 111.14 MHz ( period = 8.998 ns )                    ; irda_check:inst1|counter2[3]  ; irda_check:inst1|get_data[0]     ; clk        ; clk      ; None                        ; None                      ; 8.289 ns                ;
; N/A                                     ; 111.69 MHz ( period = 8.953 ns )                    ; irda_check:inst1|data_cnt[1]  ; irda_check:inst1|irda_data[4]    ; clk        ; clk      ; None                        ; None                      ; 8.244 ns                ;
; N/A                                     ; 111.69 MHz ( period = 8.953 ns )                    ; irda_check:inst1|data_cnt[1]  ; irda_check:inst1|irda_data[15]   ; clk        ; clk      ; None                        ; None                      ; 8.244 ns                ;
; N/A                                     ; 111.69 MHz ( period = 8.953 ns )                    ; irda_check:inst1|data_cnt[1]  ; irda_check:inst1|irda_data[3]    ; clk        ; clk      ; None                        ; None                      ; 8.244 ns                ;
; N/A                                     ; 111.69 MHz ( period = 8.953 ns )                    ; irda_check:inst1|data_cnt[1]  ; irda_check:inst1|irda_data[5]    ; clk        ; clk      ; None                        ; None                      ; 8.244 ns                ;
; N/A                                     ; 111.69 MHz ( period = 8.953 ns )                    ; irda_check:inst1|data_cnt[1]  ; irda_check:inst1|irda_data[2]    ; clk        ; clk      ; None                        ; None                      ; 8.244 ns                ;
; N/A                                     ; 111.98 MHz ( period = 8.930 ns )                    ; irda_check:inst1|counter[10]  ; irda_check:inst1|counter2[5]     ; clk        ; clk      ; None                        ; None                      ; 8.221 ns                ;
; N/A                                     ; 111.98 MHz ( period = 8.930 ns )                    ; irda_check:inst1|counter[10]  ; irda_check:inst1|counter2[8]     ; clk        ; clk      ; None                        ; None                      ; 8.221 ns                ;
; N/A                                     ; 111.98 MHz ( period = 8.930 ns )                    ; irda_check:inst1|counter[10]  ; irda_check:inst1|counter2[6]     ; clk        ; clk      ; None                        ; None                      ; 8.221 ns                ;
; N/A                                     ; 111.98 MHz ( period = 8.930 ns )                    ; irda_check:inst1|counter[10]  ; irda_check:inst1|counter2[7]     ; clk        ; clk      ; None                        ; None                      ; 8.221 ns                ;
; N/A                                     ; 112.02 MHz ( period = 8.927 ns )                    ; irda_check:inst1|irda_reg1    ; irda_check:inst1|irda_data[10]   ; clk        ; clk      ; None                        ; None                      ; 8.218 ns                ;
; N/A                                     ; 112.02 MHz ( period = 8.927 ns )                    ; irda_check:inst1|irda_reg1    ; irda_check:inst1|irda_data[14]   ; clk        ; clk      ; None                        ; None                      ; 8.218 ns                ;
; N/A                                     ; 112.26 MHz ( period = 8.908 ns )                    ; irda_check:inst1|counter2[8]  ; irda_check:inst1|cs.IDLE         ; clk        ; clk      ; None                        ; None                      ; 8.199 ns                ;
; N/A                                     ; 113.29 MHz ( period = 8.827 ns )                    ; irda_check:inst1|data_cnt[0]  ; irda_check:inst1|irda_data[4]    ; clk        ; clk      ; None                        ; None                      ; 8.118 ns                ;
; N/A                                     ; 113.29 MHz ( period = 8.827 ns )                    ; irda_check:inst1|data_cnt[0]  ; irda_check:inst1|irda_data[15]   ; clk        ; clk      ; None                        ; None                      ; 8.118 ns                ;
; N/A                                     ; 113.29 MHz ( period = 8.827 ns )                    ; irda_check:inst1|data_cnt[0]  ; irda_check:inst1|irda_data[3]    ; clk        ; clk      ; None                        ; None                      ; 8.118 ns                ;
; N/A                                     ; 113.29 MHz ( period = 8.827 ns )                    ; irda_check:inst1|data_cnt[0]  ; irda_check:inst1|irda_data[5]    ; clk        ; clk      ; None                        ; None                      ; 8.118 ns                ;
; N/A                                     ; 113.29 MHz ( period = 8.827 ns )                    ; irda_check:inst1|data_cnt[0]  ; irda_check:inst1|irda_data[2]    ; clk        ; clk      ; None                        ; None                      ; 8.118 ns                ;
; N/A                                     ; 113.42 MHz ( period = 8.817 ns )                    ; irda_check:inst1|counter2[3]  ; irda_check:inst1|cs.IDLE         ; clk        ; clk      ; None                        ; None                      ; 8.108 ns                ;
; N/A                                     ; 113.60 MHz ( period = 8.803 ns )                    ; irda_check:inst1|irda_reg1    ; irda_check:inst1|cs.DATA_STATE   ; clk        ; clk      ; None                        ; None                      ; 8.094 ns                ;
; N/A                                     ; 113.87 MHz ( period = 8.782 ns )                    ; irda_check:inst1|counter2[2]  ; irda_check:inst1|cs.IDLE         ; clk        ; clk      ; None                        ; None                      ; 8.073 ns                ;
; N/A                                     ; 113.96 MHz ( period = 8.775 ns )                    ; irda_check:inst1|data_cnt[1]  ; irda_check:inst1|irda_data[10]   ; clk        ; clk      ; None                        ; None                      ; 8.066 ns                ;
; N/A                                     ; 113.96 MHz ( period = 8.775 ns )                    ; irda_check:inst1|data_cnt[1]  ; irda_check:inst1|irda_data[14]   ; clk        ; clk      ; None                        ; None                      ; 8.066 ns                ;
; N/A                                     ; 114.19 MHz ( period = 8.757 ns )                    ; irda_check:inst1|counter2[4]  ; irda_check:inst1|cs.IDLE         ; clk        ; clk      ; None                        ; None                      ; 8.048 ns                ;
; N/A                                     ; 114.31 MHz ( period = 8.748 ns )                    ; irda_check:inst1|counter[4]   ; irda_check:inst1|counter2[4]     ; clk        ; clk      ; None                        ; None                      ; 8.039 ns                ;
; N/A                                     ; 114.52 MHz ( period = 8.732 ns )                    ; irda_check:inst1|counter2[7]  ; irda_check:inst1|cs.IDLE         ; clk        ; clk      ; None                        ; None                      ; 8.023 ns                ;
; N/A                                     ; 114.52 MHz ( period = 8.732 ns )                    ; irda_check:inst1|counter[3]   ; irda_check:inst1|counter2[5]     ; clk        ; clk      ; None                        ; None                      ; 8.023 ns                ;
; N/A                                     ; 114.52 MHz ( period = 8.732 ns )                    ; irda_check:inst1|counter[3]   ; irda_check:inst1|counter2[8]     ; clk        ; clk      ; None                        ; None                      ; 8.023 ns                ;
; N/A                                     ; 114.52 MHz ( period = 8.732 ns )                    ; irda_check:inst1|counter[3]   ; irda_check:inst1|counter2[6]     ; clk        ; clk      ; None                        ; None                      ; 8.023 ns                ;
; N/A                                     ; 114.52 MHz ( period = 8.732 ns )                    ; irda_check:inst1|counter[3]   ; irda_check:inst1|counter2[7]     ; clk        ; clk      ; None                        ; None                      ; 8.023 ns                ;
; N/A                                     ; 114.60 MHz ( period = 8.726 ns )                    ; hc164_driver:inst|clk_cnt[15] ; hc164_driver:inst|seg_led_num[2] ; clk        ; clk      ; None                        ; None                      ; 8.017 ns                ;
; N/A                                     ; 114.77 MHz ( period = 8.713 ns )                    ; irda_check:inst1|data_cnt[5]  ; irda_check:inst1|cs.IDLE         ; clk        ; clk      ; None                        ; None                      ; 8.004 ns                ;
; N/A                                     ; 114.78 MHz ( period = 8.712 ns )                    ; irda_check:inst1|counter2[3]  ; irda_check:inst1|error_flag      ; clk        ; clk      ; None                        ; None                      ; 8.003 ns                ;
; N/A                                     ; 114.97 MHz ( period = 8.698 ns )                    ; hc164_driver:inst|clk_cnt[15] ; hc164_driver:inst|seg_led_num[0] ; clk        ; clk      ; None                        ; None                      ; 7.989 ns                ;
; N/A                                     ; 115.04 MHz ( period = 8.693 ns )                    ; hc164_driver:inst|clk_cnt[15] ; hc164_driver:inst|seg_led_num[1] ; clk        ; clk      ; None                        ; None                      ; 7.984 ns                ;
; N/A                                     ; 115.22 MHz ( period = 8.679 ns )                    ; irda_check:inst1|data_cnt[2]  ; irda_check:inst1|irda_data[8]    ; clk        ; clk      ; None                        ; None                      ; 7.970 ns                ;
; N/A                                     ; 115.22 MHz ( period = 8.679 ns )                    ; irda_check:inst1|data_cnt[2]  ; irda_check:inst1|irda_data[0]    ; clk        ; clk      ; None                        ; None                      ; 7.970 ns                ;
; N/A                                     ; 115.22 MHz ( period = 8.679 ns )                    ; irda_check:inst1|data_cnt[2]  ; irda_check:inst1|irda_data[11]   ; clk        ; clk      ; None                        ; None                      ; 7.970 ns                ;
; N/A                                     ; 115.22 MHz ( period = 8.679 ns )                    ; irda_check:inst1|data_cnt[2]  ; irda_check:inst1|irda_data[7]    ; clk        ; clk      ; None                        ; None                      ; 7.970 ns                ;
; N/A                                     ; 115.22 MHz ( period = 8.679 ns )                    ; irda_check:inst1|data_cnt[2]  ; irda_check:inst1|irda_data[9]    ; clk        ; clk      ; None                        ; None                      ; 7.970 ns                ;
; N/A                                     ; 115.22 MHz ( period = 8.679 ns )                    ; irda_check:inst1|data_cnt[2]  ; irda_check:inst1|irda_data[13]   ; clk        ; clk      ; None                        ; None                      ; 7.970 ns                ;
; N/A                                     ; 115.22 MHz ( period = 8.679 ns )                    ; irda_check:inst1|data_cnt[2]  ; irda_check:inst1|irda_data[1]    ; clk        ; clk      ; None                        ; None                      ; 7.970 ns                ;
; N/A                                     ; 115.22 MHz ( period = 8.679 ns )                    ; irda_check:inst1|data_cnt[2]  ; irda_check:inst1|irda_data[6]    ; clk        ; clk      ; None                        ; None                      ; 7.970 ns                ;
; N/A                                     ; 115.59 MHz ( period = 8.651 ns )                    ; irda_check:inst1|data_cnt[1]  ; irda_check:inst1|cs.DATA_STATE   ; clk        ; clk      ; None                        ; None                      ; 7.942 ns                ;
; N/A                                     ; 115.62 MHz ( period = 8.649 ns )                    ; irda_check:inst1|data_cnt[0]  ; irda_check:inst1|irda_data[10]   ; clk        ; clk      ; None                        ; None                      ; 7.940 ns                ;
; N/A                                     ; 115.62 MHz ( period = 8.649 ns )                    ; irda_check:inst1|data_cnt[0]  ; irda_check:inst1|irda_data[14]   ; clk        ; clk      ; None                        ; None                      ; 7.940 ns                ;
; N/A                                     ; 115.65 MHz ( period = 8.647 ns )                    ; hc164_driver:inst|tx_cnt[4]   ; hc164_driver:inst|tx_cnt[5]      ; clk        ; clk      ; None                        ; None                      ; 7.938 ns                ;
; N/A                                     ; 115.65 MHz ( period = 8.647 ns )                    ; hc164_driver:inst|tx_cnt[4]   ; hc164_driver:inst|tx_cnt[4]      ; clk        ; clk      ; None                        ; None                      ; 7.938 ns                ;
; N/A                                     ; 115.75 MHz ( period = 8.639 ns )                    ; irda_check:inst1|counter[7]   ; irda_check:inst1|counter2[4]     ; clk        ; clk      ; None                        ; None                      ; 7.930 ns                ;
; N/A                                     ; 115.94 MHz ( period = 8.625 ns )                    ; irda_check:inst1|counter[4]   ; irda_check:inst1|counter2[3]     ; clk        ; clk      ; None                        ; None                      ; 7.916 ns                ;
; N/A                                     ; 116.08 MHz ( period = 8.615 ns )                    ; irda_check:inst1|counter2[1]  ; irda_check:inst1|cs.IDLE         ; clk        ; clk      ; None                        ; None                      ; 7.906 ns                ;
; N/A                                     ; 116.16 MHz ( period = 8.609 ns )                    ; irda_check:inst1|counter2[4]  ; irda_check:inst1|get_data[0]     ; clk        ; clk      ; None                        ; None                      ; 7.900 ns                ;
; N/A                                     ; 116.29 MHz ( period = 8.599 ns )                    ; irda_check:inst1|counter[5]   ; irda_check:inst1|counter2[5]     ; clk        ; clk      ; None                        ; None                      ; 7.890 ns                ;
; N/A                                     ; 116.29 MHz ( period = 8.599 ns )                    ; irda_check:inst1|counter[5]   ; irda_check:inst1|counter2[8]     ; clk        ; clk      ; None                        ; None                      ; 7.890 ns                ;
; N/A                                     ; 116.29 MHz ( period = 8.599 ns )                    ; irda_check:inst1|counter[5]   ; irda_check:inst1|counter2[6]     ; clk        ; clk      ; None                        ; None                      ; 7.890 ns                ;
; N/A                                     ; 116.29 MHz ( period = 8.599 ns )                    ; irda_check:inst1|counter[5]   ; irda_check:inst1|counter2[7]     ; clk        ; clk      ; None                        ; None                      ; 7.890 ns                ;
; N/A                                     ; 116.36 MHz ( period = 8.594 ns )                    ; irda_check:inst1|counter[9]   ; irda_check:inst1|counter2[5]     ; clk        ; clk      ; None                        ; None                      ; 7.885 ns                ;
; N/A                                     ; 116.36 MHz ( period = 8.594 ns )                    ; irda_check:inst1|counter[9]   ; irda_check:inst1|counter2[8]     ; clk        ; clk      ; None                        ; None                      ; 7.885 ns                ;
; N/A                                     ; 116.36 MHz ( period = 8.594 ns )                    ; irda_check:inst1|counter[9]   ; irda_check:inst1|counter2[6]     ; clk        ; clk      ; None                        ; None                      ; 7.885 ns                ;
; N/A                                     ; 116.36 MHz ( period = 8.594 ns )                    ; irda_check:inst1|counter[9]   ; irda_check:inst1|counter2[7]     ; clk        ; clk      ; None                        ; None                      ; 7.885 ns                ;
; N/A                                     ; 116.59 MHz ( period = 8.577 ns )                    ; irda_check:inst1|counter2[1]  ; irda_check:inst1|get_data[0]     ; clk        ; clk      ; None                        ; None                      ; 7.868 ns                ;
; N/A                                     ; 116.81 MHz ( period = 8.561 ns )                    ; irda_check:inst1|counter[2]   ; irda_check:inst1|counter2[5]     ; clk        ; clk      ; None                        ; None                      ; 7.852 ns                ;
; N/A                                     ; 116.81 MHz ( period = 8.561 ns )                    ; irda_check:inst1|counter[2]   ; irda_check:inst1|counter2[8]     ; clk        ; clk      ; None                        ; None                      ; 7.852 ns                ;
; N/A                                     ; 116.81 MHz ( period = 8.561 ns )                    ; irda_check:inst1|counter[2]   ; irda_check:inst1|counter2[6]     ; clk        ; clk      ; None                        ; None                      ; 7.852 ns                ;
; N/A                                     ; 116.81 MHz ( period = 8.561 ns )                    ; irda_check:inst1|counter[2]   ; irda_check:inst1|counter2[7]     ; clk        ; clk      ; None                        ; None                      ; 7.852 ns                ;
; N/A                                     ; 117.30 MHz ( period = 8.525 ns )                    ; irda_check:inst1|data_cnt[0]  ; irda_check:inst1|cs.DATA_STATE   ; clk        ; clk      ; None                        ; None                      ; 7.816 ns                ;
; N/A                                     ; 117.30 MHz ( period = 8.525 ns )                    ; irda_check:inst1|counter[4]   ; irda_check:inst1|counter[8]      ; clk        ; clk      ; None                        ; None                      ; 7.816 ns                ;
; N/A                                     ; 117.30 MHz ( period = 8.525 ns )                    ; irda_check:inst1|counter[4]   ; irda_check:inst1|counter[7]      ; clk        ; clk      ; None                        ; None                      ; 7.816 ns                ;
; N/A                                     ; 117.30 MHz ( period = 8.525 ns )                    ; irda_check:inst1|counter[4]   ; irda_check:inst1|counter[6]      ; clk        ; clk      ; None                        ; None                      ; 7.816 ns                ;
; N/A                                     ; 117.30 MHz ( period = 8.525 ns )                    ; irda_check:inst1|counter[4]   ; irda_check:inst1|counter[5]      ; clk        ; clk      ; None                        ; None                      ; 7.816 ns                ;
; N/A                                     ; 117.30 MHz ( period = 8.525 ns )                    ; irda_check:inst1|counter[4]   ; irda_check:inst1|counter[9]      ; clk        ; clk      ; None                        ; None                      ; 7.816 ns                ;
; N/A                                     ; 117.30 MHz ( period = 8.525 ns )                    ; irda_check:inst1|counter[4]   ; irda_check:inst1|counter[10]     ; clk        ; clk      ; None                        ; None                      ; 7.816 ns                ;
; N/A                                     ; 117.43 MHz ( period = 8.516 ns )                    ; irda_check:inst1|counter[7]   ; irda_check:inst1|counter2[3]     ; clk        ; clk      ; None                        ; None                      ; 7.807 ns                ;
; N/A                                     ; 117.45 MHz ( period = 8.514 ns )                    ; irda_check:inst1|data_cnt[3]  ; irda_check:inst1|cs.IDLE         ; clk        ; clk      ; None                        ; None                      ; 7.805 ns                ;
; N/A                                     ; 117.62 MHz ( period = 8.502 ns )                    ; irda_check:inst1|counter[4]   ; irda_check:inst1|counter2[2]     ; clk        ; clk      ; None                        ; None                      ; 7.793 ns                ;
; N/A                                     ; 117.83 MHz ( period = 8.487 ns )                    ; irda_check:inst1|counter2[6]  ; irda_check:inst1|cs.IDLE         ; clk        ; clk      ; None                        ; None                      ; 7.778 ns                ;
; N/A                                     ; 118.13 MHz ( period = 8.465 ns )                    ; hc164_driver:inst|clk_cnt[7]  ; hc164_driver:inst|seg_led_num[2] ; clk        ; clk      ; None                        ; None                      ; 7.756 ns                ;
; N/A                                     ; 118.16 MHz ( period = 8.463 ns )                    ; irda_check:inst1|counter[10]  ; irda_check:inst1|counter2[4]     ; clk        ; clk      ; None                        ; None                      ; 7.754 ns                ;
; N/A                                     ; 118.37 MHz ( period = 8.448 ns )                    ; irda_check:inst1|counter2[5]  ; irda_check:inst1|cs.IDLE         ; clk        ; clk      ; None                        ; None                      ; 7.739 ns                ;
; N/A                                     ; 118.51 MHz ( period = 8.438 ns )                    ; irda_check:inst1|counter[1]   ; irda_check:inst1|counter2[5]     ; clk        ; clk      ; None                        ; None                      ; 7.729 ns                ;
; N/A                                     ; 118.51 MHz ( period = 8.438 ns )                    ; irda_check:inst1|counter[1]   ; irda_check:inst1|counter2[8]     ; clk        ; clk      ; None                        ; None                      ; 7.729 ns                ;
; N/A                                     ; 118.51 MHz ( period = 8.438 ns )                    ; irda_check:inst1|counter[1]   ; irda_check:inst1|counter2[6]     ; clk        ; clk      ; None                        ; None                      ; 7.729 ns                ;
; N/A                                     ; 118.51 MHz ( period = 8.438 ns )                    ; irda_check:inst1|counter[1]   ; irda_check:inst1|counter2[7]     ; clk        ; clk      ; None                        ; None                      ; 7.729 ns                ;
; N/A                                     ; 118.53 MHz ( period = 8.437 ns )                    ; hc164_driver:inst|clk_cnt[7]  ; hc164_driver:inst|seg_led_num[0] ; clk        ; clk      ; None                        ; None                      ; 7.728 ns                ;
; N/A                                     ; 118.60 MHz ( period = 8.432 ns )                    ; hc164_driver:inst|clk_cnt[7]  ; hc164_driver:inst|seg_led_num[1] ; clk        ; clk      ; None                        ; None                      ; 7.723 ns                ;
; N/A                                     ; 118.62 MHz ( period = 8.430 ns )                    ; irda_check:inst1|data_cnt[2]  ; irda_check:inst1|irda_data[4]    ; clk        ; clk      ; None                        ; None                      ; 7.721 ns                ;
; N/A                                     ; 118.62 MHz ( period = 8.430 ns )                    ; irda_check:inst1|data_cnt[2]  ; irda_check:inst1|irda_data[15]   ; clk        ; clk      ; None                        ; None                      ; 7.721 ns                ;
; N/A                                     ; 118.62 MHz ( period = 8.430 ns )                    ; irda_check:inst1|data_cnt[2]  ; irda_check:inst1|irda_data[3]    ; clk        ; clk      ; None                        ; None                      ; 7.721 ns                ;
; N/A                                     ; 118.62 MHz ( period = 8.430 ns )                    ; irda_check:inst1|data_cnt[2]  ; irda_check:inst1|irda_data[5]    ; clk        ; clk      ; None                        ; None                      ; 7.721 ns                ;
; N/A                                     ; 118.62 MHz ( period = 8.430 ns )                    ; irda_check:inst1|data_cnt[2]  ; irda_check:inst1|irda_data[2]    ; clk        ; clk      ; None                        ; None                      ; 7.721 ns                ;
; N/A                                     ; 118.82 MHz ( period = 8.416 ns )                    ; irda_check:inst1|counter[7]   ; irda_check:inst1|counter[8]      ; clk        ; clk      ; None                        ; None                      ; 7.707 ns                ;
; N/A                                     ; 118.82 MHz ( period = 8.416 ns )                    ; irda_check:inst1|counter[7]   ; irda_check:inst1|counter[7]      ; clk        ; clk      ; None                        ; None                      ; 7.707 ns                ;
; N/A                                     ; 118.82 MHz ( period = 8.416 ns )                    ; irda_check:inst1|counter[7]   ; irda_check:inst1|counter[6]      ; clk        ; clk      ; None                        ; None                      ; 7.707 ns                ;
; N/A                                     ; 118.82 MHz ( period = 8.416 ns )                    ; irda_check:inst1|counter[7]   ; irda_check:inst1|counter[5]      ; clk        ; clk      ; None                        ; None                      ; 7.707 ns                ;
; N/A                                     ; 118.82 MHz ( period = 8.416 ns )                    ; irda_check:inst1|counter[7]   ; irda_check:inst1|counter[9]      ; clk        ; clk      ; None                        ; None                      ; 7.707 ns                ;
; N/A                                     ; 118.82 MHz ( period = 8.416 ns )                    ; irda_check:inst1|counter[7]   ; irda_check:inst1|counter[10]     ; clk        ; clk      ; None                        ; None                      ; 7.707 ns                ;
; N/A                                     ; 118.92 MHz ( period = 8.409 ns )                    ; irda_check:inst1|counter2[2]  ; irda_check:inst1|get_data[0]     ; clk        ; clk      ; None                        ; None                      ; 7.700 ns                ;
; N/A                                     ; 118.92 MHz ( period = 8.409 ns )                    ; hc164_driver:inst|clk_cnt[14] ; hc164_driver:inst|seg_led_num[2] ; clk        ; clk      ; None                        ; None                      ; 7.700 ns                ;
; N/A                                     ; 119.15 MHz ( period = 8.393 ns )                    ; irda_check:inst1|counter[7]   ; irda_check:inst1|counter2[2]     ; clk        ; clk      ; None                        ; None                      ; 7.684 ns                ;
; N/A                                     ; 119.32 MHz ( period = 8.381 ns )                    ; hc164_driver:inst|clk_cnt[14] ; hc164_driver:inst|seg_led_num[0] ; clk        ; clk      ; None                        ; None                      ; 7.672 ns                ;
; N/A                                     ; 119.35 MHz ( period = 8.379 ns )                    ; irda_check:inst1|counter[4]   ; irda_check:inst1|counter2[1]     ; clk        ; clk      ; None                        ; None                      ; 7.670 ns                ;
; N/A                                     ; 119.39 MHz ( period = 8.376 ns )                    ; hc164_driver:inst|clk_cnt[14] ; hc164_driver:inst|seg_led_num[1] ; clk        ; clk      ; None                        ; None                      ; 7.667 ns                ;
; N/A                                     ; 119.90 MHz ( period = 8.340 ns )                    ; irda_check:inst1|counter[10]  ; irda_check:inst1|counter2[3]     ; clk        ; clk      ; None                        ; None                      ; 7.631 ns                ;
; N/A                                     ; 120.15 MHz ( period = 8.323 ns )                    ; irda_check:inst1|counter2[4]  ; irda_check:inst1|error_flag      ; clk        ; clk      ; None                        ; None                      ; 7.614 ns                ;
; N/A                                     ; 120.61 MHz ( period = 8.291 ns )                    ; irda_check:inst1|counter2[1]  ; irda_check:inst1|error_flag      ; clk        ; clk      ; None                        ; None                      ; 7.582 ns                ;
; N/A                                     ; 120.92 MHz ( period = 8.270 ns )                    ; irda_check:inst1|counter[7]   ; irda_check:inst1|counter2[1]     ; clk        ; clk      ; None                        ; None                      ; 7.561 ns                ;
; N/A                                     ; 120.99 MHz ( period = 8.265 ns )                    ; irda_check:inst1|counter[3]   ; irda_check:inst1|counter2[4]     ; clk        ; clk      ; None                        ; None                      ; 7.556 ns                ;
; N/A                                     ; 121.18 MHz ( period = 8.252 ns )                    ; irda_check:inst1|data_cnt[2]  ; irda_check:inst1|irda_data[10]   ; clk        ; clk      ; None                        ; None                      ; 7.543 ns                ;
; N/A                                     ; 121.18 MHz ( period = 8.252 ns )                    ; irda_check:inst1|data_cnt[2]  ; irda_check:inst1|irda_data[14]   ; clk        ; clk      ; None                        ; None                      ; 7.543 ns                ;
; N/A                                     ; 121.36 MHz ( period = 8.240 ns )                    ; irda_check:inst1|counter2[0]  ; irda_check:inst1|get_data[0]     ; clk        ; clk      ; None                        ; None                      ; 7.531 ns                ;
; N/A                                     ; 121.36 MHz ( period = 8.240 ns )                    ; irda_check:inst1|counter[10]  ; irda_check:inst1|counter[8]      ; clk        ; clk      ; None                        ; None                      ; 7.531 ns                ;
; N/A                                     ; 121.36 MHz ( period = 8.240 ns )                    ; irda_check:inst1|counter[10]  ; irda_check:inst1|counter[7]      ; clk        ; clk      ; None                        ; None                      ; 7.531 ns                ;
; N/A                                     ; 121.36 MHz ( period = 8.240 ns )                    ; irda_check:inst1|counter[10]  ; irda_check:inst1|counter[6]      ; clk        ; clk      ; None                        ; None                      ; 7.531 ns                ;
; N/A                                     ; 121.36 MHz ( period = 8.240 ns )                    ; irda_check:inst1|counter[10]  ; irda_check:inst1|counter[5]      ; clk        ; clk      ; None                        ; None                      ; 7.531 ns                ;
; N/A                                     ; 121.36 MHz ( period = 8.240 ns )                    ; irda_check:inst1|counter[10]  ; irda_check:inst1|counter[9]      ; clk        ; clk      ; None                        ; None                      ; 7.531 ns                ;
; N/A                                     ; 121.36 MHz ( period = 8.240 ns )                    ; irda_check:inst1|counter[10]  ; irda_check:inst1|counter[10]     ; clk        ; clk      ; None                        ; None                      ; 7.531 ns                ;
; N/A                                     ; 121.55 MHz ( period = 8.227 ns )                    ; hc164_driver:inst|clk_cnt[13] ; hc164_driver:inst|seg_led_num[2] ; clk        ; clk      ; None                        ; None                      ; 7.518 ns                ;
; N/A                                     ; 121.70 MHz ( period = 8.217 ns )                    ; irda_check:inst1|counter[10]  ; irda_check:inst1|counter2[2]     ; clk        ; clk      ; None                        ; None                      ; 7.508 ns                ;
; N/A                                     ; 121.86 MHz ( period = 8.206 ns )                    ; hc164_driver:inst|clk_cnt[0]  ; hc164_driver:inst|seg_led_num[2] ; clk        ; clk      ; None                        ; None                      ; 7.497 ns                ;
; N/A                                     ; 121.97 MHz ( period = 8.199 ns )                    ; hc164_driver:inst|clk_cnt[13] ; hc164_driver:inst|seg_led_num[0] ; clk        ; clk      ; None                        ; None                      ; 7.490 ns                ;
; N/A                                     ; 122.04 MHz ( period = 8.194 ns )                    ; hc164_driver:inst|clk_cnt[13] ; hc164_driver:inst|seg_led_num[1] ; clk        ; clk      ; None                        ; None                      ; 7.485 ns                ;
; N/A                                     ; 122.25 MHz ( period = 8.180 ns )                    ; hc164_driver:inst|tx_cnt[4]   ; hc164_driver:inst|tx_cnt[3]      ; clk        ; clk      ; None                        ; None                      ; 7.471 ns                ;
; N/A                                     ; 122.28 MHz ( period = 8.178 ns )                    ; hc164_driver:inst|clk_cnt[0]  ; hc164_driver:inst|seg_led_num[0] ; clk        ; clk      ; None                        ; None                      ; 7.469 ns                ;
; N/A                                     ; 122.29 MHz ( period = 8.177 ns )                    ; irda_check:inst1|data_cnt[4]  ; irda_check:inst1|cs.IDLE         ; clk        ; clk      ; None                        ; None                      ; 7.468 ns                ;
; N/A                                     ; 122.35 MHz ( period = 8.173 ns )                    ; hc164_driver:inst|clk_cnt[0]  ; hc164_driver:inst|seg_led_num[1] ; clk        ; clk      ; None                        ; None                      ; 7.464 ns                ;
; N/A                                     ; 122.82 MHz ( period = 8.142 ns )                    ; irda_check:inst1|counter[3]   ; irda_check:inst1|counter2[3]     ; clk        ; clk      ; None                        ; None                      ; 7.433 ns                ;
; N/A                                     ; 122.85 MHz ( period = 8.140 ns )                    ; hc164_driver:inst|clk_cnt[4]  ; hc164_driver:inst|seg_led_num[2] ; clk        ; clk      ; None                        ; None                      ; 7.431 ns                ;
; N/A                                     ; 122.97 MHz ( period = 8.132 ns )                    ; irda_check:inst1|counter[5]   ; irda_check:inst1|counter2[4]     ; clk        ; clk      ; None                        ; None                      ; 7.423 ns                ;
; N/A                                     ; 123.03 MHz ( period = 8.128 ns )                    ; irda_check:inst1|data_cnt[2]  ; irda_check:inst1|cs.DATA_STATE   ; clk        ; clk      ; None                        ; None                      ; 7.419 ns                ;
; N/A                                     ; 123.05 MHz ( period = 8.127 ns )                    ; irda_check:inst1|counter[9]   ; irda_check:inst1|counter2[4]     ; clk        ; clk      ; None                        ; None                      ; 7.418 ns                ;
; N/A                                     ; 123.11 MHz ( period = 8.123 ns )                    ; irda_check:inst1|counter2[2]  ; irda_check:inst1|error_flag      ; clk        ; clk      ; None                        ; None                      ; 7.414 ns                ;
; N/A                                     ; 123.27 MHz ( period = 8.112 ns )                    ; hc164_driver:inst|clk_cnt[4]  ; hc164_driver:inst|seg_led_num[0] ; clk        ; clk      ; None                        ; None                      ; 7.403 ns                ;
; N/A                                     ; 123.32 MHz ( period = 8.109 ns )                    ; irda_check:inst1|counter[4]   ; irda_check:inst1|counter[4]      ; clk        ; clk      ; None                        ; None                      ; 7.400 ns                ;
; N/A                                     ; 123.32 MHz ( period = 8.109 ns )                    ; irda_check:inst1|counter[4]   ; irda_check:inst1|counter[0]      ; clk        ; clk      ; None                        ; None                      ; 7.400 ns                ;
; N/A                                     ; 123.32 MHz ( period = 8.109 ns )                    ; irda_check:inst1|counter[4]   ; irda_check:inst1|counter[3]      ; clk        ; clk      ; None                        ; None                      ; 7.400 ns                ;
; N/A                                     ; 123.32 MHz ( period = 8.109 ns )                    ; irda_check:inst1|counter[4]   ; irda_check:inst1|counter[2]      ; clk        ; clk      ; None                        ; None                      ; 7.400 ns                ;
; N/A                                     ; 123.32 MHz ( period = 8.109 ns )                    ; irda_check:inst1|counter[4]   ; irda_check:inst1|counter[1]      ; clk        ; clk      ; None                        ; None                      ; 7.400 ns                ;
; N/A                                     ; 123.35 MHz ( period = 8.107 ns )                    ; hc164_driver:inst|clk_cnt[4]  ; hc164_driver:inst|seg_led_num[1] ; clk        ; clk      ; None                        ; None                      ; 7.398 ns                ;
; N/A                                     ; 123.55 MHz ( period = 8.094 ns )                    ; irda_check:inst1|counter[10]  ; irda_check:inst1|counter2[1]     ; clk        ; clk      ; None                        ; None                      ; 7.385 ns                ;
; N/A                                     ; 123.55 MHz ( period = 8.094 ns )                    ; irda_check:inst1|counter[2]   ; irda_check:inst1|counter2[4]     ; clk        ; clk      ; None                        ; None                      ; 7.385 ns                ;
; N/A                                     ; 123.95 MHz ( period = 8.068 ns )                    ; irda_check:inst1|counter2[8]  ; irda_check:inst1|get_data[0]     ; clk        ; clk      ; None                        ; None                      ; 7.359 ns                ;
; N/A                                     ; 124.04 MHz ( period = 8.062 ns )                    ; irda_check:inst1|counter[0]   ; irda_check:inst1|counter2[5]     ; clk        ; clk      ; None                        ; None                      ; 7.353 ns                ;
; N/A                                     ; 124.04 MHz ( period = 8.062 ns )                    ; irda_check:inst1|counter[0]   ; irda_check:inst1|counter2[8]     ; clk        ; clk      ; None                        ; None                      ; 7.353 ns                ;
; N/A                                     ; 124.04 MHz ( period = 8.062 ns )                    ; irda_check:inst1|counter[0]   ; irda_check:inst1|counter2[6]     ; clk        ; clk      ; None                        ; None                      ; 7.353 ns                ;
; N/A                                     ; 124.04 MHz ( period = 8.062 ns )                    ; irda_check:inst1|counter[0]   ; irda_check:inst1|counter2[7]     ; clk        ; clk      ; None                        ; None                      ; 7.353 ns                ;
; N/A                                     ; 124.08 MHz ( period = 8.059 ns )                    ; irda_check:inst1|counter[6]   ; irda_check:inst1|counter2[5]     ; clk        ; clk      ; None                        ; None                      ; 7.350 ns                ;
; N/A                                     ; 124.08 MHz ( period = 8.059 ns )                    ; irda_check:inst1|counter[6]   ; irda_check:inst1|counter2[8]     ; clk        ; clk      ; None                        ; None                      ; 7.350 ns                ;
; N/A                                     ; 124.08 MHz ( period = 8.059 ns )                    ; irda_check:inst1|counter[6]   ; irda_check:inst1|counter2[6]     ; clk        ; clk      ; None                        ; None                      ; 7.350 ns                ;
; N/A                                     ; 124.08 MHz ( period = 8.059 ns )                    ; irda_check:inst1|counter[6]   ; irda_check:inst1|counter2[7]     ; clk        ; clk      ; None                        ; None                      ; 7.350 ns                ;
; N/A                                     ; 124.12 MHz ( period = 8.057 ns )                    ; hc164_driver:inst|tx_cnt[4]   ; hc164_driver:inst|tx_cnt[2]      ; clk        ; clk      ; None                        ; None                      ; 7.348 ns                ;
; N/A                                     ; 124.32 MHz ( period = 8.044 ns )                    ; irda_check:inst1|irda_reg1    ; irda_check:inst1|irda_data[12]   ; clk        ; clk      ; None                        ; None                      ; 7.335 ns                ;
; N/A                                     ; 124.35 MHz ( period = 8.042 ns )                    ; irda_check:inst1|counter[3]   ; irda_check:inst1|counter[8]      ; clk        ; clk      ; None                        ; None                      ; 7.333 ns                ;
; N/A                                     ; 124.35 MHz ( period = 8.042 ns )                    ; irda_check:inst1|counter[3]   ; irda_check:inst1|counter[7]      ; clk        ; clk      ; None                        ; None                      ; 7.333 ns                ;
; N/A                                     ; 124.35 MHz ( period = 8.042 ns )                    ; irda_check:inst1|counter[3]   ; irda_check:inst1|counter[6]      ; clk        ; clk      ; None                        ; None                      ; 7.333 ns                ;
; N/A                                     ; 124.35 MHz ( period = 8.042 ns )                    ; irda_check:inst1|counter[3]   ; irda_check:inst1|counter[5]      ; clk        ; clk      ; None                        ; None                      ; 7.333 ns                ;
; N/A                                     ; 124.35 MHz ( period = 8.042 ns )                    ; irda_check:inst1|counter[3]   ; irda_check:inst1|counter[9]      ; clk        ; clk      ; None                        ; None                      ; 7.333 ns                ;
; N/A                                     ; 124.35 MHz ( period = 8.042 ns )                    ; irda_check:inst1|counter[3]   ; irda_check:inst1|counter[10]     ; clk        ; clk      ; None                        ; None                      ; 7.333 ns                ;
; N/A                                     ; 124.46 MHz ( period = 8.035 ns )                    ; hc164_driver:inst|clk_cnt[2]  ; hc164_driver:inst|seg_led_num[2] ; clk        ; clk      ; None                        ; None                      ; 7.326 ns                ;
; N/A                                     ; 124.69 MHz ( period = 8.020 ns )                    ; irda_check:inst1|counter2[8]  ; irda_check:inst1|cs.LEADER_4     ; clk        ; clk      ; None                        ; None                      ; 7.311 ns                ;
; Timing analysis restricted to 200 rows. ; To change the limit use Settings (Assignments menu) ;                               ;                                  ;            ;          ;                             ;                           ;                         ;
+-----------------------------------------+-----------------------------------------------------+-------------------------------+----------------------------------+------------+----------+-----------------------------+---------------------------+-------------------------+


+-----------------------------------------------------------------------------------------+
; tsu                                                                                     ;
+-------+--------------+------------+---------+--------------------------------+----------+
; Slack ; Required tsu ; Actual tsu ; From    ; To                             ; To Clock ;
+-------+--------------+------------+---------+--------------------------------+----------+
; N/A   ; None         ; 1.424 ns   ; rst_n   ; irda_check:inst1|get_data[4]   ; clk      ;
; N/A   ; None         ; 1.424 ns   ; rst_n   ; irda_check:inst1|get_data[3]   ; clk      ;
; N/A   ; None         ; 1.424 ns   ; rst_n   ; irda_check:inst1|get_data[5]   ; clk      ;
; N/A   ; None         ; 1.424 ns   ; rst_n   ; irda_check:inst1|get_data[6]   ; clk      ;
; N/A   ; None         ; 1.424 ns   ; rst_n   ; irda_check:inst1|get_data[2]   ; clk      ;
; N/A   ; None         ; 1.163 ns   ; rst_n   ; irda_check:inst1|irda_data[8]  ; clk      ;
; N/A   ; None         ; 1.163 ns   ; rst_n   ; irda_check:inst1|irda_data[0]  ; clk      ;
; N/A   ; None         ; 1.163 ns   ; rst_n   ; irda_check:inst1|irda_data[11] ; clk      ;
; N/A   ; None         ; 1.163 ns   ; rst_n   ; irda_check:inst1|irda_data[7]  ; clk      ;
; N/A   ; None         ; 1.163 ns   ; rst_n   ; irda_check:inst1|irda_data[9]  ; clk      ;
; N/A   ; None         ; 1.163 ns   ; rst_n   ; irda_check:inst1|irda_data[13] ; clk      ;
; N/A   ; None         ; 1.163 ns   ; rst_n   ; irda_check:inst1|irda_data[1]  ; clk      ;
; N/A   ; None         ; 1.163 ns   ; rst_n   ; irda_check:inst1|irda_data[6]  ; clk      ;
; N/A   ; None         ; 1.112 ns   ; rst_n   ; irda_check:inst1|get_data[7]   ; clk      ;
; N/A   ; None         ; 1.112 ns   ; rst_n   ; irda_check:inst1|get_data[1]   ; clk      ;
; N/A   ; None         ; 0.914 ns   ; rst_n   ; irda_check:inst1|irda_data[4]  ; clk      ;
; N/A   ; None         ; 0.914 ns   ; rst_n   ; irda_check:inst1|irda_data[15] ; clk      ;
; N/A   ; None         ; 0.914 ns   ; rst_n   ; irda_check:inst1|irda_data[3]  ; clk      ;
; N/A   ; None         ; 0.914 ns   ; rst_n   ; irda_check:inst1|irda_data[5]  ; clk      ;
; N/A   ; None         ; 0.914 ns   ; rst_n   ; irda_check:inst1|irda_data[2]  ; clk      ;
; N/A   ; None         ; 0.736 ns   ; rst_n   ; irda_check:inst1|irda_data[10] ; clk      ;
; N/A   ; None         ; 0.736 ns   ; rst_n   ; irda_check:inst1|irda_data[14] ; clk      ;
; N/A   ; None         ; 0.448 ns   ; rst_n   ; irda_check:inst1|counter[8]    ; clk      ;
; N/A   ; None         ; 0.448 ns   ; rst_n   ; irda_check:inst1|counter[7]    ; clk      ;
; N/A   ; None         ; 0.448 ns   ; rst_n   ; irda_check:inst1|counter[6]    ; clk      ;
; N/A   ; None         ; 0.448 ns   ; rst_n   ; irda_check:inst1|counter[5]    ; clk      ;
; N/A   ; None         ; 0.448 ns   ; rst_n   ; irda_check:inst1|counter[9]    ; clk      ;
; N/A   ; None         ; 0.448 ns   ; rst_n   ; irda_check:inst1|counter[10]   ; clk      ;
; N/A   ; None         ; 0.032 ns   ; rst_n   ; irda_check:inst1|counter[4]    ; clk      ;
; N/A   ; None         ; 0.032 ns   ; rst_n   ; irda_check:inst1|counter[0]    ; clk      ;
; N/A   ; None         ; 0.032 ns   ; rst_n   ; irda_check:inst1|counter[3]    ; clk      ;
; N/A   ; None         ; 0.032 ns   ; rst_n   ; irda_check:inst1|counter[2]    ; clk      ;
; N/A   ; None         ; 0.032 ns   ; rst_n   ; irda_check:inst1|counter[1]    ; clk      ;
; N/A   ; None         ; 0.023 ns   ; rst_n   ; irda_check:inst1|get_data[8]   ; clk      ;
; N/A   ; None         ; 0.023 ns   ; rst_n   ; irda_check:inst1|get_data[12]  ; clk      ;
; N/A   ; None         ; 0.023 ns   ; rst_n   ; irda_check:inst1|get_data[11]  ; clk      ;
; N/A   ; None         ; 0.023 ns   ; rst_n   ; irda_check:inst1|get_data[15]  ; clk      ;
; N/A   ; None         ; 0.023 ns   ; rst_n   ; irda_check:inst1|get_data[9]   ; clk      ;
; N/A   ; None         ; 0.023 ns   ; rst_n   ; irda_check:inst1|get_data[13]  ; clk      ;
; N/A   ; None         ; 0.023 ns   ; rst_n   ; irda_check:inst1|get_data[10]  ; clk      ;
; N/A   ; None         ; 0.023 ns   ; rst_n   ; irda_check:inst1|get_data[14]  ; clk      ;
; N/A   ; None         ; 0.008 ns   ; IrDA_Rx ; irda_check:inst1|irda_reg0     ; clk      ;
; N/A   ; None         ; 0.008 ns   ; rst_n   ; irda_check:inst1|get_data[0]   ; clk      ;
; N/A   ; None         ; -0.068 ns  ; rst_n   ; irda_check:inst1|data_cnt[5]   ; clk      ;
; N/A   ; None         ; -0.068 ns  ; rst_n   ; irda_check:inst1|data_cnt[0]   ; clk      ;
; N/A   ; None         ; -0.068 ns  ; rst_n   ; irda_check:inst1|data_cnt[1]   ; clk      ;
; N/A   ; None         ; -0.068 ns  ; rst_n   ; irda_check:inst1|data_cnt[2]   ; clk      ;
; N/A   ; None         ; -0.068 ns  ; rst_n   ; irda_check:inst1|data_cnt[3]   ; clk      ;
; N/A   ; None         ; -0.068 ns  ; rst_n   ; irda_check:inst1|data_cnt[4]   ; clk      ;
; N/A   ; None         ; -0.071 ns  ; rst_n   ; irda_check:inst1|counter2[5]   ; clk      ;
; N/A   ; None         ; -0.071 ns  ; rst_n   ; irda_check:inst1|counter2[1]   ; clk      ;
; N/A   ; None         ; -0.071 ns  ; rst_n   ; irda_check:inst1|counter2[0]   ; clk      ;
; N/A   ; None         ; -0.071 ns  ; rst_n   ; irda_check:inst1|counter2[2]   ; clk      ;
; N/A   ; None         ; -0.071 ns  ; rst_n   ; irda_check:inst1|counter2[3]   ; clk      ;
; N/A   ; None         ; -0.071 ns  ; rst_n   ; irda_check:inst1|counter2[4]   ; clk      ;
; N/A   ; None         ; -0.071 ns  ; rst_n   ; irda_check:inst1|counter2[8]   ; clk      ;
; N/A   ; None         ; -0.071 ns  ; rst_n   ; irda_check:inst1|counter2[6]   ; clk      ;
; N/A   ; None         ; -0.071 ns  ; rst_n   ; irda_check:inst1|counter2[7]   ; clk      ;
; N/A   ; None         ; -0.147 ns  ; rst_n   ; irda_check:inst1|irda_data[12] ; clk      ;
; N/A   ; None         ; -0.316 ns  ; rst_n   ; irda_check:inst1|cs.LEADER_9   ; clk      ;
; N/A   ; None         ; -0.380 ns  ; rst_n   ; irda_check:inst1|cs.IDLE       ; clk      ;
; N/A   ; None         ; -0.943 ns  ; rst_n   ; irda_check:inst1|cs.LEADER_4   ; clk      ;
; N/A   ; None         ; -0.996 ns  ; rst_n   ; irda_check:inst1|cs.DATA_STATE ; clk      ;
; N/A   ; None         ; -0.996 ns  ; rst_n   ; irda_check:inst1|error_flag    ; clk      ;
; N/A   ; None         ; -1.040 ns  ; rst_n   ; irda_check:inst1|irda_reg0     ; clk      ;
; N/A   ; None         ; -2.102 ns  ; rst_n   ; irda_check:inst1|irda_reg2     ; clk      ;
; N/A   ; None         ; -2.103 ns  ; rst_n   ; irda_check:inst1|irda_reg1     ; clk      ;
+-------+--------------+------------+---------+--------------------------------+----------+


+-------------------------------------------------------------------------------------------+
; tco                                                                                       ;
+-------+--------------+------------+----------------------------------+-------+------------+
; Slack ; Required tco ; Actual tco ; From                             ; To    ; From Clock ;
+-------+--------------+------------+----------------------------------+-------+------------+
; N/A   ; None         ; 22.736 ns  ; irda_check:inst1|irda_data[10]   ; HC_SI ; clk        ;
; N/A   ; None         ; 22.481 ns  ; hc164_driver:inst|seg_led_num[0] ; HC_SI ; clk        ;
; N/A   ; None         ; 22.091 ns  ; irda_check:inst1|irda_data[7]    ; HC_SI ; clk        ;
; N/A   ; None         ; 21.607 ns  ; hc164_driver:inst|seg_led_num[1] ; HC_SI ; clk        ;
; N/A   ; None         ; 21.577 ns  ; irda_check:inst1|irda_data[4]    ; HC_SI ; clk        ;
; N/A   ; None         ; 21.526 ns  ; irda_check:inst1|irda_data[14]   ; HC_SI ; clk        ;
; N/A   ; None         ; 21.520 ns  ; irda_check:inst1|irda_data[8]    ; HC_SI ; clk        ;
; N/A   ; None         ; 21.470 ns  ; irda_check:inst1|irda_data[12]   ; HC_SI ; clk        ;
; N/A   ; None         ; 21.462 ns  ; irda_check:inst1|irda_data[15]   ; HC_SI ; clk        ;
; N/A   ; None         ; 21.428 ns  ; irda_check:inst1|irda_data[5]    ; HC_SI ; clk        ;
; N/A   ; None         ; 21.340 ns  ; irda_check:inst1|irda_data[2]    ; HC_SI ; clk        ;
; N/A   ; None         ; 21.151 ns  ; irda_check:inst1|irda_data[6]    ; HC_SI ; clk        ;
; N/A   ; None         ; 21.126 ns  ; irda_check:inst1|irda_data[13]   ; HC_SI ; clk        ;
; N/A   ; None         ; 21.100 ns  ; irda_check:inst1|irda_data[9]    ; HC_SI ; clk        ;
; N/A   ; None         ; 20.907 ns  ; irda_check:inst1|irda_data[1]    ; HC_SI ; clk        ;
; N/A   ; None         ; 20.797 ns  ; irda_check:inst1|irda_data[0]    ; HC_SI ; clk        ;
; N/A   ; None         ; 20.599 ns  ; irda_check:inst1|irda_data[3]    ; HC_SI ; clk        ;
; N/A   ; None         ; 20.404 ns  ; irda_check:inst1|irda_data[11]   ; HC_SI ; clk        ;
; N/A   ; None         ; 18.341 ns  ; hc164_driver:inst|seg_led_num[2] ; HC_SI ; clk        ;
; N/A   ; None         ; 17.049 ns  ; hc164_driver:inst|tx_cnt[1]      ; HC_SI ; clk        ;
; N/A   ; None         ; 16.866 ns  ; hc164_driver:inst|tx_cnt[2]      ; HC_SI ; clk        ;
; N/A   ; None         ; 15.859 ns  ; hc164_driver:inst|tx_cnt[4]      ; HC_SI ; clk        ;
; N/A   ; None         ; 15.076 ns  ; hc164_driver:inst|tx_cnt[3]      ; HC_SI ; clk        ;
; N/A   ; None         ; 11.744 ns  ; hc164_driver:inst|hc_cp          ; HC_CP ; clk        ;
+-------+--------------+------------+----------------------------------+-------+------------+


+-----------------------------------------------------------------------------------------------+
; th                                                                                            ;
+---------------+-------------+-----------+---------+--------------------------------+----------+
; Minimum Slack ; Required th ; Actual th ; From    ; To                             ; To Clock ;
+---------------+-------------+-----------+---------+--------------------------------+----------+
; N/A           ; None        ; 2.657 ns  ; rst_n   ; irda_check:inst1|irda_reg1     ; clk      ;
; N/A           ; None        ; 2.656 ns  ; rst_n   ; irda_check:inst1|irda_reg2     ; clk      ;
; N/A           ; None        ; 2.085 ns  ; rst_n   ; irda_check:inst1|get_data[14]  ; clk      ;
; N/A           ; None        ; 2.082 ns  ; rst_n   ; irda_check:inst1|get_data[10]  ; clk      ;
; N/A           ; None        ; 2.077 ns  ; rst_n   ; irda_check:inst1|get_data[9]   ; clk      ;
; N/A           ; None        ; 2.070 ns  ; rst_n   ; irda_check:inst1|get_data[11]  ; clk      ;
; N/A           ; None        ; 2.066 ns  ; rst_n   ; irda_check:inst1|get_data[8]   ; clk      ;
; N/A           ; None        ; 1.695 ns  ; rst_n   ; irda_check:inst1|irda_data[11] ; clk      ;
; N/A           ; None        ; 1.683 ns  ; rst_n   ; irda_check:inst1|irda_data[9]  ; clk      ;
; N/A           ; None        ; 1.678 ns  ; rst_n   ; irda_check:inst1|irda_data[7]  ; clk      ;
; N/A           ; None        ; 1.669 ns  ; rst_n   ; irda_check:inst1|irda_data[10] ; clk      ;
; N/A           ; None        ; 1.664 ns  ; rst_n   ; irda_check:inst1|irda_data[14] ; clk      ;
; N/A           ; None        ; 1.650 ns  ; rst_n   ; irda_check:inst1|get_data[4]   ; clk      ;
; N/A           ; None        ; 1.639 ns  ; rst_n   ; irda_check:inst1|irda_data[3]  ; clk      ;
; N/A           ; None        ; 1.635 ns  ; rst_n   ; irda_check:inst1|get_data[6]   ; clk      ;
; N/A           ; None        ; 1.633 ns  ; rst_n   ; irda_check:inst1|irda_data[5]  ; clk      ;
; N/A           ; None        ; 1.613 ns  ; rst_n   ; irda_check:inst1|get_data[15]  ; clk      ;
; N/A           ; None        ; 1.611 ns  ; rst_n   ; irda_check:inst1|irda_data[12] ; clk      ;
; N/A           ; None        ; 1.596 ns  ; rst_n   ; irda_check:inst1|get_data[12]  ; clk      ;
; N/A           ; None        ; 1.594 ns  ; rst_n   ; irda_check:inst1|get_data[13]  ; clk      ;
; N/A           ; None        ; 1.594 ns  ; rst_n   ; irda_check:inst1|irda_reg0     ; clk      ;
; N/A           ; None        ; 1.550 ns  ; rst_n   ; irda_check:inst1|cs.DATA_STATE ; clk      ;
; N/A           ; None        ; 1.550 ns  ; rst_n   ; irda_check:inst1|error_flag    ; clk      ;
; N/A           ; None        ; 1.536 ns  ; rst_n   ; irda_check:inst1|get_data[7]   ; clk      ;
; N/A           ; None        ; 1.525 ns  ; rst_n   ; irda_check:inst1|get_data[1]   ; clk      ;
; N/A           ; None        ; 1.497 ns  ; rst_n   ; irda_check:inst1|cs.LEADER_4   ; clk      ;
; N/A           ; None        ; 1.224 ns  ; rst_n   ; irda_check:inst1|irda_data[6]  ; clk      ;
; N/A           ; None        ; 1.223 ns  ; rst_n   ; irda_check:inst1|irda_data[13] ; clk      ;
; N/A           ; None        ; 1.221 ns  ; rst_n   ; irda_check:inst1|irda_data[1]  ; clk      ;
; N/A           ; None        ; 1.207 ns  ; rst_n   ; irda_check:inst1|irda_data[8]  ; clk      ;
; N/A           ; None        ; 1.206 ns  ; rst_n   ; irda_check:inst1|irda_data[0]  ; clk      ;
; N/A           ; None        ; 1.181 ns  ; rst_n   ; irda_check:inst1|get_data[5]   ; clk      ;
; N/A           ; None        ; 1.180 ns  ; rst_n   ; irda_check:inst1|irda_data[4]  ; clk      ;
; N/A           ; None        ; 1.180 ns  ; rst_n   ; irda_check:inst1|irda_data[15] ; clk      ;
; N/A           ; None        ; 1.173 ns  ; rst_n   ; irda_check:inst1|get_data[3]   ; clk      ;
; N/A           ; None        ; 1.164 ns  ; rst_n   ; irda_check:inst1|irda_data[2]  ; clk      ;
; N/A           ; None        ; 1.161 ns  ; rst_n   ; irda_check:inst1|get_data[2]   ; clk      ;
; N/A           ; None        ; 0.934 ns  ; rst_n   ; irda_check:inst1|cs.IDLE       ; clk      ;
; N/A           ; None        ; 0.870 ns  ; rst_n   ; irda_check:inst1|cs.LEADER_9   ; clk      ;
; N/A           ; None        ; 0.823 ns  ; rst_n   ; irda_check:inst1|data_cnt[5]   ; clk      ;
; N/A           ; None        ; 0.823 ns  ; rst_n   ; irda_check:inst1|data_cnt[0]   ; clk      ;
; N/A           ; None        ; 0.823 ns  ; rst_n   ; irda_check:inst1|data_cnt[1]   ; clk      ;
; N/A           ; None        ; 0.823 ns  ; rst_n   ; irda_check:inst1|data_cnt[2]   ; clk      ;
; N/A           ; None        ; 0.823 ns  ; rst_n   ; irda_check:inst1|data_cnt[3]   ; clk      ;
; N/A           ; None        ; 0.823 ns  ; rst_n   ; irda_check:inst1|data_cnt[4]   ; clk      ;
; N/A           ; None        ; 0.625 ns  ; rst_n   ; irda_check:inst1|counter2[5]   ; clk      ;
; N/A           ; None        ; 0.625 ns  ; rst_n   ; irda_check:inst1|counter2[1]   ; clk      ;
; N/A           ; None        ; 0.625 ns  ; rst_n   ; irda_check:inst1|counter2[0]   ; clk      ;
; N/A           ; None        ; 0.625 ns  ; rst_n   ; irda_check:inst1|counter2[2]   ; clk      ;
; N/A           ; None        ; 0.625 ns  ; rst_n   ; irda_check:inst1|counter2[3]   ; clk      ;
; N/A           ; None        ; 0.625 ns  ; rst_n   ; irda_check:inst1|counter2[4]   ; clk      ;
; N/A           ; None        ; 0.625 ns  ; rst_n   ; irda_check:inst1|counter2[8]   ; clk      ;
; N/A           ; None        ; 0.625 ns  ; rst_n   ; irda_check:inst1|counter2[6]   ; clk      ;
; N/A           ; None        ; 0.625 ns  ; rst_n   ; irda_check:inst1|counter2[7]   ; clk      ;
; N/A           ; None        ; 0.546 ns  ; IrDA_Rx ; irda_check:inst1|irda_reg0     ; clk      ;
; N/A           ; None        ; 0.546 ns  ; rst_n   ; irda_check:inst1|get_data[0]   ; clk      ;
; N/A           ; None        ; 0.522 ns  ; rst_n   ; irda_check:inst1|counter[4]    ; clk      ;
; N/A           ; None        ; 0.522 ns  ; rst_n   ; irda_check:inst1|counter[0]    ; clk      ;
; N/A           ; None        ; 0.522 ns  ; rst_n   ; irda_check:inst1|counter[3]    ; clk      ;
; N/A           ; None        ; 0.522 ns  ; rst_n   ; irda_check:inst1|counter[2]    ; clk      ;
; N/A           ; None        ; 0.522 ns  ; rst_n   ; irda_check:inst1|counter[1]    ; clk      ;
; N/A           ; None        ; 0.106 ns  ; rst_n   ; irda_check:inst1|counter[8]    ; clk      ;
; N/A           ; None        ; 0.106 ns  ; rst_n   ; irda_check:inst1|counter[7]    ; clk      ;
; N/A           ; None        ; 0.106 ns  ; rst_n   ; irda_check:inst1|counter[6]    ; clk      ;
; N/A           ; None        ; 0.106 ns  ; rst_n   ; irda_check:inst1|counter[5]    ; clk      ;
; N/A           ; None        ; 0.106 ns  ; rst_n   ; irda_check:inst1|counter[9]    ; clk      ;
; N/A           ; None        ; 0.106 ns  ; rst_n   ; irda_check:inst1|counter[10]   ; clk      ;
+---------------+-------------+-----------+---------+--------------------------------+----------+


+--------------------------+
; Timing Analyzer Messages ;
+--------------------------+
Info: *******************************************************************
Info: Running Quartus II Classic Timing Analyzer
    Info: Version 7.2 Build 151 09/26/2007 SJ Full Version
    Info: Processing started: Mon Nov 28 08:56:56 2011
Info: Command: quartus_tan --read_settings_files=off --write_settings_files=off IrDX_Receive -c IrDX_Receive
Info: Started post-fitting delay annotation
Info: Delay annotation completed successfully
Warning: Found pins functioning as undefined clocks and/or memory enables
    Info: Assuming node "clk" is an undefined clock
Info: Clock "clk" has Internal fmax of 98.16 MHz between source register "irda_check:inst1|irda_reg1" and destination register "irda_check:inst1|cs.IDLE" (period= 10.187 ns)
    Info: + Longest register to register delay is 9.478 ns
        Info: 1: + IC(0.000 ns) + CELL(0.000 ns) = 0.000 ns; Loc. = LC_X6_Y4_N2; Fanout = 13; REG Node = 'irda_check:inst1|irda_reg1'
        Info: 2: + IC(1.268 ns) + CELL(0.914 ns) = 2.182 ns; Loc. = LC_X6_Y4_N4; Fanout = 1; COMB Node = 'irda_check:inst1|always4~53'
        Info: 3: + IC(1.132 ns) + CELL(0.200 ns) = 3.514 ns; Loc. = LC_X5_Y4_N9; Fanout = 2; COMB Node = 'irda_check:inst1|always4~54'
        Info: 4: + IC(1.808 ns) + CELL(0.200 ns) = 5.522 ns; Loc. = LC_X4_Y3_N5; Fanout = 2; COMB Node = 'irda_check:inst1|always4~1'
        Info: 5: + IC(1.980 ns) + CELL(0.200 ns) = 7.702 ns; Loc. = LC_X7_Y2_N8; Fanout = 1; COMB Node = 'irda_check:inst1|cs~285'
        Info: 6: + IC(1.185 ns) + CELL(0.591 ns) = 9.478 ns; Loc. = LC_X6_Y2_N9; Fanout = 22; REG Node = 'irda_check:inst1|cs.IDLE'
        Info: Total cell delay = 2.105 ns ( 22.21 % )
        Info: Total interconnect delay = 7.373 ns ( 77.79 % )
    Info: - Smallest clock skew is 0.000 ns
        Info: + Shortest clock path from clock "clk" to destination register is 6.494 ns
            Info: 1: + IC(0.000 ns) + CELL(1.132 ns) = 1.132 ns; Loc. = PIN_61; Fanout = 92; CLK Node = 'clk'
            Info: 2: + IC(4.444 ns) + CELL(0.918 ns) = 6.494 ns; Loc. = LC_X6_Y2_N9; Fanout = 22; REG Node = 'irda_check:inst1|cs.IDLE'
            Info: Total cell delay = 2.050 ns ( 31.57 % )
            Info: Total interconnect delay = 4.444 ns ( 68.43 % )
        Info: - Longest clock path from clock "clk" to source register is 6.494 ns
            Info: 1: + IC(0.000 ns) + CELL(1.132 ns) = 1.132 ns; Loc. = PIN_61; Fanout = 92; CLK Node = 'clk'
            Info: 2: + IC(4.444 ns) + CELL(0.918 ns) = 6.494 ns; Loc. = LC_X6_Y4_N2; Fanout = 13; REG Node = 'irda_check:inst1|irda_reg1'
            Info: Total cell delay = 2.050 ns ( 31.57 % )
            Info: Total interconnect delay = 4.444 ns ( 68.43 % )
    Info: + Micro clock to output delay of source is 0.376 ns
    Info: + Micro setup delay of destination is 0.333 ns
Info: tsu for register "irda_check:inst1|get_data[4]" (data pin = "rst_n", clock pin = "clk") is 1.424 ns
    Info: + Longest pin to register delay is 7.585 ns
        Info: 1: + IC(0.000 ns) + CELL(1.132 ns) = 1.132 ns; Loc. = PIN_83; Fanout = 72; PIN Node = 'rst_n'
        Info: 2: + IC(2.927 ns) + CELL(0.200 ns) = 4.259 ns; Loc. = LC_X4_Y4_N5; Fanout = 15; COMB Node = 'irda_check:inst1|get_data[1]~1183'
        Info: 3: + IC(2.083 ns) + CELL(1.243 ns) = 7.585 ns; Loc. = LC_X5_Y2_N8; Fanout = 2; REG Node = 'irda_check:inst1|get_data[4]'
        Info: Total cell delay = 2.575 ns ( 33.95 % )
        Info: Total interconnect delay = 5.010 ns ( 66.05 % )
    Info: + Micro setup delay of destination is 0.333 ns
    Info: - Shortest clock path from clock "clk" to destination register is 6.494 ns
        Info: 1: + IC(0.000 ns) + CELL(1.132 ns) = 1.132 ns; Loc. = PIN_61; Fanout = 92; CLK Node = 'clk'
        Info: 2: + IC(4.444 ns) + CELL(0.918 ns) = 6.494 ns; Loc. = LC_X5_Y2_N8; Fanout = 2; REG Node = 'irda_check:inst1|get_data[4]'
        Info: Total cell delay = 2.050 ns ( 31.57 % )
        Info: Total interconnect delay = 4.444 ns ( 68.43 % )
Info: tco from clock "clk" to destination pin "HC_SI" through register "irda_check:inst1|irda_data[10]" is 22.736 ns
    Info: + Longest clock path from clock "clk" to source register is 6.494 ns
        Info: 1: + IC(0.000 ns) + CELL(1.132 ns) = 1.132 ns; Loc. = PIN_61; Fanout = 92; CLK Node = 'clk'
        Info: 2: + IC(4.444 ns) + CELL(0.918 ns) = 6.494 ns; Loc. = LC_X4_Y2_N5; Fanout = 1; REG Node = 'irda_check:inst1|irda_data[10]'
        Info: Total cell delay = 2.050 ns ( 31.57 % )
        Info: Total interconnect delay = 4.444 ns ( 68.43 % )
    Info: + Micro clock to output delay of source is 0.376 ns
    Info: + Longest register to pin delay is 15.866 ns
        Info: 1: + IC(0.000 ns) + CELL(0.000 ns) = 0.000 ns; Loc. = LC_X4_Y2_N5; Fanout = 1; REG Node = 'irda_check:inst1|irda_data[10]'
        Info: 2: + IC(1.923 ns) + CELL(0.740 ns) = 2.663 ns; Loc. = LC_X4_Y2_N1; Fanout = 1; COMB Node = 'hc164_driver:inst|Mux1~38'
        Info: 3: + IC(0.744 ns) + CELL(0.200 ns) = 3.607 ns; Loc. = LC_X4_Y2_N6; Fanout = 7; COMB Node = 'hc164_driver:inst|Mux1~39'
        Info: 4: + IC(1.781 ns) + CELL(0.740 ns) = 6.128 ns; Loc. = LC_X3_Y1_N8; Fanout = 1; COMB Node = 'hc164_driver:inst|WideOr3~24'
        Info: 5: + IC(0.729 ns) + CELL(0.200 ns) = 7.057 ns; Loc. = LC_X3_Y1_N5; Fanout = 1; COMB Node = 'hc164_driver:inst|WideOr3~25'
        Info: 6: + IC(1.839 ns) + CELL(0.200 ns) = 9.096 ns; Loc. = LC_X3_Y1_N1; Fanout = 2; COMB Node = 'hc164_driver:inst|Mux5~132'
        Info: 7: + IC(0.735 ns) + CELL(0.740 ns) = 10.571 ns; Loc. = LC_X3_Y1_N7; Fanout = 1; COMB Node = 'hc164_driver:inst|Mux5~135'
        Info: 8: + IC(0.767 ns) + CELL(0.511 ns) = 11.849 ns; Loc. = LC_X3_Y1_N9; Fanout = 1; COMB Node = 'hc164_driver:inst|Mux5~133'
        Info: 9: + IC(1.695 ns) + CELL(2.322 ns) = 15.866 ns; Loc. = PIN_26; Fanout = 0; PIN Node = 'HC_SI'
        Info: Total cell delay = 5.653 ns ( 35.63 % )
        Info: Total interconnect delay = 10.213 ns ( 64.37 % )
Info: th for register "irda_check:inst1|irda_reg1" (data pin = "rst_n", clock pin = "clk") is 2.657 ns
    Info: + Longest clock path from clock "clk" to destination register is 6.494 ns
        Info: 1: + IC(0.000 ns) + CELL(1.132 ns) = 1.132 ns; Loc. = PIN_61; Fanout = 92; CLK Node = 'clk'
        Info: 2: + IC(4.444 ns) + CELL(0.918 ns) = 6.494 ns; Loc. = LC_X6_Y4_N2; Fanout = 13; REG Node = 'irda_check:inst1|irda_reg1'
        Info: Total cell delay = 2.050 ns ( 31.57 % )
        Info: Total interconnect delay = 4.444 ns ( 68.43 % )
    Info: + Micro hold delay of destination is 0.221 ns
    Info: - Shortest pin to register delay is 4.058 ns
        Info: 1: + IC(0.000 ns) + CELL(1.132 ns) = 1.132 ns; Loc. = PIN_83; Fanout = 72; PIN Node = 'rst_n'
        Info: 2: + IC(2.122 ns) + CELL(0.804 ns) = 4.058 ns; Loc. = LC_X6_Y4_N2; Fanout = 13; REG Node = 'irda_check:inst1|irda_reg1'
        Info: Total cell delay = 1.936 ns ( 47.71 % )
        Info: Total interconnect delay = 2.122 ns ( 52.29 % )
Info: Quartus II Classic Timing Analyzer was successful. 0 errors, 1 warning
    Info: Allocated 111 megabytes of memory during processing
    Info: Processing ended: Mon Nov 28 08:56:58 2011
    Info: Elapsed time: 00:00:02


