Analysis & Synthesis report for DDS
Mon Oct 26 01:56:25 2009
Quartus II Version 7.2 Build 151 09/26/2007 SJ Full Version


---------------------
; Table of Contents ;
---------------------
  1. Legal Notice
  2. Analysis & Synthesis Summary
  3. Analysis & Synthesis Settings
  4. Analysis & Synthesis Source Files Read
  5. Analysis & Synthesis Resource Usage Summary
  6. Analysis & Synthesis Resource Utilization by Entity
  7. Analysis & Synthesis RAM Summary
  8. Registers Removed During Synthesis
  9. General Register Statistics
 10. Source assignments for ROM:DDS_ROM_U0|altsyncram:altsyncram_component|altsyncram_q341:auto_generated
 11. Parameter Settings for User Entity Instance: Top-level Entity: |DDS
 12. Parameter Settings for User Entity Instance: ROM:DDS_ROM_U0|altsyncram:altsyncram_component
 13. Analysis & Synthesis Messages



----------------
; Legal Notice ;
----------------
Copyright (C) 1991-2007 Altera Corporation
Your use of Altera Corporation's design tools, logic functions 
and other software and tools, and its AMPP partner logic 
functions, and any output files from any of the foregoing 
(including device programming or simulation files), and any 
associated documentation or information are expressly subject 
to the terms and conditions of the Altera Program License 
Subscription Agreement, Altera MegaCore Function License 
Agreement, or other applicable license agreement, including, 
without limitation, that your use is for the sole purpose of 
programming logic devices manufactured by Altera and sold by 
Altera or its authorized distributors.  Please refer to the 
applicable agreement for further details.



+-------------------------------------------------------------------------------+
; Analysis & Synthesis Summary                                                  ;
+------------------------------------+------------------------------------------+
; Analysis & Synthesis Status        ; Successful - Mon Oct 26 01:56:25 2009    ;
; Quartus II Version                 ; 7.2 Build 151 09/26/2007 SJ Full Version ;
; Revision Name                      ; DDS                                      ;
; Top-level Entity Name              ; DDS                                      ;
; Family                             ; Cyclone II                               ;
; Total logic elements               ; 72                                       ;
;     Total combinational functions  ; 36                                       ;
;     Dedicated logic registers      ; 72                                       ;
; Total registers                    ; 72                                       ;
; Total pins                         ; 57                                       ;
; Total virtual pins                 ; 0                                        ;
; Total memory bits                  ; 2,560                                    ;
; Embedded Multiplier 9-bit elements ; 0                                        ;
; Total PLLs                         ; 0                                        ;
+------------------------------------+------------------------------------------+


+--------------------------------------------------------------------------------------------------------------------------+
; Analysis & Synthesis Settings                                                                                            ;
+--------------------------------------------------------------------------------+--------------------+--------------------+
; Option                                                                         ; Setting            ; Default Value      ;
+--------------------------------------------------------------------------------+--------------------+--------------------+
; Device                                                                         ; EP2C5T144C8        ;                    ;
; Top-level entity name                                                          ; DDS                ; DDS                ;
; Family name                                                                    ; Cyclone II         ; Stratix II         ;
; Use Generated Physical Constraints File                                        ; Off                ;                    ;
; Use smart compilation                                                          ; Off                ; Off                ;
; Maximum processors allowed for parallel compilation                            ; 1                  ; 1                  ;
; Restructure Multiplexers                                                       ; Auto               ; Auto               ;
; Create Debugging Nodes for IP Cores                                            ; Off                ; Off                ;
; Preserve fewer node names                                                      ; On                 ; On                 ;
; Disable OpenCore Plus hardware evaluation                                      ; Off                ; Off                ;
; Verilog Version                                                                ; Verilog_2001       ; Verilog_2001       ;
; VHDL Version                                                                   ; VHDL93             ; VHDL93             ;
; State Machine Processing                                                       ; Auto               ; Auto               ;
; Safe State Machine                                                             ; Off                ; Off                ;
; Extract Verilog State Machines                                                 ; On                 ; On                 ;
; Extract VHDL State Machines                                                    ; On                 ; On                 ;
; Ignore Verilog initial constructs                                              ; Off                ; Off                ;
; Add Pass-Through Logic to Inferred RAMs                                        ; On                 ; On                 ;
; Parallel Synthesis                                                             ; Off                ; Off                ;
; DSP Block Balancing                                                            ; Auto               ; Auto               ;
; NOT Gate Push-Back                                                             ; On                 ; On                 ;
; Power-Up Don't Care                                                            ; On                 ; On                 ;
; Remove Redundant Logic Cells                                                   ; Off                ; Off                ;
; Remove Duplicate Registers                                                     ; On                 ; On                 ;
; Ignore CARRY Buffers                                                           ; Off                ; Off                ;
; Ignore CASCADE Buffers                                                         ; Off                ; Off                ;
; Ignore GLOBAL Buffers                                                          ; Off                ; Off                ;
; Ignore ROW GLOBAL Buffers                                                      ; Off                ; Off                ;
; Ignore LCELL Buffers                                                           ; Off                ; Off                ;
; Ignore SOFT Buffers                                                            ; On                 ; On                 ;
; Limit AHDL Integers to 32 Bits                                                 ; Off                ; Off                ;
; Optimization Technique -- Cyclone II/Cyclone III                               ; Balanced           ; Balanced           ;
; Carry Chain Length -- Stratix/Stratix GX/Cyclone/MAX II/Cyclone II/Cyclone III ; 70                 ; 70                 ;
; Auto Carry Chains                                                              ; On                 ; On                 ;
; Auto Open-Drain Pins                                                           ; On                 ; On                 ;
; Perform WYSIWYG Primitive Resynthesis                                          ; Off                ; Off                ;
; Perform gate-level register retiming                                           ; Off                ; Off                ;
; Allow register retiming to trade off Tsu/Tco with Fmax                         ; On                 ; On                 ;
; Auto ROM Replacement                                                           ; On                 ; On                 ;
; Auto RAM Replacement                                                           ; On                 ; On                 ;
; Auto Shift Register Replacement                                                ; Auto               ; Auto               ;
; Auto Clock Enable Replacement                                                  ; On                 ; On                 ;
; Allow Synchronous Control Signals                                              ; On                 ; On                 ;
; Force Use of Synchronous Clear Signals                                         ; Off                ; Off                ;
; Auto RAM to Logic Cell Conversion                                              ; Off                ; Off                ;
; Auto Resource Sharing                                                          ; Off                ; Off                ;
; Allow Any RAM Size For Recognition                                             ; Off                ; Off                ;
; Allow Any ROM Size For Recognition                                             ; Off                ; Off                ;
; Allow Any Shift Register Size For Recognition                                  ; Off                ; Off                ;
; Ignore translate_off and synthesis_off directives                              ; Off                ; Off                ;
; Show Parameter Settings Tables in Synthesis Report                             ; On                 ; On                 ;
; Ignore Maximum Fan-Out Assignments                                             ; Off                ; Off                ;
; Retiming Meta-Stability Register Sequence Length                               ; 2                  ; 2                  ;
; PowerPlay Power Optimization                                                   ; Normal compilation ; Normal compilation ;
; HDL message level                                                              ; Level2             ; Level2             ;
; Suppress Register Optimization Related Messages                                ; Off                ; Off                ;
; Number of Removed Registers Reported in Synthesis Report                       ; 100                ; 100                ;
; Clock MUX Protection                                                           ; On                 ; On                 ;
; Block Design Naming                                                            ; Auto               ; Auto               ;
+--------------------------------------------------------------------------------+--------------------+--------------------+


+--------------------------------------------------------------------------------------------------------------------------------------------------------+
; Analysis & Synthesis Source Files Read                                                                                                                 ;
+----------------------------------+-----------------+------------------------------+--------------------------------------------------------------------+
; File Name with User-Entered Path ; Used in Netlist ; File Type                    ; File Name with Absolute Path                                       ;
+----------------------------------+-----------------+------------------------------+--------------------------------------------------------------------+
; RTL/DDS.v                        ; yes             ; User Verilog HDL File        ; D:/Projecct/FPGA/EP2C5T144_V1.0/Project/DDS/RTL/DDS.v              ;
; ROM.v                            ; yes             ; Other                        ; D:/Projecct/FPGA/EP2C5T144_V1.0/Project/DDS/ROM.v                  ;
; altsyncram.tdf                   ; yes             ; Megafunction                 ; c:/altera/72/quartus/libraries/megafunctions/altsyncram.tdf        ;
; stratix_ram_block.inc            ; yes             ; Megafunction                 ; c:/altera/72/quartus/libraries/megafunctions/stratix_ram_block.inc ;
; lpm_mux.inc                      ; yes             ; Megafunction                 ; c:/altera/72/quartus/libraries/megafunctions/lpm_mux.inc           ;
; lpm_decode.inc                   ; yes             ; Megafunction                 ; c:/altera/72/quartus/libraries/megafunctions/lpm_decode.inc        ;
; aglobal72.inc                    ; yes             ; Megafunction                 ; c:/altera/72/quartus/libraries/megafunctions/aglobal72.inc         ;
; a_rdenreg.inc                    ; yes             ; Megafunction                 ; c:/altera/72/quartus/libraries/megafunctions/a_rdenreg.inc         ;
; altrom.inc                       ; yes             ; Megafunction                 ; c:/altera/72/quartus/libraries/megafunctions/altrom.inc            ;
; altram.inc                       ; yes             ; Megafunction                 ; c:/altera/72/quartus/libraries/megafunctions/altram.inc            ;
; altdpram.inc                     ; yes             ; Megafunction                 ; c:/altera/72/quartus/libraries/megafunctions/altdpram.inc          ;
; altqpram.inc                     ; yes             ; Megafunction                 ; c:/altera/72/quartus/libraries/megafunctions/altqpram.inc          ;
; db/altsyncram_q341.tdf           ; yes             ; Auto-Generated Megafunction  ; D:/Projecct/FPGA/EP2C5T144_V1.0/Project/DDS/db/altsyncram_q341.tdf ;
; ./wave_file/ROM.mif              ; yes             ; Other                        ; D:/Projecct/FPGA/EP2C5T144_V1.0/Project/DDS/wave_file/ROM.mif      ;
+----------------------------------+-----------------+------------------------------+--------------------------------------------------------------------+


+-------------------------------------------------------+
; Analysis & Synthesis Resource Usage Summary           ;
+---------------------------------------------+---------+
; Resource                                    ; Usage   ;
+---------------------------------------------+---------+
; Estimated Total logic elements              ; 72      ;
;                                             ;         ;
; Total combinational functions               ; 36      ;
; Logic element usage by number of LUT inputs ;         ;
;     -- 4 input functions                    ; 0       ;
;     -- 3 input functions                    ; 34      ;
;     -- <=2 input functions                  ; 2       ;
;                                             ;         ;
; Logic elements by mode                      ;         ;
;     -- normal mode                          ; 2       ;
;     -- arithmetic mode                      ; 34      ;
;                                             ;         ;
; Total registers                             ; 72      ;
;     -- Dedicated logic registers            ; 72      ;
;     -- I/O registers                        ; 0       ;
;                                             ;         ;
; I/O pins                                    ; 57      ;
; Total memory bits                           ; 2560    ;
; Maximum fan-out node                        ; sys_clk ;
; Maximum fan-out                             ; 83      ;
; Total fan-out                               ; 423     ;
; Average fan-out                             ; 2.42    ;
+---------------------------------------------+---------+


+-----------------------------------------------------------------------------------------------------------------------------------------------------------------------------------------------------------------------------------------------------------+
; Analysis & Synthesis Resource Utilization by Entity                                                                                                                                                                                                       ;
+-------------------------------------------+-------------------+--------------+-------------+--------------+---------+-----------+------+--------------+------------------------------------------------------------------------------------+--------------+
; Compilation Hierarchy Node                ; LC Combinationals ; LC Registers ; Memory Bits ; DSP Elements ; DSP 9x9 ; DSP 18x18 ; Pins ; Virtual Pins ; Full Hierarchy Name                                                                ; Library Name ;
+-------------------------------------------+-------------------+--------------+-------------+--------------+---------+-----------+------+--------------+------------------------------------------------------------------------------------+--------------+
; |DDS                                      ; 36 (36)           ; 72 (72)      ; 2560        ; 0            ; 0       ; 0         ; 57   ; 0            ; |DDS                                                                               ; work         ;
;    |ROM:DDS_ROM_U0|                       ; 0 (0)             ; 0 (0)        ; 2560        ; 0            ; 0       ; 0         ; 0    ; 0            ; |DDS|ROM:DDS_ROM_U0                                                                ; work         ;
;       |altsyncram:altsyncram_component|   ; 0 (0)             ; 0 (0)        ; 2560        ; 0            ; 0       ; 0         ; 0    ; 0            ; |DDS|ROM:DDS_ROM_U0|altsyncram:altsyncram_component                                ; work         ;
;          |altsyncram_q341:auto_generated| ; 0 (0)             ; 0 (0)        ; 2560        ; 0            ; 0       ; 0         ; 0    ; 0            ; |DDS|ROM:DDS_ROM_U0|altsyncram:altsyncram_component|altsyncram_q341:auto_generated ; work         ;
+-------------------------------------------+-------------------+--------------+-------------+--------------+---------+-----------+------+--------------+------------------------------------------------------------------------------------+--------------+
Note: For table entries with two numbers listed, the numbers in parentheses indicate the number of resources of the given type used by the specific entity alone. The numbers listed outside of parentheses indicate the total resources of the given type used by the specific entity and all of its sub-entities in the hierarchy.


+-------------------------------------------------------------------------------------------------------------------------------------------------------------------------------------------------+
; Analysis & Synthesis RAM Summary                                                                                                                                                                ;
+------------------------------------------------------------------------------------------+------+------+--------------+--------------+--------------+--------------+------+---------------------+
; Name                                                                                     ; Type ; Mode ; Port A Depth ; Port A Width ; Port B Depth ; Port B Width ; Size ; MIF                 ;
+------------------------------------------------------------------------------------------+------+------+--------------+--------------+--------------+--------------+------+---------------------+
; ROM:DDS_ROM_U0|altsyncram:altsyncram_component|altsyncram_q341:auto_generated|ALTSYNCRAM ; AUTO ; ROM  ; 256          ; 10           ; --           ; --           ; 2560 ; ./wave_file/ROM.mif ;
+------------------------------------------------------------------------------------------+------+------+--------------+--------------+--------------+--------------+------+---------------------+


+-------------------------------------------------------------+
; Registers Removed During Synthesis                          ;
+----------------------------------------+--------------------+
; Register name                          ; Reason for Removal ;
+----------------------------------------+--------------------+
; pword_r[8..11]                         ; Lost fanout        ;
; fword_r[28..31]                        ; Lost fanout        ;
; freq_count[28..31]                     ; Lost fanout        ;
; Total Number of Removed Registers = 12 ;                    ;
+----------------------------------------+--------------------+


+------------------------------------------------------+
; General Register Statistics                          ;
+----------------------------------------------+-------+
; Statistic                                    ; Value ;
+----------------------------------------------+-------+
; Total registers                              ; 72    ;
; Number of registers using Synchronous Clear  ; 0     ;
; Number of registers using Synchronous Load   ; 0     ;
; Number of registers using Asynchronous Clear ; 72    ;
; Number of registers using Asynchronous Load  ; 0     ;
; Number of registers using Clock Enable       ; 0     ;
; Number of registers using Preset             ; 0     ;
+----------------------------------------------+-------+


+------------------------------------------------------------------------------------------------------+
; Source assignments for ROM:DDS_ROM_U0|altsyncram:altsyncram_component|altsyncram_q341:auto_generated ;
+---------------------------------+--------------------+------+----------------------------------------+
; Assignment                      ; Value              ; From ; To                                     ;
+---------------------------------+--------------------+------+----------------------------------------+
; OPTIMIZE_POWER_DURING_SYNTHESIS ; NORMAL_COMPILATION ; -    ; -                                      ;
+---------------------------------+--------------------+------+----------------------------------------+


+---------------------------------------------------------------------+
; Parameter Settings for User Entity Instance: Top-level Entity: |DDS ;
+----------------+-------+--------------------------------------------+
; Parameter Name ; Value ; Type                                       ;
+----------------+-------+--------------------------------------------+
; WIDTH1         ; 32    ; Signed Integer                             ;
; WIDTH2         ; 12    ; Signed Integer                             ;
; SIZE           ; 10    ; Signed Integer                             ;
+----------------+-------+--------------------------------------------+
Note: In order to hide this table in the UI and the text report file, please set the "Show Parameter Settings Tables in Synthesis Report" option in "Analysis and Synthesis Settings -> More Settings" to "Off".


+---------------------------------------------------------------------------------------------+
; Parameter Settings for User Entity Instance: ROM:DDS_ROM_U0|altsyncram:altsyncram_component ;
+------------------------------------+----------------------+---------------------------------+
; Parameter Name                     ; Value                ; Type                            ;
+------------------------------------+----------------------+---------------------------------+
; BYTE_SIZE_BLOCK                    ; 8                    ; Untyped                         ;
; AUTO_CARRY_CHAINS                  ; ON                   ; AUTO_CARRY                      ;
; IGNORE_CARRY_BUFFERS               ; OFF                  ; IGNORE_CARRY                    ;
; AUTO_CASCADE_CHAINS                ; ON                   ; AUTO_CASCADE                    ;
; IGNORE_CASCADE_BUFFERS             ; OFF                  ; IGNORE_CASCADE                  ;
; WIDTH_BYTEENA                      ; 1                    ; Untyped                         ;
; OPERATION_MODE                     ; ROM                  ; Untyped                         ;
; WIDTH_A                            ; 10                   ; Signed Integer                  ;
; WIDTHAD_A                          ; 8                    ; Signed Integer                  ;
; NUMWORDS_A                         ; 256                  ; Signed Integer                  ;
; OUTDATA_REG_A                      ; CLOCK0               ; Untyped                         ;
; ADDRESS_ACLR_A                     ; NONE                 ; Untyped                         ;
; OUTDATA_ACLR_A                     ; NONE                 ; Untyped                         ;
; WRCONTROL_ACLR_A                   ; NONE                 ; Untyped                         ;
; INDATA_ACLR_A                      ; NONE                 ; Untyped                         ;
; BYTEENA_ACLR_A                     ; NONE                 ; Untyped                         ;
; WIDTH_B                            ; 1                    ; Untyped                         ;
; WIDTHAD_B                          ; 1                    ; Untyped                         ;
; NUMWORDS_B                         ; 1                    ; Untyped                         ;
; INDATA_REG_B                       ; CLOCK1               ; Untyped                         ;
; WRCONTROL_WRADDRESS_REG_B          ; CLOCK1               ; Untyped                         ;
; RDCONTROL_REG_B                    ; CLOCK1               ; Untyped                         ;
; ADDRESS_REG_B                      ; CLOCK1               ; Untyped                         ;
; OUTDATA_REG_B                      ; UNREGISTERED         ; Untyped                         ;
; BYTEENA_REG_B                      ; CLOCK1               ; Untyped                         ;
; INDATA_ACLR_B                      ; NONE                 ; Untyped                         ;
; WRCONTROL_ACLR_B                   ; NONE                 ; Untyped                         ;
; ADDRESS_ACLR_B                     ; NONE                 ; Untyped                         ;
; OUTDATA_ACLR_B                     ; NONE                 ; Untyped                         ;
; RDCONTROL_ACLR_B                   ; NONE                 ; Untyped                         ;
; BYTEENA_ACLR_B                     ; NONE                 ; Untyped                         ;
; WIDTH_BYTEENA_A                    ; 1                    ; Signed Integer                  ;
; WIDTH_BYTEENA_B                    ; 1                    ; Untyped                         ;
; RAM_BLOCK_TYPE                     ; AUTO                 ; Untyped                         ;
; BYTE_SIZE                          ; 8                    ; Untyped                         ;
; READ_DURING_WRITE_MODE_MIXED_PORTS ; DONT_CARE            ; Untyped                         ;
; READ_DURING_WRITE_MODE_PORT_A      ; NEW_DATA_NO_NBE_READ ; Untyped                         ;
; READ_DURING_WRITE_MODE_PORT_B      ; NEW_DATA_NO_NBE_READ ; Untyped                         ;
; INIT_FILE                          ; ./wave_file/ROM.mif  ; Untyped                         ;
; INIT_FILE_LAYOUT                   ; PORT_A               ; Untyped                         ;
; MAXIMUM_DEPTH                      ; 0                    ; Untyped                         ;
; CLOCK_ENABLE_INPUT_A               ; NORMAL               ; Untyped                         ;
; CLOCK_ENABLE_INPUT_B               ; NORMAL               ; Untyped                         ;
; CLOCK_ENABLE_OUTPUT_A              ; NORMAL               ; Untyped                         ;
; CLOCK_ENABLE_OUTPUT_B              ; NORMAL               ; Untyped                         ;
; CLOCK_ENABLE_CORE_A                ; USE_INPUT_CLKEN      ; Untyped                         ;
; CLOCK_ENABLE_CORE_B                ; USE_INPUT_CLKEN      ; Untyped                         ;
; ENABLE_ECC                         ; FALSE                ; Untyped                         ;
; DEVICE_FAMILY                      ; Cyclone II           ; Untyped                         ;
; CBXI_PARAMETER                     ; altsyncram_q341      ; Untyped                         ;
+------------------------------------+----------------------+---------------------------------+
Note: In order to hide this table in the UI and the text report file, please set the "Show Parameter Settings Tables in Synthesis Report" option in "Analysis and Synthesis Settings -> More Settings" to "Off".


+-------------------------------+
; Analysis & Synthesis Messages ;
+-------------------------------+
Info: *******************************************************************
Info: Running Quartus II Analysis & Synthesis
    Info: Version 7.2 Build 151 09/26/2007 SJ Full Version
    Info: Processing started: Mon Oct 26 01:56:24 2009
Info: Command: quartus_map --read_settings_files=on --write_settings_files=off DDS -c DDS
Info: Found 1 design units, including 1 entities, in source file RTL/DDS.v
    Info: Found entity 1: DDS
Info: Elaborating entity "DDS" for the top level hierarchy
Warning (10230): Verilog HDL assignment warning at DDS.v(93): truncated value with size 32 to match size of target (12)
Warning: Using design file ROM.v, which is not specified as a design file for the current project, but contains definitions for 1 design units and 1 entities in project
    Info: Found entity 1: ROM
Info: Elaborating entity "ROM" for hierarchy "ROM:DDS_ROM_U0"
Info: Found 1 design units, including 1 entities, in source file c:/altera/72/quartus/libraries/megafunctions/altsyncram.tdf
    Info: Found entity 1: altsyncram
Info: Elaborating entity "altsyncram" for hierarchy "ROM:DDS_ROM_U0|altsyncram:altsyncram_component"
Info: Elaborated megafunction instantiation "ROM:DDS_ROM_U0|altsyncram:altsyncram_component"
Info: Found 1 design units, including 1 entities, in source file db/altsyncram_q341.tdf
    Info: Found entity 1: altsyncram_q341
Info: Elaborating entity "altsyncram_q341" for hierarchy "ROM:DDS_ROM_U0|altsyncram:altsyncram_component|altsyncram_q341:auto_generated"
Warning: Width of data items in D:/Projecct/FPGA/EP2C5T144_V1.0/Project/DDS/wave_file/ROM.mif is greater than the memory width. Truncating data items to fit in memory.
Warning: Memory depth value (256) in design file differs from memory depth value (512) in Memory Initialization File -- truncated remaining initial content value to fit RAM
Warning (12020): Port "address" on the entity instantiation of "DDS_ROM_U0" is connected to a signal of width 12. The formal width of the signal in the module is 8.  Extra bits will be ignored.
Info: 12 registers lost all their fanouts during netlist optimizations. The first 12 are displayed below.
    Info: Register "pword_r[11]" lost all its fanouts during netlist optimizations.
    Info: Register "pword_r[10]" lost all its fanouts during netlist optimizations.
    Info: Register "pword_r[9]" lost all its fanouts during netlist optimizations.
    Info: Register "pword_r[8]" lost all its fanouts during netlist optimizations.
    Info: Register "fword_r[31]" lost all its fanouts during netlist optimizations.
    Info: Register "fword_r[30]" lost all its fanouts during netlist optimizations.
    Info: Register "fword_r[29]" lost all its fanouts during netlist optimizations.
    Info: Register "fword_r[28]" lost all its fanouts during netlist optimizations.
    Info: Register "freq_count[28]" lost all its fanouts during netlist optimizations.
    Info: Register "freq_count[29]" lost all its fanouts during netlist optimizations.
    Info: Register "freq_count[30]" lost all its fanouts during netlist optimizations.
    Info: Register "freq_count[31]" lost all its fanouts during netlist optimizations.
Warning: Design contains 8 input pin(s) that do not drive logic
    Warning (15610): No output dependent on input pin "pword[8]"
    Warning (15610): No output dependent on input pin "pword[9]"
    Warning (15610): No output dependent on input pin "pword[10]"
    Warning (15610): No output dependent on input pin "pword[11]"
    Warning (15610): No output dependent on input pin "fword[31]"
    Warning (15610): No output dependent on input pin "fword[30]"
    Warning (15610): No output dependent on input pin "fword[29]"
    Warning (15610): No output dependent on input pin "fword[28]"
Info: Implemented 139 device resources after synthesis - the final resource count might be different
    Info: Implemented 46 input pins
    Info: Implemented 11 output pins
    Info: Implemented 72 logic cells
    Info: Implemented 10 RAM segments
Info: Quartus II Analysis & Synthesis was successful. 0 errors, 14 warnings
    Info: Allocated 143 megabytes of memory during processing
    Info: Processing ended: Mon Oct 26 01:56:25 2009
    Info: Elapsed time: 00:00:01


