Analysis & Synthesis report for IrDX_Send
Mon Nov 28 08:55:51 2011
Quartus II Version 7.2 Build 151 09/26/2007 SJ Full Version


---------------------
; Table of Contents ;
---------------------
  1. Legal Notice
  2. Analysis & Synthesis Summary
  3. Analysis & Synthesis Settings
  4. Analysis & Synthesis Source Files Read
  5. Analysis & Synthesis Resource Usage Summary
  6. Analysis & Synthesis Resource Utilization by Entity
  7. State Machine - |IrDX_Send|irda_send_loop:inst|cs
  8. User-Specified and Inferred Latches
  9. General Register Statistics
 10. Multiplexer Restructuring Statistics (Restructuring Performed)
 11. Parameter Settings for User Entity Instance: irda_send_loop:inst
 12. Analysis & Synthesis Messages



----------------
; Legal Notice ;
----------------
Copyright (C) 1991-2007 Altera Corporation
Your use of Altera Corporation's design tools, logic functions 
and other software and tools, and its AMPP partner logic 
functions, and any output files from any of the foregoing 
(including device programming or simulation files), and any 
associated documentation or information are expressly subject 
to the terms and conditions of the Altera Program License 
Subscription Agreement, Altera MegaCore Function License 
Agreement, or other applicable license agreement, including, 
without limitation, that your use is for the sole purpose of 
programming logic devices manufactured by Altera and sold by 
Altera or its authorized distributors.  Please refer to the 
applicable agreement for further details.



+------------------------------------------------------------------------+
; Analysis & Synthesis Summary                                           ;
+-----------------------------+------------------------------------------+
; Analysis & Synthesis Status ; Successful - Mon Nov 28 08:55:51 2011    ;
; Quartus II Version          ; 7.2 Build 151 09/26/2007 SJ Full Version ;
; Revision Name               ; IrDX_Send                                ;
; Top-level Entity Name       ; IrDX_Send                                ;
; Family                      ; MAX II                                   ;
; Total logic elements        ; 232                                      ;
; Total pins                  ; 6                                        ;
; Total virtual pins          ; 0                                        ;
; Total memory bits           ; 0                                        ;
; DSP block 9-bit elements    ; 0                                        ;
; Total PLLs                  ; 0                                        ;
; Total DLLs                  ; 0                                        ;
+-----------------------------+------------------------------------------+


+--------------------------------------------------------------------------------------------------------------------------+
; Analysis & Synthesis Settings                                                                                            ;
+--------------------------------------------------------------------------------+--------------------+--------------------+
; Option                                                                         ; Setting            ; Default Value      ;
+--------------------------------------------------------------------------------+--------------------+--------------------+
; Device                                                                         ; EPM240T100C5       ;                    ;
; Top-level entity name                                                          ; IrDX_Send          ; IrDX_Send          ;
; Family name                                                                    ; MAX II             ; Stratix II         ;
; Optimization Technique -- MAX II                                               ; Area               ; Balanced           ;
; Use Generated Physical Constraints File                                        ; Off                ;                    ;
; Use smart compilation                                                          ; Off                ; Off                ;
; Maximum processors allowed for parallel compilation                            ; 1                  ; 1                  ;
; Restructure Multiplexers                                                       ; Auto               ; Auto               ;
; Create Debugging Nodes for IP Cores                                            ; Off                ; Off                ;
; Preserve fewer node names                                                      ; On                 ; On                 ;
; Disable OpenCore Plus hardware evaluation                                      ; Off                ; Off                ;
; Verilog Version                                                                ; Verilog_2001       ; Verilog_2001       ;
; VHDL Version                                                                   ; VHDL93             ; VHDL93             ;
; State Machine Processing                                                       ; Auto               ; Auto               ;
; Safe State Machine                                                             ; Off                ; Off                ;
; Extract Verilog State Machines                                                 ; On                 ; On                 ;
; Extract VHDL State Machines                                                    ; On                 ; On                 ;
; Ignore Verilog initial constructs                                              ; Off                ; Off                ;
; Add Pass-Through Logic to Inferred RAMs                                        ; On                 ; On                 ;
; Parallel Synthesis                                                             ; Off                ; Off                ;
; NOT Gate Push-Back                                                             ; On                 ; On                 ;
; Power-Up Don't Care                                                            ; On                 ; On                 ;
; Remove Redundant Logic Cells                                                   ; Off                ; Off                ;
; Remove Duplicate Registers                                                     ; On                 ; On                 ;
; Ignore CARRY Buffers                                                           ; Off                ; Off                ;
; Ignore CASCADE Buffers                                                         ; Off                ; Off                ;
; Ignore GLOBAL Buffers                                                          ; Off                ; Off                ;
; Ignore ROW GLOBAL Buffers                                                      ; Off                ; Off                ;
; Ignore LCELL Buffers                                                           ; Off                ; Off                ;
; Ignore SOFT Buffers                                                            ; On                 ; On                 ;
; Limit AHDL Integers to 32 Bits                                                 ; Off                ; Off                ;
; Carry Chain Length -- Stratix/Stratix GX/Cyclone/MAX II/Cyclone II/Cyclone III ; 70                 ; 70                 ;
; Auto Carry Chains                                                              ; On                 ; On                 ;
; Auto Open-Drain Pins                                                           ; On                 ; On                 ;
; Perform WYSIWYG Primitive Resynthesis                                          ; Off                ; Off                ;
; Perform gate-level register retiming                                           ; Off                ; Off                ;
; Allow register retiming to trade off Tsu/Tco with Fmax                         ; On                 ; On                 ;
; Auto Shift Register Replacement                                                ; Auto               ; Auto               ;
; Auto Clock Enable Replacement                                                  ; On                 ; On                 ;
; Allow Synchronous Control Signals                                              ; On                 ; On                 ;
; Force Use of Synchronous Clear Signals                                         ; Off                ; Off                ;
; Auto Resource Sharing                                                          ; Off                ; Off                ;
; Ignore translate_off and synthesis_off directives                              ; Off                ; Off                ;
; Show Parameter Settings Tables in Synthesis Report                             ; On                 ; On                 ;
; Ignore Maximum Fan-Out Assignments                                             ; Off                ; Off                ;
; Retiming Meta-Stability Register Sequence Length                               ; 2                  ; 2                  ;
; PowerPlay Power Optimization                                                   ; Normal compilation ; Normal compilation ;
; HDL message level                                                              ; Level2             ; Level2             ;
; Suppress Register Optimization Related Messages                                ; Off                ; Off                ;
; Number of Removed Registers Reported in Synthesis Report                       ; 100                ; 100                ;
; Clock MUX Protection                                                           ; On                 ; On                 ;
; Block Design Naming                                                            ; Auto               ; Auto               ;
+--------------------------------------------------------------------------------+--------------------+--------------------+


+-------------------------------------------------------------------------------------------------------------------------------------------------------------------------+
; Analysis & Synthesis Source Files Read                                                                                                                                  ;
+----------------------------------+-----------------+------------------------------------+-------------------------------------------------------------------------------+
; File Name with User-Entered Path ; Used in Netlist ; File Type                          ; File Name with Absolute Path                                                  ;
+----------------------------------+-----------------+------------------------------------+-------------------------------------------------------------------------------+
; irda_send_loop.v                 ; yes             ; User Verilog HDL File              ; D:/EPM240_570/EPM240_570_DVD/HDL Code/verilog/EX17/IrDX_Send/irda_send_loop.v ;
; IrDX_Send.bdf                    ; yes             ; User Block Diagram/Schematic File  ; D:/EPM240_570/EPM240_570_DVD/HDL Code/verilog/EX17/IrDX_Send/IrDX_Send.bdf    ;
+----------------------------------+-----------------+------------------------------------+-------------------------------------------------------------------------------+


+-----------------------------------------------------+
; Analysis & Synthesis Resource Usage Summary         ;
+---------------------------------------------+-------+
; Resource                                    ; Usage ;
+---------------------------------------------+-------+
; Total logic elements                        ; 232   ;
;     -- Combinational with no register       ; 95    ;
;     -- Register only                        ; 0     ;
;     -- Combinational with a register        ; 137   ;
;                                             ;       ;
; Logic element usage by number of LUT inputs ;       ;
;     -- 4 input functions                    ; 70    ;
;     -- 3 input functions                    ; 26    ;
;     -- 2 input functions                    ; 129   ;
;     -- 1 input functions                    ; 7     ;
;     -- 0 input functions                    ; 0     ;
;                                             ;       ;
; Logic elements by mode                      ;       ;
;     -- normal mode                          ; 114   ;
;     -- arithmetic mode                      ; 118   ;
;     -- qfbk mode                            ; 0     ;
;     -- register cascade mode                ; 0     ;
;     -- synchronous clear/load mode          ; 128   ;
;     -- asynchronous clear/load mode         ; 137   ;
;                                             ;       ;
; Total registers                             ; 137   ;
; Total logic cells in carry chains           ; 126   ;
; I/O pins                                    ; 6     ;
; Maximum fan-out node                        ; clk   ;
; Maximum fan-out                             ; 137   ;
; Total fan-out                               ; 1031  ;
; Average fan-out                             ; 4.33  ;
+---------------------------------------------+-------+


+-----------------------------------------------------------------------------------------------------------------------------------------------------------------------------------------------------------------------------------------------------------------------------------+
; Analysis & Synthesis Resource Utilization by Entity                                                                                                                                                                                                                               ;
+----------------------------+-------------+--------------+-------------+--------------+---------+-----------+-----------+------+--------------+--------------+-------------------+------------------+-----------------+------------+--------------------------------+--------------+
; Compilation Hierarchy Node ; Logic Cells ; LC Registers ; Memory Bits ; DSP Elements ; DSP 9x9 ; DSP 18x18 ; DSP 36x36 ; Pins ; Virtual Pins ; LUT-Only LCs ; Register-Only LCs ; LUT/Register LCs ; Carry Chain LCs ; Packed LCs ; Full Hierarchy Name            ; Library Name ;
+----------------------------+-------------+--------------+-------------+--------------+---------+-----------+-----------+------+--------------+--------------+-------------------+------------------+-----------------+------------+--------------------------------+--------------+
; |IrDX_Send                 ; 232 (0)     ; 137          ; 0           ; 0            ; 0       ; 0         ; 0         ; 6    ; 0            ; 95 (0)       ; 0 (0)             ; 137 (0)          ; 126 (0)         ; 0 (0)      ; |IrDX_Send                     ; work         ;
;    |irda_send_loop:inst|   ; 232 (232)   ; 137          ; 0           ; 0            ; 0       ; 0         ; 0         ; 0    ; 0            ; 95 (95)      ; 0 (0)             ; 137 (137)        ; 126 (126)       ; 0 (0)      ; |IrDX_Send|irda_send_loop:inst ; work         ;
+----------------------------+-------------+--------------+-------------+--------------+---------+-----------+-----------+------+--------------+--------------+-------------------+------------------+-----------------+------------+--------------------------------+--------------+
Note: For table entries with two numbers listed, the numbers in parentheses indicate the number of resources of the given type used by the specific entity alone. The numbers listed outside of parentheses indicate the total resources of the given type used by the specific entity and all of its sub-entities in the hierarchy.


Encoding Type:  One-Hot
+---------------------------------------------------------------------+
; State Machine - |IrDX_Send|irda_send_loop:inst|cs                   ;
+---------------+---------+---------------+-------------+-------------+
; Name          ; cs.IDLE ; cs.DATA_STATE ; cs.LEADER_4 ; cs.LEADER_9 ;
+---------------+---------+---------------+-------------+-------------+
; cs.IDLE       ; 0       ; 0             ; 0           ; 0           ;
; cs.LEADER_9   ; 1       ; 0             ; 0           ; 1           ;
; cs.LEADER_4   ; 1       ; 0             ; 1           ; 0           ;
; cs.DATA_STATE ; 1       ; 1             ; 0           ; 0           ;
+---------------+---------+---------------+-------------+-------------+


+---------------------------------------------------------------------------------------------------+
; User-Specified and Inferred Latches                                                               ;
+----------------------------------------------------+---------------------+------------------------+
; Latch Name                                         ; Latch Enable Signal ; Free of Timing Hazards ;
+----------------------------------------------------+---------------------+------------------------+
; irda_send_loop:inst|data_code[5]                   ; GND                 ; yes                    ;
; irda_send_loop:inst|data_code[12]                  ; GND                 ; yes                    ;
; irda_send_loop:inst|data_code[13]                  ; GND                 ; yes                    ;
; irda_send_loop:inst|data_code[4]                   ; GND                 ; yes                    ;
; irda_send_loop:inst|data_code[8]                   ; GND                 ; yes                    ;
; irda_send_loop:inst|data_code[1]                   ; GND                 ; yes                    ;
; irda_send_loop:inst|data_code[9]                   ; GND                 ; yes                    ;
; irda_send_loop:inst|data_code[0]                   ; GND                 ; yes                    ;
; Number of user-specified and inferred latches = 8  ;                     ;                        ;
+----------------------------------------------------+---------------------+------------------------+
Note: All latches listed above may not be present at the end of synthesis due to various synthesis optimizations.


+------------------------------------------------------+
; General Register Statistics                          ;
+----------------------------------------------+-------+
; Statistic                                    ; Value ;
+----------------------------------------------+-------+
; Total registers                              ; 137   ;
; Number of registers using Synchronous Clear  ; 128   ;
; Number of registers using Synchronous Load   ; 0     ;
; Number of registers using Asynchronous Clear ; 137   ;
; Number of registers using Asynchronous Load  ; 0     ;
; Number of registers using Clock Enable       ; 5     ;
; Number of registers using Preset             ; 0     ;
+----------------------------------------------+-------+


+---------------------------------------------------------------------------------------------------------------------------------------------------------------+
; Multiplexer Restructuring Statistics (Restructuring Performed)                                                                                                ;
+--------------------+-----------+---------------+----------------------+------------------------+------------+-------------------------------------------------+
; Multiplexer Inputs ; Bus Width ; Baseline Area ; Area if Restructured ; Saving if Restructured ; Registered ; Example Multiplexer Output                      ;
+--------------------+-----------+---------------+----------------------+------------------------+------------+-------------------------------------------------+
; 3:1                ; 16 bits   ; 32 LEs        ; 16 LEs               ; 16 LEs                 ; Yes        ; |IrDX_Send|irda_send_loop:inst|clk_cnt_056[14]  ;
; 3:1                ; 19 bits   ; 38 LEs        ; 19 LEs               ; 19 LEs                 ; Yes        ; |IrDX_Send|irda_send_loop:inst|clk_cnt_9[0]     ;
; 3:1                ; 18 bits   ; 36 LEs        ; 18 LEs               ; 18 LEs                 ; Yes        ; |IrDX_Send|irda_send_loop:inst|clk_cnt_4[17]    ;
; 3:1                ; 11 bits   ; 22 LEs        ; 11 LEs               ; 11 LEs                 ; Yes        ; |IrDX_Send|irda_send_loop:inst|carrier_cnt[2]   ;
; 3:1                ; 16 bits   ; 32 LEs        ; 16 LEs               ; 16 LEs                 ; Yes        ; |IrDX_Send|irda_send_loop:inst|clk_cnt_0565[14] ;
; 3:1                ; 17 bits   ; 34 LEs        ; 17 LEs               ; 17 LEs                 ; Yes        ; |IrDX_Send|irda_send_loop:inst|clk_cnt_169[7]   ;
; 12:1               ; 5 bits    ; 40 LEs        ; 5 LEs                ; 35 LEs                 ; Yes        ; |IrDX_Send|irda_send_loop:inst|data_cnt[1]      ;
; 3:1                ; 2 bits    ; 4 LEs         ; 4 LEs                ; 0 LEs                  ; No         ; |IrDX_Send|irda_send_loop:inst|data_code[13]~6  ;
+--------------------+-----------+---------------+----------------------+------------------------+------------+-------------------------------------------------+


+------------------------------------------------------------------+
; Parameter Settings for User Entity Instance: irda_send_loop:inst ;
+----------------+-------+-----------------------------------------+
; Parameter Name ; Value ; Type                                    ;
+----------------+-------+-----------------------------------------+
; IDLE           ; 000   ; Unsigned Binary                         ;
; LEADER_9       ; 001   ; Unsigned Binary                         ;
; LEADER_4       ; 010   ; Unsigned Binary                         ;
; DATA_STATE     ; 100   ; Unsigned Binary                         ;
+----------------+-------+-----------------------------------------+
Note: In order to hide this table in the UI and the text report file, please set the "Show Parameter Settings Tables in Synthesis Report" option in "Analysis and Synthesis Settings -> More Settings" to "Off".


+-------------------------------+
; Analysis & Synthesis Messages ;
+-------------------------------+
Info: *******************************************************************
Info: Running Quartus II Analysis & Synthesis
    Info: Version 7.2 Build 151 09/26/2007 SJ Full Version
    Info: Processing started: Mon Nov 28 08:55:48 2011
Info: Command: quartus_map --read_settings_files=on --write_settings_files=off IrDX_Send -c IrDX_Send
Info: Found 1 design units, including 1 entities, in source file irda_send_loop.v
    Info: Found entity 1: irda_send_loop
Info: Found 1 design units, including 1 entities, in source file IrDX_Send.bdf
    Info: Found entity 1: IrDX_Send
Info: Elaborating entity "IrDX_Send" for the top level hierarchy
Info: Elaborating entity "irda_send_loop" for hierarchy "irda_send_loop:inst"
Info (10041): Inferred latch for "data_code[0]" at irda_send_loop.v(64)
Info (10041): Inferred latch for "data_code[1]" at irda_send_loop.v(64)
Info (10041): Inferred latch for "data_code[2]" at irda_send_loop.v(64)
Info (10041): Inferred latch for "data_code[3]" at irda_send_loop.v(64)
Info (10041): Inferred latch for "data_code[4]" at irda_send_loop.v(64)
Info (10041): Inferred latch for "data_code[5]" at irda_send_loop.v(64)
Info (10041): Inferred latch for "data_code[6]" at irda_send_loop.v(64)
Info (10041): Inferred latch for "data_code[7]" at irda_send_loop.v(64)
Info (10041): Inferred latch for "data_code[8]" at irda_send_loop.v(64)
Info (10041): Inferred latch for "data_code[9]" at irda_send_loop.v(64)
Info (10041): Inferred latch for "data_code[10]" at irda_send_loop.v(64)
Info (10041): Inferred latch for "data_code[11]" at irda_send_loop.v(64)
Info (10041): Inferred latch for "data_code[12]" at irda_send_loop.v(64)
Info (10041): Inferred latch for "data_code[13]" at irda_send_loop.v(64)
Info (10041): Inferred latch for "data_code[14]" at irda_send_loop.v(64)
Info (10041): Inferred latch for "data_code[15]" at irda_send_loop.v(64)
Info: State machine "|IrDX_Send|irda_send_loop:inst|cs" contains 4 states
Info: Selected Auto state machine encoding method for state machine "|IrDX_Send|irda_send_loop:inst|cs"
Info: Encoding result for state machine "|IrDX_Send|irda_send_loop:inst|cs"
    Info: Completed encoding using 4 state bits
        Info: Encoded state bit "irda_send_loop:inst|cs.IDLE"
        Info: Encoded state bit "irda_send_loop:inst|cs.DATA_STATE"
        Info: Encoded state bit "irda_send_loop:inst|cs.LEADER_4"
        Info: Encoded state bit "irda_send_loop:inst|cs.LEADER_9"
    Info: State "|IrDX_Send|irda_send_loop:inst|cs.IDLE" uses code string "0000"
    Info: State "|IrDX_Send|irda_send_loop:inst|cs.LEADER_9" uses code string "1001"
    Info: State "|IrDX_Send|irda_send_loop:inst|cs.LEADER_4" uses code string "1010"
    Info: State "|IrDX_Send|irda_send_loop:inst|cs.DATA_STATE" uses code string "1100"
Info: Implemented 238 device resources after synthesis - the final resource count might be different
    Info: Implemented 5 input pins
    Info: Implemented 1 output pins
    Info: Implemented 232 logic cells
Info: Quartus II Analysis & Synthesis was successful. 0 errors, 0 warnings
    Info: Allocated 142 megabytes of memory during processing
    Info: Processing ended: Mon Nov 28 08:55:51 2011
    Info: Elapsed time: 00:00:03


