Analysis & Synthesis report for RS232
Sun Nov 27 16:50:09 2011
Quartus II Version 7.2 Build 151 09/26/2007 SJ Full Version


---------------------
; Table of Contents ;
---------------------
  1. Legal Notice
  2. Analysis & Synthesis Summary
  3. Analysis & Synthesis Settings
  4. Analysis & Synthesis Source Files Read
  5. Analysis & Synthesis Resource Usage Summary
  6. Analysis & Synthesis Resource Utilization by Entity
  7. Registers Removed During Synthesis
  8. General Register Statistics
  9. Multiplexer Restructuring Statistics (Restructuring Performed)
 10. Parameter Settings for User Entity Instance: async_transmitter:inst1
 11. Parameter Settings for User Entity Instance: async_receiver:inst
 12. Analysis & Synthesis Messages



----------------
; Legal Notice ;
----------------
Copyright (C) 1991-2007 Altera Corporation
Your use of Altera Corporation's design tools, logic functions 
and other software and tools, and its AMPP partner logic 
functions, and any output files from any of the foregoing 
(including device programming or simulation files), and any 
associated documentation or information are expressly subject 
to the terms and conditions of the Altera Program License 
Subscription Agreement, Altera MegaCore Function License 
Agreement, or other applicable license agreement, including, 
without limitation, that your use is for the sole purpose of 
programming logic devices manufactured by Altera and sold by 
Altera or its authorized distributors.  Please refer to the 
applicable agreement for further details.



+------------------------------------------------------------------------+
; Analysis & Synthesis Summary                                           ;
+-----------------------------+------------------------------------------+
; Analysis & Synthesis Status ; Successful - Sun Nov 27 16:50:09 2011    ;
; Quartus II Version          ; 7.2 Build 151 09/26/2007 SJ Full Version ;
; Revision Name               ; RS232                                    ;
; Top-level Entity Name       ; RS232                                    ;
; Family                      ; MAX II                                   ;
; Total logic elements        ; 89                                       ;
; Total pins                  ; 11                                       ;
; Total virtual pins          ; 0                                        ;
; Total memory bits           ; 0                                        ;
; DSP block 9-bit elements    ; 0                                        ;
; Total PLLs                  ; 0                                        ;
; Total DLLs                  ; 0                                        ;
+-----------------------------+------------------------------------------+


+--------------------------------------------------------------------------------------------------------------------------+
; Analysis & Synthesis Settings                                                                                            ;
+--------------------------------------------------------------------------------+--------------------+--------------------+
; Option                                                                         ; Setting            ; Default Value      ;
+--------------------------------------------------------------------------------+--------------------+--------------------+
; Device                                                                         ; EPM240T100C5       ;                    ;
; Top-level entity name                                                          ; RS232              ; RS232              ;
; Family name                                                                    ; MAX II             ; Stratix II         ;
; Use Generated Physical Constraints File                                        ; Off                ;                    ;
; Use smart compilation                                                          ; Off                ; Off                ;
; Maximum processors allowed for parallel compilation                            ; 1                  ; 1                  ;
; Restructure Multiplexers                                                       ; Auto               ; Auto               ;
; Create Debugging Nodes for IP Cores                                            ; Off                ; Off                ;
; Preserve fewer node names                                                      ; On                 ; On                 ;
; Disable OpenCore Plus hardware evaluation                                      ; Off                ; Off                ;
; Verilog Version                                                                ; Verilog_2001       ; Verilog_2001       ;
; VHDL Version                                                                   ; VHDL93             ; VHDL93             ;
; State Machine Processing                                                       ; Auto               ; Auto               ;
; Safe State Machine                                                             ; Off                ; Off                ;
; Extract Verilog State Machines                                                 ; On                 ; On                 ;
; Extract VHDL State Machines                                                    ; On                 ; On                 ;
; Ignore Verilog initial constructs                                              ; Off                ; Off                ;
; Add Pass-Through Logic to Inferred RAMs                                        ; On                 ; On                 ;
; Parallel Synthesis                                                             ; Off                ; Off                ;
; NOT Gate Push-Back                                                             ; On                 ; On                 ;
; Power-Up Don't Care                                                            ; On                 ; On                 ;
; Remove Redundant Logic Cells                                                   ; Off                ; Off                ;
; Remove Duplicate Registers                                                     ; On                 ; On                 ;
; Ignore CARRY Buffers                                                           ; Off                ; Off                ;
; Ignore CASCADE Buffers                                                         ; Off                ; Off                ;
; Ignore GLOBAL Buffers                                                          ; Off                ; Off                ;
; Ignore ROW GLOBAL Buffers                                                      ; Off                ; Off                ;
; Ignore LCELL Buffers                                                           ; Off                ; Off                ;
; Ignore SOFT Buffers                                                            ; On                 ; On                 ;
; Limit AHDL Integers to 32 Bits                                                 ; Off                ; Off                ;
; Optimization Technique -- MAX II                                               ; Balanced           ; Balanced           ;
; Carry Chain Length -- Stratix/Stratix GX/Cyclone/MAX II/Cyclone II/Cyclone III ; 70                 ; 70                 ;
; Auto Carry Chains                                                              ; On                 ; On                 ;
; Auto Open-Drain Pins                                                           ; On                 ; On                 ;
; Perform WYSIWYG Primitive Resynthesis                                          ; Off                ; Off                ;
; Perform gate-level register retiming                                           ; Off                ; Off                ;
; Allow register retiming to trade off Tsu/Tco with Fmax                         ; On                 ; On                 ;
; Auto Shift Register Replacement                                                ; Auto               ; Auto               ;
; Auto Clock Enable Replacement                                                  ; On                 ; On                 ;
; Allow Synchronous Control Signals                                              ; On                 ; On                 ;
; Force Use of Synchronous Clear Signals                                         ; Off                ; Off                ;
; Auto Resource Sharing                                                          ; Off                ; Off                ;
; Ignore translate_off and synthesis_off directives                              ; Off                ; Off                ;
; Show Parameter Settings Tables in Synthesis Report                             ; On                 ; On                 ;
; Ignore Maximum Fan-Out Assignments                                             ; Off                ; Off                ;
; Retiming Meta-Stability Register Sequence Length                               ; 2                  ; 2                  ;
; PowerPlay Power Optimization                                                   ; Normal compilation ; Normal compilation ;
; HDL message level                                                              ; Level2             ; Level2             ;
; Suppress Register Optimization Related Messages                                ; Off                ; Off                ;
; Number of Removed Registers Reported in Synthesis Report                       ; 100                ; 100                ;
; Clock MUX Protection                                                           ; On                 ; On                 ;
; Block Design Naming                                                            ; Auto               ; Auto               ;
+--------------------------------------------------------------------------------+--------------------+--------------------+


+--------------------------------------------------------------------------------------------------------------------------------------------------------------------+
; Analysis & Synthesis Source Files Read                                                                                                                             ;
+----------------------------------+-----------------+------------------------------------+--------------------------------------------------------------------------+
; File Name with User-Entered Path ; Used in Netlist ; File Type                          ; File Name with Absolute Path                                             ;
+----------------------------------+-----------------+------------------------------------+--------------------------------------------------------------------------+
; async_receiver.v                 ; yes             ; User Verilog HDL File              ; D:/EPM240/EPM240_570_DVD/HDL Code/verilog/EX09/RS232/async_receiver.v    ;
; async_transmitter.v              ; yes             ; User Verilog HDL File              ; D:/EPM240/EPM240_570_DVD/HDL Code/verilog/EX09/RS232/async_transmitter.v ;
; RS232.bdf                        ; yes             ; User Block Diagram/Schematic File  ; D:/EPM240/EPM240_570_DVD/HDL Code/verilog/EX09/RS232/RS232.bdf           ;
+----------------------------------+-----------------+------------------------------------+--------------------------------------------------------------------------+


+-----------------------------------------------------+
; Analysis & Synthesis Resource Usage Summary         ;
+---------------------------------------------+-------+
; Resource                                    ; Usage ;
+---------------------------------------------+-------+
; Total logic elements                        ; 89    ;
;     -- Combinational with no register       ; 23    ;
;     -- Register only                        ; 16    ;
;     -- Combinational with a register        ; 50    ;
;                                             ;       ;
; Logic element usage by number of LUT inputs ;       ;
;     -- 4 input functions                    ; 25    ;
;     -- 3 input functions                    ; 8     ;
;     -- 2 input functions                    ; 33    ;
;     -- 1 input functions                    ; 7     ;
;     -- 0 input functions                    ; 0     ;
;                                             ;       ;
; Logic elements by mode                      ;       ;
;     -- normal mode                          ; 60    ;
;     -- arithmetic mode                      ; 29    ;
;     -- qfbk mode                            ; 0     ;
;     -- register cascade mode                ; 0     ;
;     -- synchronous clear/load mode          ; 0     ;
;     -- asynchronous clear/load mode         ; 0     ;
;                                             ;       ;
; Total registers                             ; 66    ;
; Total logic cells in carry chains           ; 31    ;
; I/O pins                                    ; 11    ;
; Maximum fan-out node                        ; clk   ;
; Maximum fan-out                             ; 66    ;
; Total fan-out                               ; 330   ;
; Average fan-out                             ; 3.30  ;
+---------------------------------------------+-------+


+-------------------------------------------------------------------------------------------------------------------------------------------------------------------------------------------------------------------------------------------------------------------------------------+
; Analysis & Synthesis Resource Utilization by Entity                                                                                                                                                                                                                                 ;
+------------------------------+-------------+--------------+-------------+--------------+---------+-----------+-----------+------+--------------+--------------+-------------------+------------------+-----------------+------------+--------------------------------+--------------+
; Compilation Hierarchy Node   ; Logic Cells ; LC Registers ; Memory Bits ; DSP Elements ; DSP 9x9 ; DSP 18x18 ; DSP 36x36 ; Pins ; Virtual Pins ; LUT-Only LCs ; Register-Only LCs ; LUT/Register LCs ; Carry Chain LCs ; Packed LCs ; Full Hierarchy Name            ; Library Name ;
+------------------------------+-------------+--------------+-------------+--------------+---------+-----------+-----------+------+--------------+--------------+-------------------+------------------+-----------------+------------+--------------------------------+--------------+
; |RS232                       ; 89 (0)      ; 66           ; 0           ; 0            ; 0       ; 0         ; 0         ; 11   ; 0            ; 23 (0)       ; 16 (0)            ; 50 (0)           ; 31 (0)          ; 0 (0)      ; |RS232                         ; work         ;
;    |async_receiver:inst|     ; 46 (46)     ; 36           ; 0           ; 0            ; 0       ; 0         ; 0         ; 0    ; 0            ; 10 (10)      ; 8 (8)             ; 28 (28)          ; 14 (14)         ; 0 (0)      ; |RS232|async_receiver:inst     ; work         ;
;    |async_transmitter:inst1| ; 43 (43)     ; 30           ; 0           ; 0            ; 0       ; 0         ; 0         ; 0    ; 0            ; 13 (13)      ; 8 (8)             ; 22 (22)          ; 17 (17)         ; 0 (0)      ; |RS232|async_transmitter:inst1 ; work         ;
+------------------------------+-------------+--------------+-------------+--------------+---------+-----------+-----------+------+--------------+--------------+-------------------+------------------+-----------------+------------+--------------------------------+--------------+
Note: For table entries with two numbers listed, the numbers in parentheses indicate the number of resources of the given type used by the specific entity alone. The numbers listed outside of parentheses indicate the total resources of the given type used by the specific entity and all of its sub-entities in the hierarchy.


+----------------------------------------------------------------------------------------------------+
; Registers Removed During Synthesis                                                                 ;
+---------------------------------------------+------------------------------------------------------+
; Register name                               ; Reason for Removal                                   ;
+---------------------------------------------+------------------------------------------------------+
; async_receiver:inst|Baud8GeneratorAcc[1..2] ; Merged with async_receiver:inst|Baud8GeneratorAcc[0] ;
; async_receiver:inst|Baud8GeneratorAcc[0]    ; Stuck at GND due to stuck port data_in               ;
; Total Number of Removed Registers = 3       ;                                                      ;
+---------------------------------------------+------------------------------------------------------+


+------------------------------------------------------+
; General Register Statistics                          ;
+----------------------------------------------+-------+
; Statistic                                    ; Value ;
+----------------------------------------------+-------+
; Total registers                              ; 66    ;
; Number of registers using Synchronous Clear  ; 0     ;
; Number of registers using Synchronous Load   ; 0     ;
; Number of registers using Asynchronous Clear ; 0     ;
; Number of registers using Asynchronous Load  ; 0     ;
; Number of registers using Clock Enable       ; 42    ;
; Number of registers using Preset             ; 0     ;
+----------------------------------------------+-------+


+---------------------------------------------------------------------------------------------------------------------------------------------------------+
; Multiplexer Restructuring Statistics (Restructuring Performed)                                                                                          ;
+--------------------+-----------+---------------+----------------------+------------------------+------------+-------------------------------------------+
; Multiplexer Inputs ; Bus Width ; Baseline Area ; Area if Restructured ; Saving if Restructured ; Registered ; Example Multiplexer Output                ;
+--------------------+-----------+---------------+----------------------+------------------------+------------+-------------------------------------------+
; 3:1                ; 3 bits    ; 6 LEs         ; 3 LEs                ; 3 LEs                  ; Yes        ; |RS232|async_receiver:inst|bit_spacing[0] ;
; 3:1                ; 2 bits    ; 4 LEs         ; 0 LEs                ; 4 LEs                  ; Yes        ; |RS232|async_receiver:inst|RxD_cnt_inv[0] ;
+--------------------+-----------+---------------+----------------------+------------------------+------------+-------------------------------------------+


+----------------------------------------------------------------------+
; Parameter Settings for User Entity Instance: async_transmitter:inst1 ;
+-----------------------+----------+-----------------------------------+
; Parameter Name        ; Value    ; Type                              ;
+-----------------------+----------+-----------------------------------+
; ClkFrequency          ; 50000000 ; Untyped                           ;
; Baud                  ; 115200   ; Untyped                           ;
; RegisterInputData     ; 1        ; Untyped                           ;
; BaudGeneratorAccWidth ; 16       ; Untyped                           ;
+-----------------------+----------+-----------------------------------+
Note: In order to hide this table in the UI and the text report file, please set the "Show Parameter Settings Tables in Synthesis Report" option in "Analysis and Synthesis Settings -> More Settings" to "Off".


+------------------------------------------------------------------+
; Parameter Settings for User Entity Instance: async_receiver:inst ;
+------------------------+----------+------------------------------+
; Parameter Name         ; Value    ; Type                         ;
+------------------------+----------+------------------------------+
; ClkFrequency           ; 50000000 ; Untyped                      ;
; Baud                   ; 115200   ; Untyped                      ;
; Baud8                  ; 921600   ; Signed Integer               ;
; Baud8GeneratorAccWidth ; 16       ; Untyped                      ;
+------------------------+----------+------------------------------+
Note: In order to hide this table in the UI and the text report file, please set the "Show Parameter Settings Tables in Synthesis Report" option in "Analysis and Synthesis Settings -> More Settings" to "Off".


+-------------------------------+
; Analysis & Synthesis Messages ;
+-------------------------------+
Info: *******************************************************************
Info: Running Quartus II Analysis & Synthesis
    Info: Version 7.2 Build 151 09/26/2007 SJ Full Version
    Info: Processing started: Sun Nov 27 16:50:06 2011
Info: Command: quartus_map --read_settings_files=on --write_settings_files=off RS232 -c RS232
Info: Found 1 design units, including 1 entities, in source file async_receiver.v
    Info: Found entity 1: async_receiver
Info: Found 1 design units, including 1 entities, in source file async_transmitter.v
    Info: Found entity 1: async_transmitter
Info: Found 1 design units, including 1 entities, in source file RS232.bdf
    Info: Found entity 1: RS232
Info: Elaborating entity "RS232" for the top level hierarchy
Info: Elaborating entity "async_transmitter" for hierarchy "async_transmitter:inst1"
Warning (10230): Verilog HDL assignment warning at async_transmitter.v(33): truncated value with size 32 to match size of target (17)
Info: Elaborating entity "async_receiver" for hierarchy "async_receiver:inst"
Warning (10036): Verilog HDL or VHDL warning at async_receiver.v(93): object "RxD_data_error" assigned a value but never read
Warning (10230): Verilog HDL assignment warning at async_receiver.v(33): truncated value with size 32 to match size of target (17)
Info: Duplicate registers merged to single register
    Info: Duplicate register "async_receiver:inst|Baud8GeneratorAcc[1]" merged to single register "async_receiver:inst|Baud8GeneratorAcc[0]"
    Info: Duplicate register "async_receiver:inst|Baud8GeneratorAcc[2]" merged to single register "async_receiver:inst|Baud8GeneratorAcc[0]"
Warning (14130): Reduced register "async_receiver:inst|Baud8GeneratorAcc[0]" with stuck data_in port to stuck value GND
Info: Implemented 100 device resources after synthesis - the final resource count might be different
    Info: Implemented 2 input pins
    Info: Implemented 9 output pins
    Info: Implemented 89 logic cells
Info: Quartus II Analysis & Synthesis was successful. 0 errors, 4 warnings
    Info: Allocated 141 megabytes of memory during processing
    Info: Processing ended: Sun Nov 27 16:50:09 2011
    Info: Elapsed time: 00:00:03


