Classic Timing Analyzer report for vga
Sun Nov 27 16:49:09 2011
Quartus II Version 7.2 Build 151 09/26/2007 SJ Full Version


---------------------
; Table of Contents ;
---------------------
  1. Legal Notice
  2. Timing Analyzer Summary
  3. Timing Analyzer Settings
  4. Clock Settings Summary
  5. Clock Setup: 'clk'
  6. tco
  7. Timing Analyzer Messages



----------------
; Legal Notice ;
----------------
Copyright (C) 1991-2007 Altera Corporation
Your use of Altera Corporation's design tools, logic functions 
and other software and tools, and its AMPP partner logic 
functions, and any output files from any of the foregoing 
(including device programming or simulation files), and any 
associated documentation or information are expressly subject 
to the terms and conditions of the Altera Program License 
Subscription Agreement, Altera MegaCore Function License 
Agreement, or other applicable license agreement, including, 
without limitation, that your use is for the sole purpose of 
programming logic devices manufactured by Altera and sold by 
Altera or its authorized distributors.  Please refer to the 
applicable agreement for further details.



+--------------------------------------------------------------------------------------------------------------------------------------------------------------------------------------------------------------------------------------------+
; Timing Analyzer Summary                                                                                                                                                                                                                    ;
+------------------------------+-------+---------------+----------------------------------+-----------------------------------------------------+-----------------------------------------------------+------------+----------+--------------+
; Type                         ; Slack ; Required Time ; Actual Time                      ; From                                                ; To                                                  ; From Clock ; To Clock ; Failed Paths ;
+------------------------------+-------+---------------+----------------------------------+-----------------------------------------------------+-----------------------------------------------------+------------+----------+--------------+
; Worst-case tco               ; N/A   ; None          ; 31.247 ns                        ; vga_IC:inst1|sync_gen_50m:sync_gen_50m_int|x_cnt[2] ; VGA_R                                               ; clk        ; --       ; 0            ;
; Clock Setup: 'clk'           ; N/A   ; None          ; 98.83 MHz ( period = 10.118 ns ) ; vga_IC:inst1|sync_gen_50m:sync_gen_50m_int|x_cnt[2] ; vga_IC:inst1|sync_gen_50m:sync_gen_50m_int|y_cnt[9] ; clk        ; clk      ; 0            ;
; Total number of failed paths ;       ;               ;                                  ;                                                     ;                                                     ;            ;          ; 0            ;
+------------------------------+-------+---------------+----------------------------------+-----------------------------------------------------+-----------------------------------------------------+------------+----------+--------------+


+---------------------------------------------------------------------------------------------------------------+
; Timing Analyzer Settings                                                                                      ;
+----------------------------------------------------------------+--------------------+------+----+-------------+
; Option                                                         ; Setting            ; From ; To ; Entity Name ;
+----------------------------------------------------------------+--------------------+------+----+-------------+
; Device Name                                                    ; EPM240T100C5       ;      ;    ;             ;
; Timing Models                                                  ; Final              ;      ;    ;             ;
; Default hold multicycle                                        ; Same as Multicycle ;      ;    ;             ;
; Cut paths between unrelated clock domains                      ; On                 ;      ;    ;             ;
; Cut off read during write signal paths                         ; On                 ;      ;    ;             ;
; Cut off feedback from I/O pins                                 ; On                 ;      ;    ;             ;
; Report Combined Fast/Slow Timing                               ; Off                ;      ;    ;             ;
; Ignore Clock Settings                                          ; Off                ;      ;    ;             ;
; Analyze latches as synchronous elements                        ; On                 ;      ;    ;             ;
; Enable Recovery/Removal analysis                               ; Off                ;      ;    ;             ;
; Enable Clock Latency                                           ; Off                ;      ;    ;             ;
; Use TimeQuest Timing Analyzer                                  ; Off                ;      ;    ;             ;
; Number of source nodes to report per destination node          ; 10                 ;      ;    ;             ;
; Number of destination nodes to report                          ; 10                 ;      ;    ;             ;
; Number of paths to report                                      ; 200                ;      ;    ;             ;
; Report Minimum Timing Checks                                   ; Off                ;      ;    ;             ;
; Use Fast Timing Models                                         ; Off                ;      ;    ;             ;
; Report IO Paths Separately                                     ; Off                ;      ;    ;             ;
; Perform Multicorner Analysis                                   ; Off                ;      ;    ;             ;
; Reports the worst-case path for each clock domain and analysis ; Off                ;      ;    ;             ;
+----------------------------------------------------------------+--------------------+------+----+-------------+


+------------------------------------------------------------------------------------------------------------------------------------------------------------------------------------+
; Clock Settings Summary                                                                                                                                                             ;
+-----------------+--------------------+----------+------------------+---------------+--------------+----------+-----------------------+---------------------+--------+--------------+
; Clock Node Name ; Clock Setting Name ; Type     ; Fmax Requirement ; Early Latency ; Late Latency ; Based on ; Multiply Base Fmax by ; Divide Base Fmax by ; Offset ; Phase offset ;
+-----------------+--------------------+----------+------------------+---------------+--------------+----------+-----------------------+---------------------+--------+--------------+
; clk             ;                    ; User Pin ; None             ; 0.000 ns      ; 0.000 ns     ; --       ; N/A                   ; N/A                 ; N/A    ;              ;
+-----------------+--------------------+----------+------------------+---------------+--------------+----------+-----------------------+---------------------+--------+--------------+


+-----------------------------------------------------------------------------------------------------------------------------------------------------------------------------------------------------------------------------------------------------------------------------------------------------------------------+
; Clock Setup: 'clk'                                                                                                                                                                                                                                                                                                    ;
+-----------------------------------------+-----------------------------------------------------+-----------------------------------------------------+-----------------------------------------------------+------------+----------+-----------------------------+---------------------------+-------------------------+
; Slack                                   ; Actual fmax (period)                                ; From                                                ; To                                                  ; From Clock ; To Clock ; Required Setup Relationship ; Required Longest P2P Time ; Actual Longest P2P Time ;
+-----------------------------------------+-----------------------------------------------------+-----------------------------------------------------+-----------------------------------------------------+------------+----------+-----------------------------+---------------------------+-------------------------+
; N/A                                     ; 98.83 MHz ( period = 10.118 ns )                    ; vga_IC:inst1|sync_gen_50m:sync_gen_50m_int|x_cnt[2] ; vga_IC:inst1|sync_gen_50m:sync_gen_50m_int|y_cnt[7] ; clk        ; clk      ; None                        ; None                      ; 9.409 ns                ;
; N/A                                     ; 98.83 MHz ( period = 10.118 ns )                    ; vga_IC:inst1|sync_gen_50m:sync_gen_50m_int|x_cnt[2] ; vga_IC:inst1|sync_gen_50m:sync_gen_50m_int|y_cnt[6] ; clk        ; clk      ; None                        ; None                      ; 9.409 ns                ;
; N/A                                     ; 98.83 MHz ( period = 10.118 ns )                    ; vga_IC:inst1|sync_gen_50m:sync_gen_50m_int|x_cnt[2] ; vga_IC:inst1|sync_gen_50m:sync_gen_50m_int|y_cnt[5] ; clk        ; clk      ; None                        ; None                      ; 9.409 ns                ;
; N/A                                     ; 98.83 MHz ( period = 10.118 ns )                    ; vga_IC:inst1|sync_gen_50m:sync_gen_50m_int|x_cnt[2] ; vga_IC:inst1|sync_gen_50m:sync_gen_50m_int|y_cnt[8] ; clk        ; clk      ; None                        ; None                      ; 9.409 ns                ;
; N/A                                     ; 98.83 MHz ( period = 10.118 ns )                    ; vga_IC:inst1|sync_gen_50m:sync_gen_50m_int|x_cnt[2] ; vga_IC:inst1|sync_gen_50m:sync_gen_50m_int|y_cnt[9] ; clk        ; clk      ; None                        ; None                      ; 9.409 ns                ;
; N/A                                     ; 103.24 MHz ( period = 9.686 ns )                    ; vga_IC:inst1|sync_gen_50m:sync_gen_50m_int|x_cnt[4] ; vga_IC:inst1|sync_gen_50m:sync_gen_50m_int|y_cnt[7] ; clk        ; clk      ; None                        ; None                      ; 8.977 ns                ;
; N/A                                     ; 103.24 MHz ( period = 9.686 ns )                    ; vga_IC:inst1|sync_gen_50m:sync_gen_50m_int|x_cnt[4] ; vga_IC:inst1|sync_gen_50m:sync_gen_50m_int|y_cnt[6] ; clk        ; clk      ; None                        ; None                      ; 8.977 ns                ;
; N/A                                     ; 103.24 MHz ( period = 9.686 ns )                    ; vga_IC:inst1|sync_gen_50m:sync_gen_50m_int|x_cnt[4] ; vga_IC:inst1|sync_gen_50m:sync_gen_50m_int|y_cnt[5] ; clk        ; clk      ; None                        ; None                      ; 8.977 ns                ;
; N/A                                     ; 103.24 MHz ( period = 9.686 ns )                    ; vga_IC:inst1|sync_gen_50m:sync_gen_50m_int|x_cnt[4] ; vga_IC:inst1|sync_gen_50m:sync_gen_50m_int|y_cnt[8] ; clk        ; clk      ; None                        ; None                      ; 8.977 ns                ;
; N/A                                     ; 103.24 MHz ( period = 9.686 ns )                    ; vga_IC:inst1|sync_gen_50m:sync_gen_50m_int|x_cnt[4] ; vga_IC:inst1|sync_gen_50m:sync_gen_50m_int|y_cnt[9] ; clk        ; clk      ; None                        ; None                      ; 8.977 ns                ;
; N/A                                     ; 103.62 MHz ( period = 9.651 ns )                    ; vga_IC:inst1|sync_gen_50m:sync_gen_50m_int|x_cnt[2] ; vga_IC:inst1|sync_gen_50m:sync_gen_50m_int|y_cnt[4] ; clk        ; clk      ; None                        ; None                      ; 8.942 ns                ;
; N/A                                     ; 104.95 MHz ( period = 9.528 ns )                    ; vga_IC:inst1|sync_gen_50m:sync_gen_50m_int|x_cnt[2] ; vga_IC:inst1|sync_gen_50m:sync_gen_50m_int|y_cnt[3] ; clk        ; clk      ; None                        ; None                      ; 8.819 ns                ;
; N/A                                     ; 105.80 MHz ( period = 9.452 ns )                    ; vga_IC:inst1|sync_gen_50m:sync_gen_50m_int|x_cnt[3] ; vga_IC:inst1|sync_gen_50m:sync_gen_50m_int|y_cnt[7] ; clk        ; clk      ; None                        ; None                      ; 8.743 ns                ;
; N/A                                     ; 105.80 MHz ( period = 9.452 ns )                    ; vga_IC:inst1|sync_gen_50m:sync_gen_50m_int|x_cnt[3] ; vga_IC:inst1|sync_gen_50m:sync_gen_50m_int|y_cnt[6] ; clk        ; clk      ; None                        ; None                      ; 8.743 ns                ;
; N/A                                     ; 105.80 MHz ( period = 9.452 ns )                    ; vga_IC:inst1|sync_gen_50m:sync_gen_50m_int|x_cnt[3] ; vga_IC:inst1|sync_gen_50m:sync_gen_50m_int|y_cnt[5] ; clk        ; clk      ; None                        ; None                      ; 8.743 ns                ;
; N/A                                     ; 105.80 MHz ( period = 9.452 ns )                    ; vga_IC:inst1|sync_gen_50m:sync_gen_50m_int|x_cnt[3] ; vga_IC:inst1|sync_gen_50m:sync_gen_50m_int|y_cnt[8] ; clk        ; clk      ; None                        ; None                      ; 8.743 ns                ;
; N/A                                     ; 105.80 MHz ( period = 9.452 ns )                    ; vga_IC:inst1|sync_gen_50m:sync_gen_50m_int|x_cnt[3] ; vga_IC:inst1|sync_gen_50m:sync_gen_50m_int|y_cnt[9] ; clk        ; clk      ; None                        ; None                      ; 8.743 ns                ;
; N/A                                     ; 106.33 MHz ( period = 9.405 ns )                    ; vga_IC:inst1|sync_gen_50m:sync_gen_50m_int|x_cnt[2] ; vga_IC:inst1|sync_gen_50m:sync_gen_50m_int|y_cnt[2] ; clk        ; clk      ; None                        ; None                      ; 8.696 ns                ;
; N/A                                     ; 107.74 MHz ( period = 9.282 ns )                    ; vga_IC:inst1|sync_gen_50m:sync_gen_50m_int|x_cnt[2] ; vga_IC:inst1|sync_gen_50m:sync_gen_50m_int|y_cnt[1] ; clk        ; clk      ; None                        ; None                      ; 8.573 ns                ;
; N/A                                     ; 108.47 MHz ( period = 9.219 ns )                    ; vga_IC:inst1|sync_gen_50m:sync_gen_50m_int|x_cnt[4] ; vga_IC:inst1|sync_gen_50m:sync_gen_50m_int|y_cnt[4] ; clk        ; clk      ; None                        ; None                      ; 8.510 ns                ;
; N/A                                     ; 109.13 MHz ( period = 9.163 ns )                    ; vga_IC:inst1|sync_gen_50m:sync_gen_50m_int|x_cnt[5] ; vga_IC:inst1|sync_gen_50m:sync_gen_50m_int|y_cnt[7] ; clk        ; clk      ; None                        ; None                      ; 8.454 ns                ;
; N/A                                     ; 109.13 MHz ( period = 9.163 ns )                    ; vga_IC:inst1|sync_gen_50m:sync_gen_50m_int|x_cnt[5] ; vga_IC:inst1|sync_gen_50m:sync_gen_50m_int|y_cnt[6] ; clk        ; clk      ; None                        ; None                      ; 8.454 ns                ;
; N/A                                     ; 109.13 MHz ( period = 9.163 ns )                    ; vga_IC:inst1|sync_gen_50m:sync_gen_50m_int|x_cnt[5] ; vga_IC:inst1|sync_gen_50m:sync_gen_50m_int|y_cnt[5] ; clk        ; clk      ; None                        ; None                      ; 8.454 ns                ;
; N/A                                     ; 109.13 MHz ( period = 9.163 ns )                    ; vga_IC:inst1|sync_gen_50m:sync_gen_50m_int|x_cnt[5] ; vga_IC:inst1|sync_gen_50m:sync_gen_50m_int|y_cnt[8] ; clk        ; clk      ; None                        ; None                      ; 8.454 ns                ;
; N/A                                     ; 109.13 MHz ( period = 9.163 ns )                    ; vga_IC:inst1|sync_gen_50m:sync_gen_50m_int|x_cnt[5] ; vga_IC:inst1|sync_gen_50m:sync_gen_50m_int|y_cnt[9] ; clk        ; clk      ; None                        ; None                      ; 8.454 ns                ;
; N/A                                     ; 109.94 MHz ( period = 9.096 ns )                    ; vga_IC:inst1|sync_gen_50m:sync_gen_50m_int|x_cnt[4] ; vga_IC:inst1|sync_gen_50m:sync_gen_50m_int|y_cnt[3] ; clk        ; clk      ; None                        ; None                      ; 8.387 ns                ;
; N/A                                     ; 111.01 MHz ( period = 9.008 ns )                    ; vga_IC:inst1|sync_gen_50m:sync_gen_50m_int|y_cnt[3] ; vga_IC:inst1|sync_gen_50m:sync_gen_50m_int|y_cnt[7] ; clk        ; clk      ; None                        ; None                      ; 8.299 ns                ;
; N/A                                     ; 111.01 MHz ( period = 9.008 ns )                    ; vga_IC:inst1|sync_gen_50m:sync_gen_50m_int|y_cnt[3] ; vga_IC:inst1|sync_gen_50m:sync_gen_50m_int|y_cnt[6] ; clk        ; clk      ; None                        ; None                      ; 8.299 ns                ;
; N/A                                     ; 111.01 MHz ( period = 9.008 ns )                    ; vga_IC:inst1|sync_gen_50m:sync_gen_50m_int|y_cnt[3] ; vga_IC:inst1|sync_gen_50m:sync_gen_50m_int|y_cnt[4] ; clk        ; clk      ; None                        ; None                      ; 8.299 ns                ;
; N/A                                     ; 111.01 MHz ( period = 9.008 ns )                    ; vga_IC:inst1|sync_gen_50m:sync_gen_50m_int|y_cnt[3] ; vga_IC:inst1|sync_gen_50m:sync_gen_50m_int|y_cnt[0] ; clk        ; clk      ; None                        ; None                      ; 8.299 ns                ;
; N/A                                     ; 111.01 MHz ( period = 9.008 ns )                    ; vga_IC:inst1|sync_gen_50m:sync_gen_50m_int|y_cnt[3] ; vga_IC:inst1|sync_gen_50m:sync_gen_50m_int|y_cnt[1] ; clk        ; clk      ; None                        ; None                      ; 8.299 ns                ;
; N/A                                     ; 111.01 MHz ( period = 9.008 ns )                    ; vga_IC:inst1|sync_gen_50m:sync_gen_50m_int|y_cnt[3] ; vga_IC:inst1|sync_gen_50m:sync_gen_50m_int|y_cnt[2] ; clk        ; clk      ; None                        ; None                      ; 8.299 ns                ;
; N/A                                     ; 111.01 MHz ( period = 9.008 ns )                    ; vga_IC:inst1|sync_gen_50m:sync_gen_50m_int|y_cnt[3] ; vga_IC:inst1|sync_gen_50m:sync_gen_50m_int|y_cnt[3] ; clk        ; clk      ; None                        ; None                      ; 8.299 ns                ;
; N/A                                     ; 111.01 MHz ( period = 9.008 ns )                    ; vga_IC:inst1|sync_gen_50m:sync_gen_50m_int|y_cnt[3] ; vga_IC:inst1|sync_gen_50m:sync_gen_50m_int|y_cnt[5] ; clk        ; clk      ; None                        ; None                      ; 8.299 ns                ;
; N/A                                     ; 111.01 MHz ( period = 9.008 ns )                    ; vga_IC:inst1|sync_gen_50m:sync_gen_50m_int|y_cnt[3] ; vga_IC:inst1|sync_gen_50m:sync_gen_50m_int|y_cnt[8] ; clk        ; clk      ; None                        ; None                      ; 8.299 ns                ;
; N/A                                     ; 111.01 MHz ( period = 9.008 ns )                    ; vga_IC:inst1|sync_gen_50m:sync_gen_50m_int|y_cnt[3] ; vga_IC:inst1|sync_gen_50m:sync_gen_50m_int|y_cnt[9] ; clk        ; clk      ; None                        ; None                      ; 8.299 ns                ;
; N/A                                     ; 111.30 MHz ( period = 8.985 ns )                    ; vga_IC:inst1|sync_gen_50m:sync_gen_50m_int|x_cnt[3] ; vga_IC:inst1|sync_gen_50m:sync_gen_50m_int|y_cnt[4] ; clk        ; clk      ; None                        ; None                      ; 8.276 ns                ;
; N/A                                     ; 111.45 MHz ( period = 8.973 ns )                    ; vga_IC:inst1|sync_gen_50m:sync_gen_50m_int|x_cnt[4] ; vga_IC:inst1|sync_gen_50m:sync_gen_50m_int|y_cnt[2] ; clk        ; clk      ; None                        ; None                      ; 8.264 ns                ;
; N/A                                     ; 112.84 MHz ( period = 8.862 ns )                    ; vga_IC:inst1|sync_gen_50m:sync_gen_50m_int|x_cnt[3] ; vga_IC:inst1|sync_gen_50m:sync_gen_50m_int|y_cnt[3] ; clk        ; clk      ; None                        ; None                      ; 8.153 ns                ;
; N/A                                     ; 112.99 MHz ( period = 8.850 ns )                    ; vga_IC:inst1|sync_gen_50m:sync_gen_50m_int|x_cnt[4] ; vga_IC:inst1|sync_gen_50m:sync_gen_50m_int|y_cnt[1] ; clk        ; clk      ; None                        ; None                      ; 8.141 ns                ;
; N/A                                     ; 113.33 MHz ( period = 8.824 ns )                    ; vga_IC:inst1|sync_gen_50m:sync_gen_50m_int|y_cnt[4] ; vga_IC:inst1|sync_gen_50m:sync_gen_50m_int|y_cnt[7] ; clk        ; clk      ; None                        ; None                      ; 8.115 ns                ;
; N/A                                     ; 113.33 MHz ( period = 8.824 ns )                    ; vga_IC:inst1|sync_gen_50m:sync_gen_50m_int|y_cnt[4] ; vga_IC:inst1|sync_gen_50m:sync_gen_50m_int|y_cnt[6] ; clk        ; clk      ; None                        ; None                      ; 8.115 ns                ;
; N/A                                     ; 113.33 MHz ( period = 8.824 ns )                    ; vga_IC:inst1|sync_gen_50m:sync_gen_50m_int|y_cnt[4] ; vga_IC:inst1|sync_gen_50m:sync_gen_50m_int|y_cnt[4] ; clk        ; clk      ; None                        ; None                      ; 8.115 ns                ;
; N/A                                     ; 113.33 MHz ( period = 8.824 ns )                    ; vga_IC:inst1|sync_gen_50m:sync_gen_50m_int|y_cnt[4] ; vga_IC:inst1|sync_gen_50m:sync_gen_50m_int|y_cnt[0] ; clk        ; clk      ; None                        ; None                      ; 8.115 ns                ;
; N/A                                     ; 113.33 MHz ( period = 8.824 ns )                    ; vga_IC:inst1|sync_gen_50m:sync_gen_50m_int|y_cnt[4] ; vga_IC:inst1|sync_gen_50m:sync_gen_50m_int|y_cnt[1] ; clk        ; clk      ; None                        ; None                      ; 8.115 ns                ;
; N/A                                     ; 113.33 MHz ( period = 8.824 ns )                    ; vga_IC:inst1|sync_gen_50m:sync_gen_50m_int|y_cnt[4] ; vga_IC:inst1|sync_gen_50m:sync_gen_50m_int|y_cnt[2] ; clk        ; clk      ; None                        ; None                      ; 8.115 ns                ;
; N/A                                     ; 113.33 MHz ( period = 8.824 ns )                    ; vga_IC:inst1|sync_gen_50m:sync_gen_50m_int|y_cnt[4] ; vga_IC:inst1|sync_gen_50m:sync_gen_50m_int|y_cnt[3] ; clk        ; clk      ; None                        ; None                      ; 8.115 ns                ;
; N/A                                     ; 113.33 MHz ( period = 8.824 ns )                    ; vga_IC:inst1|sync_gen_50m:sync_gen_50m_int|y_cnt[4] ; vga_IC:inst1|sync_gen_50m:sync_gen_50m_int|y_cnt[5] ; clk        ; clk      ; None                        ; None                      ; 8.115 ns                ;
; N/A                                     ; 113.33 MHz ( period = 8.824 ns )                    ; vga_IC:inst1|sync_gen_50m:sync_gen_50m_int|y_cnt[4] ; vga_IC:inst1|sync_gen_50m:sync_gen_50m_int|y_cnt[8] ; clk        ; clk      ; None                        ; None                      ; 8.115 ns                ;
; N/A                                     ; 113.33 MHz ( period = 8.824 ns )                    ; vga_IC:inst1|sync_gen_50m:sync_gen_50m_int|y_cnt[4] ; vga_IC:inst1|sync_gen_50m:sync_gen_50m_int|y_cnt[9] ; clk        ; clk      ; None                        ; None                      ; 8.115 ns                ;
; N/A                                     ; 113.47 MHz ( period = 8.813 ns )                    ; vga_IC:inst1|sync_gen_50m:sync_gen_50m_int|y_cnt[0] ; vga_IC:inst1|sync_gen_50m:sync_gen_50m_int|valid    ; clk        ; clk      ; None                        ; None                      ; 8.104 ns                ;
; N/A                                     ; 114.40 MHz ( period = 8.741 ns )                    ; vga_IC:inst1|sync_gen_50m:sync_gen_50m_int|x_cnt[4] ; vga_IC:inst1|sync_gen_50m:sync_gen_50m_int|x_cnt[9] ; clk        ; clk      ; None                        ; None                      ; 8.032 ns                ;
; N/A                                     ; 114.43 MHz ( period = 8.739 ns )                    ; vga_IC:inst1|sync_gen_50m:sync_gen_50m_int|x_cnt[3] ; vga_IC:inst1|sync_gen_50m:sync_gen_50m_int|y_cnt[2] ; clk        ; clk      ; None                        ; None                      ; 8.030 ns                ;
; N/A                                     ; 115.00 MHz ( period = 8.696 ns )                    ; vga_IC:inst1|sync_gen_50m:sync_gen_50m_int|x_cnt[5] ; vga_IC:inst1|sync_gen_50m:sync_gen_50m_int|y_cnt[4] ; clk        ; clk      ; None                        ; None                      ; 7.987 ns                ;
; N/A                                     ; 115.34 MHz ( period = 8.670 ns )                    ; vga_IC:inst1|sync_gen_50m:sync_gen_50m_int|y_cnt[6] ; vga_IC:inst1|sync_gen_50m:sync_gen_50m_int|y_cnt[7] ; clk        ; clk      ; None                        ; None                      ; 7.961 ns                ;
; N/A                                     ; 115.34 MHz ( period = 8.670 ns )                    ; vga_IC:inst1|sync_gen_50m:sync_gen_50m_int|y_cnt[6] ; vga_IC:inst1|sync_gen_50m:sync_gen_50m_int|y_cnt[6] ; clk        ; clk      ; None                        ; None                      ; 7.961 ns                ;
; N/A                                     ; 115.34 MHz ( period = 8.670 ns )                    ; vga_IC:inst1|sync_gen_50m:sync_gen_50m_int|y_cnt[6] ; vga_IC:inst1|sync_gen_50m:sync_gen_50m_int|y_cnt[4] ; clk        ; clk      ; None                        ; None                      ; 7.961 ns                ;
; N/A                                     ; 115.34 MHz ( period = 8.670 ns )                    ; vga_IC:inst1|sync_gen_50m:sync_gen_50m_int|y_cnt[6] ; vga_IC:inst1|sync_gen_50m:sync_gen_50m_int|y_cnt[0] ; clk        ; clk      ; None                        ; None                      ; 7.961 ns                ;
; N/A                                     ; 115.34 MHz ( period = 8.670 ns )                    ; vga_IC:inst1|sync_gen_50m:sync_gen_50m_int|y_cnt[6] ; vga_IC:inst1|sync_gen_50m:sync_gen_50m_int|y_cnt[1] ; clk        ; clk      ; None                        ; None                      ; 7.961 ns                ;
; N/A                                     ; 115.34 MHz ( period = 8.670 ns )                    ; vga_IC:inst1|sync_gen_50m:sync_gen_50m_int|y_cnt[6] ; vga_IC:inst1|sync_gen_50m:sync_gen_50m_int|y_cnt[2] ; clk        ; clk      ; None                        ; None                      ; 7.961 ns                ;
; N/A                                     ; 115.34 MHz ( period = 8.670 ns )                    ; vga_IC:inst1|sync_gen_50m:sync_gen_50m_int|y_cnt[6] ; vga_IC:inst1|sync_gen_50m:sync_gen_50m_int|y_cnt[3] ; clk        ; clk      ; None                        ; None                      ; 7.961 ns                ;
; N/A                                     ; 115.34 MHz ( period = 8.670 ns )                    ; vga_IC:inst1|sync_gen_50m:sync_gen_50m_int|y_cnt[6] ; vga_IC:inst1|sync_gen_50m:sync_gen_50m_int|y_cnt[5] ; clk        ; clk      ; None                        ; None                      ; 7.961 ns                ;
; N/A                                     ; 115.34 MHz ( period = 8.670 ns )                    ; vga_IC:inst1|sync_gen_50m:sync_gen_50m_int|y_cnt[6] ; vga_IC:inst1|sync_gen_50m:sync_gen_50m_int|y_cnt[8] ; clk        ; clk      ; None                        ; None                      ; 7.961 ns                ;
; N/A                                     ; 115.34 MHz ( period = 8.670 ns )                    ; vga_IC:inst1|sync_gen_50m:sync_gen_50m_int|y_cnt[6] ; vga_IC:inst1|sync_gen_50m:sync_gen_50m_int|y_cnt[9] ; clk        ; clk      ; None                        ; None                      ; 7.961 ns                ;
; N/A                                     ; 115.66 MHz ( period = 8.646 ns )                    ; vga_IC:inst1|sync_gen_50m:sync_gen_50m_int|y_cnt[2] ; vga_IC:inst1|sync_gen_50m:sync_gen_50m_int|valid    ; clk        ; clk      ; None                        ; None                      ; 7.937 ns                ;
; N/A                                     ; 116.06 MHz ( period = 8.616 ns )                    ; vga_IC:inst1|sync_gen_50m:sync_gen_50m_int|x_cnt[3] ; vga_IC:inst1|sync_gen_50m:sync_gen_50m_int|y_cnt[1] ; clk        ; clk      ; None                        ; None                      ; 7.907 ns                ;
; N/A                                     ; 116.65 MHz ( period = 8.573 ns )                    ; vga_IC:inst1|sync_gen_50m:sync_gen_50m_int|x_cnt[5] ; vga_IC:inst1|sync_gen_50m:sync_gen_50m_int|y_cnt[3] ; clk        ; clk      ; None                        ; None                      ; 7.864 ns                ;
; N/A                                     ; 117.00 MHz ( period = 8.547 ns )                    ; vga_IC:inst1|sync_gen_50m:sync_gen_50m_int|x_cnt[4] ; vga_IC:inst1|sync_gen_50m:sync_gen_50m_int|x_cnt[5] ; clk        ; clk      ; None                        ; None                      ; 7.838 ns                ;
; N/A                                     ; 117.18 MHz ( period = 8.534 ns )                    ; vga_IC:inst1|sync_gen_50m:sync_gen_50m_int|y_cnt[1] ; vga_IC:inst1|sync_gen_50m:sync_gen_50m_int|valid    ; clk        ; clk      ; None                        ; None                      ; 7.825 ns                ;
; N/A                                     ; 117.37 MHz ( period = 8.520 ns )                    ; vga_IC:inst1|sync_gen_50m:sync_gen_50m_int|y_cnt[5] ; vga_IC:inst1|sync_gen_50m:sync_gen_50m_int|valid    ; clk        ; clk      ; None                        ; None                      ; 7.811 ns                ;
; N/A                                     ; 117.87 MHz ( period = 8.484 ns )                    ; vga_IC:inst1|sync_gen_50m:sync_gen_50m_int|x_cnt[0] ; vga_IC:inst1|sync_gen_50m:sync_gen_50m_int|y_cnt[7] ; clk        ; clk      ; None                        ; None                      ; 7.775 ns                ;
; N/A                                     ; 117.87 MHz ( period = 8.484 ns )                    ; vga_IC:inst1|sync_gen_50m:sync_gen_50m_int|x_cnt[0] ; vga_IC:inst1|sync_gen_50m:sync_gen_50m_int|y_cnt[6] ; clk        ; clk      ; None                        ; None                      ; 7.775 ns                ;
; N/A                                     ; 117.87 MHz ( period = 8.484 ns )                    ; vga_IC:inst1|sync_gen_50m:sync_gen_50m_int|x_cnt[0] ; vga_IC:inst1|sync_gen_50m:sync_gen_50m_int|y_cnt[5] ; clk        ; clk      ; None                        ; None                      ; 7.775 ns                ;
; N/A                                     ; 117.87 MHz ( period = 8.484 ns )                    ; vga_IC:inst1|sync_gen_50m:sync_gen_50m_int|x_cnt[0] ; vga_IC:inst1|sync_gen_50m:sync_gen_50m_int|y_cnt[8] ; clk        ; clk      ; None                        ; None                      ; 7.775 ns                ;
; N/A                                     ; 117.87 MHz ( period = 8.484 ns )                    ; vga_IC:inst1|sync_gen_50m:sync_gen_50m_int|x_cnt[0] ; vga_IC:inst1|sync_gen_50m:sync_gen_50m_int|y_cnt[9] ; clk        ; clk      ; None                        ; None                      ; 7.775 ns                ;
; N/A                                     ; 117.95 MHz ( period = 8.478 ns )                    ; vga_IC:inst1|sync_gen_50m:sync_gen_50m_int|x_cnt[8] ; vga_IC:inst1|sync_gen_50m:sync_gen_50m_int|y_cnt[7] ; clk        ; clk      ; None                        ; None                      ; 7.769 ns                ;
; N/A                                     ; 117.95 MHz ( period = 8.478 ns )                    ; vga_IC:inst1|sync_gen_50m:sync_gen_50m_int|x_cnt[8] ; vga_IC:inst1|sync_gen_50m:sync_gen_50m_int|y_cnt[6] ; clk        ; clk      ; None                        ; None                      ; 7.769 ns                ;
; N/A                                     ; 117.95 MHz ( period = 8.478 ns )                    ; vga_IC:inst1|sync_gen_50m:sync_gen_50m_int|x_cnt[8] ; vga_IC:inst1|sync_gen_50m:sync_gen_50m_int|y_cnt[5] ; clk        ; clk      ; None                        ; None                      ; 7.769 ns                ;
; N/A                                     ; 117.95 MHz ( period = 8.478 ns )                    ; vga_IC:inst1|sync_gen_50m:sync_gen_50m_int|x_cnt[8] ; vga_IC:inst1|sync_gen_50m:sync_gen_50m_int|y_cnt[8] ; clk        ; clk      ; None                        ; None                      ; 7.769 ns                ;
; N/A                                     ; 117.95 MHz ( period = 8.478 ns )                    ; vga_IC:inst1|sync_gen_50m:sync_gen_50m_int|x_cnt[8] ; vga_IC:inst1|sync_gen_50m:sync_gen_50m_int|y_cnt[9] ; clk        ; clk      ; None                        ; None                      ; 7.769 ns                ;
; N/A                                     ; 118.15 MHz ( period = 8.464 ns )                    ; vga_IC:inst1|sync_gen_50m:sync_gen_50m_int|x_cnt[8] ; vga_IC:inst1|sync_gen_50m:sync_gen_50m_int|x_cnt[9] ; clk        ; clk      ; None                        ; None                      ; 7.755 ns                ;
; N/A                                     ; 118.18 MHz ( period = 8.462 ns )                    ; vga_IC:inst1|sync_gen_50m:sync_gen_50m_int|y_cnt[8] ; vga_IC:inst1|sync_gen_50m:sync_gen_50m_int|y_cnt[7] ; clk        ; clk      ; None                        ; None                      ; 7.753 ns                ;
; N/A                                     ; 118.18 MHz ( period = 8.462 ns )                    ; vga_IC:inst1|sync_gen_50m:sync_gen_50m_int|y_cnt[8] ; vga_IC:inst1|sync_gen_50m:sync_gen_50m_int|y_cnt[6] ; clk        ; clk      ; None                        ; None                      ; 7.753 ns                ;
; N/A                                     ; 118.18 MHz ( period = 8.462 ns )                    ; vga_IC:inst1|sync_gen_50m:sync_gen_50m_int|y_cnt[8] ; vga_IC:inst1|sync_gen_50m:sync_gen_50m_int|y_cnt[4] ; clk        ; clk      ; None                        ; None                      ; 7.753 ns                ;
; N/A                                     ; 118.18 MHz ( period = 8.462 ns )                    ; vga_IC:inst1|sync_gen_50m:sync_gen_50m_int|y_cnt[8] ; vga_IC:inst1|sync_gen_50m:sync_gen_50m_int|y_cnt[0] ; clk        ; clk      ; None                        ; None                      ; 7.753 ns                ;
; N/A                                     ; 118.18 MHz ( period = 8.462 ns )                    ; vga_IC:inst1|sync_gen_50m:sync_gen_50m_int|y_cnt[8] ; vga_IC:inst1|sync_gen_50m:sync_gen_50m_int|y_cnt[1] ; clk        ; clk      ; None                        ; None                      ; 7.753 ns                ;
; N/A                                     ; 118.18 MHz ( period = 8.462 ns )                    ; vga_IC:inst1|sync_gen_50m:sync_gen_50m_int|y_cnt[8] ; vga_IC:inst1|sync_gen_50m:sync_gen_50m_int|y_cnt[2] ; clk        ; clk      ; None                        ; None                      ; 7.753 ns                ;
; N/A                                     ; 118.18 MHz ( period = 8.462 ns )                    ; vga_IC:inst1|sync_gen_50m:sync_gen_50m_int|y_cnt[8] ; vga_IC:inst1|sync_gen_50m:sync_gen_50m_int|y_cnt[3] ; clk        ; clk      ; None                        ; None                      ; 7.753 ns                ;
; N/A                                     ; 118.18 MHz ( period = 8.462 ns )                    ; vga_IC:inst1|sync_gen_50m:sync_gen_50m_int|y_cnt[8] ; vga_IC:inst1|sync_gen_50m:sync_gen_50m_int|y_cnt[5] ; clk        ; clk      ; None                        ; None                      ; 7.753 ns                ;
; N/A                                     ; 118.18 MHz ( period = 8.462 ns )                    ; vga_IC:inst1|sync_gen_50m:sync_gen_50m_int|y_cnt[8] ; vga_IC:inst1|sync_gen_50m:sync_gen_50m_int|y_cnt[8] ; clk        ; clk      ; None                        ; None                      ; 7.753 ns                ;
; N/A                                     ; 118.18 MHz ( period = 8.462 ns )                    ; vga_IC:inst1|sync_gen_50m:sync_gen_50m_int|y_cnt[8] ; vga_IC:inst1|sync_gen_50m:sync_gen_50m_int|y_cnt[9] ; clk        ; clk      ; None                        ; None                      ; 7.753 ns                ;
; N/A                                     ; 118.32 MHz ( period = 8.452 ns )                    ; vga_IC:inst1|sync_gen_50m:sync_gen_50m_int|x_cnt[4] ; vga_IC:inst1|sync_gen_50m:sync_gen_50m_int|x_cnt[6] ; clk        ; clk      ; None                        ; None                      ; 7.743 ns                ;
; N/A                                     ; 118.34 MHz ( period = 8.450 ns )                    ; vga_IC:inst1|sync_gen_50m:sync_gen_50m_int|x_cnt[5] ; vga_IC:inst1|sync_gen_50m:sync_gen_50m_int|y_cnt[2] ; clk        ; clk      ; None                        ; None                      ; 7.741 ns                ;
; N/A                                     ; 118.55 MHz ( period = 8.435 ns )                    ; vga_IC:inst1|sync_gen_50m:sync_gen_50m_int|x_cnt[2] ; vga_IC:inst1|sync_gen_50m:sync_gen_50m_int|y_cnt[0] ; clk        ; clk      ; None                        ; None                      ; 7.726 ns                ;
; N/A                                     ; 118.86 MHz ( period = 8.413 ns )                    ; vga_IC:inst1|sync_gen_50m:sync_gen_50m_int|x_cnt[4] ; vga_IC:inst1|sync_gen_50m:sync_gen_50m_int|x_cnt[7] ; clk        ; clk      ; None                        ; None                      ; 7.704 ns                ;
; N/A                                     ; 119.33 MHz ( period = 8.380 ns )                    ; vga_IC:inst1|sync_gen_50m:sync_gen_50m_int|y_cnt[4] ; vga_IC:inst1|sync_gen_50m:sync_gen_50m_int|valid    ; clk        ; clk      ; None                        ; None                      ; 7.671 ns                ;
; N/A                                     ; 119.37 MHz ( period = 8.377 ns )                    ; vga_IC:inst1|sync_gen_50m:sync_gen_50m_int|x_cnt[6] ; vga_IC:inst1|sync_gen_50m:sync_gen_50m_int|y_cnt[7] ; clk        ; clk      ; None                        ; None                      ; 7.668 ns                ;
; N/A                                     ; 119.37 MHz ( period = 8.377 ns )                    ; vga_IC:inst1|sync_gen_50m:sync_gen_50m_int|x_cnt[6] ; vga_IC:inst1|sync_gen_50m:sync_gen_50m_int|y_cnt[6] ; clk        ; clk      ; None                        ; None                      ; 7.668 ns                ;
; N/A                                     ; 119.37 MHz ( period = 8.377 ns )                    ; vga_IC:inst1|sync_gen_50m:sync_gen_50m_int|x_cnt[6] ; vga_IC:inst1|sync_gen_50m:sync_gen_50m_int|y_cnt[5] ; clk        ; clk      ; None                        ; None                      ; 7.668 ns                ;
; N/A                                     ; 119.37 MHz ( period = 8.377 ns )                    ; vga_IC:inst1|sync_gen_50m:sync_gen_50m_int|x_cnt[6] ; vga_IC:inst1|sync_gen_50m:sync_gen_50m_int|y_cnt[8] ; clk        ; clk      ; None                        ; None                      ; 7.668 ns                ;
; N/A                                     ; 119.37 MHz ( period = 8.377 ns )                    ; vga_IC:inst1|sync_gen_50m:sync_gen_50m_int|x_cnt[6] ; vga_IC:inst1|sync_gen_50m:sync_gen_50m_int|y_cnt[9] ; clk        ; clk      ; None                        ; None                      ; 7.668 ns                ;
; N/A                                     ; 119.72 MHz ( period = 8.353 ns )                    ; vga_IC:inst1|sync_gen_50m:sync_gen_50m_int|y_cnt[7] ; vga_IC:inst1|sync_gen_50m:sync_gen_50m_int|y_cnt[7] ; clk        ; clk      ; None                        ; None                      ; 7.644 ns                ;
; N/A                                     ; 119.72 MHz ( period = 8.353 ns )                    ; vga_IC:inst1|sync_gen_50m:sync_gen_50m_int|y_cnt[7] ; vga_IC:inst1|sync_gen_50m:sync_gen_50m_int|y_cnt[6] ; clk        ; clk      ; None                        ; None                      ; 7.644 ns                ;
; N/A                                     ; 119.72 MHz ( period = 8.353 ns )                    ; vga_IC:inst1|sync_gen_50m:sync_gen_50m_int|y_cnt[7] ; vga_IC:inst1|sync_gen_50m:sync_gen_50m_int|y_cnt[4] ; clk        ; clk      ; None                        ; None                      ; 7.644 ns                ;
; N/A                                     ; 119.72 MHz ( period = 8.353 ns )                    ; vga_IC:inst1|sync_gen_50m:sync_gen_50m_int|y_cnt[7] ; vga_IC:inst1|sync_gen_50m:sync_gen_50m_int|y_cnt[0] ; clk        ; clk      ; None                        ; None                      ; 7.644 ns                ;
; N/A                                     ; 119.72 MHz ( period = 8.353 ns )                    ; vga_IC:inst1|sync_gen_50m:sync_gen_50m_int|y_cnt[7] ; vga_IC:inst1|sync_gen_50m:sync_gen_50m_int|y_cnt[1] ; clk        ; clk      ; None                        ; None                      ; 7.644 ns                ;
; N/A                                     ; 119.72 MHz ( period = 8.353 ns )                    ; vga_IC:inst1|sync_gen_50m:sync_gen_50m_int|y_cnt[7] ; vga_IC:inst1|sync_gen_50m:sync_gen_50m_int|y_cnt[2] ; clk        ; clk      ; None                        ; None                      ; 7.644 ns                ;
; N/A                                     ; 119.72 MHz ( period = 8.353 ns )                    ; vga_IC:inst1|sync_gen_50m:sync_gen_50m_int|y_cnt[7] ; vga_IC:inst1|sync_gen_50m:sync_gen_50m_int|y_cnt[3] ; clk        ; clk      ; None                        ; None                      ; 7.644 ns                ;
; N/A                                     ; 119.72 MHz ( period = 8.353 ns )                    ; vga_IC:inst1|sync_gen_50m:sync_gen_50m_int|y_cnt[7] ; vga_IC:inst1|sync_gen_50m:sync_gen_50m_int|y_cnt[5] ; clk        ; clk      ; None                        ; None                      ; 7.644 ns                ;
; N/A                                     ; 119.72 MHz ( period = 8.353 ns )                    ; vga_IC:inst1|sync_gen_50m:sync_gen_50m_int|y_cnt[7] ; vga_IC:inst1|sync_gen_50m:sync_gen_50m_int|y_cnt[8] ; clk        ; clk      ; None                        ; None                      ; 7.644 ns                ;
; N/A                                     ; 119.72 MHz ( period = 8.353 ns )                    ; vga_IC:inst1|sync_gen_50m:sync_gen_50m_int|y_cnt[7] ; vga_IC:inst1|sync_gen_50m:sync_gen_50m_int|y_cnt[9] ; clk        ; clk      ; None                        ; None                      ; 7.644 ns                ;
; N/A                                     ; 120.09 MHz ( period = 8.327 ns )                    ; vga_IC:inst1|sync_gen_50m:sync_gen_50m_int|x_cnt[5] ; vga_IC:inst1|sync_gen_50m:sync_gen_50m_int|y_cnt[1] ; clk        ; clk      ; None                        ; None                      ; 7.618 ns                ;
; N/A                                     ; 120.67 MHz ( period = 8.287 ns )                    ; vga_IC:inst1|sync_gen_50m:sync_gen_50m_int|y_cnt[9] ; vga_IC:inst1|sync_gen_50m:sync_gen_50m_int|valid    ; clk        ; clk      ; None                        ; None                      ; 7.578 ns                ;
; N/A                                     ; 120.99 MHz ( period = 8.265 ns )                    ; vga_IC:inst1|sync_gen_50m:sync_gen_50m_int|x_cnt[3] ; vga_IC:inst1|sync_gen_50m:sync_gen_50m_int|valid    ; clk        ; clk      ; None                        ; None                      ; 7.556 ns                ;
; N/A                                     ; 121.57 MHz ( period = 8.226 ns )                    ; vga_IC:inst1|sync_gen_50m:sync_gen_50m_int|y_cnt[3] ; vga_IC:inst1|sync_gen_50m:sync_gen_50m_int|valid    ; clk        ; clk      ; None                        ; None                      ; 7.517 ns                ;
; N/A                                     ; 121.60 MHz ( period = 8.224 ns )                    ; vga_IC:inst1|sync_gen_50m:sync_gen_50m_int|y_cnt[8] ; vga_IC:inst1|sync_gen_50m:sync_gen_50m_int|valid    ; clk        ; clk      ; None                        ; None                      ; 7.515 ns                ;
; N/A                                     ; 122.07 MHz ( period = 8.192 ns )                    ; vga_IC:inst1|sync_gen_50m:sync_gen_50m_int|x_cnt[9] ; vga_IC:inst1|sync_gen_50m:sync_gen_50m_int|y_cnt[7] ; clk        ; clk      ; None                        ; None                      ; 7.483 ns                ;
; N/A                                     ; 122.07 MHz ( period = 8.192 ns )                    ; vga_IC:inst1|sync_gen_50m:sync_gen_50m_int|x_cnt[9] ; vga_IC:inst1|sync_gen_50m:sync_gen_50m_int|y_cnt[6] ; clk        ; clk      ; None                        ; None                      ; 7.483 ns                ;
; N/A                                     ; 122.07 MHz ( period = 8.192 ns )                    ; vga_IC:inst1|sync_gen_50m:sync_gen_50m_int|x_cnt[9] ; vga_IC:inst1|sync_gen_50m:sync_gen_50m_int|y_cnt[5] ; clk        ; clk      ; None                        ; None                      ; 7.483 ns                ;
; N/A                                     ; 122.07 MHz ( period = 8.192 ns )                    ; vga_IC:inst1|sync_gen_50m:sync_gen_50m_int|x_cnt[9] ; vga_IC:inst1|sync_gen_50m:sync_gen_50m_int|y_cnt[8] ; clk        ; clk      ; None                        ; None                      ; 7.483 ns                ;
; N/A                                     ; 122.07 MHz ( period = 8.192 ns )                    ; vga_IC:inst1|sync_gen_50m:sync_gen_50m_int|x_cnt[9] ; vga_IC:inst1|sync_gen_50m:sync_gen_50m_int|y_cnt[9] ; clk        ; clk      ; None                        ; None                      ; 7.483 ns                ;
; N/A                                     ; 122.16 MHz ( period = 8.186 ns )                    ; vga_IC:inst1|sync_gen_50m:sync_gen_50m_int|y_cnt[9] ; vga_IC:inst1|sync_gen_50m:sync_gen_50m_int|y_cnt[7] ; clk        ; clk      ; None                        ; None                      ; 7.477 ns                ;
; N/A                                     ; 122.16 MHz ( period = 8.186 ns )                    ; vga_IC:inst1|sync_gen_50m:sync_gen_50m_int|y_cnt[9] ; vga_IC:inst1|sync_gen_50m:sync_gen_50m_int|y_cnt[6] ; clk        ; clk      ; None                        ; None                      ; 7.477 ns                ;
; N/A                                     ; 122.16 MHz ( period = 8.186 ns )                    ; vga_IC:inst1|sync_gen_50m:sync_gen_50m_int|y_cnt[9] ; vga_IC:inst1|sync_gen_50m:sync_gen_50m_int|y_cnt[4] ; clk        ; clk      ; None                        ; None                      ; 7.477 ns                ;
; N/A                                     ; 122.16 MHz ( period = 8.186 ns )                    ; vga_IC:inst1|sync_gen_50m:sync_gen_50m_int|y_cnt[9] ; vga_IC:inst1|sync_gen_50m:sync_gen_50m_int|y_cnt[0] ; clk        ; clk      ; None                        ; None                      ; 7.477 ns                ;
; N/A                                     ; 122.16 MHz ( period = 8.186 ns )                    ; vga_IC:inst1|sync_gen_50m:sync_gen_50m_int|y_cnt[9] ; vga_IC:inst1|sync_gen_50m:sync_gen_50m_int|y_cnt[1] ; clk        ; clk      ; None                        ; None                      ; 7.477 ns                ;
; N/A                                     ; 122.16 MHz ( period = 8.186 ns )                    ; vga_IC:inst1|sync_gen_50m:sync_gen_50m_int|y_cnt[9] ; vga_IC:inst1|sync_gen_50m:sync_gen_50m_int|y_cnt[2] ; clk        ; clk      ; None                        ; None                      ; 7.477 ns                ;
; N/A                                     ; 122.16 MHz ( period = 8.186 ns )                    ; vga_IC:inst1|sync_gen_50m:sync_gen_50m_int|y_cnt[9] ; vga_IC:inst1|sync_gen_50m:sync_gen_50m_int|y_cnt[3] ; clk        ; clk      ; None                        ; None                      ; 7.477 ns                ;
; N/A                                     ; 122.16 MHz ( period = 8.186 ns )                    ; vga_IC:inst1|sync_gen_50m:sync_gen_50m_int|y_cnt[9] ; vga_IC:inst1|sync_gen_50m:sync_gen_50m_int|y_cnt[5] ; clk        ; clk      ; None                        ; None                      ; 7.477 ns                ;
; N/A                                     ; 122.16 MHz ( period = 8.186 ns )                    ; vga_IC:inst1|sync_gen_50m:sync_gen_50m_int|y_cnt[9] ; vga_IC:inst1|sync_gen_50m:sync_gen_50m_int|y_cnt[8] ; clk        ; clk      ; None                        ; None                      ; 7.477 ns                ;
; N/A                                     ; 122.16 MHz ( period = 8.186 ns )                    ; vga_IC:inst1|sync_gen_50m:sync_gen_50m_int|y_cnt[9] ; vga_IC:inst1|sync_gen_50m:sync_gen_50m_int|y_cnt[9] ; clk        ; clk      ; None                        ; None                      ; 7.477 ns                ;
; N/A                                     ; 122.73 MHz ( period = 8.148 ns )                    ; vga_IC:inst1|sync_gen_50m:sync_gen_50m_int|x_cnt[5] ; vga_IC:inst1|sync_gen_50m:sync_gen_50m_int|valid    ; clk        ; clk      ; None                        ; None                      ; 7.439 ns                ;
; N/A                                     ; 123.49 MHz ( period = 8.098 ns )                    ; vga_IC:inst1|sync_gen_50m:sync_gen_50m_int|y_cnt[2] ; vga_IC:inst1|sync_gen_50m:sync_gen_50m_int|y_cnt[7] ; clk        ; clk      ; None                        ; None                      ; 7.389 ns                ;
; N/A                                     ; 123.49 MHz ( period = 8.098 ns )                    ; vga_IC:inst1|sync_gen_50m:sync_gen_50m_int|y_cnt[2] ; vga_IC:inst1|sync_gen_50m:sync_gen_50m_int|y_cnt[6] ; clk        ; clk      ; None                        ; None                      ; 7.389 ns                ;
; N/A                                     ; 123.49 MHz ( period = 8.098 ns )                    ; vga_IC:inst1|sync_gen_50m:sync_gen_50m_int|y_cnt[2] ; vga_IC:inst1|sync_gen_50m:sync_gen_50m_int|y_cnt[4] ; clk        ; clk      ; None                        ; None                      ; 7.389 ns                ;
; N/A                                     ; 123.49 MHz ( period = 8.098 ns )                    ; vga_IC:inst1|sync_gen_50m:sync_gen_50m_int|y_cnt[2] ; vga_IC:inst1|sync_gen_50m:sync_gen_50m_int|y_cnt[0] ; clk        ; clk      ; None                        ; None                      ; 7.389 ns                ;
; N/A                                     ; 123.49 MHz ( period = 8.098 ns )                    ; vga_IC:inst1|sync_gen_50m:sync_gen_50m_int|y_cnt[2] ; vga_IC:inst1|sync_gen_50m:sync_gen_50m_int|y_cnt[1] ; clk        ; clk      ; None                        ; None                      ; 7.389 ns                ;
; N/A                                     ; 123.49 MHz ( period = 8.098 ns )                    ; vga_IC:inst1|sync_gen_50m:sync_gen_50m_int|y_cnt[2] ; vga_IC:inst1|sync_gen_50m:sync_gen_50m_int|y_cnt[2] ; clk        ; clk      ; None                        ; None                      ; 7.389 ns                ;
; N/A                                     ; 123.49 MHz ( period = 8.098 ns )                    ; vga_IC:inst1|sync_gen_50m:sync_gen_50m_int|y_cnt[2] ; vga_IC:inst1|sync_gen_50m:sync_gen_50m_int|y_cnt[3] ; clk        ; clk      ; None                        ; None                      ; 7.389 ns                ;
; N/A                                     ; 123.49 MHz ( period = 8.098 ns )                    ; vga_IC:inst1|sync_gen_50m:sync_gen_50m_int|y_cnt[2] ; vga_IC:inst1|sync_gen_50m:sync_gen_50m_int|y_cnt[5] ; clk        ; clk      ; None                        ; None                      ; 7.389 ns                ;
; N/A                                     ; 123.49 MHz ( period = 8.098 ns )                    ; vga_IC:inst1|sync_gen_50m:sync_gen_50m_int|y_cnt[2] ; vga_IC:inst1|sync_gen_50m:sync_gen_50m_int|y_cnt[8] ; clk        ; clk      ; None                        ; None                      ; 7.389 ns                ;
; N/A                                     ; 123.49 MHz ( period = 8.098 ns )                    ; vga_IC:inst1|sync_gen_50m:sync_gen_50m_int|y_cnt[2] ; vga_IC:inst1|sync_gen_50m:sync_gen_50m_int|y_cnt[9] ; clk        ; clk      ; None                        ; None                      ; 7.389 ns                ;
; N/A                                     ; 123.56 MHz ( period = 8.093 ns )                    ; vga_IC:inst1|sync_gen_50m:sync_gen_50m_int|x_cnt[3] ; vga_IC:inst1|sync_gen_50m:sync_gen_50m_int|x_cnt[9] ; clk        ; clk      ; None                        ; None                      ; 7.384 ns                ;
; N/A                                     ; 124.73 MHz ( period = 8.017 ns )                    ; vga_IC:inst1|sync_gen_50m:sync_gen_50m_int|x_cnt[0] ; vga_IC:inst1|sync_gen_50m:sync_gen_50m_int|y_cnt[4] ; clk        ; clk      ; None                        ; None                      ; 7.308 ns                ;
; N/A                                     ; 124.83 MHz ( period = 8.011 ns )                    ; vga_IC:inst1|sync_gen_50m:sync_gen_50m_int|x_cnt[8] ; vga_IC:inst1|sync_gen_50m:sync_gen_50m_int|y_cnt[4] ; clk        ; clk      ; None                        ; None                      ; 7.302 ns                ;
; N/A                                     ; 124.95 MHz ( period = 8.003 ns )                    ; vga_IC:inst1|sync_gen_50m:sync_gen_50m_int|x_cnt[4] ; vga_IC:inst1|sync_gen_50m:sync_gen_50m_int|y_cnt[0] ; clk        ; clk      ; None                        ; None                      ; 7.294 ns                ;
; N/A                                     ; 125.23 MHz ( period = 7.985 ns )                    ; vga_IC:inst1|sync_gen_50m:sync_gen_50m_int|y_cnt[5] ; vga_IC:inst1|sync_gen_50m:sync_gen_50m_int|y_cnt[7] ; clk        ; clk      ; None                        ; None                      ; 7.276 ns                ;
; N/A                                     ; 125.23 MHz ( period = 7.985 ns )                    ; vga_IC:inst1|sync_gen_50m:sync_gen_50m_int|y_cnt[5] ; vga_IC:inst1|sync_gen_50m:sync_gen_50m_int|y_cnt[6] ; clk        ; clk      ; None                        ; None                      ; 7.276 ns                ;
; N/A                                     ; 125.23 MHz ( period = 7.985 ns )                    ; vga_IC:inst1|sync_gen_50m:sync_gen_50m_int|y_cnt[5] ; vga_IC:inst1|sync_gen_50m:sync_gen_50m_int|y_cnt[4] ; clk        ; clk      ; None                        ; None                      ; 7.276 ns                ;
; N/A                                     ; 125.23 MHz ( period = 7.985 ns )                    ; vga_IC:inst1|sync_gen_50m:sync_gen_50m_int|y_cnt[5] ; vga_IC:inst1|sync_gen_50m:sync_gen_50m_int|y_cnt[0] ; clk        ; clk      ; None                        ; None                      ; 7.276 ns                ;
; N/A                                     ; 125.23 MHz ( period = 7.985 ns )                    ; vga_IC:inst1|sync_gen_50m:sync_gen_50m_int|y_cnt[5] ; vga_IC:inst1|sync_gen_50m:sync_gen_50m_int|y_cnt[1] ; clk        ; clk      ; None                        ; None                      ; 7.276 ns                ;
; N/A                                     ; 125.23 MHz ( period = 7.985 ns )                    ; vga_IC:inst1|sync_gen_50m:sync_gen_50m_int|y_cnt[5] ; vga_IC:inst1|sync_gen_50m:sync_gen_50m_int|y_cnt[2] ; clk        ; clk      ; None                        ; None                      ; 7.276 ns                ;
; N/A                                     ; 125.23 MHz ( period = 7.985 ns )                    ; vga_IC:inst1|sync_gen_50m:sync_gen_50m_int|y_cnt[5] ; vga_IC:inst1|sync_gen_50m:sync_gen_50m_int|y_cnt[3] ; clk        ; clk      ; None                        ; None                      ; 7.276 ns                ;
; N/A                                     ; 125.23 MHz ( period = 7.985 ns )                    ; vga_IC:inst1|sync_gen_50m:sync_gen_50m_int|y_cnt[5] ; vga_IC:inst1|sync_gen_50m:sync_gen_50m_int|y_cnt[5] ; clk        ; clk      ; None                        ; None                      ; 7.276 ns                ;
; N/A                                     ; 125.23 MHz ( period = 7.985 ns )                    ; vga_IC:inst1|sync_gen_50m:sync_gen_50m_int|y_cnt[5] ; vga_IC:inst1|sync_gen_50m:sync_gen_50m_int|y_cnt[8] ; clk        ; clk      ; None                        ; None                      ; 7.276 ns                ;
; N/A                                     ; 125.23 MHz ( period = 7.985 ns )                    ; vga_IC:inst1|sync_gen_50m:sync_gen_50m_int|y_cnt[5] ; vga_IC:inst1|sync_gen_50m:sync_gen_50m_int|y_cnt[9] ; clk        ; clk      ; None                        ; None                      ; 7.276 ns                ;
; N/A                                     ; 125.77 MHz ( period = 7.951 ns )                    ; vga_IC:inst1|sync_gen_50m:sync_gen_50m_int|x_cnt[1] ; vga_IC:inst1|sync_gen_50m:sync_gen_50m_int|y_cnt[7] ; clk        ; clk      ; None                        ; None                      ; 7.242 ns                ;
; N/A                                     ; 125.77 MHz ( period = 7.951 ns )                    ; vga_IC:inst1|sync_gen_50m:sync_gen_50m_int|x_cnt[1] ; vga_IC:inst1|sync_gen_50m:sync_gen_50m_int|y_cnt[6] ; clk        ; clk      ; None                        ; None                      ; 7.242 ns                ;
; N/A                                     ; 125.77 MHz ( period = 7.951 ns )                    ; vga_IC:inst1|sync_gen_50m:sync_gen_50m_int|x_cnt[1] ; vga_IC:inst1|sync_gen_50m:sync_gen_50m_int|y_cnt[5] ; clk        ; clk      ; None                        ; None                      ; 7.242 ns                ;
; N/A                                     ; 125.77 MHz ( period = 7.951 ns )                    ; vga_IC:inst1|sync_gen_50m:sync_gen_50m_int|x_cnt[1] ; vga_IC:inst1|sync_gen_50m:sync_gen_50m_int|y_cnt[8] ; clk        ; clk      ; None                        ; None                      ; 7.242 ns                ;
; N/A                                     ; 125.77 MHz ( period = 7.951 ns )                    ; vga_IC:inst1|sync_gen_50m:sync_gen_50m_int|x_cnt[1] ; vga_IC:inst1|sync_gen_50m:sync_gen_50m_int|y_cnt[9] ; clk        ; clk      ; None                        ; None                      ; 7.242 ns                ;
; N/A                                     ; 125.93 MHz ( period = 7.941 ns )                    ; vga_IC:inst1|sync_gen_50m:sync_gen_50m_int|y_cnt[7] ; vga_IC:inst1|sync_gen_50m:sync_gen_50m_int|valid    ; clk        ; clk      ; None                        ; None                      ; 7.232 ns                ;
; N/A                                     ; 125.96 MHz ( period = 7.939 ns )                    ; vga_IC:inst1|sync_gen_50m:sync_gen_50m_int|x_cnt[7] ; vga_IC:inst1|sync_gen_50m:sync_gen_50m_int|y_cnt[7] ; clk        ; clk      ; None                        ; None                      ; 7.230 ns                ;
; N/A                                     ; 125.96 MHz ( period = 7.939 ns )                    ; vga_IC:inst1|sync_gen_50m:sync_gen_50m_int|x_cnt[7] ; vga_IC:inst1|sync_gen_50m:sync_gen_50m_int|y_cnt[6] ; clk        ; clk      ; None                        ; None                      ; 7.230 ns                ;
; N/A                                     ; 125.96 MHz ( period = 7.939 ns )                    ; vga_IC:inst1|sync_gen_50m:sync_gen_50m_int|x_cnt[7] ; vga_IC:inst1|sync_gen_50m:sync_gen_50m_int|y_cnt[5] ; clk        ; clk      ; None                        ; None                      ; 7.230 ns                ;
; N/A                                     ; 125.96 MHz ( period = 7.939 ns )                    ; vga_IC:inst1|sync_gen_50m:sync_gen_50m_int|x_cnt[7] ; vga_IC:inst1|sync_gen_50m:sync_gen_50m_int|y_cnt[8] ; clk        ; clk      ; None                        ; None                      ; 7.230 ns                ;
; N/A                                     ; 125.96 MHz ( period = 7.939 ns )                    ; vga_IC:inst1|sync_gen_50m:sync_gen_50m_int|x_cnt[7] ; vga_IC:inst1|sync_gen_50m:sync_gen_50m_int|y_cnt[9] ; clk        ; clk      ; None                        ; None                      ; 7.230 ns                ;
; N/A                                     ; 126.42 MHz ( period = 7.910 ns )                    ; vga_IC:inst1|sync_gen_50m:sync_gen_50m_int|x_cnt[6] ; vga_IC:inst1|sync_gen_50m:sync_gen_50m_int|y_cnt[4] ; clk        ; clk      ; None                        ; None                      ; 7.201 ns                ;
; N/A                                     ; 126.47 MHz ( period = 7.907 ns )                    ; vga_IC:inst1|sync_gen_50m:sync_gen_50m_int|y_cnt[0] ; vga_IC:inst1|sync_gen_50m:sync_gen_50m_int|y_cnt[7] ; clk        ; clk      ; None                        ; None                      ; 7.198 ns                ;
; N/A                                     ; 126.47 MHz ( period = 7.907 ns )                    ; vga_IC:inst1|sync_gen_50m:sync_gen_50m_int|y_cnt[0] ; vga_IC:inst1|sync_gen_50m:sync_gen_50m_int|y_cnt[6] ; clk        ; clk      ; None                        ; None                      ; 7.198 ns                ;
; N/A                                     ; 126.47 MHz ( period = 7.907 ns )                    ; vga_IC:inst1|sync_gen_50m:sync_gen_50m_int|y_cnt[0] ; vga_IC:inst1|sync_gen_50m:sync_gen_50m_int|y_cnt[4] ; clk        ; clk      ; None                        ; None                      ; 7.198 ns                ;
; N/A                                     ; 126.47 MHz ( period = 7.907 ns )                    ; vga_IC:inst1|sync_gen_50m:sync_gen_50m_int|y_cnt[0] ; vga_IC:inst1|sync_gen_50m:sync_gen_50m_int|y_cnt[0] ; clk        ; clk      ; None                        ; None                      ; 7.198 ns                ;
; N/A                                     ; 126.47 MHz ( period = 7.907 ns )                    ; vga_IC:inst1|sync_gen_50m:sync_gen_50m_int|y_cnt[0] ; vga_IC:inst1|sync_gen_50m:sync_gen_50m_int|y_cnt[1] ; clk        ; clk      ; None                        ; None                      ; 7.198 ns                ;
; N/A                                     ; 126.47 MHz ( period = 7.907 ns )                    ; vga_IC:inst1|sync_gen_50m:sync_gen_50m_int|y_cnt[0] ; vga_IC:inst1|sync_gen_50m:sync_gen_50m_int|y_cnt[2] ; clk        ; clk      ; None                        ; None                      ; 7.198 ns                ;
; N/A                                     ; 126.47 MHz ( period = 7.907 ns )                    ; vga_IC:inst1|sync_gen_50m:sync_gen_50m_int|y_cnt[0] ; vga_IC:inst1|sync_gen_50m:sync_gen_50m_int|y_cnt[3] ; clk        ; clk      ; None                        ; None                      ; 7.198 ns                ;
; N/A                                     ; 126.47 MHz ( period = 7.907 ns )                    ; vga_IC:inst1|sync_gen_50m:sync_gen_50m_int|y_cnt[0] ; vga_IC:inst1|sync_gen_50m:sync_gen_50m_int|y_cnt[5] ; clk        ; clk      ; None                        ; None                      ; 7.198 ns                ;
; N/A                                     ; 126.47 MHz ( period = 7.907 ns )                    ; vga_IC:inst1|sync_gen_50m:sync_gen_50m_int|y_cnt[0] ; vga_IC:inst1|sync_gen_50m:sync_gen_50m_int|y_cnt[8] ; clk        ; clk      ; None                        ; None                      ; 7.198 ns                ;
; N/A                                     ; 126.47 MHz ( period = 7.907 ns )                    ; vga_IC:inst1|sync_gen_50m:sync_gen_50m_int|y_cnt[0] ; vga_IC:inst1|sync_gen_50m:sync_gen_50m_int|y_cnt[9] ; clk        ; clk      ; None                        ; None                      ; 7.198 ns                ;
; N/A                                     ; 126.60 MHz ( period = 7.899 ns )                    ; vga_IC:inst1|sync_gen_50m:sync_gen_50m_int|x_cnt[3] ; vga_IC:inst1|sync_gen_50m:sync_gen_50m_int|x_cnt[5] ; clk        ; clk      ; None                        ; None                      ; 7.190 ns                ;
; N/A                                     ; 126.68 MHz ( period = 7.894 ns )                    ; vga_IC:inst1|sync_gen_50m:sync_gen_50m_int|x_cnt[0] ; vga_IC:inst1|sync_gen_50m:sync_gen_50m_int|y_cnt[3] ; clk        ; clk      ; None                        ; None                      ; 7.185 ns                ;
; N/A                                     ; 126.77 MHz ( period = 7.888 ns )                    ; vga_IC:inst1|sync_gen_50m:sync_gen_50m_int|x_cnt[8] ; vga_IC:inst1|sync_gen_50m:sync_gen_50m_int|y_cnt[3] ; clk        ; clk      ; None                        ; None                      ; 7.179 ns                ;
; N/A                                     ; 127.42 MHz ( period = 7.848 ns )                    ; vga_IC:inst1|sync_gen_50m:sync_gen_50m_int|x_cnt[3] ; vga_IC:inst1|sync_gen_50m:sync_gen_50m_int|x_cnt[4] ; clk        ; clk      ; None                        ; None                      ; 7.139 ns                ;
; N/A                                     ; 127.45 MHz ( period = 7.846 ns )                    ; vga_IC:inst1|sync_gen_50m:sync_gen_50m_int|x_cnt[4] ; vga_IC:inst1|sync_gen_50m:sync_gen_50m_int|x_cnt[8] ; clk        ; clk      ; None                        ; None                      ; 7.137 ns                ;
; N/A                                     ; 127.58 MHz ( period = 7.838 ns )                    ; vga_IC:inst1|sync_gen_50m:sync_gen_50m_int|x_cnt[1] ; vga_IC:inst1|sync_gen_50m:sync_gen_50m_int|x_cnt[3] ; clk        ; clk      ; None                        ; None                      ; 7.129 ns                ;
; N/A                                     ; 127.96 MHz ( period = 7.815 ns )                    ; vga_IC:inst1|sync_gen_50m:sync_gen_50m_int|x_cnt[0] ; vga_IC:inst1|sync_gen_50m:sync_gen_50m_int|x_cnt[3] ; clk        ; clk      ; None                        ; None                      ; 7.106 ns                ;
; N/A                                     ; 128.14 MHz ( period = 7.804 ns )                    ; vga_IC:inst1|sync_gen_50m:sync_gen_50m_int|x_cnt[3] ; vga_IC:inst1|sync_gen_50m:sync_gen_50m_int|x_cnt[6] ; clk        ; clk      ; None                        ; None                      ; 7.095 ns                ;
; N/A                                     ; 128.42 MHz ( period = 7.787 ns )                    ; vga_IC:inst1|sync_gen_50m:sync_gen_50m_int|x_cnt[6] ; vga_IC:inst1|sync_gen_50m:sync_gen_50m_int|y_cnt[3] ; clk        ; clk      ; None                        ; None                      ; 7.078 ns                ;
; N/A                                     ; 128.68 MHz ( period = 7.771 ns )                    ; vga_IC:inst1|sync_gen_50m:sync_gen_50m_int|x_cnt[0] ; vga_IC:inst1|sync_gen_50m:sync_gen_50m_int|y_cnt[2] ; clk        ; clk      ; None                        ; None                      ; 7.062 ns                ;
; N/A                                     ; 128.72 MHz ( period = 7.769 ns )                    ; vga_IC:inst1|sync_gen_50m:sync_gen_50m_int|x_cnt[3] ; vga_IC:inst1|sync_gen_50m:sync_gen_50m_int|y_cnt[0] ; clk        ; clk      ; None                        ; None                      ; 7.060 ns                ;
; N/A                                     ; 128.78 MHz ( period = 7.765 ns )                    ; vga_IC:inst1|sync_gen_50m:sync_gen_50m_int|x_cnt[8] ; vga_IC:inst1|sync_gen_50m:sync_gen_50m_int|y_cnt[2] ; clk        ; clk      ; None                        ; None                      ; 7.056 ns                ;
; N/A                                     ; 128.78 MHz ( period = 7.765 ns )                    ; vga_IC:inst1|sync_gen_50m:sync_gen_50m_int|x_cnt[3] ; vga_IC:inst1|sync_gen_50m:sync_gen_50m_int|x_cnt[7] ; clk        ; clk      ; None                        ; None                      ; 7.056 ns                ;
; N/A                                     ; 128.90 MHz ( period = 7.758 ns )                    ; vga_IC:inst1|sync_gen_50m:sync_gen_50m_int|x_cnt[1] ; vga_IC:inst1|sync_gen_50m:sync_gen_50m_int|x_cnt[9] ; clk        ; clk      ; None                        ; None                      ; 7.049 ns                ;
; N/A                                     ; 129.28 MHz ( period = 7.735 ns )                    ; vga_IC:inst1|sync_gen_50m:sync_gen_50m_int|x_cnt[0] ; vga_IC:inst1|sync_gen_50m:sync_gen_50m_int|x_cnt[9] ; clk        ; clk      ; None                        ; None                      ; 7.026 ns                ;
; N/A                                     ; 129.40 MHz ( period = 7.728 ns )                    ; vga_IC:inst1|sync_gen_50m:sync_gen_50m_int|x_cnt[4] ; vga_IC:inst1|sync_gen_50m:sync_gen_50m_int|x_cnt[4] ; clk        ; clk      ; None                        ; None                      ; 7.019 ns                ;
; N/A                                     ; 129.45 MHz ( period = 7.725 ns )                    ; vga_IC:inst1|sync_gen_50m:sync_gen_50m_int|x_cnt[9] ; vga_IC:inst1|sync_gen_50m:sync_gen_50m_int|y_cnt[4] ; clk        ; clk      ; None                        ; None                      ; 7.016 ns                ;
; N/A                                     ; 129.72 MHz ( period = 7.709 ns )                    ; vga_IC:inst1|sync_gen_50m:sync_gen_50m_int|y_cnt[6] ; vga_IC:inst1|sync_gen_50m:sync_gen_50m_int|valid    ; clk        ; clk      ; None                        ; None                      ; 7.000 ns                ;
; N/A                                     ; 130.48 MHz ( period = 7.664 ns )                    ; vga_IC:inst1|sync_gen_50m:sync_gen_50m_int|x_cnt[6] ; vga_IC:inst1|sync_gen_50m:sync_gen_50m_int|y_cnt[2] ; clk        ; clk      ; None                        ; None                      ; 6.955 ns                ;
; N/A                                     ; 130.75 MHz ( period = 7.648 ns )                    ; vga_IC:inst1|sync_gen_50m:sync_gen_50m_int|x_cnt[0] ; vga_IC:inst1|sync_gen_50m:sync_gen_50m_int|y_cnt[1] ; clk        ; clk      ; None                        ; None                      ; 6.939 ns                ;
; N/A                                     ; 130.86 MHz ( period = 7.642 ns )                    ; vga_IC:inst1|sync_gen_50m:sync_gen_50m_int|x_cnt[8] ; vga_IC:inst1|sync_gen_50m:sync_gen_50m_int|y_cnt[1] ; clk        ; clk      ; None                        ; None                      ; 6.933 ns                ;
; N/A                                     ; 130.94 MHz ( period = 7.637 ns )                    ; vga_IC:inst1|sync_gen_50m:sync_gen_50m_int|x_cnt[2] ; vga_IC:inst1|sync_gen_50m:sync_gen_50m_int|x_cnt[3] ; clk        ; clk      ; None                        ; None                      ; 6.928 ns                ;
; Timing analysis restricted to 200 rows. ; To change the limit use Settings (Assignments menu) ;                                                     ;                                                     ;            ;          ;                             ;                           ;                         ;
+-----------------------------------------+-----------------------------------------------------+-----------------------------------------------------+-----------------------------------------------------+------------+----------+-----------------------------+---------------------------+-------------------------+


+------------------------------------------------------------------------------------------------------------------+
; tco                                                                                                              ;
+-------+--------------+------------+-----------------------------------------------------+-----------+------------+
; Slack ; Required tco ; Actual tco ; From                                                ; To        ; From Clock ;
+-------+--------------+------------+-----------------------------------------------------+-----------+------------+
; N/A   ; None         ; 31.247 ns  ; vga_IC:inst1|sync_gen_50m:sync_gen_50m_int|x_cnt[2] ; VGA_R     ; clk        ;
; N/A   ; None         ; 31.152 ns  ; vga_IC:inst1|sync_gen_50m:sync_gen_50m_int|x_cnt[2] ; VGA_G     ; clk        ;
; N/A   ; None         ; 30.805 ns  ; vga_IC:inst1|sync_gen_50m:sync_gen_50m_int|x_cnt[5] ; VGA_R     ; clk        ;
; N/A   ; None         ; 30.710 ns  ; vga_IC:inst1|sync_gen_50m:sync_gen_50m_int|x_cnt[5] ; VGA_G     ; clk        ;
; N/A   ; None         ; 30.349 ns  ; vga_IC:inst1|sync_gen_50m:sync_gen_50m_int|y_cnt[0] ; VGA_R     ; clk        ;
; N/A   ; None         ; 30.305 ns  ; vga_IC:inst1|sync_gen_50m:sync_gen_50m_int|x_cnt[7] ; VGA_R     ; clk        ;
; N/A   ; None         ; 30.278 ns  ; vga_IC:inst1|sync_gen_50m:sync_gen_50m_int|x_cnt[2] ; VGA_B     ; clk        ;
; N/A   ; None         ; 30.254 ns  ; vga_IC:inst1|sync_gen_50m:sync_gen_50m_int|y_cnt[0] ; VGA_G     ; clk        ;
; N/A   ; None         ; 30.210 ns  ; vga_IC:inst1|sync_gen_50m:sync_gen_50m_int|x_cnt[7] ; VGA_G     ; clk        ;
; N/A   ; None         ; 30.170 ns  ; vga_IC:inst1|sync_gen_50m:sync_gen_50m_int|x_cnt[6] ; VGA_R     ; clk        ;
; N/A   ; None         ; 30.160 ns  ; vga_IC:inst1|sync_gen_50m:sync_gen_50m_int|y_cnt[1] ; VGA_R     ; clk        ;
; N/A   ; None         ; 30.075 ns  ; vga_IC:inst1|sync_gen_50m:sync_gen_50m_int|x_cnt[6] ; VGA_G     ; clk        ;
; N/A   ; None         ; 30.065 ns  ; vga_IC:inst1|sync_gen_50m:sync_gen_50m_int|y_cnt[1] ; VGA_G     ; clk        ;
; N/A   ; None         ; 29.836 ns  ; vga_IC:inst1|sync_gen_50m:sync_gen_50m_int|x_cnt[5] ; VGA_B     ; clk        ;
; N/A   ; None         ; 29.825 ns  ; vga_IC:inst1|sync_gen_50m:sync_gen_50m_int|y_cnt[2] ; VGA_R     ; clk        ;
; N/A   ; None         ; 29.730 ns  ; vga_IC:inst1|sync_gen_50m:sync_gen_50m_int|y_cnt[2] ; VGA_G     ; clk        ;
; N/A   ; None         ; 29.727 ns  ; vga_IC:inst1|sync_gen_50m:sync_gen_50m_int|x_cnt[4] ; VGA_R     ; clk        ;
; N/A   ; None         ; 29.667 ns  ; vga_IC:inst1|sync_gen_50m:sync_gen_50m_int|y_cnt[3] ; VGA_R     ; clk        ;
; N/A   ; None         ; 29.636 ns  ; vga_IC:inst1|sync_gen_50m:sync_gen_50m_int|x_cnt[3] ; VGA_R     ; clk        ;
; N/A   ; None         ; 29.632 ns  ; vga_IC:inst1|sync_gen_50m:sync_gen_50m_int|x_cnt[4] ; VGA_G     ; clk        ;
; N/A   ; None         ; 29.572 ns  ; vga_IC:inst1|sync_gen_50m:sync_gen_50m_int|y_cnt[3] ; VGA_G     ; clk        ;
; N/A   ; None         ; 29.541 ns  ; vga_IC:inst1|sync_gen_50m:sync_gen_50m_int|x_cnt[3] ; VGA_G     ; clk        ;
; N/A   ; None         ; 29.380 ns  ; vga_IC:inst1|sync_gen_50m:sync_gen_50m_int|y_cnt[0] ; VGA_B     ; clk        ;
; N/A   ; None         ; 29.336 ns  ; vga_IC:inst1|sync_gen_50m:sync_gen_50m_int|x_cnt[7] ; VGA_B     ; clk        ;
; N/A   ; None         ; 29.201 ns  ; vga_IC:inst1|sync_gen_50m:sync_gen_50m_int|x_cnt[6] ; VGA_B     ; clk        ;
; N/A   ; None         ; 29.191 ns  ; vga_IC:inst1|sync_gen_50m:sync_gen_50m_int|y_cnt[1] ; VGA_B     ; clk        ;
; N/A   ; None         ; 28.998 ns  ; vga_IC:inst1|sync_gen_50m:sync_gen_50m_int|x_cnt[8] ; VGA_R     ; clk        ;
; N/A   ; None         ; 28.903 ns  ; vga_IC:inst1|sync_gen_50m:sync_gen_50m_int|x_cnt[8] ; VGA_G     ; clk        ;
; N/A   ; None         ; 28.856 ns  ; vga_IC:inst1|sync_gen_50m:sync_gen_50m_int|y_cnt[2] ; VGA_B     ; clk        ;
; N/A   ; None         ; 28.758 ns  ; vga_IC:inst1|sync_gen_50m:sync_gen_50m_int|x_cnt[4] ; VGA_B     ; clk        ;
; N/A   ; None         ; 28.698 ns  ; vga_IC:inst1|sync_gen_50m:sync_gen_50m_int|y_cnt[3] ; VGA_B     ; clk        ;
; N/A   ; None         ; 28.667 ns  ; vga_IC:inst1|sync_gen_50m:sync_gen_50m_int|x_cnt[3] ; VGA_B     ; clk        ;
; N/A   ; None         ; 28.613 ns  ; vga_IC:inst1|sync_gen_50m:sync_gen_50m_int|y_cnt[4] ; VGA_R     ; clk        ;
; N/A   ; None         ; 28.518 ns  ; vga_IC:inst1|sync_gen_50m:sync_gen_50m_int|y_cnt[4] ; VGA_G     ; clk        ;
; N/A   ; None         ; 28.029 ns  ; vga_IC:inst1|sync_gen_50m:sync_gen_50m_int|x_cnt[8] ; VGA_B     ; clk        ;
; N/A   ; None         ; 27.644 ns  ; vga_IC:inst1|sync_gen_50m:sync_gen_50m_int|y_cnt[4] ; VGA_B     ; clk        ;
; N/A   ; None         ; 27.618 ns  ; vga_IC:inst1|sync_gen_50m:sync_gen_50m_int|x_cnt[9] ; VGA_R     ; clk        ;
; N/A   ; None         ; 27.523 ns  ; vga_IC:inst1|sync_gen_50m:sync_gen_50m_int|x_cnt[9] ; VGA_G     ; clk        ;
; N/A   ; None         ; 26.649 ns  ; vga_IC:inst1|sync_gen_50m:sync_gen_50m_int|x_cnt[9] ; VGA_B     ; clk        ;
; N/A   ; None         ; 25.494 ns  ; vga_IC:inst1|sync_gen_50m:sync_gen_50m_int|y_cnt[6] ; VGA_G     ; clk        ;
; N/A   ; None         ; 25.444 ns  ; vga_IC:inst1|sync_gen_50m:sync_gen_50m_int|y_cnt[5] ; VGA_G     ; clk        ;
; N/A   ; None         ; 25.400 ns  ; vga_IC:inst1|sync_gen_50m:sync_gen_50m_int|y_cnt[7] ; VGA_G     ; clk        ;
; N/A   ; None         ; 24.377 ns  ; vga_IC:inst1|sync_gen_50m:sync_gen_50m_int|y_cnt[8] ; VGA_G     ; clk        ;
; N/A   ; None         ; 24.208 ns  ; vga_IC:inst1|sync_gen_50m:sync_gen_50m_int|y_cnt[6] ; VGA_B     ; clk        ;
; N/A   ; None         ; 24.158 ns  ; vga_IC:inst1|sync_gen_50m:sync_gen_50m_int|y_cnt[5] ; VGA_B     ; clk        ;
; N/A   ; None         ; 24.114 ns  ; vga_IC:inst1|sync_gen_50m:sync_gen_50m_int|y_cnt[7] ; VGA_B     ; clk        ;
; N/A   ; None         ; 23.144 ns  ; vga_IC:inst1|sync_gen_50m:sync_gen_50m_int|y_cnt[6] ; VGA_R     ; clk        ;
; N/A   ; None         ; 23.094 ns  ; vga_IC:inst1|sync_gen_50m:sync_gen_50m_int|y_cnt[5] ; VGA_R     ; clk        ;
; N/A   ; None         ; 23.091 ns  ; vga_IC:inst1|sync_gen_50m:sync_gen_50m_int|y_cnt[8] ; VGA_B     ; clk        ;
; N/A   ; None         ; 23.050 ns  ; vga_IC:inst1|sync_gen_50m:sync_gen_50m_int|y_cnt[7] ; VGA_R     ; clk        ;
; N/A   ; None         ; 22.487 ns  ; vga_IC:inst1|sync_gen_50m:sync_gen_50m_int|x_cnt[1] ; VGA_G     ; clk        ;
; N/A   ; None         ; 22.203 ns  ; vga_IC:inst1|sync_gen_50m:sync_gen_50m_int|x_cnt[0] ; VGA_G     ; clk        ;
; N/A   ; None         ; 22.027 ns  ; vga_IC:inst1|sync_gen_50m:sync_gen_50m_int|y_cnt[8] ; VGA_R     ; clk        ;
; N/A   ; None         ; 21.956 ns  ; vga_IC:inst1|sync_gen_50m:sync_gen_50m_int|x_cnt[1] ; VGA_R     ; clk        ;
; N/A   ; None         ; 21.201 ns  ; vga_IC:inst1|sync_gen_50m:sync_gen_50m_int|x_cnt[1] ; VGA_B     ; clk        ;
; N/A   ; None         ; 20.917 ns  ; vga_IC:inst1|sync_gen_50m:sync_gen_50m_int|x_cnt[0] ; VGA_B     ; clk        ;
; N/A   ; None         ; 20.578 ns  ; vga_IC:inst1|sync_gen_50m:sync_gen_50m_int|y_cnt[9] ; VGA_G     ; clk        ;
; N/A   ; None         ; 19.853 ns  ; vga_IC:inst1|sync_gen_50m:sync_gen_50m_int|x_cnt[0] ; VGA_R     ; clk        ;
; N/A   ; None         ; 19.292 ns  ; vga_IC:inst1|sync_gen_50m:sync_gen_50m_int|y_cnt[9] ; VGA_B     ; clk        ;
; N/A   ; None         ; 19.054 ns  ; vga_IC:inst1|sync_gen_50m:sync_gen_50m_int|y_cnt[9] ; VGA_R     ; clk        ;
; N/A   ; None         ; 14.737 ns  ; vga_IC:inst1|sync_gen_50m:sync_gen_50m_int|valid    ; VGA_G     ; clk        ;
; N/A   ; None         ; 13.863 ns  ; vga_IC:inst1|sync_gen_50m:sync_gen_50m_int|valid    ; VGA_B     ; clk        ;
; N/A   ; None         ; 13.206 ns  ; vga_IC:inst1|sync_gen_50m:sync_gen_50m_int|valid    ; VGA_R     ; clk        ;
; N/A   ; None         ; 12.039 ns  ; vga_IC:inst1|sync_gen_50m:sync_gen_50m_int|hsync    ; VGA_HSYNC ; clk        ;
; N/A   ; None         ; 11.508 ns  ; vga_IC:inst1|sync_gen_50m:sync_gen_50m_int|vsync    ; VGA_VSYNC ; clk        ;
+-------+--------------+------------+-----------------------------------------------------+-----------+------------+


+--------------------------+
; Timing Analyzer Messages ;
+--------------------------+
Info: *******************************************************************
Info: Running Quartus II Classic Timing Analyzer
    Info: Version 7.2 Build 151 09/26/2007 SJ Full Version
    Info: Processing started: Sun Nov 27 16:49:08 2011
Info: Command: quartus_tan --read_settings_files=off --write_settings_files=off vga -c vga
Info: Started post-fitting delay annotation
Info: Delay annotation completed successfully
Warning: Found pins functioning as undefined clocks and/or memory enables
    Info: Assuming node "clk" is an undefined clock
Info: Clock "clk" has Internal fmax of 98.83 MHz between source register "vga_IC:inst1|sync_gen_50m:sync_gen_50m_int|x_cnt[2]" and destination register "vga_IC:inst1|sync_gen_50m:sync_gen_50m_int|y_cnt[7]" (period= 10.118 ns)
    Info: + Longest register to register delay is 9.409 ns
        Info: 1: + IC(0.000 ns) + CELL(0.000 ns) = 0.000 ns; Loc. = LC_X3_Y4_N7; Fanout = 15; REG Node = 'vga_IC:inst1|sync_gen_50m:sync_gen_50m_int|x_cnt[2]'
        Info: 2: + IC(2.022 ns) + CELL(0.740 ns) = 2.762 ns; Loc. = LC_X3_Y4_N0; Fanout = 1; COMB Node = 'vga_IC:inst1|sync_gen_50m:sync_gen_50m_int|Equal0~87'
        Info: 3: + IC(0.729 ns) + CELL(0.740 ns) = 4.231 ns; Loc. = LC_X3_Y4_N3; Fanout = 10; COMB Node = 'vga_IC:inst1|sync_gen_50m:sync_gen_50m_int|Equal0~88'
        Info: 4: + IC(2.434 ns) + CELL(0.747 ns) = 7.412 ns; Loc. = LC_X6_Y1_N0; Fanout = 2; COMB Node = 'vga_IC:inst1|sync_gen_50m:sync_gen_50m_int|y_cnt[0]~238'
        Info: 5: + IC(0.000 ns) + CELL(0.123 ns) = 7.535 ns; Loc. = LC_X6_Y1_N1; Fanout = 2; COMB Node = 'vga_IC:inst1|sync_gen_50m:sync_gen_50m_int|y_cnt[1]~240'
        Info: 6: + IC(0.000 ns) + CELL(0.123 ns) = 7.658 ns; Loc. = LC_X6_Y1_N2; Fanout = 2; COMB Node = 'vga_IC:inst1|sync_gen_50m:sync_gen_50m_int|y_cnt[2]~242'
        Info: 7: + IC(0.000 ns) + CELL(0.123 ns) = 7.781 ns; Loc. = LC_X6_Y1_N3; Fanout = 2; COMB Node = 'vga_IC:inst1|sync_gen_50m:sync_gen_50m_int|y_cnt[3]~250'
        Info: 8: + IC(0.000 ns) + CELL(0.261 ns) = 8.042 ns; Loc. = LC_X6_Y1_N4; Fanout = 5; COMB Node = 'vga_IC:inst1|sync_gen_50m:sync_gen_50m_int|y_cnt[4]~246'
        Info: 9: + IC(0.000 ns) + CELL(1.367 ns) = 9.409 ns; Loc. = LC_X6_Y1_N7; Fanout = 9; REG Node = 'vga_IC:inst1|sync_gen_50m:sync_gen_50m_int|y_cnt[7]'
        Info: Total cell delay = 4.224 ns ( 44.89 % )
        Info: Total interconnect delay = 5.185 ns ( 55.11 % )
    Info: - Smallest clock skew is 0.000 ns
        Info: + Shortest clock path from clock "clk" to destination register is 6.516 ns
            Info: 1: + IC(0.000 ns) + CELL(1.132 ns) = 1.132 ns; Loc. = PIN_61; Fanout = 23; CLK Node = 'clk'
            Info: 2: + IC(4.466 ns) + CELL(0.918 ns) = 6.516 ns; Loc. = LC_X6_Y1_N7; Fanout = 9; REG Node = 'vga_IC:inst1|sync_gen_50m:sync_gen_50m_int|y_cnt[7]'
            Info: Total cell delay = 2.050 ns ( 31.46 % )
            Info: Total interconnect delay = 4.466 ns ( 68.54 % )
        Info: - Longest clock path from clock "clk" to source register is 6.516 ns
            Info: 1: + IC(0.000 ns) + CELL(1.132 ns) = 1.132 ns; Loc. = PIN_61; Fanout = 23; CLK Node = 'clk'
            Info: 2: + IC(4.466 ns) + CELL(0.918 ns) = 6.516 ns; Loc. = LC_X3_Y4_N7; Fanout = 15; REG Node = 'vga_IC:inst1|sync_gen_50m:sync_gen_50m_int|x_cnt[2]'
            Info: Total cell delay = 2.050 ns ( 31.46 % )
            Info: Total interconnect delay = 4.466 ns ( 68.54 % )
    Info: + Micro clock to output delay of source is 0.376 ns
    Info: + Micro setup delay of destination is 0.333 ns
Info: tco from clock "clk" to destination pin "VGA_R" through register "vga_IC:inst1|sync_gen_50m:sync_gen_50m_int|x_cnt[2]" is 31.247 ns
    Info: + Longest clock path from clock "clk" to source register is 6.516 ns
        Info: 1: + IC(0.000 ns) + CELL(1.132 ns) = 1.132 ns; Loc. = PIN_61; Fanout = 23; CLK Node = 'clk'
        Info: 2: + IC(4.466 ns) + CELL(0.918 ns) = 6.516 ns; Loc. = LC_X3_Y4_N7; Fanout = 15; REG Node = 'vga_IC:inst1|sync_gen_50m:sync_gen_50m_int|x_cnt[2]'
        Info: Total cell delay = 2.050 ns ( 31.46 % )
        Info: Total interconnect delay = 4.466 ns ( 68.54 % )
    Info: + Micro clock to output delay of source is 0.376 ns
    Info: + Longest register to pin delay is 24.355 ns
        Info: 1: + IC(0.000 ns) + CELL(0.000 ns) = 0.000 ns; Loc. = LC_X3_Y4_N7; Fanout = 15; REG Node = 'vga_IC:inst1|sync_gen_50m:sync_gen_50m_int|x_cnt[2]'
        Info: 2: + IC(2.152 ns) + CELL(0.978 ns) = 3.130 ns; Loc. = LC_X2_Y2_N0; Fanout = 2; COMB Node = 'vga_IC:inst1|Add0~202'
        Info: 3: + IC(0.000 ns) + CELL(0.123 ns) = 3.253 ns; Loc. = LC_X2_Y2_N1; Fanout = 2; COMB Node = 'vga_IC:inst1|Add0~204'
        Info: 4: + IC(0.000 ns) + CELL(0.123 ns) = 3.376 ns; Loc. = LC_X2_Y2_N2; Fanout = 2; COMB Node = 'vga_IC:inst1|Add0~200'
        Info: 5: + IC(0.000 ns) + CELL(0.815 ns) = 4.191 ns; Loc. = LC_X2_Y2_N3; Fanout = 6; COMB Node = 'vga_IC:inst1|Add0~207'
        Info: 6: + IC(1.882 ns) + CELL(0.978 ns) = 7.051 ns; Loc. = LC_X3_Y2_N3; Fanout = 1; COMB Node = 'vga_IC:inst1|Add2~131'
        Info: 7: + IC(0.000 ns) + CELL(0.261 ns) = 7.312 ns; Loc. = LC_X3_Y2_N4; Fanout = 2; COMB Node = 'vga_IC:inst1|Add2~129'
        Info: 8: + IC(0.000 ns) + CELL(0.975 ns) = 8.287 ns; Loc. = LC_X3_Y2_N6; Fanout = 6; COMB Node = 'vga_IC:inst1|Add2~122'
        Info: 9: + IC(0.756 ns) + CELL(0.511 ns) = 9.554 ns; Loc. = LC_X3_Y2_N8; Fanout = 10; COMB Node = 'vga_IC:inst1|char_rom:char_rom_inst|WideOr6~1135'
        Info: 10: + IC(1.864 ns) + CELL(0.200 ns) = 11.618 ns; Loc. = LC_X3_Y4_N1; Fanout = 1; COMB Node = 'vga_IC:inst1|char_rom:char_rom_inst|WideOr4~1270'
        Info: 11: + IC(0.711 ns) + CELL(0.740 ns) = 13.069 ns; Loc. = LC_X3_Y4_N7; Fanout = 1; COMB Node = 'vga_IC:inst1|Mux0~1009'
        Info: 12: + IC(0.728 ns) + CELL(0.740 ns) = 14.537 ns; Loc. = LC_X3_Y4_N9; Fanout = 1; COMB Node = 'vga_IC:inst1|Mux0~1010'
        Info: 13: + IC(2.537 ns) + CELL(0.511 ns) = 17.585 ns; Loc. = LC_X7_Y2_N8; Fanout = 1; COMB Node = 'vga_IC:inst1|Mux0~1013'
        Info: 14: + IC(0.305 ns) + CELL(0.200 ns) = 18.090 ns; Loc. = LC_X7_Y2_N9; Fanout = 1; COMB Node = 'vga_IC:inst1|Mux0~1017'
        Info: 15: + IC(0.724 ns) + CELL(0.200 ns) = 19.014 ns; Loc. = LC_X7_Y2_N0; Fanout = 2; COMB Node = 'vga_IC:inst1|word~188'
        Info: 16: + IC(1.709 ns) + CELL(0.200 ns) = 20.923 ns; Loc. = LC_X7_Y3_N3; Fanout = 1; COMB Node = 'vga_IC:inst1|word~189'
        Info: 17: + IC(0.305 ns) + CELL(0.200 ns) = 21.428 ns; Loc. = LC_X7_Y3_N4; Fanout = 1; COMB Node = 'vga_IC:inst1|vga_r0~33'
        Info: 18: + IC(0.605 ns) + CELL(2.322 ns) = 24.355 ns; Loc. = PIN_67; Fanout = 0; PIN Node = 'VGA_R'
        Info: Total cell delay = 10.077 ns ( 41.38 % )
        Info: Total interconnect delay = 14.278 ns ( 58.62 % )
Info: Quartus II Classic Timing Analyzer was successful. 0 errors, 1 warning
    Info: Allocated 111 megabytes of memory during processing
    Info: Processing ended: Sun Nov 27 16:49:10 2011
    Info: Elapsed time: 00:00:02


