Analysis & Synthesis report for LCD1602
Sun Nov 27 16:56:32 2011
Quartus II Version 7.2 Build 151 09/26/2007 SJ Full Version


---------------------
; Table of Contents ;
---------------------
  1. Legal Notice
  2. Analysis & Synthesis Summary
  3. Analysis & Synthesis Settings
  4. Analysis & Synthesis Source Files Read
  5. Analysis & Synthesis Resource Usage Summary
  6. Analysis & Synthesis Resource Utilization by Entity
  7. State Machine - |LCD1602|LCD_Driver:inst|state
  8. Registers Removed During Synthesis
  9. General Register Statistics
 10. Multiplexer Restructuring Statistics (Restructuring Performed)
 11. Parameter Settings for User Entity Instance: LCD_Driver:inst
 12. Parameter Settings for User Entity Instance: autoreset:inst1
 13. Analysis & Synthesis Messages
 14. Analysis & Synthesis Suppressed Messages



----------------
; Legal Notice ;
----------------
Copyright (C) 1991-2007 Altera Corporation
Your use of Altera Corporation's design tools, logic functions 
and other software and tools, and its AMPP partner logic 
functions, and any output files from any of the foregoing 
(including device programming or simulation files), and any 
associated documentation or information are expressly subject 
to the terms and conditions of the Altera Program License 
Subscription Agreement, Altera MegaCore Function License 
Agreement, or other applicable license agreement, including, 
without limitation, that your use is for the sole purpose of 
programming logic devices manufactured by Altera and sold by 
Altera or its authorized distributors.  Please refer to the 
applicable agreement for further details.



+------------------------------------------------------------------------+
; Analysis & Synthesis Summary                                           ;
+-----------------------------+------------------------------------------+
; Analysis & Synthesis Status ; Successful - Sun Nov 27 16:56:32 2011    ;
; Quartus II Version          ; 7.2 Build 151 09/26/2007 SJ Full Version ;
; Revision Name               ; LCD1602                                  ;
; Top-level Entity Name       ; LCD1602                                  ;
; Family                      ; MAX II                                   ;
; Total logic elements        ; 152                                      ;
; Total pins                  ; 13                                       ;
; Total virtual pins          ; 0                                        ;
; Total memory bits           ; 0                                        ;
; DSP block 9-bit elements    ; 0                                        ;
; Total PLLs                  ; 0                                        ;
; Total DLLs                  ; 0                                        ;
+-----------------------------+------------------------------------------+


+--------------------------------------------------------------------------------------------------------------------------+
; Analysis & Synthesis Settings                                                                                            ;
+--------------------------------------------------------------------------------+--------------------+--------------------+
; Option                                                                         ; Setting            ; Default Value      ;
+--------------------------------------------------------------------------------+--------------------+--------------------+
; Device                                                                         ; EPM240GT100C5      ;                    ;
; Top-level entity name                                                          ; LCD1602            ; LCD1602            ;
; Family name                                                                    ; MAX II             ; Stratix II         ;
; Use Generated Physical Constraints File                                        ; Off                ;                    ;
; Use smart compilation                                                          ; Off                ; Off                ;
; Maximum processors allowed for parallel compilation                            ; 1                  ; 1                  ;
; Restructure Multiplexers                                                       ; Auto               ; Auto               ;
; Create Debugging Nodes for IP Cores                                            ; Off                ; Off                ;
; Preserve fewer node names                                                      ; On                 ; On                 ;
; Disable OpenCore Plus hardware evaluation                                      ; Off                ; Off                ;
; Verilog Version                                                                ; Verilog_2001       ; Verilog_2001       ;
; VHDL Version                                                                   ; VHDL93             ; VHDL93             ;
; State Machine Processing                                                       ; Auto               ; Auto               ;
; Safe State Machine                                                             ; Off                ; Off                ;
; Extract Verilog State Machines                                                 ; On                 ; On                 ;
; Extract VHDL State Machines                                                    ; On                 ; On                 ;
; Ignore Verilog initial constructs                                              ; Off                ; Off                ;
; Add Pass-Through Logic to Inferred RAMs                                        ; On                 ; On                 ;
; Parallel Synthesis                                                             ; Off                ; Off                ;
; NOT Gate Push-Back                                                             ; On                 ; On                 ;
; Power-Up Don't Care                                                            ; On                 ; On                 ;
; Remove Redundant Logic Cells                                                   ; Off                ; Off                ;
; Remove Duplicate Registers                                                     ; On                 ; On                 ;
; Ignore CARRY Buffers                                                           ; Off                ; Off                ;
; Ignore CASCADE Buffers                                                         ; Off                ; Off                ;
; Ignore GLOBAL Buffers                                                          ; Off                ; Off                ;
; Ignore ROW GLOBAL Buffers                                                      ; Off                ; Off                ;
; Ignore LCELL Buffers                                                           ; Off                ; Off                ;
; Ignore SOFT Buffers                                                            ; On                 ; On                 ;
; Limit AHDL Integers to 32 Bits                                                 ; Off                ; Off                ;
; Optimization Technique -- MAX II                                               ; Balanced           ; Balanced           ;
; Carry Chain Length -- Stratix/Stratix GX/Cyclone/MAX II/Cyclone II/Cyclone III ; 70                 ; 70                 ;
; Auto Carry Chains                                                              ; On                 ; On                 ;
; Auto Open-Drain Pins                                                           ; On                 ; On                 ;
; Perform WYSIWYG Primitive Resynthesis                                          ; Off                ; Off                ;
; Perform gate-level register retiming                                           ; Off                ; Off                ;
; Allow register retiming to trade off Tsu/Tco with Fmax                         ; On                 ; On                 ;
; Auto Shift Register Replacement                                                ; Auto               ; Auto               ;
; Auto Clock Enable Replacement                                                  ; On                 ; On                 ;
; Allow Synchronous Control Signals                                              ; On                 ; On                 ;
; Force Use of Synchronous Clear Signals                                         ; Off                ; Off                ;
; Auto Resource Sharing                                                          ; Off                ; Off                ;
; Ignore translate_off and synthesis_off directives                              ; Off                ; Off                ;
; Show Parameter Settings Tables in Synthesis Report                             ; On                 ; On                 ;
; Ignore Maximum Fan-Out Assignments                                             ; Off                ; Off                ;
; Retiming Meta-Stability Register Sequence Length                               ; 2                  ; 2                  ;
; PowerPlay Power Optimization                                                   ; Normal compilation ; Normal compilation ;
; HDL message level                                                              ; Level2             ; Level2             ;
; Suppress Register Optimization Related Messages                                ; Off                ; Off                ;
; Number of Removed Registers Reported in Synthesis Report                       ; 100                ; 100                ;
; Clock MUX Protection                                                           ; On                 ; On                 ;
; Block Design Naming                                                            ; Auto               ; Auto               ;
+--------------------------------------------------------------------------------+--------------------+--------------------+


+-----------------------------------------------------------------------------------------------------------------------------------------------------------------+
; Analysis & Synthesis Source Files Read                                                                                                                          ;
+----------------------------------+-----------------+------------------------------------+-----------------------------------------------------------------------+
; File Name with User-Entered Path ; Used in Netlist ; File Type                          ; File Name with Absolute Path                                          ;
+----------------------------------+-----------------+------------------------------------+-----------------------------------------------------------------------+
; autoreset.v                      ; yes             ; User Verilog HDL File              ; D:/EPM240/EPM240_570_DVD/HDL Code/verilog/EX12/LCD1602_4/autoreset.v  ;
; LCD_Driver.v                     ; yes             ; User Verilog HDL File              ; D:/EPM240/EPM240_570_DVD/HDL Code/verilog/EX12/LCD1602_4/LCD_Driver.v ;
; LCD1602.bdf                      ; yes             ; User Block Diagram/Schematic File  ; D:/EPM240/EPM240_570_DVD/HDL Code/verilog/EX12/LCD1602_4/LCD1602.bdf  ;
+----------------------------------+-----------------+------------------------------------+-----------------------------------------------------------------------+


+----------------------------------------------------------------------+
; Analysis & Synthesis Resource Usage Summary                          ;
+---------------------------------------------+------------------------+
; Resource                                    ; Usage                  ;
+---------------------------------------------+------------------------+
; Total logic elements                        ; 152                    ;
;     -- Combinational with no register       ; 73                     ;
;     -- Register only                        ; 21                     ;
;     -- Combinational with a register        ; 58                     ;
;                                             ;                        ;
; Logic element usage by number of LUT inputs ;                        ;
;     -- 4 input functions                    ; 40                     ;
;     -- 3 input functions                    ; 17                     ;
;     -- 2 input functions                    ; 67                     ;
;     -- 1 input functions                    ; 6                      ;
;     -- 0 input functions                    ; 1                      ;
;                                             ;                        ;
; Logic elements by mode                      ;                        ;
;     -- normal mode                          ; 102                    ;
;     -- arithmetic mode                      ; 50                     ;
;     -- qfbk mode                            ; 0                      ;
;     -- register cascade mode                ; 0                      ;
;     -- synchronous clear/load mode          ; 16                     ;
;     -- asynchronous clear/load mode         ; 26                     ;
;                                             ;                        ;
; Total registers                             ; 79                     ;
; Total logic cells in carry chains           ; 54                     ;
; I/O pins                                    ; 13                     ;
; Maximum fan-out node                        ; LCD_Driver:inst|clkdiv ;
; Maximum fan-out                             ; 27                     ;
; Total fan-out                               ; 532                    ;
; Average fan-out                             ; 3.22                   ;
+---------------------------------------------+------------------------+


+-----------------------------------------------------------------------------------------------------------------------------------------------------------------------------------------------------------------------------------------------------------------------------+
; Analysis & Synthesis Resource Utilization by Entity                                                                                                                                                                                                                         ;
+----------------------------+-------------+--------------+-------------+--------------+---------+-----------+-----------+------+--------------+--------------+-------------------+------------------+-----------------+------------+--------------------------+--------------+
; Compilation Hierarchy Node ; Logic Cells ; LC Registers ; Memory Bits ; DSP Elements ; DSP 9x9 ; DSP 18x18 ; DSP 36x36 ; Pins ; Virtual Pins ; LUT-Only LCs ; Register-Only LCs ; LUT/Register LCs ; Carry Chain LCs ; Packed LCs ; Full Hierarchy Name      ; Library Name ;
+----------------------------+-------------+--------------+-------------+--------------+---------+-----------+-----------+------+--------------+--------------+-------------------+------------------+-----------------+------------+--------------------------+--------------+
; |LCD1602                   ; 152 (0)     ; 79           ; 0           ; 0            ; 0       ; 0         ; 0         ; 13   ; 0            ; 73 (0)       ; 21 (0)            ; 58 (0)           ; 54 (0)          ; 0 (0)      ; |LCD1602                 ; work         ;
;    |LCD_Driver:inst|       ; 79 (79)     ; 44           ; 0           ; 0            ; 0       ; 0         ; 0         ; 0    ; 0            ; 35 (35)      ; 5 (5)             ; 39 (39)          ; 22 (22)         ; 0 (0)      ; |LCD1602|LCD_Driver:inst ; work         ;
;    |autoreset:inst1|       ; 73 (73)     ; 35           ; 0           ; 0            ; 0       ; 0         ; 0         ; 0    ; 0            ; 38 (38)      ; 16 (16)           ; 19 (19)          ; 32 (32)         ; 0 (0)      ; |LCD1602|autoreset:inst1 ; work         ;
+----------------------------+-------------+--------------+-------------+--------------+---------+-----------+-----------+------+--------------+--------------+-------------------+------------------+-----------------+------------+--------------------------+--------------+
Note: For table entries with two numbers listed, the numbers in parentheses indicate the number of resources of the given type used by the specific entity alone. The numbers listed outside of parentheses indicate the total resources of the given type used by the specific entity and all of its sub-entities in the hierarchy.


Encoding Type:  One-Hot
+------------------------------------------------------------------------------------------------------------------------------------------------------------------------------------------+
; State Machine - |LCD1602|LCD_Driver:inst|state                                                                                                                                           ;
+-------------------+-----------------+-----------------+-----------------+-----------------+-------------------+------------------+---------------+-------------+------------+------------+
; Name              ; state.WRITERAM2 ; state.WRITERAM1 ; state.SETDDRAM2 ; state.SETDDRAM1 ; state.SETFUNCTION ; state.SWITCHMODE ; state.SETMODE ; state.CLEAR ; state.IDLE ; state.WAIT ;
+-------------------+-----------------+-----------------+-----------------+-----------------+-------------------+------------------+---------------+-------------+------------+------------+
; state.IDLE        ; 0               ; 0               ; 0               ; 0               ; 0                 ; 0                ; 0             ; 0           ; 0          ; 0          ;
; state.CLEAR       ; 0               ; 0               ; 0               ; 0               ; 0                 ; 0                ; 0             ; 1           ; 1          ; 0          ;
; state.SETMODE     ; 0               ; 0               ; 0               ; 0               ; 0                 ; 0                ; 1             ; 0           ; 1          ; 0          ;
; state.SWITCHMODE  ; 0               ; 0               ; 0               ; 0               ; 0                 ; 1                ; 0             ; 0           ; 1          ; 0          ;
; state.SETFUNCTION ; 0               ; 0               ; 0               ; 0               ; 1                 ; 0                ; 0             ; 0           ; 1          ; 0          ;
; state.SETDDRAM1   ; 0               ; 0               ; 0               ; 1               ; 0                 ; 0                ; 0             ; 0           ; 1          ; 0          ;
; state.SETDDRAM2   ; 0               ; 0               ; 1               ; 0               ; 0                 ; 0                ; 0             ; 0           ; 1          ; 0          ;
; state.WRITERAM1   ; 0               ; 1               ; 0               ; 0               ; 0                 ; 0                ; 0             ; 0           ; 1          ; 0          ;
; state.WRITERAM2   ; 1               ; 0               ; 0               ; 0               ; 0                 ; 0                ; 0             ; 0           ; 1          ; 0          ;
; state.WAIT        ; 0               ; 0               ; 0               ; 0               ; 0                 ; 0                ; 0             ; 0           ; 1          ; 1          ;
+-------------------+-----------------+-----------------+-----------------+-----------------+-------------------+------------------+---------------+-------------+------------+------------+


+---------------------------------------------------------------------------------+
; Registers Removed During Synthesis                                              ;
+----------------------------------------+----------------------------------------+
; Register name                          ; Reason for Removal                     ;
+----------------------------------------+----------------------------------------+
; LCD_Driver:inst|lcd_rw                 ; Stuck at GND due to stuck port data_in ;
; LCD_Driver:inst|data[5]~en             ; Merged with LCD_Driver:inst|data[4]~en ;
; LCD_Driver:inst|data[1]~en             ; Merged with LCD_Driver:inst|data[0]~en ;
; LCD_Driver:inst|data[2]~en             ; Merged with LCD_Driver:inst|data[0]~en ;
; LCD_Driver:inst|data[3]~en             ; Merged with LCD_Driver:inst|data[0]~en ;
; LCD_Driver:inst|data[4]~en             ; Merged with LCD_Driver:inst|data[0]~en ;
; LCD_Driver:inst|data[6]~en             ; Merged with LCD_Driver:inst|data[0]~en ;
; LCD_Driver:inst|data[7]~en             ; Merged with LCD_Driver:inst|data[0]~en ;
; LCD_Driver:inst|state~15               ; Lost fanout                            ;
; LCD_Driver:inst|state~16               ; Lost fanout                            ;
; LCD_Driver:inst|state~17               ; Lost fanout                            ;
; LCD_Driver:inst|state~18               ; Lost fanout                            ;
; LCD_Driver:inst|state~19               ; Lost fanout                            ;
; LCD_Driver:inst|state~20               ; Lost fanout                            ;
; LCD_Driver:inst|state~21               ; Lost fanout                            ;
; LCD_Driver:inst|state~22               ; Lost fanout                            ;
; LCD_Driver:inst|state~23               ; Lost fanout                            ;
; Total Number of Removed Registers = 17 ;                                        ;
+----------------------------------------+----------------------------------------+


+------------------------------------------------------+
; General Register Statistics                          ;
+----------------------------------------------+-------+
; Statistic                                    ; Value ;
+----------------------------------------------+-------+
; Total registers                              ; 79    ;
; Number of registers using Synchronous Clear  ; 16    ;
; Number of registers using Synchronous Load   ; 0     ;
; Number of registers using Asynchronous Clear ; 25    ;
; Number of registers using Asynchronous Load  ; 1     ;
; Number of registers using Clock Enable       ; 21    ;
; Number of registers using Preset             ; 0     ;
+----------------------------------------------+-------+


+---------------------------------------------------------------------------------------------------------------------------------------------------+
; Multiplexer Restructuring Statistics (Restructuring Performed)                                                                                    ;
+--------------------+-----------+---------------+----------------------+------------------------+------------+-------------------------------------+
; Multiplexer Inputs ; Bus Width ; Baseline Area ; Area if Restructured ; Saving if Restructured ; Registered ; Example Multiplexer Output          ;
+--------------------+-----------+---------------+----------------------+------------------------+------------+-------------------------------------+
; 3:1                ; 16 bits   ; 32 LEs        ; 16 LEs               ; 16 LEs                 ; Yes        ; |LCD1602|LCD_Driver:inst|clkcnt[2]  ;
; 5:1                ; 6 bits    ; 18 LEs        ; 6 LEs                ; 12 LEs                 ; Yes        ; |LCD1602|LCD_Driver:inst|address[1] ;
+--------------------+-----------+---------------+----------------------+------------------------+------------+-------------------------------------+


+--------------------------------------------------------------+
; Parameter Settings for User Entity Instance: LCD_Driver:inst ;
+----------------+------------+--------------------------------+
; Parameter Name ; Value      ; Type                           ;
+----------------+------------+--------------------------------+
; IDLE           ; 0000000000 ; Unsigned Binary                ;
; CLEAR          ; 0000000001 ; Unsigned Binary                ;
; SETMODE        ; 0000000011 ; Unsigned Binary                ;
; SWITCHMODE     ; 0000000100 ; Unsigned Binary                ;
; SETFUNCTION    ; 0000000101 ; Unsigned Binary                ;
; SETDDRAM1      ; 0000000110 ; Unsigned Binary                ;
; SETDDRAM2      ; 0000000111 ; Unsigned Binary                ;
; WRITERAM1      ; 0000001000 ; Unsigned Binary                ;
; WRITERAM2      ; 0000001001 ; Unsigned Binary                ;
; WAIT           ; 1000001001 ; Unsigned Binary                ;
+----------------+------------+--------------------------------+
Note: In order to hide this table in the UI and the text report file, please set the "Show Parameter Settings Tables in Synthesis Report" option in "Analysis and Synthesis Settings -> More Settings" to "Off".


+--------------------------------------------------------------+
; Parameter Settings for User Entity Instance: autoreset:inst1 ;
+----------------+---------+-----------------------------------+
; Parameter Name ; Value   ; Type                              ;
+----------------+---------+-----------------------------------+
; DIV            ; 2500000 ; Untyped                           ;
+----------------+---------+-----------------------------------+
Note: In order to hide this table in the UI and the text report file, please set the "Show Parameter Settings Tables in Synthesis Report" option in "Analysis and Synthesis Settings -> More Settings" to "Off".


+-------------------------------+
; Analysis & Synthesis Messages ;
+-------------------------------+
Info: *******************************************************************
Info: Running Quartus II Analysis & Synthesis
    Info: Version 7.2 Build 151 09/26/2007 SJ Full Version
    Info: Processing started: Sun Nov 27 16:56:29 2011
Info: Command: quartus_map --read_settings_files=on --write_settings_files=off LCD1602 -c LCD1602
Info: Found 1 design units, including 1 entities, in source file autoreset.v
    Info: Found entity 1: autoreset
Warning (10229): Verilog HDL Expression warning at LCD_Driver.v(76): truncated literal to match 8 bits
Info: Found 1 design units, including 1 entities, in source file LCD_Driver.v
    Info: Found entity 1: LCD_Driver
Info: Found 1 design units, including 1 entities, in source file LCD1602.bdf
    Info: Found entity 1: LCD1602
Info: Elaborating entity "LCD1602" for the top level hierarchy
Info: Elaborating entity "LCD_Driver" for hierarchy "LCD_Driver:inst"
Info: Elaborating entity "autoreset" for hierarchy "autoreset:inst1"
Warning (10230): Verilog HDL assignment warning at autoreset.v(53): truncated value with size 32 to match size of target (8)
Warning (14130): Reduced register "LCD_Driver:inst|lcd_rw" with stuck data_in port to stuck value GND
Info: Duplicate registers merged to single register
    Info: Duplicate register "LCD_Driver:inst|data[5]~en" merged to single register "LCD_Driver:inst|data[4]~en"
Info: Duplicate registers merged to single register
    Info: Duplicate register "LCD_Driver:inst|data[1]~en" merged to single register "LCD_Driver:inst|data[0]~en"
    Info: Duplicate register "LCD_Driver:inst|data[2]~en" merged to single register "LCD_Driver:inst|data[0]~en"
    Info: Duplicate register "LCD_Driver:inst|data[3]~en" merged to single register "LCD_Driver:inst|data[0]~en"
    Info: Duplicate register "LCD_Driver:inst|data[4]~en" merged to single register "LCD_Driver:inst|data[0]~en"
    Info: Duplicate register "LCD_Driver:inst|data[6]~en" merged to single register "LCD_Driver:inst|data[0]~en"
    Info: Duplicate register "LCD_Driver:inst|data[7]~en" merged to single register "LCD_Driver:inst|data[0]~en"
Info: State machine "|LCD1602|LCD_Driver:inst|state" contains 10 states
Info: Selected Auto state machine encoding method for state machine "|LCD1602|LCD_Driver:inst|state"
Info: Encoding result for state machine "|LCD1602|LCD_Driver:inst|state"
    Info: Completed encoding using 10 state bits
        Info: Encoded state bit "LCD_Driver:inst|state.WRITERAM2"
        Info: Encoded state bit "LCD_Driver:inst|state.WRITERAM1"
        Info: Encoded state bit "LCD_Driver:inst|state.SETDDRAM2"
        Info: Encoded state bit "LCD_Driver:inst|state.SETDDRAM1"
        Info: Encoded state bit "LCD_Driver:inst|state.SETFUNCTION"
        Info: Encoded state bit "LCD_Driver:inst|state.SWITCHMODE"
        Info: Encoded state bit "LCD_Driver:inst|state.SETMODE"
        Info: Encoded state bit "LCD_Driver:inst|state.CLEAR"
        Info: Encoded state bit "LCD_Driver:inst|state.IDLE"
        Info: Encoded state bit "LCD_Driver:inst|state.WAIT"
    Info: State "|LCD1602|LCD_Driver:inst|state.IDLE" uses code string "0000000000"
    Info: State "|LCD1602|LCD_Driver:inst|state.CLEAR" uses code string "0000000110"
    Info: State "|LCD1602|LCD_Driver:inst|state.SETMODE" uses code string "0000001010"
    Info: State "|LCD1602|LCD_Driver:inst|state.SWITCHMODE" uses code string "0000010010"
    Info: State "|LCD1602|LCD_Driver:inst|state.SETFUNCTION" uses code string "0000100010"
    Info: State "|LCD1602|LCD_Driver:inst|state.SETDDRAM1" uses code string "0001000010"
    Info: State "|LCD1602|LCD_Driver:inst|state.SETDDRAM2" uses code string "0010000010"
    Info: State "|LCD1602|LCD_Driver:inst|state.WRITERAM1" uses code string "0100000010"
    Info: State "|LCD1602|LCD_Driver:inst|state.WRITERAM2" uses code string "1000000010"
    Info: State "|LCD1602|LCD_Driver:inst|state.WAIT" uses code string "0000000011"
Warning: Output pins are stuck at VCC or GND
    Warning (13410): Pin "lcd_rw" stuck at GND
Info: 9 registers lost all their fanouts during netlist optimizations. The first 9 are displayed below.
    Info: Register "LCD_Driver:inst|state~15" lost all its fanouts during netlist optimizations.
    Info: Register "LCD_Driver:inst|state~16" lost all its fanouts during netlist optimizations.
    Info: Register "LCD_Driver:inst|state~17" lost all its fanouts during netlist optimizations.
    Info: Register "LCD_Driver:inst|state~18" lost all its fanouts during netlist optimizations.
    Info: Register "LCD_Driver:inst|state~19" lost all its fanouts during netlist optimizations.
    Info: Register "LCD_Driver:inst|state~20" lost all its fanouts during netlist optimizations.
    Info: Register "LCD_Driver:inst|state~21" lost all its fanouts during netlist optimizations.
    Info: Register "LCD_Driver:inst|state~22" lost all its fanouts during netlist optimizations.
    Info: Register "LCD_Driver:inst|state~23" lost all its fanouts during netlist optimizations.
Info: Implemented 165 device resources after synthesis - the final resource count might be different
    Info: Implemented 2 input pins
    Info: Implemented 11 output pins
    Info: Implemented 152 logic cells
Info: Generated suppressed messages file D:/EPM240/EPM240_570_DVD/HDL Code/verilog/EX12/LCD1602_4/LCD1602.map.smsg
Info: Quartus II Analysis & Synthesis was successful. 0 errors, 5 warnings
    Info: Allocated 141 megabytes of memory during processing
    Info: Processing ended: Sun Nov 27 16:56:32 2011
    Info: Elapsed time: 00:00:03


+------------------------------------------+
; Analysis & Synthesis Suppressed Messages ;
+------------------------------------------+
The suppressed messages can be found in D:/EPM240/EPM240_570_DVD/HDL Code/verilog/EX12/LCD1602_4/LCD1602.map.smsg.


