Analysis & Synthesis report for seg7
Mon Aug 31 13:51:47 2009
Quartus II Version 9.0 Build 132 02/25/2009 SJ Full Version


---------------------
; Table of Contents ;
---------------------
  1. Legal Notice
  2. Analysis & Synthesis Summary
  3. Analysis & Synthesis Settings
  4. Analysis & Synthesis Source Files Read
  5. Analysis & Synthesis Resource Usage Summary
  6. Analysis & Synthesis Resource Utilization by Entity
  7. Registers Removed During Synthesis
  8. General Register Statistics
  9. Multiplexer Restructuring Statistics (Restructuring Performed)
 10. Parameter Settings for User Entity Instance: Top-level Entity: |seg7
 11. Analysis & Synthesis Messages



----------------
; Legal Notice ;
----------------
Copyright (C) 1991-2009 Altera Corporation
Your use of Altera Corporation's design tools, logic functions 
and other software and tools, and its AMPP partner logic 
functions, and any output files from any of the foregoing 
(including device programming or simulation files), and any 
associated documentation or information are expressly subject 
to the terms and conditions of the Altera Program License 
Subscription Agreement, Altera MegaCore Function License 
Agreement, or other applicable license agreement, including, 
without limitation, that your use is for the sole purpose of 
programming logic devices manufactured by Altera and sold by 
Altera or its authorized distributors.  Please refer to the 
applicable agreement for further details.



+------------------------------------------------------------------------+
; Analysis & Synthesis Summary                                           ;
+-----------------------------+------------------------------------------+
; Analysis & Synthesis Status ; Successful - Mon Aug 31 13:51:47 2009    ;
; Quartus II Version          ; 9.0 Build 132 02/25/2009 SJ Full Version ;
; Revision Name               ; seg7                                     ;
; Top-level Entity Name       ; seg7                                     ;
; Family                      ; Cyclone                                  ;
; Total logic elements        ; 110                                      ;
; Total pins                  ; 5                                        ;
; Total virtual pins          ; 0                                        ;
; Total memory bits           ; 0                                        ;
; Total PLLs                  ; 0                                        ;
+-----------------------------+------------------------------------------+


+----------------------------------------------------------------------------------------------------------+
; Analysis & Synthesis Settings                                                                            ;
+----------------------------------------------------------------+--------------------+--------------------+
; Option                                                         ; Setting            ; Default Value      ;
+----------------------------------------------------------------+--------------------+--------------------+
; Device                                                         ; EP1C3T144C8        ;                    ;
; Top-level entity name                                          ; seg7               ; seg7               ;
; Family name                                                    ; Cyclone            ; Stratix II         ;
; Type of Retiming Performed During Resynthesis                  ; Full               ;                    ;
; Resynthesis Optimization Effort                                ; Normal             ;                    ;
; Physical Synthesis Level for Resynthesis                       ; Normal             ;                    ;
; Use Generated Physical Constraints File                        ; On                 ;                    ;
; Use smart compilation                                          ; Off                ; Off                ;
; Restructure Multiplexers                                       ; Auto               ; Auto               ;
; Create Debugging Nodes for IP Cores                            ; Off                ; Off                ;
; Preserve fewer node names                                      ; On                 ; On                 ;
; Disable OpenCore Plus hardware evaluation                      ; Off                ; Off                ;
; Verilog Version                                                ; Verilog_2001       ; Verilog_2001       ;
; VHDL Version                                                   ; VHDL93             ; VHDL93             ;
; State Machine Processing                                       ; Auto               ; Auto               ;
; Safe State Machine                                             ; Off                ; Off                ;
; Extract Verilog State Machines                                 ; On                 ; On                 ;
; Extract VHDL State Machines                                    ; On                 ; On                 ;
; Ignore Verilog initial constructs                              ; Off                ; Off                ;
; Iteration limit for constant Verilog loops                     ; 5000               ; 5000               ;
; Iteration limit for non-constant Verilog loops                 ; 250                ; 250                ;
; Add Pass-Through Logic to Inferred RAMs                        ; On                 ; On                 ;
; Parallel Synthesis                                             ; Off                ; Off                ;
; NOT Gate Push-Back                                             ; On                 ; On                 ;
; Power-Up Don't Care                                            ; On                 ; On                 ;
; Remove Redundant Logic Cells                                   ; Off                ; Off                ;
; Remove Duplicate Registers                                     ; On                 ; On                 ;
; Ignore CARRY Buffers                                           ; Off                ; Off                ;
; Ignore CASCADE Buffers                                         ; Off                ; Off                ;
; Ignore GLOBAL Buffers                                          ; Off                ; Off                ;
; Ignore ROW GLOBAL Buffers                                      ; Off                ; Off                ;
; Ignore LCELL Buffers                                           ; Off                ; Off                ;
; Ignore SOFT Buffers                                            ; On                 ; On                 ;
; Limit AHDL Integers to 32 Bits                                 ; Off                ; Off                ;
; Optimization Technique                                         ; Balanced           ; Balanced           ;
; Carry Chain Length                                             ; 70                 ; 70                 ;
; Auto Carry Chains                                              ; On                 ; On                 ;
; Auto Open-Drain Pins                                           ; On                 ; On                 ;
; Perform WYSIWYG Primitive Resynthesis                          ; Off                ; Off                ;
; Auto ROM Replacement                                           ; On                 ; On                 ;
; Auto RAM Replacement                                           ; On                 ; On                 ;
; Auto Shift Register Replacement                                ; Auto               ; Auto               ;
; Auto Clock Enable Replacement                                  ; On                 ; On                 ;
; Strict RAM Replacement                                         ; Off                ; Off                ;
; Allow Synchronous Control Signals                              ; On                 ; On                 ;
; Force Use of Synchronous Clear Signals                         ; Off                ; Off                ;
; Auto RAM Block Balancing                                       ; On                 ; On                 ;
; Auto RAM to Logic Cell Conversion                              ; Off                ; Off                ;
; Auto Resource Sharing                                          ; Off                ; Off                ;
; Allow Any RAM Size For Recognition                             ; Off                ; Off                ;
; Allow Any ROM Size For Recognition                             ; Off                ; Off                ;
; Allow Any Shift Register Size For Recognition                  ; Off                ; Off                ;
; Use LogicLock Constraints during Resource Balancing            ; On                 ; On                 ;
; Ignore translate_off and synthesis_off directives              ; Off                ; Off                ;
; Show Parameter Settings Tables in Synthesis Report             ; On                 ; On                 ;
; Ignore Maximum Fan-Out Assignments                             ; Off                ; Off                ;
; Synchronization Register Chain Length                          ; 2                  ; 2                  ;
; PowerPlay Power Optimization                                   ; Normal compilation ; Normal compilation ;
; HDL message level                                              ; Level2             ; Level2             ;
; Suppress Register Optimization Related Messages                ; Off                ; Off                ;
; Number of Removed Registers Reported in Synthesis Report       ; 100                ; 100                ;
; Number of Inverted Registers Reported in Synthesis Report      ; 100                ; 100                ;
; Clock MUX Protection                                           ; On                 ; On                 ;
; Block Design Naming                                            ; Auto               ; Auto               ;
; Synthesis Effort                                               ; Auto               ; Auto               ;
; Allows Asynchronous Clear Usage For Shift Register Replacement ; On                 ; On                 ;
; Analysis & Synthesis Message Level                             ; Medium             ; Medium             ;
+----------------------------------------------------------------+--------------------+--------------------+


+----------------------------------------------------------------------------------------------------------------------------------------------+
; Analysis & Synthesis Source Files Read                                                                                                       ;
+----------------------------------+-----------------+------------------------+----------------------------------------------------------------+
; File Name with User-Entered Path ; Used in Netlist ; File Type              ; File Name with Absolute Path                                   ;
+----------------------------------+-----------------+------------------------+----------------------------------------------------------------+
; seg7.v                           ; yes             ; User Verilog HDL File  ; E:/xjwjj/SF-EP1CV3_ex/verilog_prj/ex2_seg7/seg7_verilog/seg7.v ;
+----------------------------------+-----------------+------------------------+----------------------------------------------------------------+


+-----------------------------------------------------+
; Analysis & Synthesis Resource Usage Summary         ;
+---------------------------------------------+-------+
; Resource                                    ; Usage ;
+---------------------------------------------+-------+
; Total logic elements                        ; 110   ;
;     -- Combinational with no register       ; 53    ;
;     -- Register only                        ; 7     ;
;     -- Combinational with a register        ; 50    ;
;                                             ;       ;
; Logic element usage by number of LUT inputs ;       ;
;     -- 4 input functions                    ; 37    ;
;     -- 3 input functions                    ; 3     ;
;     -- 2 input functions                    ; 62    ;
;     -- 1 input functions                    ; 1     ;
;     -- 0 input functions                    ; 0     ;
;                                             ;       ;
; Logic elements by mode                      ;       ;
;     -- normal mode                          ; 67    ;
;     -- arithmetic mode                      ; 43    ;
;     -- qfbk mode                            ; 0     ;
;     -- register cascade mode                ; 0     ;
;     -- synchronous clear/load mode          ; 0     ;
;     -- asynchronous clear/load mode         ; 57    ;
;                                             ;       ;
; Total registers                             ; 57    ;
; Total logic cells in carry chains           ; 46    ;
; I/O pins                                    ; 5     ;
; Maximum fan-out node                        ; clk   ;
; Maximum fan-out                             ; 57    ;
; Total fan-out                               ; 421   ;
; Average fan-out                             ; 3.66  ;
+---------------------------------------------+-------+


+-----------------------------------------------------------------------------------------------------------------------------------------------------------------------------------------------------------------------+
; Analysis & Synthesis Resource Utilization by Entity                                                                                                                                                                   ;
+----------------------------+-------------+--------------+-------------+------+--------------+--------------+-------------------+------------------+-----------------+------------+---------------------+--------------+
; Compilation Hierarchy Node ; Logic Cells ; LC Registers ; Memory Bits ; Pins ; Virtual Pins ; LUT-Only LCs ; Register-Only LCs ; LUT/Register LCs ; Carry Chain LCs ; Packed LCs ; Full Hierarchy Name ; Library Name ;
+----------------------------+-------------+--------------+-------------+------+--------------+--------------+-------------------+------------------+-----------------+------------+---------------------+--------------+
; |seg7                      ; 110 (110)   ; 57           ; 0           ; 5    ; 0            ; 53 (53)      ; 7 (7)             ; 50 (50)          ; 46 (46)         ; 0 (0)      ; |seg7               ; work         ;
+----------------------------+-------------+--------------+-------------+------+--------------+--------------+-------------------+------------------+-----------------+------------+---------------------+--------------+
Note: For table entries with two numbers listed, the numbers in parentheses indicate the number of resources of the given type used by the specific entity alone. The numbers listed outside of parentheses indicate the total resources of the given type used by the specific entity and all of its sub-entities in the hierarchy.


+---------------------------------------------------------------------------------+
; Registers Removed During Synthesis                                              ;
+----------------------------------------+----------------------------------------+
; Register name                          ; Reason for Removal                     ;
+----------------------------------------+----------------------------------------+
; seg_num[4..7]                          ; Stuck at GND due to stuck port data_in ;
; seg_duan[7]                            ; Stuck at GND due to stuck port data_in ;
; cnt_1s[0]                              ; Merged with cnt_4[0]                   ;
; cnt_1s[1]                              ; Merged with cnt_4[1]                   ;
; cnt_1s[2]                              ; Merged with cnt_4[2]                   ;
; cnt_1s[3]                              ; Merged with cnt_4[3]                   ;
; cnt_1s[4]                              ; Merged with cnt_4[4]                   ;
; cnt_1s[5]                              ; Merged with cnt_4[5]                   ;
; Total Number of Removed Registers = 11 ;                                        ;
+----------------------------------------+----------------------------------------+


+------------------------------------------------------+
; General Register Statistics                          ;
+----------------------------------------------+-------+
; Statistic                                    ; Value ;
+----------------------------------------------+-------+
; Total registers                              ; 57    ;
; Number of registers using Synchronous Clear  ; 0     ;
; Number of registers using Synchronous Load   ; 0     ;
; Number of registers using Asynchronous Clear ; 57    ;
; Number of registers using Asynchronous Load  ; 0     ;
; Number of registers using Clock Enable       ; 15    ;
; Number of registers using Preset             ; 0     ;
+----------------------------------------------+-------+


+------------------------------------------------------------------------------------------------------------------------------------------+
; Multiplexer Restructuring Statistics (Restructuring Performed)                                                                           ;
+--------------------+-----------+---------------+----------------------+------------------------+------------+----------------------------+
; Multiplexer Inputs ; Bus Width ; Baseline Area ; Area if Restructured ; Saving if Restructured ; Registered ; Example Multiplexer Output ;
+--------------------+-----------+---------------+----------------------+------------------------+------------+----------------------------+
; 4:1                ; 4 bits    ; 8 LEs         ; 8 LEs                ; 0 LEs                  ; Yes        ; |seg7|seg_num[0]           ;
+--------------------+-----------+---------------+----------------------+------------------------+------------+----------------------------+


+----------------------------------------------------------------------+
; Parameter Settings for User Entity Instance: Top-level Entity: |seg7 ;
+----------------+----------+------------------------------------------+
; Parameter Name ; Value    ; Type                                     ;
+----------------+----------+------------------------------------------+
; SEG_NUM0       ; 00111111 ; Unsigned Binary                          ;
; SEG_NUM1       ; 00000110 ; Unsigned Binary                          ;
; SEG_NUM2       ; 01011011 ; Unsigned Binary                          ;
; SEG_NUM3       ; 01001111 ; Unsigned Binary                          ;
; SEG_NUM4       ; 01100110 ; Unsigned Binary                          ;
; SEG_NUM5       ; 01101101 ; Unsigned Binary                          ;
; SEG_NUM6       ; 01111101 ; Unsigned Binary                          ;
; SEG_NUM7       ; 00000111 ; Unsigned Binary                          ;
; SEG_NUM8       ; 01111111 ; Unsigned Binary                          ;
; SEG_NUM9       ; 01101111 ; Unsigned Binary                          ;
; SEG_NUMA       ; 01110111 ; Unsigned Binary                          ;
; SEG_NUMB       ; 01111100 ; Unsigned Binary                          ;
; SEG_NUMC       ; 00111001 ; Unsigned Binary                          ;
; SEG_NUMD       ; 01011110 ; Unsigned Binary                          ;
; SEG_NUME       ; 01111001 ; Unsigned Binary                          ;
; SEG_NUMF       ; 01110001 ; Unsigned Binary                          ;
; SEG_WE0        ; 1110     ; Unsigned Binary                          ;
; SEG_WE1        ; 1101     ; Unsigned Binary                          ;
; SEG_WE2        ; 1011     ; Unsigned Binary                          ;
; SEG_WE3        ; 0111     ; Unsigned Binary                          ;
+----------------+----------+------------------------------------------+
Note: In order to hide this table in the UI and the text report file, please set the "Show Parameter Settings Tables in Synthesis Report" option in "Analysis and Synthesis Settings -> More Settings" to "Off".


+-------------------------------+
; Analysis & Synthesis Messages ;
+-------------------------------+
Info: *******************************************************************
Info: Running Quartus II Analysis & Synthesis
    Info: Version 9.0 Build 132 02/25/2009 SJ Full Version
    Info: Processing started: Mon Aug 31 13:51:43 2009
Info: Command: quartus_map --read_settings_files=on --write_settings_files=off seg7 -c seg7
Info: Found 1 design units, including 1 entities, in source file seg7.v
    Info: Found entity 1: seg7
Info: Elaborating entity "seg7" for the top level hierarchy
Info: Implemented 115 device resources after synthesis - the final resource count might be different
    Info: Implemented 2 input pins
    Info: Implemented 3 output pins
    Info: Implemented 110 logic cells
Info: Quartus II Analysis & Synthesis was successful. 0 errors, 0 warnings
    Info: Peak virtual memory: 175 megabytes
    Info: Processing ended: Mon Aug 31 13:51:48 2009
    Info: Elapsed time: 00:00:05
    Info: Total CPU time (on all processors): 00:00:02


