Flow report for seg7
Mon Aug 31 13:52:09 2009
Quartus II Version 9.0 Build 132 02/25/2009 SJ Full Version


---------------------
; Table of Contents ;
---------------------
  1. Legal Notice
  2. Flow Summary
  3. Flow Settings
  4. Flow Non-Default Global Settings
  5. Flow Elapsed Time
  6. Flow OS Summary
  7. Flow Log



----------------
; Legal Notice ;
----------------
Copyright (C) 1991-2009 Altera Corporation
Your use of Altera Corporation's design tools, logic functions 
and other software and tools, and its AMPP partner logic 
functions, and any output files from any of the foregoing 
(including device programming or simulation files), and any 
associated documentation or information are expressly subject 
to the terms and conditions of the Altera Program License 
Subscription Agreement, Altera MegaCore Function License 
Agreement, or other applicable license agreement, including, 
without limitation, that your use is for the sole purpose of 
programming logic devices manufactured by Altera and sold by 
Altera or its authorized distributors.  Please refer to the 
applicable agreement for further details.



+--------------------------------------------------------------------+
; Flow Summary                                                       ;
+-------------------------+------------------------------------------+
; Flow Status             ; Successful - Mon Aug 31 13:52:09 2009    ;
; Quartus II Version      ; 9.0 Build 132 02/25/2009 SJ Full Version ;
; Revision Name           ; seg7                                     ;
; Top-level Entity Name   ; seg7                                     ;
; Family                  ; Cyclone                                  ;
; Device                  ; EP1C3T144C8                              ;
; Timing Models           ; Final                                    ;
; Met timing requirements ; N/A                                      ;
; Total logic elements    ; 107 / 2,910 ( 4 % )                      ;
; Total pins              ; 5 / 104 ( 5 % )                          ;
; Total virtual pins      ; 0                                        ;
; Total memory bits       ; 0 / 59,904 ( 0 % )                       ;
; Total PLLs              ; 0 / 1 ( 0 % )                            ;
+-------------------------+------------------------------------------+


+-----------------------------------------+
; Flow Settings                           ;
+-------------------+---------------------+
; Option            ; Setting             ;
+-------------------+---------------------+
; Start date & time ; 08/31/2009 13:51:44 ;
; Main task         ; Compilation         ;
; Revision Name     ; seg7                ;
+-------------------+---------------------+


+------------------------------------------------------------------------------------------------------------------------------------------------------------+
; Flow Non-Default Global Settings                                                                                                                           ;
+------------------------------------+------------------------------------------------------------------------+---------------+-------------+----------------+
; Assignment Name                    ; Value                                                                  ; Default Value ; Entity Name ; Section Id     ;
+------------------------------------+------------------------------------------------------------------------+---------------+-------------+----------------+
; COMPILER_SIGNATURE_ID              ; 133845674237.125169790400868                                           ; --            ; --          ; --             ;
; EDA_OUTPUT_DATA_FORMAT             ; Verilog                                                                ; --            ; --          ; eda_simulation ;
; EDA_SIMULATION_TOOL                ; ModelSim (Verilog)                                                     ; <None>        ; --          ; --             ;
; EDA_TIME_SCALE                     ; 1 ps                                                                   ; --            ; --          ; eda_simulation ;
; MAX_CORE_JUNCTION_TEMP             ; 85                                                                     ; --            ; --          ; --             ;
; MIN_CORE_JUNCTION_TEMP             ; 0                                                                      ; --            ; --          ; --             ;
; MISC_FILE                          ; E:/Personal/EP1C3T144_board/cyclone_prj/ex3_seg7/seg7_verilog/seg7.dpf ; --            ; --          ; --             ;
; PARTITION_COLOR                    ; 16764057                                                               ; --            ; --          ; Top            ;
; PARTITION_NETLIST_TYPE             ; SOURCE                                                                 ; --            ; --          ; Top            ;
; USE_GENERATED_PHYSICAL_CONSTRAINTS ; Off                                                                    ; --            ; --          ; eda_blast_fpga ;
; USE_TIMEQUEST_TIMING_ANALYZER      ; On                                                                     ; Off           ; --          ; --             ;
+------------------------------------+------------------------------------------------------------------------+---------------+-------------+----------------+


+-------------------------------------------------------------------------------------------------------------------------------+
; Flow Elapsed Time                                                                                                             ;
+---------------------------+--------------+-------------------------+---------------------+------------------------------------+
; Module Name               ; Elapsed Time ; Average Processors Used ; Peak Virtual Memory ; Total CPU Time (on all processors) ;
+---------------------------+--------------+-------------------------+---------------------+------------------------------------+
; Analysis & Synthesis      ; 00:00:04     ; 1.0                     ; 175 MB              ; 00:00:02                           ;
; Fitter                    ; 00:00:05     ; 1.0                     ; 204 MB              ; 00:00:03                           ;
; Assembler                 ; 00:00:04     ; 1.0                     ; 140 MB              ; 00:00:03                           ;
; TimeQuest Timing Analyzer ; 00:00:02     ; 1.0                     ; 138 MB              ; 00:00:01                           ;
; EDA Netlist Writer        ; 00:00:01     ; 1.0                     ; 123 MB              ; 00:00:01                           ;
; Total                     ; 00:00:16     ; --                      ; --                  ; 00:00:10                           ;
+---------------------------+--------------+-------------------------+---------------------+------------------------------------+


+-----------------------------------------------------------------------------------------+
; Flow OS Summary                                                                         ;
+---------------------------+------------------+------------+------------+----------------+
; Module Name               ; Machine Hostname ; OS Name    ; OS Version ; Processor type ;
+---------------------------+------------------+------------+------------+----------------+
; Analysis & Synthesis      ; e227072982a2428  ; Windows XP ; 5.1        ; i686           ;
; Fitter                    ; e227072982a2428  ; Windows XP ; 5.1        ; i686           ;
; Assembler                 ; e227072982a2428  ; Windows XP ; 5.1        ; i686           ;
; TimeQuest Timing Analyzer ; e227072982a2428  ; Windows XP ; 5.1        ; i686           ;
; EDA Netlist Writer        ; e227072982a2428  ; Windows XP ; 5.1        ; i686           ;
+---------------------------+------------------+------------+------------+----------------+


------------
; Flow Log ;
------------
quartus_map --read_settings_files=on --write_settings_files=off seg7 -c seg7
quartus_fit --read_settings_files=off --write_settings_files=off seg7 -c seg7
quartus_asm --read_settings_files=off --write_settings_files=off seg7 -c seg7
quartus_sta seg7 -c seg7
quartus_eda --read_settings_files=off --write_settings_files=off seg7 -c seg7



