Flow report for iic_top
Tue Aug 04 21:28:19 2009
Quartus II Version 9.0 Build 132 02/25/2009 SJ Full Version


---------------------
; Table of Contents ;
---------------------
  1. Legal Notice
  2. Flow Summary
  3. Flow Settings
  4. Flow Non-Default Global Settings
  5. Flow Elapsed Time
  6. Flow OS Summary
  7. Flow Log



----------------
; Legal Notice ;
----------------
Copyright (C) 1991-2009 Altera Corporation
Your use of Altera Corporation's design tools, logic functions 
and other software and tools, and its AMPP partner logic 
functions, and any output files from any of the foregoing 
(including device programming or simulation files), and any 
associated documentation or information are expressly subject 
to the terms and conditions of the Altera Program License 
Subscription Agreement, Altera MegaCore Function License 
Agreement, or other applicable license agreement, including, 
without limitation, that your use is for the sole purpose of 
programming logic devices manufactured by Altera and sold by 
Altera or its authorized distributors.  Please refer to the 
applicable agreement for further details.



+--------------------------------------------------------------------+
; Flow Summary                                                       ;
+-------------------------+------------------------------------------+
; Flow Status             ; Successful - Tue Aug 04 21:28:19 2009    ;
; Quartus II Version      ; 9.0 Build 132 02/25/2009 SJ Full Version ;
; Revision Name           ; iic_top                                  ;
; Top-level Entity Name   ; iic_top                                  ;
; Family                  ; MAX II                                   ;
; Device                  ; EPM240T100C5                             ;
; Timing Models           ; Final                                    ;
; Met timing requirements ; Yes                                      ;
; Total logic elements    ; 158 / 240 ( 66 % )                       ;
; Total pins              ; 15 / 80 ( 19 % )                         ;
; Total virtual pins      ; 0                                        ;
; UFM blocks              ; 0 / 1 ( 0 % )                            ;
+-------------------------+------------------------------------------+


+-----------------------------------------+
; Flow Settings                           ;
+-------------------+---------------------+
; Option            ; Setting             ;
+-------------------+---------------------+
; Start date & time ; 08/04/2009 21:27:52 ;
; Main task         ; Compilation         ;
; Revision Name     ; iic_top             ;
+-------------------+---------------------+


+----------------------------------------------------------------------------------------------------------------------------------------------------------------+
; Flow Non-Default Global Settings                                                                                                                               ;
+-----------------------+---------------------------------------------------------------------------------------------+---------------+-------------+------------+
; Assignment Name       ; Value                                                                                       ; Default Value ; Entity Name ; Section Id ;
+-----------------------+---------------------------------------------------------------------------------------------+---------------+-------------+------------+
; COMPILER_SIGNATURE_ID ; 126665487391.124939247105260                                                                ; --            ; --          ; --         ;
; MISC_FILE             ; C:/franchiese/GR/BJ-EPM/实验例程以及说明文档0316/10、IIC通信实验/verilogiic1121/iic_top.dpf ; --            ; --          ; --         ;
+-----------------------+---------------------------------------------------------------------------------------------+---------------+-------------+------------+


+-----------------------------------------------------------------------------------------------------------------------------+
; Flow Elapsed Time                                                                                                           ;
+-------------------------+--------------+-------------------------+---------------------+------------------------------------+
; Module Name             ; Elapsed Time ; Average Processors Used ; Peak Virtual Memory ; Total CPU Time (on all processors) ;
+-------------------------+--------------+-------------------------+---------------------+------------------------------------+
; Analysis & Synthesis    ; 00:00:06     ; 1.0                     ; 174 MB              ; 00:00:04                           ;
; Fitter                  ; 00:00:06     ; 1.0                     ; 183 MB              ; 00:00:03                           ;
; Assembler               ; 00:00:06     ; 1.0                     ; 136 MB              ; 00:00:05                           ;
; Classic Timing Analyzer ; 00:00:02     ; 1.0                     ; 123 MB              ; 00:00:02                           ;
; Total                   ; 00:00:20     ; --                      ; --                  ; 00:00:14                           ;
+-------------------------+--------------+-------------------------+---------------------+------------------------------------+


+---------------------------------------------------------------------------------------+
; Flow OS Summary                                                                       ;
+-------------------------+------------------+------------+------------+----------------+
; Module Name             ; Machine Hostname ; OS Name    ; OS Version ; Processor type ;
+-------------------------+------------------+------------+------------+----------------+
; Analysis & Synthesis    ; 1ac3b3f00b504bb  ; Windows XP ; 5.1        ; i686           ;
; Fitter                  ; 1ac3b3f00b504bb  ; Windows XP ; 5.1        ; i686           ;
; Assembler               ; 1ac3b3f00b504bb  ; Windows XP ; 5.1        ; i686           ;
; Classic Timing Analyzer ; 1ac3b3f00b504bb  ; Windows XP ; 5.1        ; i686           ;
+-------------------------+------------------+------------+------------+----------------+


------------
; Flow Log ;
------------
quartus_map --read_settings_files=on --write_settings_files=off iic_top -c iic_top
quartus_fit --read_settings_files=off --write_settings_files=off iic_top -c iic_top
quartus_asm --read_settings_files=off --write_settings_files=off iic_top -c iic_top
quartus_tan --read_settings_files=off --write_settings_files=off iic_top -c iic_top



