Flow report for led_seg7
Mon Mar 23 21:16:28 2009
Quartus II Version 8.1 Build 163 10/28/2008 SJ Full Version


---------------------
; Table of Contents ;
---------------------
  1. Legal Notice
  2. Flow Summary
  3. Flow Settings
  4. Flow Non-Default Global Settings
  5. Flow Elapsed Time
  6. Flow OS Summary
  7. Flow Log



----------------
; Legal Notice ;
----------------
Copyright (C) 1991-2008 Altera Corporation
Your use of Altera Corporation's design tools, logic functions 
and other software and tools, and its AMPP partner logic 
functions, and any output files from any of the foregoing 
(including device programming or simulation files), and any 
associated documentation or information are expressly subject 
to the terms and conditions of the Altera Program License 
Subscription Agreement, Altera MegaCore Function License 
Agreement, or other applicable license agreement, including, 
without limitation, that your use is for the sole purpose of 
programming logic devices manufactured by Altera and sold by 
Altera or its authorized distributors.  Please refer to the 
applicable agreement for further details.



+--------------------------------------------------------------------+
; Flow Summary                                                       ;
+-------------------------+------------------------------------------+
; Flow Status             ; Successful - Mon Mar 23 21:16:28 2009    ;
; Quartus II Version      ; 8.1 Build 163 10/28/2008 SJ Full Version ;
; Revision Name           ; led_seg7                                 ;
; Top-level Entity Name   ; led_seg7                                 ;
; Family                  ; MAX II                                   ;
; Device                  ; EPM240T100C5                             ;
; Timing Models           ; Final                                    ;
; Met timing requirements ; Yes                                      ;
; Total logic elements    ; 45 / 240 ( 19 % )                        ;
; Total pins              ; 11 / 80 ( 14 % )                         ;
; Total virtual pins      ; 0                                        ;
; UFM blocks              ; 0 / 1 ( 0 % )                            ;
+-------------------------+------------------------------------------+


+-----------------------------------------+
; Flow Settings                           ;
+-------------------+---------------------+
; Option            ; Setting             ;
+-------------------+---------------------+
; Start date & time ; 03/23/2009 21:16:19 ;
; Main task         ; Compilation         ;
; Revision Name     ; led_seg7            ;
+-------------------+---------------------+


+------------------------------------------------------------------------------------------------------------------------------------------------------------+
; Flow Non-Default Global Settings                                                                                                                           ;
+-----------------------+-----------------------------------------------------------------------------------------+---------------+-------------+------------+
; Assignment Name       ; Value                                                                                   ; Default Value ; Entity Name ; Section Id ;
+-----------------------+-----------------------------------------------------------------------------------------+---------------+-------------+------------+
; COMPILER_SIGNATURE_ID ; 126665487391.123781417903284                                                            ; --            ; --          ; --         ;
; MISC_FILE             ; C:/franchiese/GR/BJ-EPM/实验例程以及说明文档0316/4、数码管显示/verilogled7/led_seg7.dpf ; --            ; --          ; --         ;
+-----------------------+-----------------------------------------------------------------------------------------+---------------+-------------+------------+


+-----------------------------------------------------------------------------------------------------------------------------+
; Flow Elapsed Time                                                                                                           ;
+-------------------------+--------------+-------------------------+---------------------+------------------------------------+
; Module Name             ; Elapsed Time ; Average Processors Used ; Peak Virtual Memory ; Total CPU Time (on all processors) ;
+-------------------------+--------------+-------------------------+---------------------+------------------------------------+
; Analysis & Synthesis    ; 00:00:03     ; 1.0                     ; 163 MB              ; 00:00:02                           ;
; Fitter                  ; 00:00:02     ; 1.0                     ; 167 MB              ; 00:00:02                           ;
; Assembler               ; 00:00:01     ; 1.0                     ; 128 MB              ; 00:00:01                           ;
; Classic Timing Analyzer ; 00:00:01     ; 1.0                     ; 114 MB              ; 00:00:01                           ;
; Total                   ; 00:00:07     ; --                      ; --                  ; 00:00:06                           ;
+-------------------------+--------------+-------------------------+---------------------+------------------------------------+


+---------------------------------------------------------------------------------------+
; Flow OS Summary                                                                       ;
+-------------------------+------------------+------------+------------+----------------+
; Module Name             ; Machine Hostname ; OS Name    ; OS Version ; Processor type ;
+-------------------------+------------------+------------+------------+----------------+
; Analysis & Synthesis    ; 503b5ae675e24f0  ; Windows XP ; 5.1        ; i686           ;
; Fitter                  ; 503b5ae675e24f0  ; Windows XP ; 5.1        ; i686           ;
; Assembler               ; 503b5ae675e24f0  ; Windows XP ; 5.1        ; i686           ;
; Classic Timing Analyzer ; 503b5ae675e24f0  ; Windows XP ; 5.1        ; i686           ;
+-------------------------+------------------+------------+------------+----------------+


------------
; Flow Log ;
------------
quartus_map --read_settings_files=on --write_settings_files=off led_seg7 -c led_seg7
quartus_fit --read_settings_files=off --write_settings_files=off led_seg7 -c led_seg7
quartus_asm --read_settings_files=off --write_settings_files=off led_seg7 -c led_seg7
quartus_tan --read_settings_files=off --write_settings_files=off led_seg7 -c led_seg7



