Analysis & Synthesis report for led_seg7
Mon Mar 23 21:16:21 2009
Quartus II Version 8.1 Build 163 10/28/2008 SJ Full Version


---------------------
; Table of Contents ;
---------------------
  1. Legal Notice
  2. Analysis & Synthesis Summary
  3. Analysis & Synthesis Settings
  4. Analysis & Synthesis Source Files Read
  5. Analysis & Synthesis Resource Usage Summary
  6. Analysis & Synthesis Resource Utilization by Entity
  7. General Register Statistics
  8. Parameter Settings for User Entity Instance: Top-level Entity: |led_seg7
  9. Analysis & Synthesis Messages



----------------
; Legal Notice ;
----------------
Copyright (C) 1991-2008 Altera Corporation
Your use of Altera Corporation's design tools, logic functions 
and other software and tools, and its AMPP partner logic 
functions, and any output files from any of the foregoing 
(including device programming or simulation files), and any 
associated documentation or information are expressly subject 
to the terms and conditions of the Altera Program License 
Subscription Agreement, Altera MegaCore Function License 
Agreement, or other applicable license agreement, including, 
without limitation, that your use is for the sole purpose of 
programming logic devices manufactured by Altera and sold by 
Altera or its authorized distributors.  Please refer to the 
applicable agreement for further details.



+------------------------------------------------------------------------+
; Analysis & Synthesis Summary                                           ;
+-----------------------------+------------------------------------------+
; Analysis & Synthesis Status ; Successful - Mon Mar 23 21:16:21 2009    ;
; Quartus II Version          ; 8.1 Build 163 10/28/2008 SJ Full Version ;
; Revision Name               ; led_seg7                                 ;
; Top-level Entity Name       ; led_seg7                                 ;
; Family                      ; MAX II                                   ;
; Total logic elements        ; 45                                       ;
; Total pins                  ; 11                                       ;
; Total virtual pins          ; 0                                        ;
; UFM blocks                  ; 0 / 1 ( 0 % )                            ;
+-----------------------------+------------------------------------------+


+----------------------------------------------------------------------------------------------------------+
; Analysis & Synthesis Settings                                                                            ;
+----------------------------------------------------------------+--------------------+--------------------+
; Option                                                         ; Setting            ; Default Value      ;
+----------------------------------------------------------------+--------------------+--------------------+
; Device                                                         ; EPM240T100C5       ;                    ;
; Top-level entity name                                          ; led_seg7           ; led_seg7           ;
; Family name                                                    ; MAX II             ; Stratix            ;
; Use smart compilation                                          ; Off                ; Off                ;
; Restructure Multiplexers                                       ; Auto               ; Auto               ;
; Create Debugging Nodes for IP Cores                            ; Off                ; Off                ;
; Preserve fewer node names                                      ; On                 ; On                 ;
; Disable OpenCore Plus hardware evaluation                      ; Off                ; Off                ;
; Verilog Version                                                ; Verilog_2001       ; Verilog_2001       ;
; VHDL Version                                                   ; VHDL93             ; VHDL93             ;
; State Machine Processing                                       ; Auto               ; Auto               ;
; Safe State Machine                                             ; Off                ; Off                ;
; Extract Verilog State Machines                                 ; On                 ; On                 ;
; Extract VHDL State Machines                                    ; On                 ; On                 ;
; Ignore Verilog initial constructs                              ; Off                ; Off                ;
; Iteration limit for constant Verilog loops                     ; 5000               ; 5000               ;
; Iteration limit for non-constant Verilog loops                 ; 250                ; 250                ;
; Add Pass-Through Logic to Inferred RAMs                        ; On                 ; On                 ;
; Parallel Synthesis                                             ; Off                ; Off                ;
; NOT Gate Push-Back                                             ; On                 ; On                 ;
; Power-Up Don't Care                                            ; On                 ; On                 ;
; Remove Redundant Logic Cells                                   ; Off                ; Off                ;
; Remove Duplicate Registers                                     ; On                 ; On                 ;
; Ignore CARRY Buffers                                           ; Off                ; Off                ;
; Ignore CASCADE Buffers                                         ; Off                ; Off                ;
; Ignore GLOBAL Buffers                                          ; Off                ; Off                ;
; Ignore ROW GLOBAL Buffers                                      ; Off                ; Off                ;
; Ignore LCELL Buffers                                           ; Off                ; Off                ;
; Ignore SOFT Buffers                                            ; On                 ; On                 ;
; Limit AHDL Integers to 32 Bits                                 ; Off                ; Off                ;
; Optimization Technique                                         ; Balanced           ; Balanced           ;
; Carry Chain Length                                             ; 70                 ; 70                 ;
; Auto Carry Chains                                              ; On                 ; On                 ;
; Auto Open-Drain Pins                                           ; On                 ; On                 ;
; Perform WYSIWYG Primitive Resynthesis                          ; Off                ; Off                ;
; Perform gate-level register retiming                           ; Off                ; Off                ;
; Allow register retiming to trade off Tsu/Tco with Fmax         ; On                 ; On                 ;
; Auto Shift Register Replacement                                ; Auto               ; Auto               ;
; Auto Clock Enable Replacement                                  ; On                 ; On                 ;
; Allow Synchronous Control Signals                              ; On                 ; On                 ;
; Force Use of Synchronous Clear Signals                         ; Off                ; Off                ;
; Auto Resource Sharing                                          ; Off                ; Off                ;
; Use LogicLock Constraints during Resource Balancing            ; On                 ; On                 ;
; Ignore translate_off and synthesis_off directives              ; Off                ; Off                ;
; Show Parameter Settings Tables in Synthesis Report             ; On                 ; On                 ;
; Ignore Maximum Fan-Out Assignments                             ; Off                ; Off                ;
; Synchronization Register Chain Length                          ; 2                  ; 2                  ;
; PowerPlay Power Optimization                                   ; Normal compilation ; Normal compilation ;
; HDL message level                                              ; Level2             ; Level2             ;
; Suppress Register Optimization Related Messages                ; Off                ; Off                ;
; Number of Removed Registers Reported in Synthesis Report       ; 100                ; 100                ;
; Number of Inverted Registers Reported in Synthesis Report      ; 100                ; 100                ;
; Clock MUX Protection                                           ; On                 ; On                 ;
; Block Design Naming                                            ; Auto               ; Auto               ;
; Synthesis Effort                                               ; Auto               ; Auto               ;
; Allows Asynchronous Clear Usage For Shift Register Replacement ; On                 ; On                 ;
; Analysis & Synthesis Message Level                             ; Medium             ; Medium             ;
+----------------------------------------------------------------+--------------------+--------------------+


+---------------------------------------------------------------------------------------------------------------------------------------------------------------------------------------------------------------+
; Analysis & Synthesis Source Files Read                                                                                                                                                                        ;
+----------------------------------+-----------------+------------------------+---------------------------------------------------------------------------------------------------------------------------------+
; File Name with User-Entered Path ; Used in Netlist ; File Type              ; File Name with Absolute Path                                                                                                    ;
+----------------------------------+-----------------+------------------------+---------------------------------------------------------------------------------------------------------------------------------+
; led_seg7.v                       ; yes             ; User Verilog HDL File  ; E:/Personal/BJ-EPM240学习板/BJ-EPM240V2 学习板刻盘资料/BJ-EPM240V2实验例程以及说明文档0318/4、数码管显示/verilogled7/led_seg7.v ;
+----------------------------------+-----------------+------------------------+---------------------------------------------------------------------------------------------------------------------------------+


+-----------------------------------------------------+
; Analysis & Synthesis Resource Usage Summary         ;
+---------------------------------------------+-------+
; Resource                                    ; Usage ;
+---------------------------------------------+-------+
; Total logic elements                        ; 45    ;
;     -- Combinational with no register       ; 16    ;
;     -- Register only                        ; 0     ;
;     -- Combinational with a register        ; 29    ;
;                                             ;       ;
; Logic element usage by number of LUT inputs ;       ;
;     -- 4 input functions                    ; 17    ;
;     -- 3 input functions                    ; 1     ;
;     -- 2 input functions                    ; 26    ;
;     -- 1 input functions                    ; 1     ;
;     -- 0 input functions                    ; 0     ;
;                                             ;       ;
; Logic elements by mode                      ;       ;
;     -- normal mode                          ; 22    ;
;     -- arithmetic mode                      ; 23    ;
;     -- qfbk mode                            ; 0     ;
;     -- register cascade mode                ; 0     ;
;     -- synchronous clear/load mode          ; 0     ;
;     -- asynchronous clear/load mode         ; 29    ;
;                                             ;       ;
; Total registers                             ; 29    ;
; Total logic cells in carry chains           ; 24    ;
; I/O pins                                    ; 11    ;
; Maximum fan-out node                        ; clk   ;
; Maximum fan-out                             ; 29    ;
; Total fan-out                               ; 189   ;
; Average fan-out                             ; 3.38  ;
+---------------------------------------------+-------+


+----------------------------------------------------------------------------------------------------------------------------------------------------------------------------------------------------------------------+
; Analysis & Synthesis Resource Utilization by Entity                                                                                                                                                                  ;
+----------------------------+-------------+--------------+------------+------+--------------+--------------+-------------------+------------------+-----------------+------------+---------------------+--------------+
; Compilation Hierarchy Node ; Logic Cells ; LC Registers ; UFM Blocks ; Pins ; Virtual Pins ; LUT-Only LCs ; Register-Only LCs ; LUT/Register LCs ; Carry Chain LCs ; Packed LCs ; Full Hierarchy Name ; Library Name ;
+----------------------------+-------------+--------------+------------+------+--------------+--------------+-------------------+------------------+-----------------+------------+---------------------+--------------+
; |led_seg7                  ; 45 (45)     ; 29           ; 0          ; 11   ; 0            ; 16 (16)      ; 0 (0)             ; 29 (29)          ; 24 (24)         ; 0 (0)      ; |led_seg7           ; work         ;
+----------------------------+-------------+--------------+------------+------+--------------+--------------+-------------------+------------------+-----------------+------------+---------------------+--------------+
Note: For table entries with two numbers listed, the numbers in parentheses indicate the number of resources of the given type used by the specific entity alone. The numbers listed outside of parentheses indicate the total resources of the given type used by the specific entity and all of its sub-entities in the hierarchy.


+------------------------------------------------------+
; General Register Statistics                          ;
+----------------------------------------------+-------+
; Statistic                                    ; Value ;
+----------------------------------------------+-------+
; Total registers                              ; 29    ;
; Number of registers using Synchronous Clear  ; 0     ;
; Number of registers using Synchronous Load   ; 0     ;
; Number of registers using Asynchronous Clear ; 29    ;
; Number of registers using Asynchronous Load  ; 0     ;
; Number of registers using Clock Enable       ; 0     ;
; Number of registers using Preset             ; 0     ;
+----------------------------------------------+-------+


+--------------------------------------------------------------------------+
; Parameter Settings for User Entity Instance: Top-level Entity: |led_seg7 ;
+----------------+---------+-----------------------------------------------+
; Parameter Name ; Value   ; Type                                          ;
+----------------+---------+-----------------------------------------------+
; seg0           ; 0111111 ; Unsigned Binary                               ;
; seg1           ; 0000110 ; Unsigned Binary                               ;
; seg2           ; 1011011 ; Unsigned Binary                               ;
; seg3           ; 1001111 ; Unsigned Binary                               ;
; seg4           ; 1100110 ; Unsigned Binary                               ;
; seg5           ; 1101101 ; Unsigned Binary                               ;
; seg6           ; 1111101 ; Unsigned Binary                               ;
; seg7           ; 0000111 ; Unsigned Binary                               ;
; seg8           ; 1111111 ; Unsigned Binary                               ;
; seg9           ; 1101111 ; Unsigned Binary                               ;
; sega           ; 1110111 ; Unsigned Binary                               ;
; segb           ; 1111100 ; Unsigned Binary                               ;
; segc           ; 0111001 ; Unsigned Binary                               ;
; segd           ; 1011110 ; Unsigned Binary                               ;
; sege           ; 1111001 ; Unsigned Binary                               ;
; segf           ; 1110001 ; Unsigned Binary                               ;
+----------------+---------+-----------------------------------------------+
Note: In order to hide this table in the UI and the text report file, please set the "Show Parameter Settings Tables in Synthesis Report" option in "Analysis and Synthesis Settings -> More Settings" to "Off".


+-------------------------------+
; Analysis & Synthesis Messages ;
+-------------------------------+
Info: *******************************************************************
Info: Running Quartus II Analysis & Synthesis
    Info: Version 8.1 Build 163 10/28/2008 SJ Full Version
    Info: Processing started: Mon Mar 23 21:16:18 2009
Info: Command: quartus_map --read_settings_files=on --write_settings_files=off led_seg7 -c led_seg7
Info: Found 1 design units, including 1 entities, in source file led_seg7.v
    Info: Found entity 1: led_seg7
Info: Elaborating entity "led_seg7" for the top level hierarchy
Warning: Output pins are stuck at VCC or GND
    Warning (13410): Pin "sm_cs1_n" is stuck at GND
    Warning (13410): Pin "sm_cs2_n" is stuck at GND
Info: Implemented 56 device resources after synthesis - the final resource count might be different
    Info: Implemented 2 input pins
    Info: Implemented 9 output pins
    Info: Implemented 45 logic cells
Info: Quartus II Analysis & Synthesis was successful. 0 errors, 3 warnings
    Info: Peak virtual memory: 163 megabytes
    Info: Processing ended: Mon Mar 23 21:16:21 2009
    Info: Elapsed time: 00:00:03
    Info: Total CPU time (on all processors): 00:00:02


