Assembler report for AD_TLC549
Thu Oct 04 18:35:05 2012
Quartus II Version 11.0 Build 157 04/27/2011 SJ Full Version


---------------------
; Table of Contents ;
---------------------
  1. Legal Notice
  2. Assembler Summary
  3. Assembler Settings
  4. Assembler Encrypted IP Cores Summary
  5. Assembler Generated Files
  6. Assembler Device Options: D:/2.8/AD_TLC549/AD_TLC549.sof
  7. Assembler Device Options: D:/2.8/AD_TLC549/AD_TLC549.pof
  8. Assembler Messages



----------------
; Legal Notice ;
----------------
Copyright (C) 1991-2011 Altera Corporation
Your use of Altera Corporation's design tools, logic functions 
and other software and tools, and its AMPP partner logic 
functions, and any output files from any of the foregoing 
(including device programming or simulation files), and any 
associated documentation or information are expressly subject 
to the terms and conditions of the Altera Program License 
Subscription Agreement, Altera MegaCore Function License 
Agreement, or other applicable license agreement, including, 
without limitation, that your use is for the sole purpose of 
programming logic devices manufactured by Altera and sold by 
Altera or its authorized distributors.  Please refer to the 
applicable agreement for further details.



+---------------------------------------------------------------+
; Assembler Summary                                             ;
+-----------------------+---------------------------------------+
; Assembler Status      ; Successful - Thu Oct 04 18:35:05 2012 ;
; Revision Name         ; AD_TLC549                             ;
; Top-level Entity Name ; AD_TLC549                             ;
; Family                ; Cyclone II                            ;
; Device                ; EP2C8Q208C8                           ;
+-----------------------+---------------------------------------+


+--------------------------------------------------------------------------------------------------------+
; Assembler Settings                                                                                     ;
+-----------------------------------------------------------------------------+----------+---------------+
; Option                                                                      ; Setting  ; Default Value ;
+-----------------------------------------------------------------------------+----------+---------------+
; Use smart compilation                                                       ; Off      ; Off           ;
; Enable parallel Assembler and TimeQuest Timing Analyzer during compilation  ; On       ; On            ;
; Enable compact report table                                                 ; Off      ; Off           ;
; Generate compressed bitstreams                                              ; On       ; On            ;
; Compression mode                                                            ; Off      ; Off           ;
; Clock source for configuration device                                       ; Internal ; Internal      ;
; Clock frequency of the configuration device                                 ; 10 MHZ   ; 10 MHz        ;
; Divide clock frequency by                                                   ; 1        ; 1             ;
; Auto user code                                                              ; Off      ; Off           ;
; Use configuration device                                                    ; On       ; On            ;
; Configuration device                                                        ; Auto     ; Auto          ;
; Configuration device auto user code                                         ; Off      ; Off           ;
; Generate Tabular Text File (.ttf) For Target Device                         ; Off      ; Off           ;
; Generate Raw Binary File (.rbf) For Target Device                           ; Off      ; Off           ;
; Generate Hexadecimal (Intel-Format) Output File (.hexout) for Target Device ; Off      ; Off           ;
; Hexadecimal Output File start address                                       ; 0        ; 0             ;
; Hexadecimal Output File count direction                                     ; Up       ; Up            ;
; Release clears before tri-states                                            ; Off      ; Off           ;
; Auto-restart configuration after error                                      ; On       ; On            ;
; Maintain Compatibility with All Cyclone II M4K Versions                     ; On       ; On            ;
; Generate Serial Vector Format File (.svf) for Target Device                 ; Off      ; Off           ;
; Generate a JEDEC STAPL Format File (.jam) for Target Device                 ; Off      ; Off           ;
; Generate a compressed Jam STAPL Byte Code 2.0 File (.jbc) for Target Device ; Off      ; Off           ;
; Generate a compressed Jam STAPL Byte Code 2.0 File (.jbc) for Target Device ; On       ; On            ;
+-----------------------------------------------------------------------------+----------+---------------+


+------------------------------------------------+
; Assembler Encrypted IP Cores Summary           ;
+--------+------------------------+--------------+
; Vendor ; IP Core Name           ; License Type ;
+--------+------------------------+--------------+
; Altera ; Signal Tap (6AF7 BCE1) ; Licensed     ;
; Altera ; Signal Tap (6AF7 BCEC) ; Licensed     ;
+--------+------------------------+--------------+


+--------------------------------+
; Assembler Generated Files      ;
+--------------------------------+
; File Name                      ;
+--------------------------------+
; D:/2.8/AD_TLC549/AD_TLC549.sof ;
; D:/2.8/AD_TLC549/AD_TLC549.pof ;
+--------------------------------+


+----------------------------------------------------------+
; Assembler Device Options: D:/2.8/AD_TLC549/AD_TLC549.sof ;
+----------------+-----------------------------------------+
; Option         ; Setting                                 ;
+----------------+-----------------------------------------+
; Device         ; EP2C8Q208C8                             ;
; JTAG usercode  ; 0xFFFFFFFF                              ;
; Checksum       ; 0x0014BB3E                              ;
+----------------+-----------------------------------------+


+----------------------------------------------------------+
; Assembler Device Options: D:/2.8/AD_TLC549/AD_TLC549.pof ;
+--------------------+-------------------------------------+
; Option             ; Setting                             ;
+--------------------+-------------------------------------+
; Device             ; EPCS4                               ;
; JTAG usercode      ; 0x00000000                          ;
; Checksum           ; 0x06E2FE37                          ;
; Compression Ratio  ; 2                                   ;
+--------------------+-------------------------------------+


+--------------------+
; Assembler Messages ;
+--------------------+
Info: *******************************************************************
Info: Running Quartus II Assembler
    Info: Version 11.0 Build 157 04/27/2011 SJ Full Version
    Info: Processing started: Thu Oct 04 18:34:57 2012
Info: Command: quartus_asm --read_settings_files=off --write_settings_files=off AD_TLC549 -c AD_TLC549
Info: Writing out detailed assembly data for power analysis
Info: Assembler is generating device programming files
Info: Quartus II Assembler was successful. 0 errors, 0 warnings
    Info: Peak virtual memory: 217 megabytes
    Info: Processing ended: Thu Oct 04 18:35:05 2012
    Info: Elapsed time: 00:00:08
    Info: Total CPU time (on all processors): 00:00:07


