Classic Timing Analyzer report for sw_debounce
Fri Jul 31 22:25:06 2009
Quartus II Version 9.0 Build 132 02/25/2009 SJ Full Version


---------------------
; Table of Contents ;
---------------------
  1. Legal Notice
  2. Timing Analyzer Summary
  3. Timing Analyzer Settings
  4. Clock Settings Summary
  5. Parallel Compilation
  6. Clock Setup: 'clk'
  7. tsu
  8. tco
  9. th
 10. Timing Analyzer Messages



----------------
; Legal Notice ;
----------------
Copyright (C) 1991-2009 Altera Corporation
Your use of Altera Corporation's design tools, logic functions 
and other software and tools, and its AMPP partner logic 
functions, and any output files from any of the foregoing 
(including device programming or simulation files), and any 
associated documentation or information are expressly subject 
to the terms and conditions of the Altera Program License 
Subscription Agreement, Altera MegaCore Function License 
Agreement, or other applicable license agreement, including, 
without limitation, that your use is for the sole purpose of 
programming logic devices manufactured by Altera and sold by 
Altera or its authorized distributors.  Please refer to the 
applicable agreement for further details.



+------------------------------------------------------------------------------------------------------------------------------------------------------+
; Timing Analyzer Summary                                                                                                                              ;
+------------------------------+-------+---------------+----------------------------------+--------+------------+------------+----------+--------------+
; Type                         ; Slack ; Required Time ; Actual Time                      ; From   ; To         ; From Clock ; To Clock ; Failed Paths ;
+------------------------------+-------+---------------+----------------------------------+--------+------------+------------+----------+--------------+
; Worst-case tsu               ; N/A   ; None          ; 1.964 ns                         ; sw2_n  ; low_sw[1]  ; --         ; clk      ; 0            ;
; Worst-case tco               ; N/A   ; None          ; 8.762 ns                         ; d1     ; led_d3     ; clk        ; --       ; 0            ;
; Worst-case th                ; N/A   ; None          ; -1.231 ns                        ; sw1_n  ; key_rst[0] ; --         ; clk      ; 0            ;
; Clock Setup: 'clk'           ; N/A   ; None          ; 117.38 MHz ( period = 8.519 ns ) ; cnt[0] ; low_sw[0]  ; clk        ; clk      ; 0            ;
; Total number of failed paths ;       ;               ;                                  ;        ;            ;            ;          ; 0            ;
+------------------------------+-------+---------------+----------------------------------+--------+------------+------------+----------+--------------+


+--------------------------------------------------------------------------------------------------------------------+
; Timing Analyzer Settings                                                                                           ;
+---------------------------------------------------------------------+--------------------+------+----+-------------+
; Option                                                              ; Setting            ; From ; To ; Entity Name ;
+---------------------------------------------------------------------+--------------------+------+----+-------------+
; Device Name                                                         ; EPM240T100C5       ;      ;    ;             ;
; Timing Models                                                       ; Final              ;      ;    ;             ;
; Default hold multicycle                                             ; Same as Multicycle ;      ;    ;             ;
; Cut paths between unrelated clock domains                           ; On                 ;      ;    ;             ;
; Cut off read during write signal paths                              ; On                 ;      ;    ;             ;
; Cut off feedback from I/O pins                                      ; On                 ;      ;    ;             ;
; Report Combined Fast/Slow Timing                                    ; Off                ;      ;    ;             ;
; Ignore Clock Settings                                               ; Off                ;      ;    ;             ;
; Analyze latches as synchronous elements                             ; On                 ;      ;    ;             ;
; Enable Recovery/Removal analysis                                    ; Off                ;      ;    ;             ;
; Enable Clock Latency                                                ; Off                ;      ;    ;             ;
; Use TimeQuest Timing Analyzer                                       ; Off                ;      ;    ;             ;
; Number of source nodes to report per destination node               ; 10                 ;      ;    ;             ;
; Number of destination nodes to report                               ; 10                 ;      ;    ;             ;
; Number of paths to report                                           ; 200                ;      ;    ;             ;
; Report Minimum Timing Checks                                        ; Off                ;      ;    ;             ;
; Use Fast Timing Models                                              ; Off                ;      ;    ;             ;
; Report IO Paths Separately                                          ; Off                ;      ;    ;             ;
; Perform Multicorner Analysis                                        ; Off                ;      ;    ;             ;
; Reports the worst-case path for each clock domain and analysis      ; Off                ;      ;    ;             ;
; Removes common clock path pessimism (CCPP) during slack computation ; Off                ;      ;    ;             ;
; Output I/O Timing Endpoint                                          ; Near End           ;      ;    ;             ;
+---------------------------------------------------------------------+--------------------+------+----+-------------+


+------------------------------------------------------------------------------------------------------------------------------------------------------------------------------------+
; Clock Settings Summary                                                                                                                                                             ;
+-----------------+--------------------+----------+------------------+---------------+--------------+----------+-----------------------+---------------------+--------+--------------+
; Clock Node Name ; Clock Setting Name ; Type     ; Fmax Requirement ; Early Latency ; Late Latency ; Based on ; Multiply Base Fmax by ; Divide Base Fmax by ; Offset ; Phase offset ;
+-----------------+--------------------+----------+------------------+---------------+--------------+----------+-----------------------+---------------------+--------+--------------+
; clk             ;                    ; User Pin ; None             ; 0.000 ns      ; 0.000 ns     ; --       ; N/A                   ; N/A                 ; N/A    ;              ;
+-----------------+--------------------+----------+------------------+---------------+--------------+----------+-----------------------+---------------------+--------+--------------+


+------------------------------------------+
; Parallel Compilation                     ;
+----------------------------+-------------+
; Processors                 ; Number      ;
+----------------------------+-------------+
; Number detected on machine ; 2           ;
; Maximum allowed            ; 2           ;
;                            ;             ;
; Average used               ; 1.00        ;
; Maximum used               ; 1           ;
;                            ;             ;
; Usage by Processor         ; % Time Used ;
;     1 processor            ; 100.0%      ;
;     2 processors           ;   0.0%      ;
+----------------------------+-------------+


+--------------------------------------------------------------------------------------------------------------------------------------------------------------------------------------------------------------------------------------+
; Clock Setup: 'clk'                                                                                                                                                                                                                   ;
+-----------------------------------------+-----------------------------------------------------+--------------+-----------+------------+----------+-----------------------------+---------------------------+-------------------------+
; Slack                                   ; Actual fmax (period)                                ; From         ; To        ; From Clock ; To Clock ; Required Setup Relationship ; Required Longest P2P Time ; Actual Longest P2P Time ;
+-----------------------------------------+-----------------------------------------------------+--------------+-----------+------------+----------+-----------------------------+---------------------------+-------------------------+
; N/A                                     ; 117.38 MHz ( period = 8.519 ns )                    ; cnt[0]       ; low_sw[2] ; clk        ; clk      ; None                        ; None                      ; 7.810 ns                ;
; N/A                                     ; 117.38 MHz ( period = 8.519 ns )                    ; cnt[0]       ; low_sw[1] ; clk        ; clk      ; None                        ; None                      ; 7.810 ns                ;
; N/A                                     ; 117.38 MHz ( period = 8.519 ns )                    ; cnt[0]       ; low_sw[0] ; clk        ; clk      ; None                        ; None                      ; 7.810 ns                ;
; N/A                                     ; 119.77 MHz ( period = 8.349 ns )                    ; cnt[5]       ; low_sw[2] ; clk        ; clk      ; None                        ; None                      ; 7.640 ns                ;
; N/A                                     ; 119.77 MHz ( period = 8.349 ns )                    ; cnt[5]       ; low_sw[1] ; clk        ; clk      ; None                        ; None                      ; 7.640 ns                ;
; N/A                                     ; 119.77 MHz ( period = 8.349 ns )                    ; cnt[5]       ; low_sw[0] ; clk        ; clk      ; None                        ; None                      ; 7.640 ns                ;
; N/A                                     ; 123.00 MHz ( period = 8.130 ns )                    ; cnt[14]      ; low_sw[2] ; clk        ; clk      ; None                        ; None                      ; 7.421 ns                ;
; N/A                                     ; 123.00 MHz ( period = 8.130 ns )                    ; cnt[14]      ; low_sw[1] ; clk        ; clk      ; None                        ; None                      ; 7.421 ns                ;
; N/A                                     ; 123.00 MHz ( period = 8.130 ns )                    ; cnt[14]      ; low_sw[0] ; clk        ; clk      ; None                        ; None                      ; 7.421 ns                ;
; N/A                                     ; 123.89 MHz ( period = 8.072 ns )                    ; cnt[4]       ; low_sw[2] ; clk        ; clk      ; None                        ; None                      ; 7.363 ns                ;
; N/A                                     ; 123.89 MHz ( period = 8.072 ns )                    ; cnt[4]       ; low_sw[1] ; clk        ; clk      ; None                        ; None                      ; 7.363 ns                ;
; N/A                                     ; 123.89 MHz ( period = 8.072 ns )                    ; cnt[4]       ; low_sw[0] ; clk        ; clk      ; None                        ; None                      ; 7.363 ns                ;
; N/A                                     ; 124.18 MHz ( period = 8.053 ns )                    ; cnt[6]       ; low_sw[2] ; clk        ; clk      ; None                        ; None                      ; 7.344 ns                ;
; N/A                                     ; 124.18 MHz ( period = 8.053 ns )                    ; cnt[6]       ; low_sw[1] ; clk        ; clk      ; None                        ; None                      ; 7.344 ns                ;
; N/A                                     ; 124.18 MHz ( period = 8.053 ns )                    ; cnt[6]       ; low_sw[0] ; clk        ; clk      ; None                        ; None                      ; 7.344 ns                ;
; N/A                                     ; 124.97 MHz ( period = 8.002 ns )                    ; cnt[12]      ; low_sw[2] ; clk        ; clk      ; None                        ; None                      ; 7.293 ns                ;
; N/A                                     ; 124.97 MHz ( period = 8.002 ns )                    ; cnt[12]      ; low_sw[1] ; clk        ; clk      ; None                        ; None                      ; 7.293 ns                ;
; N/A                                     ; 124.97 MHz ( period = 8.002 ns )                    ; cnt[12]      ; low_sw[0] ; clk        ; clk      ; None                        ; None                      ; 7.293 ns                ;
; N/A                                     ; 125.64 MHz ( period = 7.959 ns )                    ; cnt[17]      ; low_sw[2] ; clk        ; clk      ; None                        ; None                      ; 7.250 ns                ;
; N/A                                     ; 125.64 MHz ( period = 7.959 ns )                    ; cnt[17]      ; low_sw[1] ; clk        ; clk      ; None                        ; None                      ; 7.250 ns                ;
; N/A                                     ; 125.64 MHz ( period = 7.959 ns )                    ; cnt[17]      ; low_sw[0] ; clk        ; clk      ; None                        ; None                      ; 7.250 ns                ;
; N/A                                     ; 126.86 MHz ( period = 7.883 ns )                    ; cnt[2]       ; low_sw[2] ; clk        ; clk      ; None                        ; None                      ; 7.174 ns                ;
; N/A                                     ; 126.86 MHz ( period = 7.883 ns )                    ; cnt[2]       ; low_sw[1] ; clk        ; clk      ; None                        ; None                      ; 7.174 ns                ;
; N/A                                     ; 126.86 MHz ( period = 7.883 ns )                    ; cnt[2]       ; low_sw[0] ; clk        ; clk      ; None                        ; None                      ; 7.174 ns                ;
; N/A                                     ; 127.10 MHz ( period = 7.868 ns )                    ; cnt[1]       ; low_sw[2] ; clk        ; clk      ; None                        ; None                      ; 7.159 ns                ;
; N/A                                     ; 127.10 MHz ( period = 7.868 ns )                    ; cnt[1]       ; low_sw[1] ; clk        ; clk      ; None                        ; None                      ; 7.159 ns                ;
; N/A                                     ; 127.10 MHz ( period = 7.868 ns )                    ; cnt[1]       ; low_sw[0] ; clk        ; clk      ; None                        ; None                      ; 7.159 ns                ;
; N/A                                     ; 127.58 MHz ( period = 7.838 ns )                    ; cnt[18]      ; low_sw[2] ; clk        ; clk      ; None                        ; None                      ; 7.129 ns                ;
; N/A                                     ; 127.58 MHz ( period = 7.838 ns )                    ; cnt[18]      ; low_sw[1] ; clk        ; clk      ; None                        ; None                      ; 7.129 ns                ;
; N/A                                     ; 127.58 MHz ( period = 7.838 ns )                    ; cnt[18]      ; low_sw[0] ; clk        ; clk      ; None                        ; None                      ; 7.129 ns                ;
; N/A                                     ; 128.19 MHz ( period = 7.801 ns )                    ; cnt[13]      ; low_sw[2] ; clk        ; clk      ; None                        ; None                      ; 7.092 ns                ;
; N/A                                     ; 128.19 MHz ( period = 7.801 ns )                    ; cnt[13]      ; low_sw[1] ; clk        ; clk      ; None                        ; None                      ; 7.092 ns                ;
; N/A                                     ; 128.19 MHz ( period = 7.801 ns )                    ; cnt[13]      ; low_sw[0] ; clk        ; clk      ; None                        ; None                      ; 7.092 ns                ;
; N/A                                     ; 129.68 MHz ( period = 7.711 ns )                    ; cnt[19]      ; low_sw[2] ; clk        ; clk      ; None                        ; None                      ; 7.002 ns                ;
; N/A                                     ; 129.68 MHz ( period = 7.711 ns )                    ; cnt[19]      ; low_sw[1] ; clk        ; clk      ; None                        ; None                      ; 7.002 ns                ;
; N/A                                     ; 129.68 MHz ( period = 7.711 ns )                    ; cnt[19]      ; low_sw[0] ; clk        ; clk      ; None                        ; None                      ; 7.002 ns                ;
; N/A                                     ; 130.31 MHz ( period = 7.674 ns )                    ; cnt[8]       ; low_sw[2] ; clk        ; clk      ; None                        ; None                      ; 6.965 ns                ;
; N/A                                     ; 130.31 MHz ( period = 7.674 ns )                    ; cnt[8]       ; low_sw[1] ; clk        ; clk      ; None                        ; None                      ; 6.965 ns                ;
; N/A                                     ; 130.31 MHz ( period = 7.674 ns )                    ; cnt[8]       ; low_sw[0] ; clk        ; clk      ; None                        ; None                      ; 6.965 ns                ;
; N/A                                     ; 131.11 MHz ( period = 7.627 ns )                    ; cnt[10]      ; low_sw[2] ; clk        ; clk      ; None                        ; None                      ; 6.918 ns                ;
; N/A                                     ; 131.11 MHz ( period = 7.627 ns )                    ; cnt[10]      ; low_sw[1] ; clk        ; clk      ; None                        ; None                      ; 6.918 ns                ;
; N/A                                     ; 131.11 MHz ( period = 7.627 ns )                    ; cnt[10]      ; low_sw[0] ; clk        ; clk      ; None                        ; None                      ; 6.918 ns                ;
; N/A                                     ; 131.68 MHz ( period = 7.594 ns )                    ; cnt[15]      ; low_sw[2] ; clk        ; clk      ; None                        ; None                      ; 6.885 ns                ;
; N/A                                     ; 131.68 MHz ( period = 7.594 ns )                    ; cnt[15]      ; low_sw[1] ; clk        ; clk      ; None                        ; None                      ; 6.885 ns                ;
; N/A                                     ; 131.68 MHz ( period = 7.594 ns )                    ; cnt[15]      ; low_sw[0] ; clk        ; clk      ; None                        ; None                      ; 6.885 ns                ;
; N/A                                     ; 133.00 MHz ( period = 7.519 ns )                    ; cnt[7]       ; low_sw[2] ; clk        ; clk      ; None                        ; None                      ; 6.810 ns                ;
; N/A                                     ; 133.00 MHz ( period = 7.519 ns )                    ; cnt[7]       ; low_sw[1] ; clk        ; clk      ; None                        ; None                      ; 6.810 ns                ;
; N/A                                     ; 133.00 MHz ( period = 7.519 ns )                    ; cnt[7]       ; low_sw[0] ; clk        ; clk      ; None                        ; None                      ; 6.810 ns                ;
; N/A                                     ; 134.90 MHz ( period = 7.413 ns )                    ; cnt[9]       ; low_sw[2] ; clk        ; clk      ; None                        ; None                      ; 6.704 ns                ;
; N/A                                     ; 134.90 MHz ( period = 7.413 ns )                    ; cnt[9]       ; low_sw[1] ; clk        ; clk      ; None                        ; None                      ; 6.704 ns                ;
; N/A                                     ; 134.90 MHz ( period = 7.413 ns )                    ; cnt[9]       ; low_sw[0] ; clk        ; clk      ; None                        ; None                      ; 6.704 ns                ;
; N/A                                     ; 138.18 MHz ( period = 7.237 ns )                    ; cnt[3]       ; low_sw[2] ; clk        ; clk      ; None                        ; None                      ; 6.528 ns                ;
; N/A                                     ; 138.18 MHz ( period = 7.237 ns )                    ; cnt[3]       ; low_sw[1] ; clk        ; clk      ; None                        ; None                      ; 6.528 ns                ;
; N/A                                     ; 138.18 MHz ( period = 7.237 ns )                    ; cnt[3]       ; low_sw[0] ; clk        ; clk      ; None                        ; None                      ; 6.528 ns                ;
; N/A                                     ; 139.59 MHz ( period = 7.164 ns )                    ; cnt[16]      ; low_sw[2] ; clk        ; clk      ; None                        ; None                      ; 6.455 ns                ;
; N/A                                     ; 139.59 MHz ( period = 7.164 ns )                    ; cnt[16]      ; low_sw[1] ; clk        ; clk      ; None                        ; None                      ; 6.455 ns                ;
; N/A                                     ; 139.59 MHz ( period = 7.164 ns )                    ; cnt[16]      ; low_sw[0] ; clk        ; clk      ; None                        ; None                      ; 6.455 ns                ;
; N/A                                     ; 147.02 MHz ( period = 6.802 ns )                    ; cnt[11]      ; low_sw[2] ; clk        ; clk      ; None                        ; None                      ; 6.093 ns                ;
; N/A                                     ; 147.02 MHz ( period = 6.802 ns )                    ; cnt[11]      ; low_sw[1] ; clk        ; clk      ; None                        ; None                      ; 6.093 ns                ;
; N/A                                     ; 147.02 MHz ( period = 6.802 ns )                    ; cnt[11]      ; low_sw[0] ; clk        ; clk      ; None                        ; None                      ; 6.093 ns                ;
; N/A                                     ; 154.94 MHz ( period = 6.454 ns )                    ; key_rst[2]   ; cnt[10]   ; clk        ; clk      ; None                        ; None                      ; 5.745 ns                ;
; N/A                                     ; 154.94 MHz ( period = 6.454 ns )                    ; key_rst[2]   ; cnt[11]   ; clk        ; clk      ; None                        ; None                      ; 5.745 ns                ;
; N/A                                     ; 154.94 MHz ( period = 6.454 ns )                    ; key_rst[2]   ; cnt[12]   ; clk        ; clk      ; None                        ; None                      ; 5.745 ns                ;
; N/A                                     ; 154.94 MHz ( period = 6.454 ns )                    ; key_rst[2]   ; cnt[13]   ; clk        ; clk      ; None                        ; None                      ; 5.745 ns                ;
; N/A                                     ; 154.94 MHz ( period = 6.454 ns )                    ; key_rst[2]   ; cnt[14]   ; clk        ; clk      ; None                        ; None                      ; 5.745 ns                ;
; N/A                                     ; 154.94 MHz ( period = 6.454 ns )                    ; key_rst[2]   ; cnt[15]   ; clk        ; clk      ; None                        ; None                      ; 5.745 ns                ;
; N/A                                     ; 154.94 MHz ( period = 6.454 ns )                    ; key_rst[2]   ; cnt[16]   ; clk        ; clk      ; None                        ; None                      ; 5.745 ns                ;
; N/A                                     ; 154.94 MHz ( period = 6.454 ns )                    ; key_rst[2]   ; cnt[17]   ; clk        ; clk      ; None                        ; None                      ; 5.745 ns                ;
; N/A                                     ; 154.94 MHz ( period = 6.454 ns )                    ; key_rst[2]   ; cnt[18]   ; clk        ; clk      ; None                        ; None                      ; 5.745 ns                ;
; N/A                                     ; 154.94 MHz ( period = 6.454 ns )                    ; key_rst[2]   ; cnt[19]   ; clk        ; clk      ; None                        ; None                      ; 5.745 ns                ;
; N/A                                     ; 159.72 MHz ( period = 6.261 ns )                    ; key_rst_r[0] ; cnt[10]   ; clk        ; clk      ; None                        ; None                      ; 5.552 ns                ;
; N/A                                     ; 159.72 MHz ( period = 6.261 ns )                    ; key_rst_r[0] ; cnt[11]   ; clk        ; clk      ; None                        ; None                      ; 5.552 ns                ;
; N/A                                     ; 159.72 MHz ( period = 6.261 ns )                    ; key_rst_r[0] ; cnt[12]   ; clk        ; clk      ; None                        ; None                      ; 5.552 ns                ;
; N/A                                     ; 159.72 MHz ( period = 6.261 ns )                    ; key_rst_r[0] ; cnt[13]   ; clk        ; clk      ; None                        ; None                      ; 5.552 ns                ;
; N/A                                     ; 159.72 MHz ( period = 6.261 ns )                    ; key_rst_r[0] ; cnt[14]   ; clk        ; clk      ; None                        ; None                      ; 5.552 ns                ;
; N/A                                     ; 159.72 MHz ( period = 6.261 ns )                    ; key_rst_r[0] ; cnt[15]   ; clk        ; clk      ; None                        ; None                      ; 5.552 ns                ;
; N/A                                     ; 159.72 MHz ( period = 6.261 ns )                    ; key_rst_r[0] ; cnt[16]   ; clk        ; clk      ; None                        ; None                      ; 5.552 ns                ;
; N/A                                     ; 159.72 MHz ( period = 6.261 ns )                    ; key_rst_r[0] ; cnt[17]   ; clk        ; clk      ; None                        ; None                      ; 5.552 ns                ;
; N/A                                     ; 159.72 MHz ( period = 6.261 ns )                    ; key_rst_r[0] ; cnt[18]   ; clk        ; clk      ; None                        ; None                      ; 5.552 ns                ;
; N/A                                     ; 159.72 MHz ( period = 6.261 ns )                    ; key_rst_r[0] ; cnt[19]   ; clk        ; clk      ; None                        ; None                      ; 5.552 ns                ;
; N/A                                     ; 168.07 MHz ( period = 5.950 ns )                    ; key_rst[1]   ; cnt[10]   ; clk        ; clk      ; None                        ; None                      ; 5.241 ns                ;
; N/A                                     ; 168.07 MHz ( period = 5.950 ns )                    ; key_rst[1]   ; cnt[11]   ; clk        ; clk      ; None                        ; None                      ; 5.241 ns                ;
; N/A                                     ; 168.07 MHz ( period = 5.950 ns )                    ; key_rst[1]   ; cnt[12]   ; clk        ; clk      ; None                        ; None                      ; 5.241 ns                ;
; N/A                                     ; 168.07 MHz ( period = 5.950 ns )                    ; key_rst[1]   ; cnt[13]   ; clk        ; clk      ; None                        ; None                      ; 5.241 ns                ;
; N/A                                     ; 168.07 MHz ( period = 5.950 ns )                    ; key_rst[1]   ; cnt[14]   ; clk        ; clk      ; None                        ; None                      ; 5.241 ns                ;
; N/A                                     ; 168.07 MHz ( period = 5.950 ns )                    ; key_rst[1]   ; cnt[15]   ; clk        ; clk      ; None                        ; None                      ; 5.241 ns                ;
; N/A                                     ; 168.07 MHz ( period = 5.950 ns )                    ; key_rst[1]   ; cnt[16]   ; clk        ; clk      ; None                        ; None                      ; 5.241 ns                ;
; N/A                                     ; 168.07 MHz ( period = 5.950 ns )                    ; key_rst[1]   ; cnt[17]   ; clk        ; clk      ; None                        ; None                      ; 5.241 ns                ;
; N/A                                     ; 168.07 MHz ( period = 5.950 ns )                    ; key_rst[1]   ; cnt[18]   ; clk        ; clk      ; None                        ; None                      ; 5.241 ns                ;
; N/A                                     ; 168.07 MHz ( period = 5.950 ns )                    ; key_rst[1]   ; cnt[19]   ; clk        ; clk      ; None                        ; None                      ; 5.241 ns                ;
; N/A                                     ; 170.21 MHz ( period = 5.875 ns )                    ; key_rst[2]   ; cnt[0]    ; clk        ; clk      ; None                        ; None                      ; 5.166 ns                ;
; N/A                                     ; 170.21 MHz ( period = 5.875 ns )                    ; key_rst[2]   ; cnt[1]    ; clk        ; clk      ; None                        ; None                      ; 5.166 ns                ;
; N/A                                     ; 170.21 MHz ( period = 5.875 ns )                    ; key_rst[2]   ; cnt[2]    ; clk        ; clk      ; None                        ; None                      ; 5.166 ns                ;
; N/A                                     ; 170.21 MHz ( period = 5.875 ns )                    ; key_rst[2]   ; cnt[3]    ; clk        ; clk      ; None                        ; None                      ; 5.166 ns                ;
; N/A                                     ; 170.21 MHz ( period = 5.875 ns )                    ; key_rst[2]   ; cnt[4]    ; clk        ; clk      ; None                        ; None                      ; 5.166 ns                ;
; N/A                                     ; 170.21 MHz ( period = 5.875 ns )                    ; key_rst[2]   ; cnt[5]    ; clk        ; clk      ; None                        ; None                      ; 5.166 ns                ;
; N/A                                     ; 170.21 MHz ( period = 5.875 ns )                    ; key_rst[2]   ; cnt[6]    ; clk        ; clk      ; None                        ; None                      ; 5.166 ns                ;
; N/A                                     ; 170.21 MHz ( period = 5.875 ns )                    ; key_rst[2]   ; cnt[7]    ; clk        ; clk      ; None                        ; None                      ; 5.166 ns                ;
; N/A                                     ; 170.21 MHz ( period = 5.875 ns )                    ; key_rst[2]   ; cnt[8]    ; clk        ; clk      ; None                        ; None                      ; 5.166 ns                ;
; N/A                                     ; 170.21 MHz ( period = 5.875 ns )                    ; key_rst[2]   ; cnt[9]    ; clk        ; clk      ; None                        ; None                      ; 5.166 ns                ;
; N/A                                     ; 174.09 MHz ( period = 5.744 ns )                    ; key_rst[0]   ; cnt[10]   ; clk        ; clk      ; None                        ; None                      ; 5.035 ns                ;
; N/A                                     ; 174.09 MHz ( period = 5.744 ns )                    ; key_rst[0]   ; cnt[11]   ; clk        ; clk      ; None                        ; None                      ; 5.035 ns                ;
; N/A                                     ; 174.09 MHz ( period = 5.744 ns )                    ; key_rst[0]   ; cnt[12]   ; clk        ; clk      ; None                        ; None                      ; 5.035 ns                ;
; N/A                                     ; 174.09 MHz ( period = 5.744 ns )                    ; key_rst[0]   ; cnt[13]   ; clk        ; clk      ; None                        ; None                      ; 5.035 ns                ;
; N/A                                     ; 174.09 MHz ( period = 5.744 ns )                    ; key_rst[0]   ; cnt[14]   ; clk        ; clk      ; None                        ; None                      ; 5.035 ns                ;
; N/A                                     ; 174.09 MHz ( period = 5.744 ns )                    ; key_rst[0]   ; cnt[15]   ; clk        ; clk      ; None                        ; None                      ; 5.035 ns                ;
; N/A                                     ; 174.09 MHz ( period = 5.744 ns )                    ; key_rst[0]   ; cnt[16]   ; clk        ; clk      ; None                        ; None                      ; 5.035 ns                ;
; N/A                                     ; 174.09 MHz ( period = 5.744 ns )                    ; key_rst[0]   ; cnt[17]   ; clk        ; clk      ; None                        ; None                      ; 5.035 ns                ;
; N/A                                     ; 174.09 MHz ( period = 5.744 ns )                    ; key_rst[0]   ; cnt[18]   ; clk        ; clk      ; None                        ; None                      ; 5.035 ns                ;
; N/A                                     ; 174.09 MHz ( period = 5.744 ns )                    ; key_rst[0]   ; cnt[19]   ; clk        ; clk      ; None                        ; None                      ; 5.035 ns                ;
; N/A                                     ; 175.99 MHz ( period = 5.682 ns )                    ; key_rst_r[0] ; cnt[0]    ; clk        ; clk      ; None                        ; None                      ; 4.973 ns                ;
; N/A                                     ; 175.99 MHz ( period = 5.682 ns )                    ; key_rst_r[0] ; cnt[1]    ; clk        ; clk      ; None                        ; None                      ; 4.973 ns                ;
; N/A                                     ; 175.99 MHz ( period = 5.682 ns )                    ; key_rst_r[0] ; cnt[2]    ; clk        ; clk      ; None                        ; None                      ; 4.973 ns                ;
; N/A                                     ; 175.99 MHz ( period = 5.682 ns )                    ; key_rst_r[0] ; cnt[3]    ; clk        ; clk      ; None                        ; None                      ; 4.973 ns                ;
; N/A                                     ; 175.99 MHz ( period = 5.682 ns )                    ; key_rst_r[0] ; cnt[4]    ; clk        ; clk      ; None                        ; None                      ; 4.973 ns                ;
; N/A                                     ; 175.99 MHz ( period = 5.682 ns )                    ; key_rst_r[0] ; cnt[5]    ; clk        ; clk      ; None                        ; None                      ; 4.973 ns                ;
; N/A                                     ; 175.99 MHz ( period = 5.682 ns )                    ; key_rst_r[0] ; cnt[6]    ; clk        ; clk      ; None                        ; None                      ; 4.973 ns                ;
; N/A                                     ; 175.99 MHz ( period = 5.682 ns )                    ; key_rst_r[0] ; cnt[7]    ; clk        ; clk      ; None                        ; None                      ; 4.973 ns                ;
; N/A                                     ; 175.99 MHz ( period = 5.682 ns )                    ; key_rst_r[0] ; cnt[8]    ; clk        ; clk      ; None                        ; None                      ; 4.973 ns                ;
; N/A                                     ; 175.99 MHz ( period = 5.682 ns )                    ; key_rst_r[0] ; cnt[9]    ; clk        ; clk      ; None                        ; None                      ; 4.973 ns                ;
; N/A                                     ; 186.19 MHz ( period = 5.371 ns )                    ; key_rst[1]   ; cnt[0]    ; clk        ; clk      ; None                        ; None                      ; 4.662 ns                ;
; N/A                                     ; 186.19 MHz ( period = 5.371 ns )                    ; key_rst[1]   ; cnt[1]    ; clk        ; clk      ; None                        ; None                      ; 4.662 ns                ;
; N/A                                     ; 186.19 MHz ( period = 5.371 ns )                    ; key_rst[1]   ; cnt[2]    ; clk        ; clk      ; None                        ; None                      ; 4.662 ns                ;
; N/A                                     ; 186.19 MHz ( period = 5.371 ns )                    ; key_rst[1]   ; cnt[3]    ; clk        ; clk      ; None                        ; None                      ; 4.662 ns                ;
; N/A                                     ; 186.19 MHz ( period = 5.371 ns )                    ; key_rst[1]   ; cnt[4]    ; clk        ; clk      ; None                        ; None                      ; 4.662 ns                ;
; N/A                                     ; 186.19 MHz ( period = 5.371 ns )                    ; key_rst[1]   ; cnt[5]    ; clk        ; clk      ; None                        ; None                      ; 4.662 ns                ;
; N/A                                     ; 186.19 MHz ( period = 5.371 ns )                    ; key_rst[1]   ; cnt[6]    ; clk        ; clk      ; None                        ; None                      ; 4.662 ns                ;
; N/A                                     ; 186.19 MHz ( period = 5.371 ns )                    ; key_rst[1]   ; cnt[7]    ; clk        ; clk      ; None                        ; None                      ; 4.662 ns                ;
; N/A                                     ; 186.19 MHz ( period = 5.371 ns )                    ; key_rst[1]   ; cnt[8]    ; clk        ; clk      ; None                        ; None                      ; 4.662 ns                ;
; N/A                                     ; 186.19 MHz ( period = 5.371 ns )                    ; key_rst[1]   ; cnt[9]    ; clk        ; clk      ; None                        ; None                      ; 4.662 ns                ;
; N/A                                     ; 191.53 MHz ( period = 5.221 ns )                    ; key_rst_r[2] ; cnt[10]   ; clk        ; clk      ; None                        ; None                      ; 4.512 ns                ;
; N/A                                     ; 191.53 MHz ( period = 5.221 ns )                    ; key_rst_r[2] ; cnt[11]   ; clk        ; clk      ; None                        ; None                      ; 4.512 ns                ;
; N/A                                     ; 191.53 MHz ( period = 5.221 ns )                    ; key_rst_r[2] ; cnt[12]   ; clk        ; clk      ; None                        ; None                      ; 4.512 ns                ;
; N/A                                     ; 191.53 MHz ( period = 5.221 ns )                    ; key_rst_r[2] ; cnt[13]   ; clk        ; clk      ; None                        ; None                      ; 4.512 ns                ;
; N/A                                     ; 191.53 MHz ( period = 5.221 ns )                    ; key_rst_r[2] ; cnt[14]   ; clk        ; clk      ; None                        ; None                      ; 4.512 ns                ;
; N/A                                     ; 191.53 MHz ( period = 5.221 ns )                    ; key_rst_r[2] ; cnt[15]   ; clk        ; clk      ; None                        ; None                      ; 4.512 ns                ;
; N/A                                     ; 191.53 MHz ( period = 5.221 ns )                    ; key_rst_r[2] ; cnt[16]   ; clk        ; clk      ; None                        ; None                      ; 4.512 ns                ;
; N/A                                     ; 191.53 MHz ( period = 5.221 ns )                    ; key_rst_r[2] ; cnt[17]   ; clk        ; clk      ; None                        ; None                      ; 4.512 ns                ;
; N/A                                     ; 191.53 MHz ( period = 5.221 ns )                    ; key_rst_r[2] ; cnt[18]   ; clk        ; clk      ; None                        ; None                      ; 4.512 ns                ;
; N/A                                     ; 191.53 MHz ( period = 5.221 ns )                    ; key_rst_r[2] ; cnt[19]   ; clk        ; clk      ; None                        ; None                      ; 4.512 ns                ;
; N/A                                     ; 193.61 MHz ( period = 5.165 ns )                    ; key_rst[0]   ; cnt[0]    ; clk        ; clk      ; None                        ; None                      ; 4.456 ns                ;
; N/A                                     ; 193.61 MHz ( period = 5.165 ns )                    ; key_rst[0]   ; cnt[1]    ; clk        ; clk      ; None                        ; None                      ; 4.456 ns                ;
; N/A                                     ; 193.61 MHz ( period = 5.165 ns )                    ; key_rst[0]   ; cnt[2]    ; clk        ; clk      ; None                        ; None                      ; 4.456 ns                ;
; N/A                                     ; 193.61 MHz ( period = 5.165 ns )                    ; key_rst[0]   ; cnt[3]    ; clk        ; clk      ; None                        ; None                      ; 4.456 ns                ;
; N/A                                     ; 193.61 MHz ( period = 5.165 ns )                    ; key_rst[0]   ; cnt[4]    ; clk        ; clk      ; None                        ; None                      ; 4.456 ns                ;
; N/A                                     ; 193.61 MHz ( period = 5.165 ns )                    ; key_rst[0]   ; cnt[5]    ; clk        ; clk      ; None                        ; None                      ; 4.456 ns                ;
; N/A                                     ; 193.61 MHz ( period = 5.165 ns )                    ; key_rst[0]   ; cnt[6]    ; clk        ; clk      ; None                        ; None                      ; 4.456 ns                ;
; N/A                                     ; 193.61 MHz ( period = 5.165 ns )                    ; key_rst[0]   ; cnt[7]    ; clk        ; clk      ; None                        ; None                      ; 4.456 ns                ;
; N/A                                     ; 193.61 MHz ( period = 5.165 ns )                    ; key_rst[0]   ; cnt[8]    ; clk        ; clk      ; None                        ; None                      ; 4.456 ns                ;
; N/A                                     ; 193.61 MHz ( period = 5.165 ns )                    ; key_rst[0]   ; cnt[9]    ; clk        ; clk      ; None                        ; None                      ; 4.456 ns                ;
; N/A                                     ; 201.09 MHz ( period = 4.973 ns )                    ; cnt[5]       ; cnt[10]   ; clk        ; clk      ; None                        ; None                      ; 4.264 ns                ;
; N/A                                     ; 201.09 MHz ( period = 4.973 ns )                    ; cnt[5]       ; cnt[11]   ; clk        ; clk      ; None                        ; None                      ; 4.264 ns                ;
; N/A                                     ; 201.09 MHz ( period = 4.973 ns )                    ; cnt[5]       ; cnt[12]   ; clk        ; clk      ; None                        ; None                      ; 4.264 ns                ;
; N/A                                     ; 201.09 MHz ( period = 4.973 ns )                    ; cnt[5]       ; cnt[13]   ; clk        ; clk      ; None                        ; None                      ; 4.264 ns                ;
; N/A                                     ; 201.09 MHz ( period = 4.973 ns )                    ; cnt[5]       ; cnt[14]   ; clk        ; clk      ; None                        ; None                      ; 4.264 ns                ;
; N/A                                     ; 201.57 MHz ( period = 4.961 ns )                    ; cnt[0]       ; cnt[10]   ; clk        ; clk      ; None                        ; None                      ; 4.252 ns                ;
; N/A                                     ; 201.57 MHz ( period = 4.961 ns )                    ; cnt[0]       ; cnt[11]   ; clk        ; clk      ; None                        ; None                      ; 4.252 ns                ;
; N/A                                     ; 201.57 MHz ( period = 4.961 ns )                    ; cnt[0]       ; cnt[12]   ; clk        ; clk      ; None                        ; None                      ; 4.252 ns                ;
; N/A                                     ; 201.57 MHz ( period = 4.961 ns )                    ; cnt[0]       ; cnt[13]   ; clk        ; clk      ; None                        ; None                      ; 4.252 ns                ;
; N/A                                     ; 201.57 MHz ( period = 4.961 ns )                    ; cnt[0]       ; cnt[14]   ; clk        ; clk      ; None                        ; None                      ; 4.252 ns                ;
; N/A                                     ; 201.61 MHz ( period = 4.960 ns )                    ; cnt[5]       ; cnt[15]   ; clk        ; clk      ; None                        ; None                      ; 4.251 ns                ;
; N/A                                     ; 201.61 MHz ( period = 4.960 ns )                    ; cnt[5]       ; cnt[16]   ; clk        ; clk      ; None                        ; None                      ; 4.251 ns                ;
; N/A                                     ; 201.61 MHz ( period = 4.960 ns )                    ; cnt[5]       ; cnt[17]   ; clk        ; clk      ; None                        ; None                      ; 4.251 ns                ;
; N/A                                     ; 201.61 MHz ( period = 4.960 ns )                    ; cnt[5]       ; cnt[18]   ; clk        ; clk      ; None                        ; None                      ; 4.251 ns                ;
; N/A                                     ; 201.61 MHz ( period = 4.960 ns )                    ; cnt[5]       ; cnt[19]   ; clk        ; clk      ; None                        ; None                      ; 4.251 ns                ;
; N/A                                     ; 202.10 MHz ( period = 4.948 ns )                    ; cnt[0]       ; cnt[15]   ; clk        ; clk      ; None                        ; None                      ; 4.239 ns                ;
; N/A                                     ; 202.10 MHz ( period = 4.948 ns )                    ; cnt[0]       ; cnt[16]   ; clk        ; clk      ; None                        ; None                      ; 4.239 ns                ;
; N/A                                     ; 202.10 MHz ( period = 4.948 ns )                    ; cnt[0]       ; cnt[17]   ; clk        ; clk      ; None                        ; None                      ; 4.239 ns                ;
; N/A                                     ; 202.10 MHz ( period = 4.948 ns )                    ; cnt[0]       ; cnt[18]   ; clk        ; clk      ; None                        ; None                      ; 4.239 ns                ;
; N/A                                     ; 202.10 MHz ( period = 4.948 ns )                    ; cnt[0]       ; cnt[19]   ; clk        ; clk      ; None                        ; None                      ; 4.239 ns                ;
; N/A                                     ; 206.14 MHz ( period = 4.851 ns )                    ; cnt[6]       ; cnt[10]   ; clk        ; clk      ; None                        ; None                      ; 4.142 ns                ;
; N/A                                     ; 206.14 MHz ( period = 4.851 ns )                    ; cnt[6]       ; cnt[11]   ; clk        ; clk      ; None                        ; None                      ; 4.142 ns                ;
; N/A                                     ; 206.14 MHz ( period = 4.851 ns )                    ; cnt[6]       ; cnt[12]   ; clk        ; clk      ; None                        ; None                      ; 4.142 ns                ;
; N/A                                     ; 206.14 MHz ( period = 4.851 ns )                    ; cnt[6]       ; cnt[13]   ; clk        ; clk      ; None                        ; None                      ; 4.142 ns                ;
; N/A                                     ; 206.14 MHz ( period = 4.851 ns )                    ; cnt[6]       ; cnt[14]   ; clk        ; clk      ; None                        ; None                      ; 4.142 ns                ;
; N/A                                     ; 206.27 MHz ( period = 4.848 ns )                    ; cnt[1]       ; cnt[10]   ; clk        ; clk      ; None                        ; None                      ; 4.139 ns                ;
; N/A                                     ; 206.27 MHz ( period = 4.848 ns )                    ; cnt[1]       ; cnt[11]   ; clk        ; clk      ; None                        ; None                      ; 4.139 ns                ;
; N/A                                     ; 206.27 MHz ( period = 4.848 ns )                    ; cnt[1]       ; cnt[12]   ; clk        ; clk      ; None                        ; None                      ; 4.139 ns                ;
; N/A                                     ; 206.27 MHz ( period = 4.848 ns )                    ; cnt[1]       ; cnt[13]   ; clk        ; clk      ; None                        ; None                      ; 4.139 ns                ;
; N/A                                     ; 206.27 MHz ( period = 4.848 ns )                    ; cnt[1]       ; cnt[14]   ; clk        ; clk      ; None                        ; None                      ; 4.139 ns                ;
; N/A                                     ; 206.70 MHz ( period = 4.838 ns )                    ; cnt[6]       ; cnt[15]   ; clk        ; clk      ; None                        ; None                      ; 4.129 ns                ;
; N/A                                     ; 206.70 MHz ( period = 4.838 ns )                    ; cnt[6]       ; cnt[16]   ; clk        ; clk      ; None                        ; None                      ; 4.129 ns                ;
; N/A                                     ; 206.70 MHz ( period = 4.838 ns )                    ; cnt[6]       ; cnt[17]   ; clk        ; clk      ; None                        ; None                      ; 4.129 ns                ;
; N/A                                     ; 206.70 MHz ( period = 4.838 ns )                    ; cnt[6]       ; cnt[18]   ; clk        ; clk      ; None                        ; None                      ; 4.129 ns                ;
; N/A                                     ; 206.70 MHz ( period = 4.838 ns )                    ; cnt[6]       ; cnt[19]   ; clk        ; clk      ; None                        ; None                      ; 4.129 ns                ;
; N/A                                     ; 206.83 MHz ( period = 4.835 ns )                    ; cnt[1]       ; cnt[15]   ; clk        ; clk      ; None                        ; None                      ; 4.126 ns                ;
; N/A                                     ; 206.83 MHz ( period = 4.835 ns )                    ; cnt[1]       ; cnt[16]   ; clk        ; clk      ; None                        ; None                      ; 4.126 ns                ;
; N/A                                     ; 206.83 MHz ( period = 4.835 ns )                    ; cnt[1]       ; cnt[17]   ; clk        ; clk      ; None                        ; None                      ; 4.126 ns                ;
; N/A                                     ; 206.83 MHz ( period = 4.835 ns )                    ; cnt[1]       ; cnt[18]   ; clk        ; clk      ; None                        ; None                      ; 4.126 ns                ;
; N/A                                     ; 206.83 MHz ( period = 4.835 ns )                    ; cnt[1]       ; cnt[19]   ; clk        ; clk      ; None                        ; None                      ; 4.126 ns                ;
; N/A                                     ; 208.07 MHz ( period = 4.806 ns )                    ; cnt[3]       ; cnt[10]   ; clk        ; clk      ; None                        ; None                      ; 4.097 ns                ;
; N/A                                     ; 208.07 MHz ( period = 4.806 ns )                    ; cnt[3]       ; cnt[11]   ; clk        ; clk      ; None                        ; None                      ; 4.097 ns                ;
; N/A                                     ; 208.07 MHz ( period = 4.806 ns )                    ; cnt[3]       ; cnt[12]   ; clk        ; clk      ; None                        ; None                      ; 4.097 ns                ;
; N/A                                     ; 208.07 MHz ( period = 4.806 ns )                    ; cnt[3]       ; cnt[13]   ; clk        ; clk      ; None                        ; None                      ; 4.097 ns                ;
; N/A                                     ; 208.07 MHz ( period = 4.806 ns )                    ; cnt[3]       ; cnt[14]   ; clk        ; clk      ; None                        ; None                      ; 4.097 ns                ;
; N/A                                     ; 208.64 MHz ( period = 4.793 ns )                    ; cnt[3]       ; cnt[15]   ; clk        ; clk      ; None                        ; None                      ; 4.084 ns                ;
; N/A                                     ; 208.64 MHz ( period = 4.793 ns )                    ; cnt[3]       ; cnt[16]   ; clk        ; clk      ; None                        ; None                      ; 4.084 ns                ;
; N/A                                     ; 208.64 MHz ( period = 4.793 ns )                    ; cnt[3]       ; cnt[17]   ; clk        ; clk      ; None                        ; None                      ; 4.084 ns                ;
; N/A                                     ; 208.64 MHz ( period = 4.793 ns )                    ; cnt[3]       ; cnt[18]   ; clk        ; clk      ; None                        ; None                      ; 4.084 ns                ;
; N/A                                     ; 208.64 MHz ( period = 4.793 ns )                    ; cnt[3]       ; cnt[19]   ; clk        ; clk      ; None                        ; None                      ; 4.084 ns                ;
; Timing analysis restricted to 200 rows. ; To change the limit use Settings (Assignments menu) ;              ;           ;            ;          ;                             ;                           ;                         ;
+-----------------------------------------+-----------------------------------------------------+--------------+-----------+------------+----------+-----------------------------+---------------------------+-------------------------+


+-------------------------------------------------------------------+
; tsu                                                               ;
+-------+--------------+------------+-------+------------+----------+
; Slack ; Required tsu ; Actual tsu ; From  ; To         ; To Clock ;
+-------+--------------+------------+-------+------------+----------+
; N/A   ; None         ; 1.964 ns   ; sw2_n ; low_sw[1]  ; clk      ;
; N/A   ; None         ; 1.881 ns   ; sw3_n ; low_sw[2]  ; clk      ;
; N/A   ; None         ; 1.864 ns   ; sw1_n ; low_sw[0]  ; clk      ;
; N/A   ; None         ; 1.818 ns   ; sw3_n ; key_rst[2] ; clk      ;
; N/A   ; None         ; 1.788 ns   ; sw2_n ; key_rst[1] ; clk      ;
; N/A   ; None         ; 1.785 ns   ; sw1_n ; key_rst[0] ; clk      ;
+-------+--------------+------------+-------+------------+----------+


+----------------------------------------------------------------+
; tco                                                            ;
+-------+--------------+------------+------+--------+------------+
; Slack ; Required tco ; Actual tco ; From ; To     ; From Clock ;
+-------+--------------+------------+------+--------+------------+
; N/A   ; None         ; 8.762 ns   ; d1   ; led_d3 ; clk        ;
; N/A   ; None         ; 8.538 ns   ; d3   ; led_d1 ; clk        ;
; N/A   ; None         ; 8.477 ns   ; d2   ; led_d2 ; clk        ;
+-------+--------------+------------+------+--------+------------+


+-------------------------------------------------------------------------+
; th                                                                      ;
+---------------+-------------+-----------+-------+------------+----------+
; Minimum Slack ; Required th ; Actual th ; From  ; To         ; To Clock ;
+---------------+-------------+-----------+-------+------------+----------+
; N/A           ; None        ; -1.231 ns ; sw1_n ; key_rst[0] ; clk      ;
; N/A           ; None        ; -1.234 ns ; sw2_n ; key_rst[1] ; clk      ;
; N/A           ; None        ; -1.264 ns ; sw3_n ; key_rst[2] ; clk      ;
; N/A           ; None        ; -1.310 ns ; sw1_n ; low_sw[0]  ; clk      ;
; N/A           ; None        ; -1.327 ns ; sw3_n ; low_sw[2]  ; clk      ;
; N/A           ; None        ; -1.410 ns ; sw2_n ; low_sw[1]  ; clk      ;
+---------------+-------------+-----------+-------+------------+----------+


+--------------------------+
; Timing Analyzer Messages ;
+--------------------------+
Info: *******************************************************************
Info: Running Quartus II Classic Timing Analyzer
    Info: Version 9.0 Build 132 02/25/2009 SJ Full Version
    Info: Processing started: Fri Jul 31 22:25:04 2009
Info: Command: quartus_tan --read_settings_files=off --write_settings_files=off sw_debounce -c sw_debounce
Info: Parallel compilation is enabled and will use 2 of the 2 processors detected
Info: Started post-fitting delay annotation
Info: Delay annotation completed successfully
Warning: Found pins functioning as undefined clocks and/or memory enables
    Info: Assuming node "clk" is an undefined clock
Info: Clock "clk" has Internal fmax of 117.38 MHz between source register "cnt[0]" and destination register "low_sw[2]" (period= 8.519 ns)
    Info: + Longest register to register delay is 7.810 ns
        Info: 1: + IC(0.000 ns) + CELL(0.000 ns) = 0.000 ns; Loc. = LC_X4_Y1_N0; Fanout = 4; REG Node = 'cnt[0]'
        Info: 2: + IC(2.824 ns) + CELL(0.511 ns) = 3.335 ns; Loc. = LC_X2_Y2_N6; Fanout = 1; COMB Node = 'Equal0~0'
        Info: 3: + IC(0.765 ns) + CELL(0.511 ns) = 4.611 ns; Loc. = LC_X2_Y2_N7; Fanout = 1; COMB Node = 'Equal0~2'
        Info: 4: + IC(0.776 ns) + CELL(0.511 ns) = 5.898 ns; Loc. = LC_X2_Y2_N8; Fanout = 3; COMB Node = 'Equal0~6'
        Info: 5: + IC(0.669 ns) + CELL(1.243 ns) = 7.810 ns; Loc. = LC_X2_Y2_N0; Fanout = 2; REG Node = 'low_sw[2]'
        Info: Total cell delay = 2.776 ns ( 35.54 % )
        Info: Total interconnect delay = 5.034 ns ( 64.46 % )
    Info: - Smallest clock skew is 0.000 ns
        Info: + Shortest clock path from clock "clk" to destination register is 3.348 ns
            Info: 1: + IC(0.000 ns) + CELL(1.163 ns) = 1.163 ns; Loc. = PIN_12; Fanout = 35; CLK Node = 'clk'
            Info: 2: + IC(1.267 ns) + CELL(0.918 ns) = 3.348 ns; Loc. = LC_X2_Y2_N0; Fanout = 2; REG Node = 'low_sw[2]'
            Info: Total cell delay = 2.081 ns ( 62.16 % )
            Info: Total interconnect delay = 1.267 ns ( 37.84 % )
        Info: - Longest clock path from clock "clk" to source register is 3.348 ns
            Info: 1: + IC(0.000 ns) + CELL(1.163 ns) = 1.163 ns; Loc. = PIN_12; Fanout = 35; CLK Node = 'clk'
            Info: 2: + IC(1.267 ns) + CELL(0.918 ns) = 3.348 ns; Loc. = LC_X4_Y1_N0; Fanout = 4; REG Node = 'cnt[0]'
            Info: Total cell delay = 2.081 ns ( 62.16 % )
            Info: Total interconnect delay = 1.267 ns ( 37.84 % )
    Info: + Micro clock to output delay of source is 0.376 ns
    Info: + Micro setup delay of destination is 0.333 ns
Info: tsu for register "low_sw[1]" (data pin = "sw2_n", clock pin = "clk") is 1.964 ns
    Info: + Longest pin to register delay is 4.979 ns
        Info: 1: + IC(0.000 ns) + CELL(1.132 ns) = 1.132 ns; Loc. = PIN_39; Fanout = 2; PIN Node = 'sw2_n'
        Info: 2: + IC(2.786 ns) + CELL(1.061 ns) = 4.979 ns; Loc. = LC_X2_Y2_N9; Fanout = 2; REG Node = 'low_sw[1]'
        Info: Total cell delay = 2.193 ns ( 44.04 % )
        Info: Total interconnect delay = 2.786 ns ( 55.96 % )
    Info: + Micro setup delay of destination is 0.333 ns
    Info: - Shortest clock path from clock "clk" to destination register is 3.348 ns
        Info: 1: + IC(0.000 ns) + CELL(1.163 ns) = 1.163 ns; Loc. = PIN_12; Fanout = 35; CLK Node = 'clk'
        Info: 2: + IC(1.267 ns) + CELL(0.918 ns) = 3.348 ns; Loc. = LC_X2_Y2_N9; Fanout = 2; REG Node = 'low_sw[1]'
        Info: Total cell delay = 2.081 ns ( 62.16 % )
        Info: Total interconnect delay = 1.267 ns ( 37.84 % )
Info: tco from clock "clk" to destination pin "led_d3" through register "d1" is 8.762 ns
    Info: + Longest clock path from clock "clk" to source register is 3.348 ns
        Info: 1: + IC(0.000 ns) + CELL(1.163 ns) = 1.163 ns; Loc. = PIN_12; Fanout = 35; CLK Node = 'clk'
        Info: 2: + IC(1.267 ns) + CELL(0.918 ns) = 3.348 ns; Loc. = LC_X6_Y3_N2; Fanout = 2; REG Node = 'd1'
        Info: Total cell delay = 2.081 ns ( 62.16 % )
        Info: Total interconnect delay = 1.267 ns ( 37.84 % )
    Info: + Micro clock to output delay of source is 0.376 ns
    Info: + Longest register to pin delay is 5.038 ns
        Info: 1: + IC(0.000 ns) + CELL(0.000 ns) = 0.000 ns; Loc. = LC_X6_Y3_N2; Fanout = 2; REG Node = 'd1'
        Info: 2: + IC(2.716 ns) + CELL(2.322 ns) = 5.038 ns; Loc. = PIN_18; Fanout = 0; PIN Node = 'led_d3'
        Info: Total cell delay = 2.322 ns ( 46.09 % )
        Info: Total interconnect delay = 2.716 ns ( 53.91 % )
Info: th for register "key_rst[0]" (data pin = "sw1_n", clock pin = "clk") is -1.231 ns
    Info: + Longest clock path from clock "clk" to destination register is 3.348 ns
        Info: 1: + IC(0.000 ns) + CELL(1.163 ns) = 1.163 ns; Loc. = PIN_12; Fanout = 35; CLK Node = 'clk'
        Info: 2: + IC(1.267 ns) + CELL(0.918 ns) = 3.348 ns; Loc. = LC_X3_Y1_N3; Fanout = 2; REG Node = 'key_rst[0]'
        Info: Total cell delay = 2.081 ns ( 62.16 % )
        Info: Total interconnect delay = 1.267 ns ( 37.84 % )
    Info: + Micro hold delay of destination is 0.221 ns
    Info: - Shortest pin to register delay is 4.800 ns
        Info: 1: + IC(0.000 ns) + CELL(1.132 ns) = 1.132 ns; Loc. = PIN_37; Fanout = 2; PIN Node = 'sw1_n'
        Info: 2: + IC(2.607 ns) + CELL(1.061 ns) = 4.800 ns; Loc. = LC_X3_Y1_N3; Fanout = 2; REG Node = 'key_rst[0]'
        Info: Total cell delay = 2.193 ns ( 45.69 % )
        Info: Total interconnect delay = 2.607 ns ( 54.31 % )
Info: Quartus II Classic Timing Analyzer was successful. 0 errors, 1 warning
    Info: Peak virtual memory: 135 megabytes
    Info: Processing ended: Fri Jul 31 22:25:06 2009
    Info: Elapsed time: 00:00:02
    Info: Total CPU time (on all processors): 00:00:02


