Flow report for DS18B20
Mon Nov 28 08:41:08 2011
Quartus II Version 7.2 Build 151 09/26/2007 SJ Full Version


---------------------
; Table of Contents ;
---------------------
  1. Legal Notice
  2. Flow Summary
  3. Flow Settings
  4. Flow Non-Default Global Settings
  5. Flow Elapsed Time
  6. Flow Log



----------------
; Legal Notice ;
----------------
Copyright (C) 1991-2007 Altera Corporation
Your use of Altera Corporation's design tools, logic functions 
and other software and tools, and its AMPP partner logic 
functions, and any output files from any of the foregoing 
(including device programming or simulation files), and any 
associated documentation or information are expressly subject 
to the terms and conditions of the Altera Program License 
Subscription Agreement, Altera MegaCore Function License 
Agreement, or other applicable license agreement, including, 
without limitation, that your use is for the sole purpose of 
programming logic devices manufactured by Altera and sold by 
Altera or its authorized distributors.  Please refer to the 
applicable agreement for further details.



+---------------------------------------------------------------------+
; Flow Summary                                                        ;
+--------------------------+------------------------------------------+
; Flow Status              ; Successful - Mon Nov 28 08:41:07 2011    ;
; Quartus II Version       ; 7.2 Build 151 09/26/2007 SJ Full Version ;
; Revision Name            ; DS18B20                                  ;
; Top-level Entity Name    ; top                                      ;
; Family                   ; MAX II                                   ;
; Device                   ; EPM240T100C5                             ;
; Timing Models            ; Final                                    ;
; Met timing requirements  ; Yes                                      ;
; Total logic elements     ; 232 / 240 ( 97 % )                       ;
; Total pins               ; 11 / 80 ( 14 % )                         ;
; Total virtual pins       ; 0                                        ;
; Total memory bits        ; 0                                        ;
; DSP block 9-bit elements ; 0                                        ;
; Total PLLs               ; 0                                        ;
; Total DLLs               ; 0                                        ;
; UFM blocks               ; 0 / 1 ( 0 % )                            ;
+--------------------------+------------------------------------------+


+-----------------------------------------+
; Flow Settings                           ;
+-------------------+---------------------+
; Option            ; Setting             ;
+-------------------+---------------------+
; Start date & time ; 11/28/2011 08:40:52 ;
; Main task         ; Compilation         ;
; Revision Name     ; DS18B20             ;
+-------------------+---------------------+


+----------------------------------------------------------------------------------------------------------------+
; Flow Non-Default Global Settings                                                                               ;
+---------------------------------------+-----------------------------+---------------+-------------+------------+
; Assignment Name                       ; Value                       ; Default Value ; Entity Name ; Section Id ;
+---------------------------------------+-----------------------------+---------------+-------------+------------+
; MAXII_OPTIMIZATION_TECHNIQUE          ; Area                        ; Balanced      ; --          ; --         ;
; POWER_EXT_SUPPLY_VOLTAGE_TO_REGULATOR ; 3.3V                        ; --            ; --          ; --         ;
; POWER_PRESET_COOLING_SOLUTION         ; No Heat Sink With Still Air ; --            ; --          ; --         ;
; TOP_LEVEL_ENTITY                      ; top                         ; DS18B20       ; --          ; --         ;
; USE_GENERATED_PHYSICAL_CONSTRAINTS    ; Off                         ; --            ; --          ; eda_palace ;
+---------------------------------------+-----------------------------+---------------+-------------+------------+


+------------------------------------------------------------------+
; Flow Elapsed Time                                                ;
+-------------------------+--------------+-------------------------+
; Module Name             ; Elapsed Time ; Average Processors Used ;
+-------------------------+--------------+-------------------------+
; Analysis & Synthesis    ; 00:00:05     ; 1.0                     ;
; Fitter                  ; 00:00:04     ; 1.0                     ;
; Assembler               ; 00:00:01     ; 1.0                     ;
; Classic Timing Analyzer ; 00:00:01     ; 1.0                     ;
; Total                   ; 00:00:11     ; --                      ;
+-------------------------+--------------+-------------------------+


------------
; Flow Log ;
------------
quartus_map --read_settings_files=on --write_settings_files=off DS18B20 -c DS18B20
quartus_fit --read_settings_files=off --write_settings_files=off DS18B20 -c DS18B20
quartus_asm --read_settings_files=off --write_settings_files=off DS18B20 -c DS18B20
quartus_tan --read_settings_files=off --write_settings_files=off DS18B20 -c DS18B20



