Classic Timing Analyzer report for clkdiv
Fri Jul 31 20:18:57 2009
Quartus II Version 9.0 Build 132 02/25/2009 SJ Full Version


---------------------
; Table of Contents ;
---------------------
  1. Legal Notice
  2. Timing Analyzer Summary
  3. Timing Analyzer Settings
  4. Clock Settings Summary
  5. Parallel Compilation
  6. Clock Setup: 'clk'
  7. tco
  8. Timing Analyzer Messages



----------------
; Legal Notice ;
----------------
Copyright (C) 1991-2009 Altera Corporation
Your use of Altera Corporation's design tools, logic functions 
and other software and tools, and its AMPP partner logic 
functions, and any output files from any of the foregoing 
(including device programming or simulation files), and any 
associated documentation or information are expressly subject 
to the terms and conditions of the Altera Program License 
Subscription Agreement, Altera MegaCore Function License 
Agreement, or other applicable license agreement, including, 
without limitation, that your use is for the sole purpose of 
programming logic devices manufactured by Altera and sold by 
Altera or its authorized distributors.  Please refer to the 
applicable agreement for further details.



+--------------------------------------------------------------------------------------------------------------------------------------------------------+
; Timing Analyzer Summary                                                                                                                                ;
+------------------------------+-------+---------------+----------------------------------+-----------+-----------+------------+----------+--------------+
; Type                         ; Slack ; Required Time ; Actual Time                      ; From      ; To        ; From Clock ; To Clock ; Failed Paths ;
+------------------------------+-------+---------------+----------------------------------+-----------+-----------+------------+----------+--------------+
; Worst-case tco               ; N/A   ; None          ; 8.171 ns                         ; clk_div_r ; clk_div   ; clk        ; --       ; 0            ;
; Clock Setup: 'clk'           ; N/A   ; None          ; 158.18 MHz ( period = 6.322 ns ) ; cnt[3]    ; clk_div_r ; clk        ; clk      ; 0            ;
; Total number of failed paths ;       ;               ;                                  ;           ;           ;            ;          ; 0            ;
+------------------------------+-------+---------------+----------------------------------+-----------+-----------+------------+----------+--------------+


+--------------------------------------------------------------------------------------------------------------------+
; Timing Analyzer Settings                                                                                           ;
+---------------------------------------------------------------------+--------------------+------+----+-------------+
; Option                                                              ; Setting            ; From ; To ; Entity Name ;
+---------------------------------------------------------------------+--------------------+------+----+-------------+
; Device Name                                                         ; EPM240T100C5       ;      ;    ;             ;
; Timing Models                                                       ; Final              ;      ;    ;             ;
; Default hold multicycle                                             ; Same as Multicycle ;      ;    ;             ;
; Cut paths between unrelated clock domains                           ; On                 ;      ;    ;             ;
; Cut off read during write signal paths                              ; On                 ;      ;    ;             ;
; Cut off feedback from I/O pins                                      ; On                 ;      ;    ;             ;
; Report Combined Fast/Slow Timing                                    ; Off                ;      ;    ;             ;
; Ignore Clock Settings                                               ; Off                ;      ;    ;             ;
; Analyze latches as synchronous elements                             ; On                 ;      ;    ;             ;
; Enable Recovery/Removal analysis                                    ; Off                ;      ;    ;             ;
; Enable Clock Latency                                                ; Off                ;      ;    ;             ;
; Use TimeQuest Timing Analyzer                                       ; Off                ;      ;    ;             ;
; Number of source nodes to report per destination node               ; 10                 ;      ;    ;             ;
; Number of destination nodes to report                               ; 10                 ;      ;    ;             ;
; Number of paths to report                                           ; 200                ;      ;    ;             ;
; Report Minimum Timing Checks                                        ; Off                ;      ;    ;             ;
; Use Fast Timing Models                                              ; Off                ;      ;    ;             ;
; Report IO Paths Separately                                          ; Off                ;      ;    ;             ;
; Perform Multicorner Analysis                                        ; Off                ;      ;    ;             ;
; Reports the worst-case path for each clock domain and analysis      ; Off                ;      ;    ;             ;
; Removes common clock path pessimism (CCPP) during slack computation ; Off                ;      ;    ;             ;
; Output I/O Timing Endpoint                                          ; Near End           ;      ;    ;             ;
+---------------------------------------------------------------------+--------------------+------+----+-------------+


+------------------------------------------------------------------------------------------------------------------------------------------------------------------------------------+
; Clock Settings Summary                                                                                                                                                             ;
+-----------------+--------------------+----------+------------------+---------------+--------------+----------+-----------------------+---------------------+--------+--------------+
; Clock Node Name ; Clock Setting Name ; Type     ; Fmax Requirement ; Early Latency ; Late Latency ; Based on ; Multiply Base Fmax by ; Divide Base Fmax by ; Offset ; Phase offset ;
+-----------------+--------------------+----------+------------------+---------------+--------------+----------+-----------------------+---------------------+--------+--------------+
; clk             ;                    ; User Pin ; None             ; 0.000 ns      ; 0.000 ns     ; --       ; N/A                   ; N/A                 ; N/A    ;              ;
+-----------------+--------------------+----------+------------------+---------------+--------------+----------+-----------------------+---------------------+--------+--------------+


+------------------------------------------+
; Parallel Compilation                     ;
+----------------------------+-------------+
; Processors                 ; Number      ;
+----------------------------+-------------+
; Number detected on machine ; 2           ;
; Maximum allowed            ; 2           ;
;                            ;             ;
; Average used               ; 1.00        ;
; Maximum used               ; 1           ;
;                            ;             ;
; Usage by Processor         ; % Time Used ;
;     1 processor            ; 100.0%      ;
;     2 processors           ;   0.0%      ;
+----------------------------+-------------+


+---------------------------------------------------------------------------------------------------------------------------------------------------------------------------------------------------------------------------------+
; Clock Setup: 'clk'                                                                                                                                                                                                              ;
+-----------------------------------------+-----------------------------------------------------+---------+-----------+------------+----------+-----------------------------+---------------------------+-------------------------+
; Slack                                   ; Actual fmax (period)                                ; From    ; To        ; From Clock ; To Clock ; Required Setup Relationship ; Required Longest P2P Time ; Actual Longest P2P Time ;
+-----------------------------------------+-----------------------------------------------------+---------+-----------+------------+----------+-----------------------------+---------------------------+-------------------------+
; N/A                                     ; 158.18 MHz ( period = 6.322 ns )                    ; cnt[3]  ; clk_div_r ; clk        ; clk      ; None                        ; None                      ; 5.613 ns                ;
; N/A                                     ; 166.64 MHz ( period = 6.001 ns )                    ; cnt[0]  ; cnt[10]   ; clk        ; clk      ; None                        ; None                      ; 5.292 ns                ;
; N/A                                     ; 166.64 MHz ( period = 6.001 ns )                    ; cnt[0]  ; cnt[11]   ; clk        ; clk      ; None                        ; None                      ; 5.292 ns                ;
; N/A                                     ; 166.64 MHz ( period = 6.001 ns )                    ; cnt[0]  ; cnt[12]   ; clk        ; clk      ; None                        ; None                      ; 5.292 ns                ;
; N/A                                     ; 166.64 MHz ( period = 6.001 ns )                    ; cnt[0]  ; cnt[13]   ; clk        ; clk      ; None                        ; None                      ; 5.292 ns                ;
; N/A                                     ; 166.64 MHz ( period = 6.001 ns )                    ; cnt[0]  ; cnt[14]   ; clk        ; clk      ; None                        ; None                      ; 5.292 ns                ;
; N/A                                     ; 167.00 MHz ( period = 5.988 ns )                    ; cnt[0]  ; cnt[15]   ; clk        ; clk      ; None                        ; None                      ; 5.279 ns                ;
; N/A                                     ; 167.00 MHz ( period = 5.988 ns )                    ; cnt[0]  ; cnt[16]   ; clk        ; clk      ; None                        ; None                      ; 5.279 ns                ;
; N/A                                     ; 167.00 MHz ( period = 5.988 ns )                    ; cnt[0]  ; cnt[17]   ; clk        ; clk      ; None                        ; None                      ; 5.279 ns                ;
; N/A                                     ; 167.00 MHz ( period = 5.988 ns )                    ; cnt[0]  ; cnt[18]   ; clk        ; clk      ; None                        ; None                      ; 5.279 ns                ;
; N/A                                     ; 167.00 MHz ( period = 5.988 ns )                    ; cnt[0]  ; cnt[19]   ; clk        ; clk      ; None                        ; None                      ; 5.279 ns                ;
; N/A                                     ; 167.70 MHz ( period = 5.963 ns )                    ; cnt[7]  ; clk_div_r ; clk        ; clk      ; None                        ; None                      ; 5.254 ns                ;
; N/A                                     ; 167.84 MHz ( period = 5.958 ns )                    ; cnt[5]  ; clk_div_r ; clk        ; clk      ; None                        ; None                      ; 5.249 ns                ;
; N/A                                     ; 167.93 MHz ( period = 5.955 ns )                    ; cnt[2]  ; clk_div_r ; clk        ; clk      ; None                        ; None                      ; 5.246 ns                ;
; N/A                                     ; 169.32 MHz ( period = 5.906 ns )                    ; cnt[13] ; clk_div_r ; clk        ; clk      ; None                        ; None                      ; 5.197 ns                ;
; N/A                                     ; 169.46 MHz ( period = 5.901 ns )                    ; cnt[0]  ; clk_div_r ; clk        ; clk      ; None                        ; None                      ; 5.192 ns                ;
; N/A                                     ; 174.00 MHz ( period = 5.747 ns )                    ; cnt[6]  ; clk_div_r ; clk        ; clk      ; None                        ; None                      ; 5.038 ns                ;
; N/A                                     ; 174.22 MHz ( period = 5.740 ns )                    ; cnt[1]  ; clk_div_r ; clk        ; clk      ; None                        ; None                      ; 5.031 ns                ;
; N/A                                     ; 176.21 MHz ( period = 5.675 ns )                    ; cnt[17] ; clk_div_r ; clk        ; clk      ; None                        ; None                      ; 4.966 ns                ;
; N/A                                     ; 176.90 MHz ( period = 5.653 ns )                    ; cnt[15] ; clk_div_r ; clk        ; clk      ; None                        ; None                      ; 4.944 ns                ;
; N/A                                     ; 178.99 MHz ( period = 5.587 ns )                    ; cnt[14] ; clk_div_r ; clk        ; clk      ; None                        ; None                      ; 4.878 ns                ;
; N/A                                     ; 182.32 MHz ( period = 5.485 ns )                    ; cnt[19] ; clk_div_r ; clk        ; clk      ; None                        ; None                      ; 4.776 ns                ;
; N/A                                     ; 182.35 MHz ( period = 5.484 ns )                    ; cnt[4]  ; clk_div_r ; clk        ; clk      ; None                        ; None                      ; 4.775 ns                ;
; N/A                                     ; 182.82 MHz ( period = 5.470 ns )                    ; cnt[12] ; clk_div_r ; clk        ; clk      ; None                        ; None                      ; 4.761 ns                ;
; N/A                                     ; 185.43 MHz ( period = 5.393 ns )                    ; cnt[0]  ; cnt[5]    ; clk        ; clk      ; None                        ; None                      ; 4.684 ns                ;
; N/A                                     ; 185.43 MHz ( period = 5.393 ns )                    ; cnt[0]  ; cnt[6]    ; clk        ; clk      ; None                        ; None                      ; 4.684 ns                ;
; N/A                                     ; 185.43 MHz ( period = 5.393 ns )                    ; cnt[0]  ; cnt[7]    ; clk        ; clk      ; None                        ; None                      ; 4.684 ns                ;
; N/A                                     ; 185.43 MHz ( period = 5.393 ns )                    ; cnt[0]  ; cnt[8]    ; clk        ; clk      ; None                        ; None                      ; 4.684 ns                ;
; N/A                                     ; 185.43 MHz ( period = 5.393 ns )                    ; cnt[0]  ; cnt[9]    ; clk        ; clk      ; None                        ; None                      ; 4.684 ns                ;
; N/A                                     ; 193.12 MHz ( period = 5.178 ns )                    ; cnt[9]  ; clk_div_r ; clk        ; clk      ; None                        ; None                      ; 4.469 ns                ;
; N/A                                     ; 194.17 MHz ( period = 5.150 ns )                    ; cnt[16] ; clk_div_r ; clk        ; clk      ; None                        ; None                      ; 4.441 ns                ;
; N/A                                     ; 199.04 MHz ( period = 5.024 ns )                    ; cnt[6]  ; cnt[10]   ; clk        ; clk      ; None                        ; None                      ; 4.315 ns                ;
; N/A                                     ; 199.04 MHz ( period = 5.024 ns )                    ; cnt[6]  ; cnt[11]   ; clk        ; clk      ; None                        ; None                      ; 4.315 ns                ;
; N/A                                     ; 199.04 MHz ( period = 5.024 ns )                    ; cnt[6]  ; cnt[12]   ; clk        ; clk      ; None                        ; None                      ; 4.315 ns                ;
; N/A                                     ; 199.04 MHz ( period = 5.024 ns )                    ; cnt[6]  ; cnt[13]   ; clk        ; clk      ; None                        ; None                      ; 4.315 ns                ;
; N/A                                     ; 199.04 MHz ( period = 5.024 ns )                    ; cnt[6]  ; cnt[14]   ; clk        ; clk      ; None                        ; None                      ; 4.315 ns                ;
; N/A                                     ; 199.56 MHz ( period = 5.011 ns )                    ; cnt[6]  ; cnt[15]   ; clk        ; clk      ; None                        ; None                      ; 4.302 ns                ;
; N/A                                     ; 199.56 MHz ( period = 5.011 ns )                    ; cnt[6]  ; cnt[16]   ; clk        ; clk      ; None                        ; None                      ; 4.302 ns                ;
; N/A                                     ; 199.56 MHz ( period = 5.011 ns )                    ; cnt[6]  ; cnt[17]   ; clk        ; clk      ; None                        ; None                      ; 4.302 ns                ;
; N/A                                     ; 199.56 MHz ( period = 5.011 ns )                    ; cnt[6]  ; cnt[18]   ; clk        ; clk      ; None                        ; None                      ; 4.302 ns                ;
; N/A                                     ; 199.56 MHz ( period = 5.011 ns )                    ; cnt[6]  ; cnt[19]   ; clk        ; clk      ; None                        ; None                      ; 4.302 ns                ;
; N/A                                     ; 201.57 MHz ( period = 4.961 ns )                    ; cnt[11] ; clk_div_r ; clk        ; clk      ; None                        ; None                      ; 4.252 ns                ;
; N/A                                     ; 201.86 MHz ( period = 4.954 ns )                    ; cnt[5]  ; cnt[10]   ; clk        ; clk      ; None                        ; None                      ; 4.245 ns                ;
; N/A                                     ; 201.86 MHz ( period = 4.954 ns )                    ; cnt[5]  ; cnt[11]   ; clk        ; clk      ; None                        ; None                      ; 4.245 ns                ;
; N/A                                     ; 201.86 MHz ( period = 4.954 ns )                    ; cnt[5]  ; cnt[12]   ; clk        ; clk      ; None                        ; None                      ; 4.245 ns                ;
; N/A                                     ; 201.86 MHz ( period = 4.954 ns )                    ; cnt[5]  ; cnt[13]   ; clk        ; clk      ; None                        ; None                      ; 4.245 ns                ;
; N/A                                     ; 201.86 MHz ( period = 4.954 ns )                    ; cnt[5]  ; cnt[14]   ; clk        ; clk      ; None                        ; None                      ; 4.245 ns                ;
; N/A                                     ; 202.39 MHz ( period = 4.941 ns )                    ; cnt[5]  ; cnt[15]   ; clk        ; clk      ; None                        ; None                      ; 4.232 ns                ;
; N/A                                     ; 202.39 MHz ( period = 4.941 ns )                    ; cnt[5]  ; cnt[16]   ; clk        ; clk      ; None                        ; None                      ; 4.232 ns                ;
; N/A                                     ; 202.39 MHz ( period = 4.941 ns )                    ; cnt[5]  ; cnt[17]   ; clk        ; clk      ; None                        ; None                      ; 4.232 ns                ;
; N/A                                     ; 202.39 MHz ( period = 4.941 ns )                    ; cnt[5]  ; cnt[18]   ; clk        ; clk      ; None                        ; None                      ; 4.232 ns                ;
; N/A                                     ; 202.39 MHz ( period = 4.941 ns )                    ; cnt[5]  ; cnt[19]   ; clk        ; clk      ; None                        ; None                      ; 4.232 ns                ;
; N/A                                     ; 203.00 MHz ( period = 4.926 ns )                    ; cnt[0]  ; cnt[4]    ; clk        ; clk      ; None                        ; None                      ; 4.217 ns                ;
; N/A                                     ; 203.50 MHz ( period = 4.914 ns )                    ; cnt[4]  ; cnt[10]   ; clk        ; clk      ; None                        ; None                      ; 4.205 ns                ;
; N/A                                     ; 203.50 MHz ( period = 4.914 ns )                    ; cnt[4]  ; cnt[11]   ; clk        ; clk      ; None                        ; None                      ; 4.205 ns                ;
; N/A                                     ; 203.50 MHz ( period = 4.914 ns )                    ; cnt[4]  ; cnt[12]   ; clk        ; clk      ; None                        ; None                      ; 4.205 ns                ;
; N/A                                     ; 203.50 MHz ( period = 4.914 ns )                    ; cnt[4]  ; cnt[13]   ; clk        ; clk      ; None                        ; None                      ; 4.205 ns                ;
; N/A                                     ; 203.50 MHz ( period = 4.914 ns )                    ; cnt[4]  ; cnt[14]   ; clk        ; clk      ; None                        ; None                      ; 4.205 ns                ;
; N/A                                     ; 204.04 MHz ( period = 4.901 ns )                    ; cnt[4]  ; cnt[15]   ; clk        ; clk      ; None                        ; None                      ; 4.192 ns                ;
; N/A                                     ; 204.04 MHz ( period = 4.901 ns )                    ; cnt[4]  ; cnt[16]   ; clk        ; clk      ; None                        ; None                      ; 4.192 ns                ;
; N/A                                     ; 204.04 MHz ( period = 4.901 ns )                    ; cnt[4]  ; cnt[17]   ; clk        ; clk      ; None                        ; None                      ; 4.192 ns                ;
; N/A                                     ; 204.04 MHz ( period = 4.901 ns )                    ; cnt[4]  ; cnt[18]   ; clk        ; clk      ; None                        ; None                      ; 4.192 ns                ;
; N/A                                     ; 204.04 MHz ( period = 4.901 ns )                    ; cnt[4]  ; cnt[19]   ; clk        ; clk      ; None                        ; None                      ; 4.192 ns                ;
; N/A                                     ; 206.27 MHz ( period = 4.848 ns )                    ; cnt[1]  ; cnt[10]   ; clk        ; clk      ; None                        ; None                      ; 4.139 ns                ;
; N/A                                     ; 206.27 MHz ( period = 4.848 ns )                    ; cnt[1]  ; cnt[11]   ; clk        ; clk      ; None                        ; None                      ; 4.139 ns                ;
; N/A                                     ; 206.27 MHz ( period = 4.848 ns )                    ; cnt[1]  ; cnt[12]   ; clk        ; clk      ; None                        ; None                      ; 4.139 ns                ;
; N/A                                     ; 206.27 MHz ( period = 4.848 ns )                    ; cnt[1]  ; cnt[13]   ; clk        ; clk      ; None                        ; None                      ; 4.139 ns                ;
; N/A                                     ; 206.27 MHz ( period = 4.848 ns )                    ; cnt[1]  ; cnt[14]   ; clk        ; clk      ; None                        ; None                      ; 4.139 ns                ;
; N/A                                     ; 206.83 MHz ( period = 4.835 ns )                    ; cnt[1]  ; cnt[15]   ; clk        ; clk      ; None                        ; None                      ; 4.126 ns                ;
; N/A                                     ; 206.83 MHz ( period = 4.835 ns )                    ; cnt[1]  ; cnt[16]   ; clk        ; clk      ; None                        ; None                      ; 4.126 ns                ;
; N/A                                     ; 206.83 MHz ( period = 4.835 ns )                    ; cnt[1]  ; cnt[17]   ; clk        ; clk      ; None                        ; None                      ; 4.126 ns                ;
; N/A                                     ; 206.83 MHz ( period = 4.835 ns )                    ; cnt[1]  ; cnt[18]   ; clk        ; clk      ; None                        ; None                      ; 4.126 ns                ;
; N/A                                     ; 206.83 MHz ( period = 4.835 ns )                    ; cnt[1]  ; cnt[19]   ; clk        ; clk      ; None                        ; None                      ; 4.126 ns                ;
; N/A                                     ; 208.12 MHz ( period = 4.805 ns )                    ; cnt[8]  ; cnt[10]   ; clk        ; clk      ; None                        ; None                      ; 4.096 ns                ;
; N/A                                     ; 208.12 MHz ( period = 4.805 ns )                    ; cnt[8]  ; cnt[11]   ; clk        ; clk      ; None                        ; None                      ; 4.096 ns                ;
; N/A                                     ; 208.12 MHz ( period = 4.805 ns )                    ; cnt[8]  ; cnt[12]   ; clk        ; clk      ; None                        ; None                      ; 4.096 ns                ;
; N/A                                     ; 208.12 MHz ( period = 4.805 ns )                    ; cnt[8]  ; cnt[13]   ; clk        ; clk      ; None                        ; None                      ; 4.096 ns                ;
; N/A                                     ; 208.12 MHz ( period = 4.805 ns )                    ; cnt[8]  ; cnt[14]   ; clk        ; clk      ; None                        ; None                      ; 4.096 ns                ;
; N/A                                     ; 208.20 MHz ( period = 4.803 ns )                    ; cnt[0]  ; cnt[3]    ; clk        ; clk      ; None                        ; None                      ; 4.094 ns                ;
; N/A                                     ; 208.46 MHz ( period = 4.797 ns )                    ; cnt[3]  ; cnt[10]   ; clk        ; clk      ; None                        ; None                      ; 4.088 ns                ;
; N/A                                     ; 208.46 MHz ( period = 4.797 ns )                    ; cnt[3]  ; cnt[11]   ; clk        ; clk      ; None                        ; None                      ; 4.088 ns                ;
; N/A                                     ; 208.46 MHz ( period = 4.797 ns )                    ; cnt[3]  ; cnt[12]   ; clk        ; clk      ; None                        ; None                      ; 4.088 ns                ;
; N/A                                     ; 208.46 MHz ( period = 4.797 ns )                    ; cnt[3]  ; cnt[13]   ; clk        ; clk      ; None                        ; None                      ; 4.088 ns                ;
; N/A                                     ; 208.46 MHz ( period = 4.797 ns )                    ; cnt[3]  ; cnt[14]   ; clk        ; clk      ; None                        ; None                      ; 4.088 ns                ;
; N/A                                     ; 208.68 MHz ( period = 4.792 ns )                    ; cnt[8]  ; cnt[15]   ; clk        ; clk      ; None                        ; None                      ; 4.083 ns                ;
; N/A                                     ; 208.68 MHz ( period = 4.792 ns )                    ; cnt[8]  ; cnt[16]   ; clk        ; clk      ; None                        ; None                      ; 4.083 ns                ;
; N/A                                     ; 208.68 MHz ( period = 4.792 ns )                    ; cnt[8]  ; cnt[17]   ; clk        ; clk      ; None                        ; None                      ; 4.083 ns                ;
; N/A                                     ; 208.68 MHz ( period = 4.792 ns )                    ; cnt[8]  ; cnt[18]   ; clk        ; clk      ; None                        ; None                      ; 4.083 ns                ;
; N/A                                     ; 208.68 MHz ( period = 4.792 ns )                    ; cnt[8]  ; cnt[19]   ; clk        ; clk      ; None                        ; None                      ; 4.083 ns                ;
; N/A                                     ; 209.03 MHz ( period = 4.784 ns )                    ; cnt[3]  ; cnt[15]   ; clk        ; clk      ; None                        ; None                      ; 4.075 ns                ;
; N/A                                     ; 209.03 MHz ( period = 4.784 ns )                    ; cnt[3]  ; cnt[16]   ; clk        ; clk      ; None                        ; None                      ; 4.075 ns                ;
; N/A                                     ; 209.03 MHz ( period = 4.784 ns )                    ; cnt[3]  ; cnt[17]   ; clk        ; clk      ; None                        ; None                      ; 4.075 ns                ;
; N/A                                     ; 209.03 MHz ( period = 4.784 ns )                    ; cnt[3]  ; cnt[18]   ; clk        ; clk      ; None                        ; None                      ; 4.075 ns                ;
; N/A                                     ; 209.03 MHz ( period = 4.784 ns )                    ; cnt[3]  ; cnt[19]   ; clk        ; clk      ; None                        ; None                      ; 4.075 ns                ;
; N/A                                     ; 209.29 MHz ( period = 4.778 ns )                    ; cnt[8]  ; clk_div_r ; clk        ; clk      ; None                        ; None                      ; 4.069 ns                ;
; N/A                                     ; 210.26 MHz ( period = 4.756 ns )                    ; cnt[10] ; clk_div_r ; clk        ; clk      ; None                        ; None                      ; 4.047 ns                ;
; N/A                                     ; 211.64 MHz ( period = 4.725 ns )                    ; cnt[2]  ; cnt[10]   ; clk        ; clk      ; None                        ; None                      ; 4.016 ns                ;
; N/A                                     ; 211.64 MHz ( period = 4.725 ns )                    ; cnt[2]  ; cnt[11]   ; clk        ; clk      ; None                        ; None                      ; 4.016 ns                ;
; N/A                                     ; 211.64 MHz ( period = 4.725 ns )                    ; cnt[2]  ; cnt[12]   ; clk        ; clk      ; None                        ; None                      ; 4.016 ns                ;
; N/A                                     ; 211.64 MHz ( period = 4.725 ns )                    ; cnt[2]  ; cnt[13]   ; clk        ; clk      ; None                        ; None                      ; 4.016 ns                ;
; N/A                                     ; 211.64 MHz ( period = 4.725 ns )                    ; cnt[2]  ; cnt[14]   ; clk        ; clk      ; None                        ; None                      ; 4.016 ns                ;
; N/A                                     ; 212.22 MHz ( period = 4.712 ns )                    ; cnt[2]  ; cnt[15]   ; clk        ; clk      ; None                        ; None                      ; 4.003 ns                ;
; N/A                                     ; 212.22 MHz ( period = 4.712 ns )                    ; cnt[2]  ; cnt[16]   ; clk        ; clk      ; None                        ; None                      ; 4.003 ns                ;
; N/A                                     ; 212.22 MHz ( period = 4.712 ns )                    ; cnt[2]  ; cnt[17]   ; clk        ; clk      ; None                        ; None                      ; 4.003 ns                ;
; N/A                                     ; 212.22 MHz ( period = 4.712 ns )                    ; cnt[2]  ; cnt[18]   ; clk        ; clk      ; None                        ; None                      ; 4.003 ns                ;
; N/A                                     ; 212.22 MHz ( period = 4.712 ns )                    ; cnt[2]  ; cnt[19]   ; clk        ; clk      ; None                        ; None                      ; 4.003 ns                ;
; N/A                                     ; 212.77 MHz ( period = 4.700 ns )                    ; cnt[18] ; clk_div_r ; clk        ; clk      ; None                        ; None                      ; 3.991 ns                ;
; N/A                                     ; 213.68 MHz ( period = 4.680 ns )                    ; cnt[0]  ; cnt[2]    ; clk        ; clk      ; None                        ; None                      ; 3.971 ns                ;
; N/A                                     ; 222.42 MHz ( period = 4.496 ns )                    ; cnt[7]  ; cnt[10]   ; clk        ; clk      ; None                        ; None                      ; 3.787 ns                ;
; N/A                                     ; 222.42 MHz ( period = 4.496 ns )                    ; cnt[7]  ; cnt[11]   ; clk        ; clk      ; None                        ; None                      ; 3.787 ns                ;
; N/A                                     ; 222.42 MHz ( period = 4.496 ns )                    ; cnt[7]  ; cnt[12]   ; clk        ; clk      ; None                        ; None                      ; 3.787 ns                ;
; N/A                                     ; 222.42 MHz ( period = 4.496 ns )                    ; cnt[7]  ; cnt[13]   ; clk        ; clk      ; None                        ; None                      ; 3.787 ns                ;
; N/A                                     ; 222.42 MHz ( period = 4.496 ns )                    ; cnt[7]  ; cnt[14]   ; clk        ; clk      ; None                        ; None                      ; 3.787 ns                ;
; N/A                                     ; 223.06 MHz ( period = 4.483 ns )                    ; cnt[7]  ; cnt[15]   ; clk        ; clk      ; None                        ; None                      ; 3.774 ns                ;
; N/A                                     ; 223.06 MHz ( period = 4.483 ns )                    ; cnt[7]  ; cnt[16]   ; clk        ; clk      ; None                        ; None                      ; 3.774 ns                ;
; N/A                                     ; 223.06 MHz ( period = 4.483 ns )                    ; cnt[7]  ; cnt[17]   ; clk        ; clk      ; None                        ; None                      ; 3.774 ns                ;
; N/A                                     ; 223.06 MHz ( period = 4.483 ns )                    ; cnt[7]  ; cnt[18]   ; clk        ; clk      ; None                        ; None                      ; 3.774 ns                ;
; N/A                                     ; 223.06 MHz ( period = 4.483 ns )                    ; cnt[7]  ; cnt[19]   ; clk        ; clk      ; None                        ; None                      ; 3.774 ns                ;
; N/A                                     ; 229.73 MHz ( period = 4.353 ns )                    ; cnt[10] ; cnt[15]   ; clk        ; clk      ; None                        ; None                      ; 3.644 ns                ;
; N/A                                     ; 229.73 MHz ( period = 4.353 ns )                    ; cnt[10] ; cnt[16]   ; clk        ; clk      ; None                        ; None                      ; 3.644 ns                ;
; N/A                                     ; 229.73 MHz ( period = 4.353 ns )                    ; cnt[10] ; cnt[17]   ; clk        ; clk      ; None                        ; None                      ; 3.644 ns                ;
; N/A                                     ; 229.73 MHz ( period = 4.353 ns )                    ; cnt[10] ; cnt[18]   ; clk        ; clk      ; None                        ; None                      ; 3.644 ns                ;
; N/A                                     ; 229.73 MHz ( period = 4.353 ns )                    ; cnt[10] ; cnt[19]   ; clk        ; clk      ; None                        ; None                      ; 3.644 ns                ;
; N/A                                     ; 230.20 MHz ( period = 4.344 ns )                    ; cnt[9]  ; cnt[10]   ; clk        ; clk      ; None                        ; None                      ; 3.635 ns                ;
; N/A                                     ; 230.20 MHz ( period = 4.344 ns )                    ; cnt[9]  ; cnt[11]   ; clk        ; clk      ; None                        ; None                      ; 3.635 ns                ;
; N/A                                     ; 230.20 MHz ( period = 4.344 ns )                    ; cnt[9]  ; cnt[12]   ; clk        ; clk      ; None                        ; None                      ; 3.635 ns                ;
; N/A                                     ; 230.20 MHz ( period = 4.344 ns )                    ; cnt[9]  ; cnt[13]   ; clk        ; clk      ; None                        ; None                      ; 3.635 ns                ;
; N/A                                     ; 230.20 MHz ( period = 4.344 ns )                    ; cnt[9]  ; cnt[14]   ; clk        ; clk      ; None                        ; None                      ; 3.635 ns                ;
; N/A                                     ; 230.89 MHz ( period = 4.331 ns )                    ; cnt[9]  ; cnt[15]   ; clk        ; clk      ; None                        ; None                      ; 3.622 ns                ;
; N/A                                     ; 230.89 MHz ( period = 4.331 ns )                    ; cnt[9]  ; cnt[16]   ; clk        ; clk      ; None                        ; None                      ; 3.622 ns                ;
; N/A                                     ; 230.89 MHz ( period = 4.331 ns )                    ; cnt[9]  ; cnt[17]   ; clk        ; clk      ; None                        ; None                      ; 3.622 ns                ;
; N/A                                     ; 230.89 MHz ( period = 4.331 ns )                    ; cnt[9]  ; cnt[18]   ; clk        ; clk      ; None                        ; None                      ; 3.622 ns                ;
; N/A                                     ; 230.89 MHz ( period = 4.331 ns )                    ; cnt[9]  ; cnt[19]   ; clk        ; clk      ; None                        ; None                      ; 3.622 ns                ;
; N/A                                     ; 232.23 MHz ( period = 4.306 ns )                    ; cnt[4]  ; cnt[5]    ; clk        ; clk      ; None                        ; None                      ; 3.597 ns                ;
; N/A                                     ; 232.23 MHz ( period = 4.306 ns )                    ; cnt[4]  ; cnt[6]    ; clk        ; clk      ; None                        ; None                      ; 3.597 ns                ;
; N/A                                     ; 232.23 MHz ( period = 4.306 ns )                    ; cnt[4]  ; cnt[7]    ; clk        ; clk      ; None                        ; None                      ; 3.597 ns                ;
; N/A                                     ; 232.23 MHz ( period = 4.306 ns )                    ; cnt[4]  ; cnt[8]    ; clk        ; clk      ; None                        ; None                      ; 3.597 ns                ;
; N/A                                     ; 232.23 MHz ( period = 4.306 ns )                    ; cnt[4]  ; cnt[9]    ; clk        ; clk      ; None                        ; None                      ; 3.597 ns                ;
; N/A                                     ; 235.85 MHz ( period = 4.240 ns )                    ; cnt[1]  ; cnt[5]    ; clk        ; clk      ; None                        ; None                      ; 3.531 ns                ;
; N/A                                     ; 235.85 MHz ( period = 4.240 ns )                    ; cnt[1]  ; cnt[6]    ; clk        ; clk      ; None                        ; None                      ; 3.531 ns                ;
; N/A                                     ; 235.85 MHz ( period = 4.240 ns )                    ; cnt[1]  ; cnt[7]    ; clk        ; clk      ; None                        ; None                      ; 3.531 ns                ;
; N/A                                     ; 235.85 MHz ( period = 4.240 ns )                    ; cnt[1]  ; cnt[8]    ; clk        ; clk      ; None                        ; None                      ; 3.531 ns                ;
; N/A                                     ; 235.85 MHz ( period = 4.240 ns )                    ; cnt[1]  ; cnt[9]    ; clk        ; clk      ; None                        ; None                      ; 3.531 ns                ;
; N/A                                     ; 235.85 MHz ( period = 4.240 ns )                    ; cnt[11] ; cnt[15]   ; clk        ; clk      ; None                        ; None                      ; 3.531 ns                ;
; N/A                                     ; 235.85 MHz ( period = 4.240 ns )                    ; cnt[11] ; cnt[16]   ; clk        ; clk      ; None                        ; None                      ; 3.531 ns                ;
; N/A                                     ; 235.85 MHz ( period = 4.240 ns )                    ; cnt[11] ; cnt[17]   ; clk        ; clk      ; None                        ; None                      ; 3.531 ns                ;
; N/A                                     ; 235.85 MHz ( period = 4.240 ns )                    ; cnt[11] ; cnt[18]   ; clk        ; clk      ; None                        ; None                      ; 3.531 ns                ;
; N/A                                     ; 235.85 MHz ( period = 4.240 ns )                    ; cnt[11] ; cnt[19]   ; clk        ; clk      ; None                        ; None                      ; 3.531 ns                ;
; N/A                                     ; 238.21 MHz ( period = 4.198 ns )                    ; cnt[13] ; cnt[15]   ; clk        ; clk      ; None                        ; None                      ; 3.489 ns                ;
; N/A                                     ; 238.21 MHz ( period = 4.198 ns )                    ; cnt[13] ; cnt[16]   ; clk        ; clk      ; None                        ; None                      ; 3.489 ns                ;
; N/A                                     ; 238.21 MHz ( period = 4.198 ns )                    ; cnt[13] ; cnt[17]   ; clk        ; clk      ; None                        ; None                      ; 3.489 ns                ;
; N/A                                     ; 238.21 MHz ( period = 4.198 ns )                    ; cnt[13] ; cnt[18]   ; clk        ; clk      ; None                        ; None                      ; 3.489 ns                ;
; N/A                                     ; 238.21 MHz ( period = 4.198 ns )                    ; cnt[13] ; cnt[19]   ; clk        ; clk      ; None                        ; None                      ; 3.489 ns                ;
; N/A                                     ; 238.72 MHz ( period = 4.189 ns )                    ; cnt[3]  ; cnt[5]    ; clk        ; clk      ; None                        ; None                      ; 3.480 ns                ;
; N/A                                     ; 238.72 MHz ( period = 4.189 ns )                    ; cnt[3]  ; cnt[6]    ; clk        ; clk      ; None                        ; None                      ; 3.480 ns                ;
; N/A                                     ; 238.72 MHz ( period = 4.189 ns )                    ; cnt[3]  ; cnt[7]    ; clk        ; clk      ; None                        ; None                      ; 3.480 ns                ;
; N/A                                     ; 238.72 MHz ( period = 4.189 ns )                    ; cnt[3]  ; cnt[8]    ; clk        ; clk      ; None                        ; None                      ; 3.480 ns                ;
; N/A                                     ; 238.72 MHz ( period = 4.189 ns )                    ; cnt[3]  ; cnt[9]    ; clk        ; clk      ; None                        ; None                      ; 3.480 ns                ;
; N/A                                     ; 240.38 MHz ( period = 4.160 ns )                    ; cnt[6]  ; cnt[9]    ; clk        ; clk      ; None                        ; None                      ; 3.451 ns                ;
; N/A                                     ; 242.90 MHz ( period = 4.117 ns )                    ; cnt[2]  ; cnt[5]    ; clk        ; clk      ; None                        ; None                      ; 3.408 ns                ;
; N/A                                     ; 242.90 MHz ( period = 4.117 ns )                    ; cnt[2]  ; cnt[6]    ; clk        ; clk      ; None                        ; None                      ; 3.408 ns                ;
; N/A                                     ; 242.90 MHz ( period = 4.117 ns )                    ; cnt[2]  ; cnt[7]    ; clk        ; clk      ; None                        ; None                      ; 3.408 ns                ;
; N/A                                     ; 242.90 MHz ( period = 4.117 ns )                    ; cnt[2]  ; cnt[8]    ; clk        ; clk      ; None                        ; None                      ; 3.408 ns                ;
; N/A                                     ; 242.90 MHz ( period = 4.117 ns )                    ; cnt[2]  ; cnt[9]    ; clk        ; clk      ; None                        ; None                      ; 3.408 ns                ;
; N/A                                     ; 242.90 MHz ( period = 4.117 ns )                    ; cnt[12] ; cnt[15]   ; clk        ; clk      ; None                        ; None                      ; 3.408 ns                ;
; N/A                                     ; 242.90 MHz ( period = 4.117 ns )                    ; cnt[12] ; cnt[16]   ; clk        ; clk      ; None                        ; None                      ; 3.408 ns                ;
; N/A                                     ; 242.90 MHz ( period = 4.117 ns )                    ; cnt[12] ; cnt[17]   ; clk        ; clk      ; None                        ; None                      ; 3.408 ns                ;
; N/A                                     ; 242.90 MHz ( period = 4.117 ns )                    ; cnt[12] ; cnt[18]   ; clk        ; clk      ; None                        ; None                      ; 3.408 ns                ;
; N/A                                     ; 242.90 MHz ( period = 4.117 ns )                    ; cnt[12] ; cnt[19]   ; clk        ; clk      ; None                        ; None                      ; 3.408 ns                ;
; N/A                                     ; 243.37 MHz ( period = 4.109 ns )                    ; cnt[15] ; cnt[19]   ; clk        ; clk      ; None                        ; None                      ; 3.400 ns                ;
; N/A                                     ; 244.50 MHz ( period = 4.090 ns )                    ; cnt[5]  ; cnt[9]    ; clk        ; clk      ; None                        ; None                      ; 3.381 ns                ;
; N/A                                     ; 247.16 MHz ( period = 4.046 ns )                    ; cnt[14] ; cnt[15]   ; clk        ; clk      ; None                        ; None                      ; 3.337 ns                ;
; N/A                                     ; 247.16 MHz ( period = 4.046 ns )                    ; cnt[14] ; cnt[16]   ; clk        ; clk      ; None                        ; None                      ; 3.337 ns                ;
; N/A                                     ; 247.16 MHz ( period = 4.046 ns )                    ; cnt[14] ; cnt[17]   ; clk        ; clk      ; None                        ; None                      ; 3.337 ns                ;
; N/A                                     ; 247.16 MHz ( period = 4.046 ns )                    ; cnt[14] ; cnt[18]   ; clk        ; clk      ; None                        ; None                      ; 3.337 ns                ;
; N/A                                     ; 247.16 MHz ( period = 4.046 ns )                    ; cnt[14] ; cnt[19]   ; clk        ; clk      ; None                        ; None                      ; 3.337 ns                ;
; N/A                                     ; 247.71 MHz ( period = 4.037 ns )                    ; cnt[6]  ; cnt[8]    ; clk        ; clk      ; None                        ; None                      ; 3.328 ns                ;
; N/A                                     ; 250.82 MHz ( period = 3.987 ns )                    ; cnt[16] ; cnt[19]   ; clk        ; clk      ; None                        ; None                      ; 3.278 ns                ;
; N/A                                     ; 250.88 MHz ( period = 3.986 ns )                    ; cnt[15] ; cnt[18]   ; clk        ; clk      ; None                        ; None                      ; 3.277 ns                ;
; N/A                                     ; 252.08 MHz ( period = 3.967 ns )                    ; cnt[5]  ; cnt[8]    ; clk        ; clk      ; None                        ; None                      ; 3.258 ns                ;
; N/A                                     ; 253.74 MHz ( period = 3.941 ns )                    ; cnt[8]  ; cnt[9]    ; clk        ; clk      ; None                        ; None                      ; 3.232 ns                ;
; N/A                                     ; 255.49 MHz ( period = 3.914 ns )                    ; cnt[6]  ; cnt[7]    ; clk        ; clk      ; None                        ; None                      ; 3.205 ns                ;
; N/A                                     ; 257.33 MHz ( period = 3.886 ns )                    ; cnt[10] ; cnt[14]   ; clk        ; clk      ; None                        ; None                      ; 3.177 ns                ;
; N/A                                     ; 258.80 MHz ( period = 3.864 ns )                    ; cnt[16] ; cnt[18]   ; clk        ; clk      ; None                        ; None                      ; 3.155 ns                ;
; N/A                                     ; 258.87 MHz ( period = 3.863 ns )                    ; cnt[15] ; cnt[17]   ; clk        ; clk      ; None                        ; None                      ; 3.154 ns                ;
; N/A                                     ; 260.15 MHz ( period = 3.844 ns )                    ; cnt[5]  ; cnt[7]    ; clk        ; clk      ; None                        ; None                      ; 3.135 ns                ;
; N/A                                     ; 265.04 MHz ( period = 3.773 ns )                    ; cnt[1]  ; cnt[4]    ; clk        ; clk      ; None                        ; None                      ; 3.064 ns                ;
; N/A                                     ; 265.04 MHz ( period = 3.773 ns )                    ; cnt[11] ; cnt[14]   ; clk        ; clk      ; None                        ; None                      ; 3.064 ns                ;
; N/A                                     ; 265.75 MHz ( period = 3.763 ns )                    ; cnt[10] ; cnt[13]   ; clk        ; clk      ; None                        ; None                      ; 3.054 ns                ;
; N/A                                     ; 267.31 MHz ( period = 3.741 ns )                    ; cnt[16] ; cnt[17]   ; clk        ; clk      ; None                        ; None                      ; 3.032 ns                ;
; N/A                                     ; 267.38 MHz ( period = 3.740 ns )                    ; cnt[15] ; cnt[16]   ; clk        ; clk      ; None                        ; None                      ; 3.031 ns                ;
; N/A                                     ; 268.02 MHz ( period = 3.731 ns )                    ; cnt[13] ; cnt[14]   ; clk        ; clk      ; None                        ; None                      ; 3.022 ns                ;
; N/A                                     ; 268.02 MHz ( period = 3.731 ns )                    ; cnt[18] ; cnt[19]   ; clk        ; clk      ; None                        ; None                      ; 3.022 ns                ;
; N/A                                     ; 268.53 MHz ( period = 3.724 ns )                    ; cnt[0]  ; cnt[1]    ; clk        ; clk      ; None                        ; None                      ; 3.015 ns                ;
; N/A                                     ; 268.67 MHz ( period = 3.722 ns )                    ; cnt[3]  ; cnt[4]    ; clk        ; clk      ; None                        ; None                      ; 3.013 ns                ;
; N/A                                     ; 268.74 MHz ( period = 3.721 ns )                    ; cnt[5]  ; cnt[6]    ; clk        ; clk      ; None                        ; None                      ; 3.012 ns                ;
; N/A                                     ; 273.97 MHz ( period = 3.650 ns )                    ; cnt[1]  ; cnt[3]    ; clk        ; clk      ; None                        ; None                      ; 2.941 ns                ;
; N/A                                     ; 273.97 MHz ( period = 3.650 ns )                    ; cnt[2]  ; cnt[4]    ; clk        ; clk      ; None                        ; None                      ; 2.941 ns                ;
; N/A                                     ; 273.97 MHz ( period = 3.650 ns )                    ; cnt[11] ; cnt[13]   ; clk        ; clk      ; None                        ; None                      ; 2.941 ns                ;
; N/A                                     ; 273.97 MHz ( period = 3.650 ns )                    ; cnt[12] ; cnt[14]   ; clk        ; clk      ; None                        ; None                      ; 2.941 ns                ;
; Timing analysis restricted to 200 rows. ; To change the limit use Settings (Assignments menu) ;         ;           ;            ;          ;                             ;                           ;                         ;
+-----------------------------------------+-----------------------------------------------------+---------+-----------+------------+----------+-----------------------------+---------------------------+-------------------------+


+----------------------------------------------------------------------+
; tco                                                                  ;
+-------+--------------+------------+-----------+---------+------------+
; Slack ; Required tco ; Actual tco ; From      ; To      ; From Clock ;
+-------+--------------+------------+-----------+---------+------------+
; N/A   ; None         ; 8.171 ns   ; clk_div_r ; clk_div ; clk        ;
+-------+--------------+------------+-----------+---------+------------+


+--------------------------+
; Timing Analyzer Messages ;
+--------------------------+
Info: *******************************************************************
Info: Running Quartus II Classic Timing Analyzer
    Info: Version 9.0 Build 132 02/25/2009 SJ Full Version
    Info: Processing started: Fri Jul 31 20:18:55 2009
Info: Command: quartus_tan --read_settings_files=off --write_settings_files=off clkdiv -c clkdiv
Info: Parallel compilation is enabled and will use 2 of the 2 processors detected
Info: Started post-fitting delay annotation
Info: Delay annotation completed successfully
Warning: Found pins functioning as undefined clocks and/or memory enables
    Info: Assuming node "clk" is an undefined clock
Info: Clock "clk" has Internal fmax of 158.18 MHz between source register "cnt[3]" and destination register "clk_div_r" (period= 6.322 ns)
    Info: + Longest register to register delay is 5.613 ns
        Info: 1: + IC(0.000 ns) + CELL(0.000 ns) = 0.000 ns; Loc. = LC_X5_Y3_N3; Fanout = 4; REG Node = 'cnt[3]'
        Info: 2: + IC(2.901 ns) + CELL(0.200 ns) = 3.101 ns; Loc. = LC_X6_Y4_N3; Fanout = 1; COMB Node = 'Equal0~0'
        Info: 3: + IC(0.702 ns) + CELL(0.914 ns) = 4.717 ns; Loc. = LC_X6_Y4_N8; Fanout = 1; COMB Node = 'Equal0~4'
        Info: 4: + IC(0.305 ns) + CELL(0.591 ns) = 5.613 ns; Loc. = LC_X6_Y4_N9; Fanout = 2; REG Node = 'clk_div_r'
        Info: Total cell delay = 1.705 ns ( 30.38 % )
        Info: Total interconnect delay = 3.908 ns ( 69.62 % )
    Info: - Smallest clock skew is 0.000 ns
        Info: + Shortest clock path from clock "clk" to destination register is 3.348 ns
            Info: 1: + IC(0.000 ns) + CELL(1.163 ns) = 1.163 ns; Loc. = PIN_12; Fanout = 21; CLK Node = 'clk'
            Info: 2: + IC(1.267 ns) + CELL(0.918 ns) = 3.348 ns; Loc. = LC_X6_Y4_N9; Fanout = 2; REG Node = 'clk_div_r'
            Info: Total cell delay = 2.081 ns ( 62.16 % )
            Info: Total interconnect delay = 1.267 ns ( 37.84 % )
        Info: - Longest clock path from clock "clk" to source register is 3.348 ns
            Info: 1: + IC(0.000 ns) + CELL(1.163 ns) = 1.163 ns; Loc. = PIN_12; Fanout = 21; CLK Node = 'clk'
            Info: 2: + IC(1.267 ns) + CELL(0.918 ns) = 3.348 ns; Loc. = LC_X5_Y3_N3; Fanout = 4; REG Node = 'cnt[3]'
            Info: Total cell delay = 2.081 ns ( 62.16 % )
            Info: Total interconnect delay = 1.267 ns ( 37.84 % )
    Info: + Micro clock to output delay of source is 0.376 ns
    Info: + Micro setup delay of destination is 0.333 ns
Info: tco from clock "clk" to destination pin "clk_div" through register "clk_div_r" is 8.171 ns
    Info: + Longest clock path from clock "clk" to source register is 3.348 ns
        Info: 1: + IC(0.000 ns) + CELL(1.163 ns) = 1.163 ns; Loc. = PIN_12; Fanout = 21; CLK Node = 'clk'
        Info: 2: + IC(1.267 ns) + CELL(0.918 ns) = 3.348 ns; Loc. = LC_X6_Y4_N9; Fanout = 2; REG Node = 'clk_div_r'
        Info: Total cell delay = 2.081 ns ( 62.16 % )
        Info: Total interconnect delay = 1.267 ns ( 37.84 % )
    Info: + Micro clock to output delay of source is 0.376 ns
    Info: + Longest register to pin delay is 4.447 ns
        Info: 1: + IC(0.000 ns) + CELL(0.000 ns) = 0.000 ns; Loc. = LC_X6_Y4_N9; Fanout = 2; REG Node = 'clk_div_r'
        Info: 2: + IC(2.125 ns) + CELL(2.322 ns) = 4.447 ns; Loc. = PIN_41; Fanout = 0; PIN Node = 'clk_div'
        Info: Total cell delay = 2.322 ns ( 52.21 % )
        Info: Total interconnect delay = 2.125 ns ( 47.79 % )
Info: Quartus II Classic Timing Analyzer was successful. 0 errors, 1 warning
    Info: Peak virtual memory: 135 megabytes
    Info: Processing ended: Fri Jul 31 20:18:57 2009
    Info: Elapsed time: 00:00:02
    Info: Total CPU time (on all processors): 00:00:02


