Flow report for MAXII_PicoBlaze
Mon Jun 02 10:25:16 2008
Quartus II Version 7.0 Build 33 02/05/2007 SJ Full Version


---------------------
; Table of Contents ;
---------------------
  1. Legal Notice
  2. Flow Summary
  3. Flow Settings
  4. Flow Non-Default Global Settings
  5. Flow Elapsed Time
  6. Flow Log



----------------
; Legal Notice ;
----------------
Copyright (C) 1991-2007 Altera Corporation
Your use of Altera Corporation's design tools, logic functions 
and other software and tools, and its AMPP partner logic 
functions, and any output files from any of the foregoing 
(including device programming or simulation files), and any 
associated documentation or information are expressly subject 
to the terms and conditions of the Altera Program License 
Subscription Agreement, Altera MegaCore Function License 
Agreement, or other applicable license agreement, including, 
without limitation, that your use is for the sole purpose of 
programming logic devices manufactured by Altera and sold by 
Altera or its authorized distributors.  Please refer to the 
applicable agreement for further details.



+-------------------------------------------------------------------+
; Flow Summary                                                      ;
+-------------------------+-----------------------------------------+
; Flow Status             ; Successful - Mon Jun 02 10:25:16 2008   ;
; Quartus II Version      ; 7.0 Build 33 02/05/2007 SJ Full Version ;
; Revision Name           ; MAXII_PicoBlaze                         ;
; Top-level Entity Name   ; MAXII_PicoBlaze                         ;
; Family                  ; MAX II                                  ;
; Device                  ; EPM570T144C5                            ;
; Timing Models           ; Final                                   ;
; Met timing requirements ; Yes                                     ;
; Total logic elements    ; 364 / 570 ( 64 % )                      ;
; Total pins              ; 10 / 116 ( 9 % )                        ;
; Total virtual pins      ; 0                                       ;
; UFM blocks              ; 0 / 1 ( 0 % )                           ;
+-------------------------+-----------------------------------------+


+-----------------------------------------+
; Flow Settings                           ;
+-------------------+---------------------+
; Option            ; Setting             ;
+-------------------+---------------------+
; Start date & time ; 06/02/2008 10:24:59 ;
; Main task         ; Compilation         ;
; Revision Name     ; MAXII_PicoBlaze     ;
+-------------------+---------------------+


+--------------------------------------------------------------------+
; Flow Non-Default Global Settings                                   ;
+-----------------+-------+---------------+-------------+------------+
; Assignment Name ; Value ; Default Value ; Entity Name ; Section Id ;
+-----------------+-------+---------------+-------------+------------+


+----------------------------------------+
; Flow Elapsed Time                      ;
+-------------------------+--------------+
; Module Name             ; Elapsed Time ;
+-------------------------+--------------+
; Analysis & Synthesis    ; 00:00:03     ;
; Fitter                  ; 00:00:05     ;
; Assembler               ; 00:00:04     ;
; Classic Timing Analyzer ; 00:00:02     ;
; Total                   ; 00:00:14     ;
+-------------------------+--------------+


------------
; Flow Log ;
------------
quartus_map --read_settings_files=on --write_settings_files=off MAXII_PicoBlaze -c MAXII_PicoBlaze
quartus_fit --read_settings_files=off --write_settings_files=off MAXII_PicoBlaze -c MAXII_PicoBlaze
quartus_asm --read_settings_files=off --write_settings_files=off MAXII_PicoBlaze -c MAXII_PicoBlaze
quartus_tan --read_settings_files=off --write_settings_files=off MAXII_PicoBlaze -c MAXII_PicoBlaze



