Assembler report for uartfifo
Mon Aug 31 14:31:43 2009
Quartus II Version 9.0 Build 132 02/25/2009 SJ Full Version


---------------------
; Table of Contents ;
---------------------
  1. Legal Notice
  2. Assembler Summary
  3. Assembler Settings
  4. Assembler Generated Files
  5. Assembler Device Options: E:/xjwjj/SF-EP1CV3_ex/verilog_prj/ex3_4_rs232/uartfifo/uartfifo.sof
  6. Assembler Device Options: E:/xjwjj/SF-EP1CV3_ex/verilog_prj/ex3_4_rs232/uartfifo/uartfifo.pof
  7. Assembler Messages



----------------
; Legal Notice ;
----------------
Copyright (C) 1991-2009 Altera Corporation
Your use of Altera Corporation's design tools, logic functions 
and other software and tools, and its AMPP partner logic 
functions, and any output files from any of the foregoing 
(including device programming or simulation files), and any 
associated documentation or information are expressly subject 
to the terms and conditions of the Altera Program License 
Subscription Agreement, Altera MegaCore Function License 
Agreement, or other applicable license agreement, including, 
without limitation, that your use is for the sole purpose of 
programming logic devices manufactured by Altera and sold by 
Altera or its authorized distributors.  Please refer to the 
applicable agreement for further details.



+---------------------------------------------------------------+
; Assembler Summary                                             ;
+-----------------------+---------------------------------------+
; Assembler Status      ; Successful - Mon Aug 31 14:31:43 2009 ;
; Revision Name         ; uartfifo                              ;
; Top-level Entity Name ; uartfifo                              ;
; Family                ; Cyclone                               ;
; Device                ; EP1C3T144C8                           ;
+-----------------------+---------------------------------------+


+--------------------------------------------------------------------------------------------------------+
; Assembler Settings                                                                                     ;
+-----------------------------------------------------------------------------+----------+---------------+
; Option                                                                      ; Setting  ; Default Value ;
+-----------------------------------------------------------------------------+----------+---------------+
; Use smart compilation                                                       ; Off      ; Off           ;
; Generate compressed bitstreams                                              ; On       ; On            ;
; Compression mode                                                            ; Off      ; Off           ;
; Clock source for configuration device                                       ; Internal ; Internal      ;
; Clock frequency of the configuration device                                 ; 10 MHZ   ; 10 MHz        ;
; Divide clock frequency by                                                   ; 1        ; 1             ;
; Auto user code                                                              ; Off      ; Off           ;
; Use configuration device                                                    ; On       ; On            ;
; Configuration device                                                        ; Auto     ; Auto          ;
; Configuration device auto user code                                         ; Off      ; Off           ;
; Auto-increment JTAG user code for multiple configuration devices            ; On       ; On            ;
; Generate Tabular Text File (.ttf) For Target Device                         ; Off      ; Off           ;
; Generate Raw Binary File (.rbf) For Target Device                           ; Off      ; Off           ;
; Generate Hexadecimal (Intel-Format) Output File (.hexout) for Target Device ; Off      ; Off           ;
; Hexadecimal Output File start address                                       ; 0        ; 0             ;
; Hexadecimal Output File count direction                                     ; Up       ; Up            ;
; Release clears before tri-states                                            ; Off      ; Off           ;
; Auto-restart configuration after error                                      ; On       ; On            ;
; Generate Serial Vector Format File (.svf) for Target Device                 ; Off      ; Off           ;
; Generate a JEDEC STAPL Format File (.jam) for Target Device                 ; Off      ; Off           ;
; Generate a compressed Jam STAPL Byte Code 2.0 File (.jbc) for Target Device ; Off      ; Off           ;
; Generate a compressed Jam STAPL Byte Code 2.0 File (.jbc) for Target Device ; On       ; On            ;
+-----------------------------------------------------------------------------+----------+---------------+


+---------------------------------------------------------------------+
; Assembler Generated Files                                           ;
+---------------------------------------------------------------------+
; File Name                                                           ;
+---------------------------------------------------------------------+
; E:/xjwjj/SF-EP1CV3_ex/verilog_prj/ex3_4_rs232/uartfifo/uartfifo.sof ;
; E:/xjwjj/SF-EP1CV3_ex/verilog_prj/ex3_4_rs232/uartfifo/uartfifo.pof ;
+---------------------------------------------------------------------+


+-----------------------------------------------------------------------------------------------+
; Assembler Device Options: E:/xjwjj/SF-EP1CV3_ex/verilog_prj/ex3_4_rs232/uartfifo/uartfifo.sof ;
+----------------+------------------------------------------------------------------------------+
; Option         ; Setting                                                                      ;
+----------------+------------------------------------------------------------------------------+
; Device         ; EP1C3T144C8                                                                  ;
; JTAG usercode  ; 0xFFFFFFFF                                                                   ;
; Checksum       ; 0x00059ED5                                                                   ;
+----------------+------------------------------------------------------------------------------+


+-----------------------------------------------------------------------------------------------+
; Assembler Device Options: E:/xjwjj/SF-EP1CV3_ex/verilog_prj/ex3_4_rs232/uartfifo/uartfifo.pof ;
+--------------------+--------------------------------------------------------------------------+
; Option             ; Setting                                                                  ;
+--------------------+--------------------------------------------------------------------------+
; Device             ; EPCS1                                                                    ;
; JTAG usercode      ; 0x00000000                                                               ;
; Checksum           ; 0x01A8A69B                                                               ;
; Compression Ratio  ; 2                                                                        ;
+--------------------+--------------------------------------------------------------------------+


+--------------------+
; Assembler Messages ;
+--------------------+
Info: *******************************************************************
Info: Running Quartus II Assembler
    Info: Version 9.0 Build 132 02/25/2009 SJ Full Version
    Info: Processing started: Mon Aug 31 14:31:39 2009
Info: Command: quartus_asm --read_settings_files=off --write_settings_files=off uartfifo -c uartfifo
Info: Assembler is generating device programming files
Info: Quartus II Assembler was successful. 0 errors, 0 warnings
    Info: Peak virtual memory: 150 megabytes
    Info: Processing ended: Mon Aug 31 14:31:43 2009
    Info: Elapsed time: 00:00:04
    Info: Total CPU time (on all processors): 00:00:04


