TimeQuest Timing Analyzer report for uartfifo
Mon Aug 31 14:31:48 2009
Quartus II Version 9.0 Build 132 02/25/2009 SJ Full Version


---------------------
; Table of Contents ;
---------------------
  1. Legal Notice
  2. TimeQuest Timing Analyzer Summary
  3. Parallel Compilation
  4. Clocks
  5. Fmax Summary
  6. Setup Summary
  7. Hold Summary
  8. Recovery Summary
  9. Removal Summary
 10. Minimum Pulse Width
 11. Clock to Output Times
 12. Minimum Clock to Output Times
 13. Setup Transfers
 14. Hold Transfers
 15. Report TCCS
 16. Report RSKM
 17. Unconstrained Paths
 18. TimeQuest Timing Analyzer Messages



----------------
; Legal Notice ;
----------------
Copyright (C) 1991-2009 Altera Corporation
Your use of Altera Corporation's design tools, logic functions 
and other software and tools, and its AMPP partner logic 
functions, and any output files from any of the foregoing 
(including device programming or simulation files), and any 
associated documentation or information are expressly subject 
to the terms and conditions of the Altera Program License 
Subscription Agreement, Altera MegaCore Function License 
Agreement, or other applicable license agreement, including, 
without limitation, that your use is for the sole purpose of 
programming logic devices manufactured by Altera and sold by 
Altera or its authorized distributors.  Please refer to the 
applicable agreement for further details.



+-----------------------------------------------------------------------+
; TimeQuest Timing Analyzer Summary                                     ;
+--------------------+--------------------------------------------------+
; Quartus II Version ; Version 9.0 Build 132 02/25/2009 SJ Full Version ;
; Revision Name      ; uartfifo                                         ;
; Device Family      ; Cyclone                                          ;
; Device Name        ; EP1C3T144C8                                      ;
; Timing Models      ; Final                                            ;
; Delay Model        ; Slow Model                                       ;
; Rise/Fall Delays   ; Unavailable                                      ;
+--------------------+--------------------------------------------------+


+------------------------------------------+
; Parallel Compilation                     ;
+----------------------------+-------------+
; Processors                 ; Number      ;
+----------------------------+-------------+
; Number detected on machine ; 2           ;
; Maximum allowed            ; 2           ;
;                            ;             ;
; Average used               ; 1.00        ;
; Maximum used               ; 1           ;
;                            ;             ;
; Usage by Processor         ; % Time Used ;
;     1 processor            ; 100.0%      ;
;     2 processors           ;   0.0%      ;
+----------------------------+-------------+


+---------------------------------------------------------------------------------------------------------------------------------------------------------------------------------+
; Clocks                                                                                                                                                                          ;
+------------+------+--------+------------+-------+-------+------------+-----------+-------------+-------+--------+-----------+------------+----------+--------+--------+---------+
; Clock Name ; Type ; Period ; Frequency  ; Rise  ; Fall  ; Duty Cycle ; Divide by ; Multiply by ; Phase ; Offset ; Edge List ; Edge Shift ; Inverted ; Master ; Source ; Targets ;
+------------+------+--------+------------+-------+-------+------------+-----------+-------------+-------+--------+-----------+------------+----------+--------+--------+---------+
; clk        ; Base ; 1.000  ; 1000.0 MHz ; 0.000 ; 0.500 ;            ;           ;             ;       ;        ;           ;            ;          ;        ;        ; { clk } ;
+------------+------+--------+------------+-------+-------+------------+-----------+-------------+-------+--------+-----------+------------+----------+--------+--------+---------+


+--------------------------------------------------+
; Fmax Summary                                     ;
+------------+-----------------+------------+------+
; Fmax       ; Restricted Fmax ; Clock Name ; Note ;
+------------+-----------------+------------+------+
; 113.87 MHz ; 113.87 MHz      ; clk        ;      ;
+------------+-----------------+------------+------+
This panel reports FMAX for every clock in the design, regardless of the user-specified clock periods.  FMAX is only computed for paths where the source and destination registers or ports are driven by the same clock.  Paths of different clocks, including generated clocks, are ignored.  For paths between a clock and its inversion, FMAX is computed as if the rising and falling edges are scaled along with FMAX, such that the duty cycle (in terms of a percentage) is maintained. Altera recommends that you always use clock constraints and other slack reports for sign-off analysis.


+--------------------------------+
; Setup Summary                  ;
+-------+--------+---------------+
; Clock ; Slack  ; End Point TNS ;
+-------+--------+---------------+
; clk   ; -7.782 ; -496.548      ;
+-------+--------+---------------+


+-------------------------------+
; Hold Summary                  ;
+-------+-------+---------------+
; Clock ; Slack ; End Point TNS ;
+-------+-------+---------------+
; clk   ; 1.037 ; 0.000         ;
+-------+-------+---------------+


--------------------
; Recovery Summary ;
--------------------
No paths to report.


-------------------
; Removal Summary ;
-------------------
No paths to report.


+--------------------------------------------------------------------------------------------------------------------------------------------------------------------------------------------------------------------------------------+
; Minimum Pulse Width                                                                                                                                                                                                                  ;
+--------+--------------+----------------+------------------+-------+------------+-----------------------------------------------------------------------------------------------------------------------------------------------------+
; Slack  ; Actual Width ; Required Width ; Type             ; Clock ; Clock Edge ; Target                                                                                                                                              ;
+--------+--------------+----------------+------------------+-------+------------+-----------------------------------------------------------------------------------------------------------------------------------------------------+
; -1.583 ; 1.000        ; 2.583          ; Port Rate        ; clk   ; Rise       ; clk                                                                                                                                                 ;
; -1.318 ; 0.500        ; 1.818          ; High Pulse Width ; clk   ; Rise       ; datagene:uut_datagene|cntwr[0]                                                                                                                      ;
; -1.318 ; 0.500        ; 1.818          ; Low Pulse Width  ; clk   ; Rise       ; datagene:uut_datagene|cntwr[0]                                                                                                                      ;
; -1.318 ; 0.500        ; 1.818          ; High Pulse Width ; clk   ; Rise       ; datagene:uut_datagene|cntwr[10]                                                                                                                     ;
; -1.318 ; 0.500        ; 1.818          ; Low Pulse Width  ; clk   ; Rise       ; datagene:uut_datagene|cntwr[10]                                                                                                                     ;
; -1.318 ; 0.500        ; 1.818          ; High Pulse Width ; clk   ; Rise       ; datagene:uut_datagene|cntwr[11]                                                                                                                     ;
; -1.318 ; 0.500        ; 1.818          ; Low Pulse Width  ; clk   ; Rise       ; datagene:uut_datagene|cntwr[11]                                                                                                                     ;
; -1.318 ; 0.500        ; 1.818          ; High Pulse Width ; clk   ; Rise       ; datagene:uut_datagene|cntwr[12]                                                                                                                     ;
; -1.318 ; 0.500        ; 1.818          ; Low Pulse Width  ; clk   ; Rise       ; datagene:uut_datagene|cntwr[12]                                                                                                                     ;
; -1.318 ; 0.500        ; 1.818          ; High Pulse Width ; clk   ; Rise       ; datagene:uut_datagene|cntwr[13]                                                                                                                     ;
; -1.318 ; 0.500        ; 1.818          ; Low Pulse Width  ; clk   ; Rise       ; datagene:uut_datagene|cntwr[13]                                                                                                                     ;
; -1.318 ; 0.500        ; 1.818          ; High Pulse Width ; clk   ; Rise       ; datagene:uut_datagene|cntwr[14]                                                                                                                     ;
; -1.318 ; 0.500        ; 1.818          ; Low Pulse Width  ; clk   ; Rise       ; datagene:uut_datagene|cntwr[14]                                                                                                                     ;
; -1.318 ; 0.500        ; 1.818          ; High Pulse Width ; clk   ; Rise       ; datagene:uut_datagene|cntwr[15]                                                                                                                     ;
; -1.318 ; 0.500        ; 1.818          ; Low Pulse Width  ; clk   ; Rise       ; datagene:uut_datagene|cntwr[15]                                                                                                                     ;
; -1.318 ; 0.500        ; 1.818          ; High Pulse Width ; clk   ; Rise       ; datagene:uut_datagene|cntwr[16]                                                                                                                     ;
; -1.318 ; 0.500        ; 1.818          ; Low Pulse Width  ; clk   ; Rise       ; datagene:uut_datagene|cntwr[16]                                                                                                                     ;
; -1.318 ; 0.500        ; 1.818          ; High Pulse Width ; clk   ; Rise       ; datagene:uut_datagene|cntwr[17]                                                                                                                     ;
; -1.318 ; 0.500        ; 1.818          ; Low Pulse Width  ; clk   ; Rise       ; datagene:uut_datagene|cntwr[17]                                                                                                                     ;
; -1.318 ; 0.500        ; 1.818          ; High Pulse Width ; clk   ; Rise       ; datagene:uut_datagene|cntwr[18]                                                                                                                     ;
; -1.318 ; 0.500        ; 1.818          ; Low Pulse Width  ; clk   ; Rise       ; datagene:uut_datagene|cntwr[18]                                                                                                                     ;
; -1.318 ; 0.500        ; 1.818          ; High Pulse Width ; clk   ; Rise       ; datagene:uut_datagene|cntwr[19]                                                                                                                     ;
; -1.318 ; 0.500        ; 1.818          ; Low Pulse Width  ; clk   ; Rise       ; datagene:uut_datagene|cntwr[19]                                                                                                                     ;
; -1.318 ; 0.500        ; 1.818          ; High Pulse Width ; clk   ; Rise       ; datagene:uut_datagene|cntwr[1]                                                                                                                      ;
; -1.318 ; 0.500        ; 1.818          ; Low Pulse Width  ; clk   ; Rise       ; datagene:uut_datagene|cntwr[1]                                                                                                                      ;
; -1.318 ; 0.500        ; 1.818          ; High Pulse Width ; clk   ; Rise       ; datagene:uut_datagene|cntwr[20]                                                                                                                     ;
; -1.318 ; 0.500        ; 1.818          ; Low Pulse Width  ; clk   ; Rise       ; datagene:uut_datagene|cntwr[20]                                                                                                                     ;
; -1.318 ; 0.500        ; 1.818          ; High Pulse Width ; clk   ; Rise       ; datagene:uut_datagene|cntwr[21]                                                                                                                     ;
; -1.318 ; 0.500        ; 1.818          ; Low Pulse Width  ; clk   ; Rise       ; datagene:uut_datagene|cntwr[21]                                                                                                                     ;
; -1.318 ; 0.500        ; 1.818          ; High Pulse Width ; clk   ; Rise       ; datagene:uut_datagene|cntwr[22]                                                                                                                     ;
; -1.318 ; 0.500        ; 1.818          ; Low Pulse Width  ; clk   ; Rise       ; datagene:uut_datagene|cntwr[22]                                                                                                                     ;
; -1.318 ; 0.500        ; 1.818          ; High Pulse Width ; clk   ; Rise       ; datagene:uut_datagene|cntwr[23]                                                                                                                     ;
; -1.318 ; 0.500        ; 1.818          ; Low Pulse Width  ; clk   ; Rise       ; datagene:uut_datagene|cntwr[23]                                                                                                                     ;
; -1.318 ; 0.500        ; 1.818          ; High Pulse Width ; clk   ; Rise       ; datagene:uut_datagene|cntwr[24]                                                                                                                     ;
; -1.318 ; 0.500        ; 1.818          ; Low Pulse Width  ; clk   ; Rise       ; datagene:uut_datagene|cntwr[24]                                                                                                                     ;
; -1.318 ; 0.500        ; 1.818          ; High Pulse Width ; clk   ; Rise       ; datagene:uut_datagene|cntwr[2]                                                                                                                      ;
; -1.318 ; 0.500        ; 1.818          ; Low Pulse Width  ; clk   ; Rise       ; datagene:uut_datagene|cntwr[2]                                                                                                                      ;
; -1.318 ; 0.500        ; 1.818          ; High Pulse Width ; clk   ; Rise       ; datagene:uut_datagene|cntwr[3]                                                                                                                      ;
; -1.318 ; 0.500        ; 1.818          ; Low Pulse Width  ; clk   ; Rise       ; datagene:uut_datagene|cntwr[3]                                                                                                                      ;
; -1.318 ; 0.500        ; 1.818          ; High Pulse Width ; clk   ; Rise       ; datagene:uut_datagene|cntwr[4]                                                                                                                      ;
; -1.318 ; 0.500        ; 1.818          ; Low Pulse Width  ; clk   ; Rise       ; datagene:uut_datagene|cntwr[4]                                                                                                                      ;
; -1.318 ; 0.500        ; 1.818          ; High Pulse Width ; clk   ; Rise       ; datagene:uut_datagene|cntwr[5]                                                                                                                      ;
; -1.318 ; 0.500        ; 1.818          ; Low Pulse Width  ; clk   ; Rise       ; datagene:uut_datagene|cntwr[5]                                                                                                                      ;
; -1.318 ; 0.500        ; 1.818          ; High Pulse Width ; clk   ; Rise       ; datagene:uut_datagene|cntwr[6]                                                                                                                      ;
; -1.318 ; 0.500        ; 1.818          ; Low Pulse Width  ; clk   ; Rise       ; datagene:uut_datagene|cntwr[6]                                                                                                                      ;
; -1.318 ; 0.500        ; 1.818          ; High Pulse Width ; clk   ; Rise       ; datagene:uut_datagene|cntwr[7]                                                                                                                      ;
; -1.318 ; 0.500        ; 1.818          ; Low Pulse Width  ; clk   ; Rise       ; datagene:uut_datagene|cntwr[7]                                                                                                                      ;
; -1.318 ; 0.500        ; 1.818          ; High Pulse Width ; clk   ; Rise       ; datagene:uut_datagene|cntwr[8]                                                                                                                      ;
; -1.318 ; 0.500        ; 1.818          ; Low Pulse Width  ; clk   ; Rise       ; datagene:uut_datagene|cntwr[8]                                                                                                                      ;
; -1.318 ; 0.500        ; 1.818          ; High Pulse Width ; clk   ; Rise       ; datagene:uut_datagene|cntwr[9]                                                                                                                      ;
; -1.318 ; 0.500        ; 1.818          ; Low Pulse Width  ; clk   ; Rise       ; datagene:uut_datagene|cntwr[9]                                                                                                                      ;
; -1.318 ; 0.500        ; 1.818          ; High Pulse Width ; clk   ; Rise       ; datagene:uut_datagene|wrf_dinr[0]                                                                                                                   ;
; -1.318 ; 0.500        ; 1.818          ; Low Pulse Width  ; clk   ; Rise       ; datagene:uut_datagene|wrf_dinr[0]                                                                                                                   ;
; -1.318 ; 0.500        ; 1.818          ; High Pulse Width ; clk   ; Rise       ; datagene:uut_datagene|wrf_dinr[1]                                                                                                                   ;
; -1.318 ; 0.500        ; 1.818          ; Low Pulse Width  ; clk   ; Rise       ; datagene:uut_datagene|wrf_dinr[1]                                                                                                                   ;
; -1.318 ; 0.500        ; 1.818          ; High Pulse Width ; clk   ; Rise       ; datagene:uut_datagene|wrf_dinr[2]                                                                                                                   ;
; -1.318 ; 0.500        ; 1.818          ; Low Pulse Width  ; clk   ; Rise       ; datagene:uut_datagene|wrf_dinr[2]                                                                                                                   ;
; -1.318 ; 0.500        ; 1.818          ; High Pulse Width ; clk   ; Rise       ; datagene:uut_datagene|wrf_dinr[3]                                                                                                                   ;
; -1.318 ; 0.500        ; 1.818          ; Low Pulse Width  ; clk   ; Rise       ; datagene:uut_datagene|wrf_dinr[3]                                                                                                                   ;
; -1.318 ; 0.500        ; 1.818          ; High Pulse Width ; clk   ; Rise       ; datagene:uut_datagene|wrf_dinr[4]                                                                                                                   ;
; -1.318 ; 0.500        ; 1.818          ; Low Pulse Width  ; clk   ; Rise       ; datagene:uut_datagene|wrf_dinr[4]                                                                                                                   ;
; -1.318 ; 0.500        ; 1.818          ; High Pulse Width ; clk   ; Rise       ; datagene:uut_datagene|wrf_dinr[5]                                                                                                                   ;
; -1.318 ; 0.500        ; 1.818          ; Low Pulse Width  ; clk   ; Rise       ; datagene:uut_datagene|wrf_dinr[5]                                                                                                                   ;
; -1.318 ; 0.500        ; 1.818          ; High Pulse Width ; clk   ; Rise       ; datagene:uut_datagene|wrf_dinr[6]                                                                                                                   ;
; -1.318 ; 0.500        ; 1.818          ; Low Pulse Width  ; clk   ; Rise       ; datagene:uut_datagene|wrf_dinr[6]                                                                                                                   ;
; -1.318 ; 0.500        ; 1.818          ; High Pulse Width ; clk   ; Rise       ; datagene:uut_datagene|wrf_dinr[7]                                                                                                                   ;
; -1.318 ; 0.500        ; 1.818          ; Low Pulse Width  ; clk   ; Rise       ; datagene:uut_datagene|wrf_dinr[7]                                                                                                                   ;
; -1.318 ; 0.500        ; 1.818          ; High Pulse Width ; clk   ; Rise       ; fifo232:fifo232_inst|scfifo:scfifo_component|scfifo_ih61:auto_generated|a_dpfifo_pn61:dpfifo|a_fefifo_18e:fifo_state|b_full                         ;
; -1.318 ; 0.500        ; 1.818          ; Low Pulse Width  ; clk   ; Rise       ; fifo232:fifo232_inst|scfifo:scfifo_component|scfifo_ih61:auto_generated|a_dpfifo_pn61:dpfifo|a_fefifo_18e:fifo_state|b_full                         ;
; -1.318 ; 0.500        ; 1.818          ; High Pulse Width ; clk   ; Rise       ; fifo232:fifo232_inst|scfifo:scfifo_component|scfifo_ih61:auto_generated|a_dpfifo_pn61:dpfifo|a_fefifo_18e:fifo_state|b_non_empty                    ;
; -1.318 ; 0.500        ; 1.818          ; Low Pulse Width  ; clk   ; Rise       ; fifo232:fifo232_inst|scfifo:scfifo_component|scfifo_ih61:auto_generated|a_dpfifo_pn61:dpfifo|a_fefifo_18e:fifo_state|b_non_empty                    ;
; -1.318 ; 0.500        ; 1.818          ; High Pulse Width ; clk   ; Rise       ; fifo232:fifo232_inst|scfifo:scfifo_component|scfifo_ih61:auto_generated|a_dpfifo_pn61:dpfifo|a_fefifo_18e:fifo_state|cntr_bc7:count_usedw|safe_q[0] ;
; -1.318 ; 0.500        ; 1.818          ; Low Pulse Width  ; clk   ; Rise       ; fifo232:fifo232_inst|scfifo:scfifo_component|scfifo_ih61:auto_generated|a_dpfifo_pn61:dpfifo|a_fefifo_18e:fifo_state|cntr_bc7:count_usedw|safe_q[0] ;
; -1.318 ; 0.500        ; 1.818          ; High Pulse Width ; clk   ; Rise       ; fifo232:fifo232_inst|scfifo:scfifo_component|scfifo_ih61:auto_generated|a_dpfifo_pn61:dpfifo|a_fefifo_18e:fifo_state|cntr_bc7:count_usedw|safe_q[1] ;
; -1.318 ; 0.500        ; 1.818          ; Low Pulse Width  ; clk   ; Rise       ; fifo232:fifo232_inst|scfifo:scfifo_component|scfifo_ih61:auto_generated|a_dpfifo_pn61:dpfifo|a_fefifo_18e:fifo_state|cntr_bc7:count_usedw|safe_q[1] ;
; -1.318 ; 0.500        ; 1.818          ; High Pulse Width ; clk   ; Rise       ; fifo232:fifo232_inst|scfifo:scfifo_component|scfifo_ih61:auto_generated|a_dpfifo_pn61:dpfifo|a_fefifo_18e:fifo_state|cntr_bc7:count_usedw|safe_q[2] ;
; -1.318 ; 0.500        ; 1.818          ; Low Pulse Width  ; clk   ; Rise       ; fifo232:fifo232_inst|scfifo:scfifo_component|scfifo_ih61:auto_generated|a_dpfifo_pn61:dpfifo|a_fefifo_18e:fifo_state|cntr_bc7:count_usedw|safe_q[2] ;
; -1.318 ; 0.500        ; 1.818          ; High Pulse Width ; clk   ; Rise       ; fifo232:fifo232_inst|scfifo:scfifo_component|scfifo_ih61:auto_generated|a_dpfifo_pn61:dpfifo|a_fefifo_18e:fifo_state|cntr_bc7:count_usedw|safe_q[3] ;
; -1.318 ; 0.500        ; 1.818          ; Low Pulse Width  ; clk   ; Rise       ; fifo232:fifo232_inst|scfifo:scfifo_component|scfifo_ih61:auto_generated|a_dpfifo_pn61:dpfifo|a_fefifo_18e:fifo_state|cntr_bc7:count_usedw|safe_q[3] ;
; -1.318 ; 0.500        ; 1.818          ; High Pulse Width ; clk   ; Rise       ; fifo232:fifo232_inst|scfifo:scfifo_component|scfifo_ih61:auto_generated|a_dpfifo_pn61:dpfifo|a_fefifo_18e:fifo_state|cntr_bc7:count_usedw|safe_q[4] ;
; -1.318 ; 0.500        ; 1.818          ; Low Pulse Width  ; clk   ; Rise       ; fifo232:fifo232_inst|scfifo:scfifo_component|scfifo_ih61:auto_generated|a_dpfifo_pn61:dpfifo|a_fefifo_18e:fifo_state|cntr_bc7:count_usedw|safe_q[4] ;
; -1.318 ; 0.500        ; 1.818          ; High Pulse Width ; clk   ; Rise       ; fifo232:fifo232_inst|scfifo:scfifo_component|scfifo_ih61:auto_generated|a_dpfifo_pn61:dpfifo|a_fefifo_18e:fifo_state|cntr_bc7:count_usedw|safe_q[5] ;
; -1.318 ; 0.500        ; 1.818          ; Low Pulse Width  ; clk   ; Rise       ; fifo232:fifo232_inst|scfifo:scfifo_component|scfifo_ih61:auto_generated|a_dpfifo_pn61:dpfifo|a_fefifo_18e:fifo_state|cntr_bc7:count_usedw|safe_q[5] ;
; -1.318 ; 0.500        ; 1.818          ; High Pulse Width ; clk   ; Rise       ; fifo232:fifo232_inst|scfifo:scfifo_component|scfifo_ih61:auto_generated|a_dpfifo_pn61:dpfifo|a_fefifo_18e:fifo_state|cntr_bc7:count_usedw|safe_q[6] ;
; -1.318 ; 0.500        ; 1.818          ; Low Pulse Width  ; clk   ; Rise       ; fifo232:fifo232_inst|scfifo:scfifo_component|scfifo_ih61:auto_generated|a_dpfifo_pn61:dpfifo|a_fefifo_18e:fifo_state|cntr_bc7:count_usedw|safe_q[6] ;
; -1.318 ; 0.500        ; 1.818          ; High Pulse Width ; clk   ; Rise       ; fifo232:fifo232_inst|scfifo:scfifo_component|scfifo_ih61:auto_generated|a_dpfifo_pn61:dpfifo|a_fefifo_18e:fifo_state|cntr_bc7:count_usedw|safe_q[7] ;
; -1.318 ; 0.500        ; 1.818          ; Low Pulse Width  ; clk   ; Rise       ; fifo232:fifo232_inst|scfifo:scfifo_component|scfifo_ih61:auto_generated|a_dpfifo_pn61:dpfifo|a_fefifo_18e:fifo_state|cntr_bc7:count_usedw|safe_q[7] ;
; -1.318 ; 0.500        ; 1.818          ; High Pulse Width ; clk   ; Rise       ; fifo232:fifo232_inst|scfifo:scfifo_component|scfifo_ih61:auto_generated|a_dpfifo_pn61:dpfifo|cntr_vbb:rd_ptr_count|safe_q[0]                        ;
; -1.318 ; 0.500        ; 1.818          ; Low Pulse Width  ; clk   ; Rise       ; fifo232:fifo232_inst|scfifo:scfifo_component|scfifo_ih61:auto_generated|a_dpfifo_pn61:dpfifo|cntr_vbb:rd_ptr_count|safe_q[0]                        ;
; -1.318 ; 0.500        ; 1.818          ; High Pulse Width ; clk   ; Rise       ; fifo232:fifo232_inst|scfifo:scfifo_component|scfifo_ih61:auto_generated|a_dpfifo_pn61:dpfifo|cntr_vbb:rd_ptr_count|safe_q[1]                        ;
; -1.318 ; 0.500        ; 1.818          ; Low Pulse Width  ; clk   ; Rise       ; fifo232:fifo232_inst|scfifo:scfifo_component|scfifo_ih61:auto_generated|a_dpfifo_pn61:dpfifo|cntr_vbb:rd_ptr_count|safe_q[1]                        ;
; -1.318 ; 0.500        ; 1.818          ; High Pulse Width ; clk   ; Rise       ; fifo232:fifo232_inst|scfifo:scfifo_component|scfifo_ih61:auto_generated|a_dpfifo_pn61:dpfifo|cntr_vbb:rd_ptr_count|safe_q[2]                        ;
; -1.318 ; 0.500        ; 1.818          ; Low Pulse Width  ; clk   ; Rise       ; fifo232:fifo232_inst|scfifo:scfifo_component|scfifo_ih61:auto_generated|a_dpfifo_pn61:dpfifo|cntr_vbb:rd_ptr_count|safe_q[2]                        ;
; -1.318 ; 0.500        ; 1.818          ; High Pulse Width ; clk   ; Rise       ; fifo232:fifo232_inst|scfifo:scfifo_component|scfifo_ih61:auto_generated|a_dpfifo_pn61:dpfifo|cntr_vbb:rd_ptr_count|safe_q[3]                        ;
; -1.318 ; 0.500        ; 1.818          ; Low Pulse Width  ; clk   ; Rise       ; fifo232:fifo232_inst|scfifo:scfifo_component|scfifo_ih61:auto_generated|a_dpfifo_pn61:dpfifo|cntr_vbb:rd_ptr_count|safe_q[3]                        ;
; -1.318 ; 0.500        ; 1.818          ; High Pulse Width ; clk   ; Rise       ; fifo232:fifo232_inst|scfifo:scfifo_component|scfifo_ih61:auto_generated|a_dpfifo_pn61:dpfifo|cntr_vbb:rd_ptr_count|safe_q[4]                        ;
; -1.318 ; 0.500        ; 1.818          ; Low Pulse Width  ; clk   ; Rise       ; fifo232:fifo232_inst|scfifo:scfifo_component|scfifo_ih61:auto_generated|a_dpfifo_pn61:dpfifo|cntr_vbb:rd_ptr_count|safe_q[4]                        ;
; -1.318 ; 0.500        ; 1.818          ; High Pulse Width ; clk   ; Rise       ; fifo232:fifo232_inst|scfifo:scfifo_component|scfifo_ih61:auto_generated|a_dpfifo_pn61:dpfifo|cntr_vbb:rd_ptr_count|safe_q[5]                        ;
; -1.318 ; 0.500        ; 1.818          ; Low Pulse Width  ; clk   ; Rise       ; fifo232:fifo232_inst|scfifo:scfifo_component|scfifo_ih61:auto_generated|a_dpfifo_pn61:dpfifo|cntr_vbb:rd_ptr_count|safe_q[5]                        ;
; -1.318 ; 0.500        ; 1.818          ; High Pulse Width ; clk   ; Rise       ; fifo232:fifo232_inst|scfifo:scfifo_component|scfifo_ih61:auto_generated|a_dpfifo_pn61:dpfifo|cntr_vbb:rd_ptr_count|safe_q[6]                        ;
+--------+--------------+----------------+------------------+-------+------------+-----------------------------------------------------------------------------------------------------------------------------------------------------+


+-----------------------------------------------------------------------+
; Clock to Output Times                                                 ;
+-----------+------------+-------+-------+------------+-----------------+
; Data Port ; Clock Port ; Rise  ; Fall  ; Clock Edge ; Clock Reference ;
+-----------+------------+-------+-------+------------+-----------------+
; rs232_tx  ; clk        ; 7.181 ; 7.181 ; Rise       ; clk             ;
+-----------+------------+-------+-------+------------+-----------------+


+-----------------------------------------------------------------------+
; Minimum Clock to Output Times                                         ;
+-----------+------------+-------+-------+------------+-----------------+
; Data Port ; Clock Port ; Rise  ; Fall  ; Clock Edge ; Clock Reference ;
+-----------+------------+-------+-------+------------+-----------------+
; rs232_tx  ; clk        ; 7.181 ; 7.181 ; Rise       ; clk             ;
+-----------+------------+-------+-------+------------+-----------------+


+-------------------------------------------------------------------+
; Setup Transfers                                                   ;
+------------+----------+----------+----------+----------+----------+
; From Clock ; To Clock ; RR Paths ; FR Paths ; RF Paths ; FF Paths ;
+------------+----------+----------+----------+----------+----------+
; clk        ; clk      ; 3529     ; 0        ; 0        ; 0        ;
+------------+----------+----------+----------+----------+----------+
Entries labeled "false path" only account for clock-to-clock false paths and not path-based false paths. As a result, actual path counts may be lower than reported.


+-------------------------------------------------------------------+
; Hold Transfers                                                    ;
+------------+----------+----------+----------+----------+----------+
; From Clock ; To Clock ; RR Paths ; FR Paths ; RF Paths ; FF Paths ;
+------------+----------+----------+----------+----------+----------+
; clk        ; clk      ; 3529     ; 0        ; 0        ; 0        ;
+------------+----------+----------+----------+----------+----------+
Entries labeled "false path" only account for clock-to-clock false paths and not path-based false paths. As a result, actual path counts may be lower than reported.


---------------
; Report TCCS ;
---------------
No dedicated SERDES Transmitter circuitry present in device or used in design.


---------------
; Report RSKM ;
---------------
No dedicated SERDES Receiver circuitry present in device or used in design.


+------------------------------------------------+
; Unconstrained Paths                            ;
+---------------------------------+-------+------+
; Property                        ; Setup ; Hold ;
+---------------------------------+-------+------+
; Illegal Clocks                  ; 0     ; 0    ;
; Unconstrained Clocks            ; 0     ; 0    ;
; Unconstrained Input Ports       ; 1     ; 1    ;
; Unconstrained Input Port Paths  ; 55    ; 55   ;
; Unconstrained Output Ports      ; 1     ; 1    ;
; Unconstrained Output Port Paths ; 1     ; 1    ;
+---------------------------------+-------+------+


+------------------------------------+
; TimeQuest Timing Analyzer Messages ;
+------------------------------------+
Info: *******************************************************************
Info: Running Quartus II TimeQuest Timing Analyzer
    Info: Version 9.0 Build 132 02/25/2009 SJ Full Version
    Info: Processing started: Mon Aug 31 14:31:45 2009
Info: Command: quartus_sta uartfifo -c uartfifo
Info: qsta_default_script.tcl version: #3
Info: Parallel compilation is enabled and will use 2 of the 2 processors detected
Critical Warning: Synopsys Design Constraints File file not found: 'uartfifo.sdc'. A Synopsys Design Constraints File is required by the TimeQuest Timing Analyzer to get proper timing constraints. Without it, the Compiler will not properly optimize the design.
Info: No user constrained base clocks found in the design. Calling "derive_clocks -period 1.0"
Info: Deriving Clocks
    Info: create_clock -period 1.000 -name clk clk
Critical Warning: Timing requirements not met
Info: Worst-case setup slack is -7.782
    Info:     Slack End Point TNS Clock 
    Info: ========= ============= =====================
    Info:    -7.782      -496.548 clk 
Info: Worst-case hold slack is 1.037
    Info:     Slack End Point TNS Clock 
    Info: ========= ============= =====================
    Info:     1.037         0.000 clk 
Info: No recovery paths to report
Info: No removal paths to report
Critical Warning: Found minimum pulse width or period violations. See Report Minimum Pulse Width for details.
Info: The selected device family is not supported by the report_metastability command.
Info: Design is not fully constrained for setup requirements
Info: Design is not fully constrained for hold requirements
Info: Quartus II TimeQuest Timing Analyzer was successful. 0 errors, 3 warnings
    Info: Peak virtual memory: 138 megabytes
    Info: Processing ended: Mon Aug 31 14:31:48 2009
    Info: Elapsed time: 00:00:03
    Info: Total CPU time (on all processors): 00:00:02


