Analysis & Synthesis report for uartfifo
Mon Aug 31 14:31:27 2009
Quartus II Version 9.0 Build 132 02/25/2009 SJ Full Version


---------------------
; Table of Contents ;
---------------------
  1. Legal Notice
  2. Analysis & Synthesis Summary
  3. Analysis & Synthesis Settings
  4. Analysis & Synthesis Source Files Read
  5. Analysis & Synthesis Resource Usage Summary
  6. Analysis & Synthesis Resource Utilization by Entity
  7. Analysis & Synthesis RAM Summary
  8. General Register Statistics
  9. Inverted Register Statistics
 10. Multiplexer Restructuring Statistics (Restructuring Performed)
 11. Source assignments for fifo232:fifo232_inst|scfifo:scfifo_component|scfifo_ih61:auto_generated|a_dpfifo_pn61:dpfifo|dpram_4351:FIFOram|altsyncram_egl1:altsyncram1
 12. Parameter Settings for User Entity Instance: fifo232:fifo232_inst|scfifo:scfifo_component
 13. scfifo Parameter Settings by Entity Instance
 14. Analysis & Synthesis Messages



----------------
; Legal Notice ;
----------------
Copyright (C) 1991-2009 Altera Corporation
Your use of Altera Corporation's design tools, logic functions 
and other software and tools, and its AMPP partner logic 
functions, and any output files from any of the foregoing 
(including device programming or simulation files), and any 
associated documentation or information are expressly subject 
to the terms and conditions of the Altera Program License 
Subscription Agreement, Altera MegaCore Function License 
Agreement, or other applicable license agreement, including, 
without limitation, that your use is for the sole purpose of 
programming logic devices manufactured by Altera and sold by 
Altera or its authorized distributors.  Please refer to the 
applicable agreement for further details.



+------------------------------------------------------------------------+
; Analysis & Synthesis Summary                                           ;
+-----------------------------+------------------------------------------+
; Analysis & Synthesis Status ; Successful - Mon Aug 31 14:31:27 2009    ;
; Quartus II Version          ; 9.0 Build 132 02/25/2009 SJ Full Version ;
; Revision Name               ; uartfifo                                 ;
; Top-level Entity Name       ; uartfifo                                 ;
; Family                      ; Cyclone                                  ;
; Total logic elements        ; 117                                      ;
; Total pins                  ; 3                                        ;
; Total virtual pins          ; 0                                        ;
; Total memory bits           ; 2,048                                    ;
; Total PLLs                  ; 0                                        ;
+-----------------------------+------------------------------------------+


+----------------------------------------------------------------------------------------------------------+
; Analysis & Synthesis Settings                                                                            ;
+----------------------------------------------------------------+--------------------+--------------------+
; Option                                                         ; Setting            ; Default Value      ;
+----------------------------------------------------------------+--------------------+--------------------+
; Device                                                         ; EP1C3T144C8        ;                    ;
; Top-level entity name                                          ; uartfifo           ; uartfifo           ;
; Family name                                                    ; Cyclone            ; Stratix II         ;
; Type of Retiming Performed During Resynthesis                  ; Full               ;                    ;
; Resynthesis Optimization Effort                                ; Normal             ;                    ;
; Physical Synthesis Level for Resynthesis                       ; Normal             ;                    ;
; Use Generated Physical Constraints File                        ; On                 ;                    ;
; Use smart compilation                                          ; Off                ; Off                ;
; Restructure Multiplexers                                       ; Auto               ; Auto               ;
; Create Debugging Nodes for IP Cores                            ; Off                ; Off                ;
; Preserve fewer node names                                      ; On                 ; On                 ;
; Disable OpenCore Plus hardware evaluation                      ; Off                ; Off                ;
; Verilog Version                                                ; Verilog_2001       ; Verilog_2001       ;
; VHDL Version                                                   ; VHDL93             ; VHDL93             ;
; State Machine Processing                                       ; Auto               ; Auto               ;
; Safe State Machine                                             ; Off                ; Off                ;
; Extract Verilog State Machines                                 ; On                 ; On                 ;
; Extract VHDL State Machines                                    ; On                 ; On                 ;
; Ignore Verilog initial constructs                              ; Off                ; Off                ;
; Iteration limit for constant Verilog loops                     ; 5000               ; 5000               ;
; Iteration limit for non-constant Verilog loops                 ; 250                ; 250                ;
; Add Pass-Through Logic to Inferred RAMs                        ; On                 ; On                 ;
; Parallel Synthesis                                             ; Off                ; Off                ;
; NOT Gate Push-Back                                             ; On                 ; On                 ;
; Power-Up Don't Care                                            ; On                 ; On                 ;
; Remove Redundant Logic Cells                                   ; Off                ; Off                ;
; Remove Duplicate Registers                                     ; On                 ; On                 ;
; Ignore CARRY Buffers                                           ; Off                ; Off                ;
; Ignore CASCADE Buffers                                         ; Off                ; Off                ;
; Ignore GLOBAL Buffers                                          ; Off                ; Off                ;
; Ignore ROW GLOBAL Buffers                                      ; Off                ; Off                ;
; Ignore LCELL Buffers                                           ; Off                ; Off                ;
; Ignore SOFT Buffers                                            ; On                 ; On                 ;
; Limit AHDL Integers to 32 Bits                                 ; Off                ; Off                ;
; Optimization Technique                                         ; Balanced           ; Balanced           ;
; Carry Chain Length                                             ; 70                 ; 70                 ;
; Auto Carry Chains                                              ; On                 ; On                 ;
; Auto Open-Drain Pins                                           ; On                 ; On                 ;
; Perform WYSIWYG Primitive Resynthesis                          ; Off                ; Off                ;
; Auto ROM Replacement                                           ; On                 ; On                 ;
; Auto RAM Replacement                                           ; On                 ; On                 ;
; Auto Shift Register Replacement                                ; Auto               ; Auto               ;
; Auto Clock Enable Replacement                                  ; On                 ; On                 ;
; Strict RAM Replacement                                         ; Off                ; Off                ;
; Allow Synchronous Control Signals                              ; On                 ; On                 ;
; Force Use of Synchronous Clear Signals                         ; Off                ; Off                ;
; Auto RAM Block Balancing                                       ; On                 ; On                 ;
; Auto RAM to Logic Cell Conversion                              ; Off                ; Off                ;
; Auto Resource Sharing                                          ; Off                ; Off                ;
; Allow Any RAM Size For Recognition                             ; Off                ; Off                ;
; Allow Any ROM Size For Recognition                             ; Off                ; Off                ;
; Allow Any Shift Register Size For Recognition                  ; Off                ; Off                ;
; Use LogicLock Constraints during Resource Balancing            ; On                 ; On                 ;
; Ignore translate_off and synthesis_off directives              ; Off                ; Off                ;
; Show Parameter Settings Tables in Synthesis Report             ; On                 ; On                 ;
; Ignore Maximum Fan-Out Assignments                             ; Off                ; Off                ;
; Synchronization Register Chain Length                          ; 2                  ; 2                  ;
; PowerPlay Power Optimization                                   ; Normal compilation ; Normal compilation ;
; HDL message level                                              ; Level2             ; Level2             ;
; Suppress Register Optimization Related Messages                ; Off                ; Off                ;
; Number of Removed Registers Reported in Synthesis Report       ; 100                ; 100                ;
; Number of Inverted Registers Reported in Synthesis Report      ; 100                ; 100                ;
; Clock MUX Protection                                           ; On                 ; On                 ;
; Block Design Naming                                            ; Auto               ; Auto               ;
; Synthesis Effort                                               ; Auto               ; Auto               ;
; Allows Asynchronous Clear Usage For Shift Register Replacement ; On                 ; On                 ;
; Analysis & Synthesis Message Level                             ; Medium             ; Medium             ;
+----------------------------------------------------------------+--------------------+--------------------+


+-------------------------------------------------------------------------------------------------------------------------------------------------------------------+
; Analysis & Synthesis Source Files Read                                                                                                                            ;
+----------------------------------+-----------------+------------------------------+-------------------------------------------------------------------------------+
; File Name with User-Entered Path ; Used in Netlist ; File Type                    ; File Name with Absolute Path                                                  ;
+----------------------------------+-----------------+------------------------------+-------------------------------------------------------------------------------+
; uart_speed_select.v              ; yes             ; User Verilog HDL File        ; E:/xjwjj/SF-EP1CV3_ex/verilog_prj/ex3_4_rs232/uartfifo/uart_speed_select.v    ;
; uart_tx.v                        ; yes             ; User Verilog HDL File        ; E:/xjwjj/SF-EP1CV3_ex/verilog_prj/ex3_4_rs232/uartfifo/uart_tx.v              ;
; uart_ctrl.v                      ; yes             ; User Verilog HDL File        ; E:/xjwjj/SF-EP1CV3_ex/verilog_prj/ex3_4_rs232/uartfifo/uart_ctrl.v            ;
; datagene.v                       ; yes             ; User Verilog HDL File        ; E:/xjwjj/SF-EP1CV3_ex/verilog_prj/ex3_4_rs232/uartfifo/datagene.v             ;
; uartfifo.v                       ; yes             ; User Verilog HDL File        ; E:/xjwjj/SF-EP1CV3_ex/verilog_prj/ex3_4_rs232/uartfifo/uartfifo.v             ;
; fifo232.v                        ; yes             ; User Wizard-Generated File   ; E:/xjwjj/SF-EP1CV3_ex/verilog_prj/ex3_4_rs232/uartfifo/fifo232.v              ;
; scfifo.tdf                       ; yes             ; Megafunction                 ; c:/altera/90/quartus/libraries/megafunctions/scfifo.tdf                       ;
; a_regfifo.inc                    ; yes             ; Megafunction                 ; c:/altera/90/quartus/libraries/megafunctions/a_regfifo.inc                    ;
; a_dpfifo.inc                     ; yes             ; Megafunction                 ; c:/altera/90/quartus/libraries/megafunctions/a_dpfifo.inc                     ;
; a_i2fifo.inc                     ; yes             ; Megafunction                 ; c:/altera/90/quartus/libraries/megafunctions/a_i2fifo.inc                     ;
; a_fffifo.inc                     ; yes             ; Megafunction                 ; c:/altera/90/quartus/libraries/megafunctions/a_fffifo.inc                     ;
; a_f2fifo.inc                     ; yes             ; Megafunction                 ; c:/altera/90/quartus/libraries/megafunctions/a_f2fifo.inc                     ;
; aglobal90.inc                    ; yes             ; Megafunction                 ; c:/altera/90/quartus/libraries/megafunctions/aglobal90.inc                    ;
; db/scfifo_ih61.tdf               ; yes             ; Auto-Generated Megafunction  ; E:/xjwjj/SF-EP1CV3_ex/verilog_prj/ex3_4_rs232/uartfifo/db/scfifo_ih61.tdf     ;
; db/a_dpfifo_pn61.tdf             ; yes             ; Auto-Generated Megafunction  ; E:/xjwjj/SF-EP1CV3_ex/verilog_prj/ex3_4_rs232/uartfifo/db/a_dpfifo_pn61.tdf   ;
; db/a_fefifo_18e.tdf              ; yes             ; Auto-Generated Megafunction  ; E:/xjwjj/SF-EP1CV3_ex/verilog_prj/ex3_4_rs232/uartfifo/db/a_fefifo_18e.tdf    ;
; db/cntr_bc7.tdf                  ; yes             ; Auto-Generated Megafunction  ; E:/xjwjj/SF-EP1CV3_ex/verilog_prj/ex3_4_rs232/uartfifo/db/cntr_bc7.tdf        ;
; db/dpram_4351.tdf                ; yes             ; Auto-Generated Megafunction  ; E:/xjwjj/SF-EP1CV3_ex/verilog_prj/ex3_4_rs232/uartfifo/db/dpram_4351.tdf      ;
; db/altsyncram_egl1.tdf           ; yes             ; Auto-Generated Megafunction  ; E:/xjwjj/SF-EP1CV3_ex/verilog_prj/ex3_4_rs232/uartfifo/db/altsyncram_egl1.tdf ;
; db/cntr_vbb.tdf                  ; yes             ; Auto-Generated Megafunction  ; E:/xjwjj/SF-EP1CV3_ex/verilog_prj/ex3_4_rs232/uartfifo/db/cntr_vbb.tdf        ;
+----------------------------------+-----------------+------------------------------+-------------------------------------------------------------------------------+


+-----------------------------------------------------+
; Analysis & Synthesis Resource Usage Summary         ;
+---------------------------------------------+-------+
; Resource                                    ; Usage ;
+---------------------------------------------+-------+
; Total logic elements                        ; 117   ;
;     -- Combinational with no register       ; 36    ;
;     -- Register only                        ; 1     ;
;     -- Combinational with a register        ; 80    ;
;                                             ;       ;
; Logic element usage by number of LUT inputs ;       ;
;     -- 4 input functions                    ; 34    ;
;     -- 3 input functions                    ; 27    ;
;     -- 2 input functions                    ; 52    ;
;     -- 1 input functions                    ; 3     ;
;     -- 0 input functions                    ; 0     ;
;                                             ;       ;
; Logic elements by mode                      ;       ;
;     -- normal mode                          ; 55    ;
;     -- arithmetic mode                      ; 62    ;
;     -- qfbk mode                            ; 0     ;
;     -- register cascade mode                ; 0     ;
;     -- synchronous clear/load mode          ; 13    ;
;     -- asynchronous clear/load mode         ; 55    ;
;                                             ;       ;
; Total registers                             ; 81    ;
; Total logic cells in carry chains           ; 68    ;
; I/O pins                                    ; 3     ;
; Total memory bits                           ; 2048  ;
; Maximum fan-out node                        ; clk   ;
; Maximum fan-out                             ; 89    ;
; Total fan-out                               ; 650   ;
; Average fan-out                             ; 5.08  ;
+---------------------------------------------+-------+


+------------------------------------------------------------------------------------------------------------------------------------------------------------------------------------------------------------------------------------------------------------------------------------------------------------------------------------------------------------------------------+
; Analysis & Synthesis Resource Utilization by Entity                                                                                                                                                                                                                                                                                                                          ;
+-------------------------------------------------+-------------+--------------+-------------+------+--------------+--------------+-------------------+------------------+-----------------+------------+-------------------------------------------------------------------------------------------------------------------------------------------------------+--------------+
; Compilation Hierarchy Node                      ; Logic Cells ; LC Registers ; Memory Bits ; Pins ; Virtual Pins ; LUT-Only LCs ; Register-Only LCs ; LUT/Register LCs ; Carry Chain LCs ; Packed LCs ; Full Hierarchy Name                                                                                                                                   ; Library Name ;
+-------------------------------------------------+-------------+--------------+-------------+------+--------------+--------------+-------------------+------------------+-----------------+------------+-------------------------------------------------------------------------------------------------------------------------------------------------------+--------------+
; |uartfifo                                       ; 117 (0)     ; 81           ; 2048        ; 3    ; 0            ; 36 (0)       ; 1 (0)             ; 80 (0)           ; 68 (0)          ; 0 (0)      ; |uartfifo                                                                                                                                             ; work         ;
;    |datagene:uut_datagene|                      ; 40 (40)     ; 33           ; 0           ; 0    ; 0            ; 7 (7)        ; 0 (0)             ; 33 (33)          ; 31 (31)         ; 0 (0)      ; |uartfifo|datagene:uut_datagene                                                                                                                       ; work         ;
;    |fifo232:fifo232_inst|                       ; 35 (0)      ; 26           ; 2048        ; 0    ; 0            ; 9 (0)        ; 0 (0)             ; 26 (0)           ; 24 (0)          ; 0 (0)      ; |uartfifo|fifo232:fifo232_inst                                                                                                                        ; work         ;
;       |scfifo:scfifo_component|                 ; 35 (0)      ; 26           ; 2048        ; 0    ; 0            ; 9 (0)        ; 0 (0)             ; 26 (0)           ; 24 (0)          ; 0 (0)      ; |uartfifo|fifo232:fifo232_inst|scfifo:scfifo_component                                                                                                ; work         ;
;          |scfifo_ih61:auto_generated|           ; 35 (0)      ; 26           ; 2048        ; 0    ; 0            ; 9 (0)        ; 0 (0)             ; 26 (0)           ; 24 (0)          ; 0 (0)      ; |uartfifo|fifo232:fifo232_inst|scfifo:scfifo_component|scfifo_ih61:auto_generated                                                                     ; work         ;
;             |a_dpfifo_pn61:dpfifo|              ; 35 (2)      ; 26           ; 2048        ; 0    ; 0            ; 9 (2)        ; 0 (0)             ; 26 (0)           ; 24 (0)          ; 0 (0)      ; |uartfifo|fifo232:fifo232_inst|scfifo:scfifo_component|scfifo_ih61:auto_generated|a_dpfifo_pn61:dpfifo                                                ; work         ;
;                |a_fefifo_18e:fifo_state|        ; 17 (9)      ; 10           ; 0           ; 0    ; 0            ; 7 (7)        ; 0 (0)             ; 10 (2)           ; 8 (0)           ; 0 (0)      ; |uartfifo|fifo232:fifo232_inst|scfifo:scfifo_component|scfifo_ih61:auto_generated|a_dpfifo_pn61:dpfifo|a_fefifo_18e:fifo_state                        ; work         ;
;                   |cntr_bc7:count_usedw|        ; 8 (8)       ; 8            ; 0           ; 0    ; 0            ; 0 (0)        ; 0 (0)             ; 8 (8)            ; 8 (8)           ; 0 (0)      ; |uartfifo|fifo232:fifo232_inst|scfifo:scfifo_component|scfifo_ih61:auto_generated|a_dpfifo_pn61:dpfifo|a_fefifo_18e:fifo_state|cntr_bc7:count_usedw   ; work         ;
;                |cntr_vbb:rd_ptr_count|          ; 8 (8)       ; 8            ; 0           ; 0    ; 0            ; 0 (0)        ; 0 (0)             ; 8 (8)            ; 8 (8)           ; 0 (0)      ; |uartfifo|fifo232:fifo232_inst|scfifo:scfifo_component|scfifo_ih61:auto_generated|a_dpfifo_pn61:dpfifo|cntr_vbb:rd_ptr_count                          ; work         ;
;                |cntr_vbb:wr_ptr|                ; 8 (8)       ; 8            ; 0           ; 0    ; 0            ; 0 (0)        ; 0 (0)             ; 8 (8)            ; 8 (8)           ; 0 (0)      ; |uartfifo|fifo232:fifo232_inst|scfifo:scfifo_component|scfifo_ih61:auto_generated|a_dpfifo_pn61:dpfifo|cntr_vbb:wr_ptr                                ; work         ;
;                |dpram_4351:FIFOram|             ; 0 (0)       ; 0            ; 2048        ; 0    ; 0            ; 0 (0)        ; 0 (0)             ; 0 (0)            ; 0 (0)           ; 0 (0)      ; |uartfifo|fifo232:fifo232_inst|scfifo:scfifo_component|scfifo_ih61:auto_generated|a_dpfifo_pn61:dpfifo|dpram_4351:FIFOram                             ; work         ;
;                   |altsyncram_egl1:altsyncram1| ; 0 (0)       ; 0            ; 2048        ; 0    ; 0            ; 0 (0)        ; 0 (0)             ; 0 (0)            ; 0 (0)           ; 0 (0)      ; |uartfifo|fifo232:fifo232_inst|scfifo:scfifo_component|scfifo_ih61:auto_generated|a_dpfifo_pn61:dpfifo|dpram_4351:FIFOram|altsyncram_egl1:altsyncram1 ; work         ;
;    |uart_ctrl:uut_uartfifo|                     ; 42 (0)      ; 22           ; 0           ; 0    ; 0            ; 20 (0)       ; 1 (0)             ; 21 (0)           ; 13 (0)          ; 0 (0)      ; |uartfifo|uart_ctrl:uut_uartfifo                                                                                                                      ; work         ;
;       |uart_speed_select:uut_ss|                ; 21 (21)     ; 14           ; 0           ; 0    ; 0            ; 7 (7)        ; 0 (0)             ; 14 (14)          ; 13 (13)         ; 0 (0)      ; |uartfifo|uart_ctrl:uut_uartfifo|uart_speed_select:uut_ss                                                                                             ; work         ;
;       |uart_tx:uut_tx|                          ; 21 (21)     ; 8            ; 0           ; 0    ; 0            ; 13 (13)      ; 1 (1)             ; 7 (7)            ; 0 (0)           ; 0 (0)      ; |uartfifo|uart_ctrl:uut_uartfifo|uart_tx:uut_tx                                                                                                       ; work         ;
+-------------------------------------------------+-------------+--------------+-------------+------+--------------+--------------+-------------------+------------------+-----------------+------------+-------------------------------------------------------------------------------------------------------------------------------------------------------+--------------+
Note: For table entries with two numbers listed, the numbers in parentheses indicate the number of resources of the given type used by the specific entity alone. The numbers listed outside of parentheses indicate the total resources of the given type used by the specific entity and all of its sub-entities in the hierarchy.


+------------------------------------------------------------------------------------------------------------------------------------------------------------------------------------------------------------------------------------------------------------+
; Analysis & Synthesis RAM Summary                                                                                                                                                                                                                           ;
+--------------------------------------------------------------------------------------------------------------------------------------------------------+------+------------------+--------------+--------------+--------------+--------------+------+------+
; Name                                                                                                                                                   ; Type ; Mode             ; Port A Depth ; Port A Width ; Port B Depth ; Port B Width ; Size ; MIF  ;
+--------------------------------------------------------------------------------------------------------------------------------------------------------+------+------------------+--------------+--------------+--------------+--------------+------+------+
; fifo232:fifo232_inst|scfifo:scfifo_component|scfifo_ih61:auto_generated|a_dpfifo_pn61:dpfifo|dpram_4351:FIFOram|altsyncram_egl1:altsyncram1|ALTSYNCRAM ; M4K  ; Simple Dual Port ; 256          ; 8            ; 256          ; 8            ; 2048 ; None ;
+--------------------------------------------------------------------------------------------------------------------------------------------------------+------+------------------+--------------+--------------+--------------+--------------+------+------+


+------------------------------------------------------+
; General Register Statistics                          ;
+----------------------------------------------+-------+
; Statistic                                    ; Value ;
+----------------------------------------------+-------+
; Total registers                              ; 81    ;
; Number of registers using Synchronous Clear  ; 13    ;
; Number of registers using Synchronous Load   ; 0     ;
; Number of registers using Asynchronous Clear ; 55    ;
; Number of registers using Asynchronous Load  ; 0     ;
; Number of registers using Clock Enable       ; 15    ;
; Number of registers using Preset             ; 0     ;
+----------------------------------------------+-------+


+------------------------------------------------------------+
; Inverted Register Statistics                               ;
+--------------------------------------------------+---------+
; Inverted Register                                ; Fan out ;
+--------------------------------------------------+---------+
; uart_ctrl:uut_uartfifo|uart_tx:uut_tx|rs232_tx_r ; 2       ;
; uart_ctrl:uut_uartfifo|uart_tx:uut_tx|tx_enr2    ; 3       ;
; uart_ctrl:uut_uartfifo|uart_tx:uut_tx|tx_enr1    ; 4       ;
; Total number of inverted registers = 3           ;         ;
+--------------------------------------------------+---------+


+---------------------------------------------------------------------------------------------------------------------------------------------------------------------------------+
; Multiplexer Restructuring Statistics (Restructuring Performed)                                                                                                                  ;
+--------------------+-----------+---------------+----------------------+------------------------+------------+-------------------------------------------------------------------+
; Multiplexer Inputs ; Bus Width ; Baseline Area ; Area if Restructured ; Saving if Restructured ; Registered ; Example Multiplexer Output                                        ;
+--------------------+-----------+---------------+----------------------+------------------------+------------+-------------------------------------------------------------------+
; 3:1                ; 13 bits   ; 26 LEs        ; 13 LEs               ; 13 LEs                 ; Yes        ; |uartfifo|uart_ctrl:uut_uartfifo|uart_speed_select:uut_ss|cnt[12] ;
; 3:1                ; 4 bits    ; 8 LEs         ; 4 LEs                ; 4 LEs                  ; Yes        ; |uartfifo|uart_ctrl:uut_uartfifo|uart_tx:uut_tx|num[3]            ;
+--------------------+-----------+---------------+----------------------+------------------------+------------+-------------------------------------------------------------------+


+--------------------------------------------------------------------------------------------------------------------------------------------------------------------+
; Source assignments for fifo232:fifo232_inst|scfifo:scfifo_component|scfifo_ih61:auto_generated|a_dpfifo_pn61:dpfifo|dpram_4351:FIFOram|altsyncram_egl1:altsyncram1 ;
+---------------------------------+--------------------+------+------------------------------------------------------------------------------------------------------+
; Assignment                      ; Value              ; From ; To                                                                                                   ;
+---------------------------------+--------------------+------+------------------------------------------------------------------------------------------------------+
; OPTIMIZE_POWER_DURING_SYNTHESIS ; NORMAL_COMPILATION ; -    ; -                                                                                                    ;
+---------------------------------+--------------------+------+------------------------------------------------------------------------------------------------------+


+-------------------------------------------------------------------------------------------+
; Parameter Settings for User Entity Instance: fifo232:fifo232_inst|scfifo:scfifo_component ;
+-------------------------+-------------+---------------------------------------------------+
; Parameter Name          ; Value       ; Type                                              ;
+-------------------------+-------------+---------------------------------------------------+
; AUTO_CARRY_CHAINS       ; ON          ; AUTO_CARRY                                        ;
; IGNORE_CARRY_BUFFERS    ; OFF         ; IGNORE_CARRY                                      ;
; AUTO_CASCADE_CHAINS     ; ON          ; AUTO_CASCADE                                      ;
; IGNORE_CASCADE_BUFFERS  ; OFF         ; IGNORE_CASCADE                                    ;
; lpm_width               ; 8           ; Signed Integer                                    ;
; LPM_NUMWORDS            ; 256         ; Signed Integer                                    ;
; LPM_WIDTHU              ; 8           ; Signed Integer                                    ;
; LPM_SHOWAHEAD           ; OFF         ; Untyped                                           ;
; UNDERFLOW_CHECKING      ; ON          ; Untyped                                           ;
; OVERFLOW_CHECKING       ; ON          ; Untyped                                           ;
; ALLOW_RWCYCLE_WHEN_FULL ; OFF         ; Untyped                                           ;
; ADD_RAM_OUTPUT_REGISTER ; OFF         ; Untyped                                           ;
; ALMOST_FULL_VALUE       ; 0           ; Untyped                                           ;
; ALMOST_EMPTY_VALUE      ; 0           ; Untyped                                           ;
; USE_EAB                 ; ON          ; Untyped                                           ;
; MAXIMIZE_SPEED          ; 5           ; Untyped                                           ;
; DEVICE_FAMILY           ; Cyclone     ; Untyped                                           ;
; OPTIMIZE_FOR_SPEED      ; 5           ; Untyped                                           ;
; CBXI_PARAMETER          ; scfifo_ih61 ; Untyped                                           ;
+-------------------------+-------------+---------------------------------------------------+
Note: In order to hide this table in the UI and the text report file, please set the "Show Parameter Settings Tables in Synthesis Report" option in "Analysis and Synthesis Settings -> More Settings" to "Off".


+---------------------------------------------------------------------------+
; scfifo Parameter Settings by Entity Instance                              ;
+----------------------------+----------------------------------------------+
; Name                       ; Value                                        ;
+----------------------------+----------------------------------------------+
; Number of entity instances ; 1                                            ;
; Entity Instance            ; fifo232:fifo232_inst|scfifo:scfifo_component ;
;     -- FIFO Type           ; Single Clock                                 ;
;     -- lpm_width           ; 8                                            ;
;     -- LPM_NUMWORDS        ; 256                                          ;
;     -- LPM_SHOWAHEAD       ; OFF                                          ;
;     -- USE_EAB             ; ON                                           ;
+----------------------------+----------------------------------------------+


+-------------------------------+
; Analysis & Synthesis Messages ;
+-------------------------------+
Info: *******************************************************************
Info: Running Quartus II Analysis & Synthesis
    Info: Version 9.0 Build 132 02/25/2009 SJ Full Version
    Info: Processing started: Mon Aug 31 14:31:19 2009
Info: Command: quartus_map --read_settings_files=on --write_settings_files=off uartfifo -c uartfifo
Info: Found 1 design units, including 1 entities, in source file uart_speed_select.v
    Info: Found entity 1: uart_speed_select
Info: Found 1 design units, including 1 entities, in source file uart_tx.v
    Info: Found entity 1: uart_tx
Info: Found 1 design units, including 1 entities, in source file uart_ctrl.v
    Info: Found entity 1: uart_ctrl
Info: Found 1 design units, including 1 entities, in source file datagene.v
    Info: Found entity 1: datagene
Info: Found 1 design units, including 1 entities, in source file uartfifo.v
    Info: Found entity 1: uartfifo
Info: Found 1 design units, including 1 entities, in source file fifo232.v
    Info: Found entity 1: fifo232
Info: Elaborating entity "uartfifo" for the top level hierarchy
Info: Elaborating entity "datagene" for hierarchy "datagene:uut_datagene"
Info: Elaborating entity "fifo232" for hierarchy "fifo232:fifo232_inst"
Info: Elaborating entity "scfifo" for hierarchy "fifo232:fifo232_inst|scfifo:scfifo_component"
Info: Elaborated megafunction instantiation "fifo232:fifo232_inst|scfifo:scfifo_component"
Info: Instantiated megafunction "fifo232:fifo232_inst|scfifo:scfifo_component" with the following parameter:
    Info: Parameter "add_ram_output_register" = "OFF"
    Info: Parameter "intended_device_family" = "Cyclone"
    Info: Parameter "lpm_hint" = "RAM_BLOCK_TYPE=M4K"
    Info: Parameter "lpm_numwords" = "256"
    Info: Parameter "lpm_showahead" = "OFF"
    Info: Parameter "lpm_type" = "scfifo"
    Info: Parameter "lpm_width" = "8"
    Info: Parameter "lpm_widthu" = "8"
    Info: Parameter "overflow_checking" = "ON"
    Info: Parameter "underflow_checking" = "ON"
    Info: Parameter "use_eab" = "ON"
Info: Found 1 design units, including 1 entities, in source file db/scfifo_ih61.tdf
    Info: Found entity 1: scfifo_ih61
Info: Elaborating entity "scfifo_ih61" for hierarchy "fifo232:fifo232_inst|scfifo:scfifo_component|scfifo_ih61:auto_generated"
Info: Found 1 design units, including 1 entities, in source file db/a_dpfifo_pn61.tdf
    Info: Found entity 1: a_dpfifo_pn61
Info: Elaborating entity "a_dpfifo_pn61" for hierarchy "fifo232:fifo232_inst|scfifo:scfifo_component|scfifo_ih61:auto_generated|a_dpfifo_pn61:dpfifo"
Info: Found 1 design units, including 1 entities, in source file db/a_fefifo_18e.tdf
    Info: Found entity 1: a_fefifo_18e
Info: Elaborating entity "a_fefifo_18e" for hierarchy "fifo232:fifo232_inst|scfifo:scfifo_component|scfifo_ih61:auto_generated|a_dpfifo_pn61:dpfifo|a_fefifo_18e:fifo_state"
Info: Found 1 design units, including 1 entities, in source file db/cntr_bc7.tdf
    Info: Found entity 1: cntr_bc7
Info: Elaborating entity "cntr_bc7" for hierarchy "fifo232:fifo232_inst|scfifo:scfifo_component|scfifo_ih61:auto_generated|a_dpfifo_pn61:dpfifo|a_fefifo_18e:fifo_state|cntr_bc7:count_usedw"
Info: Found 1 design units, including 1 entities, in source file db/dpram_4351.tdf
    Info: Found entity 1: dpram_4351
Info: Elaborating entity "dpram_4351" for hierarchy "fifo232:fifo232_inst|scfifo:scfifo_component|scfifo_ih61:auto_generated|a_dpfifo_pn61:dpfifo|dpram_4351:FIFOram"
Info: Found 1 design units, including 1 entities, in source file db/altsyncram_egl1.tdf
    Info: Found entity 1: altsyncram_egl1
Info: Elaborating entity "altsyncram_egl1" for hierarchy "fifo232:fifo232_inst|scfifo:scfifo_component|scfifo_ih61:auto_generated|a_dpfifo_pn61:dpfifo|dpram_4351:FIFOram|altsyncram_egl1:altsyncram1"
Info: Found 1 design units, including 1 entities, in source file db/cntr_vbb.tdf
    Info: Found entity 1: cntr_vbb
Info: Elaborating entity "cntr_vbb" for hierarchy "fifo232:fifo232_inst|scfifo:scfifo_component|scfifo_ih61:auto_generated|a_dpfifo_pn61:dpfifo|cntr_vbb:rd_ptr_count"
Info: Elaborating entity "uart_ctrl" for hierarchy "uart_ctrl:uut_uartfifo"
Info: Elaborating entity "uart_tx" for hierarchy "uart_ctrl:uut_uartfifo|uart_tx:uut_tx"
Info: Elaborating entity "uart_speed_select" for hierarchy "uart_ctrl:uut_uartfifo|uart_speed_select:uut_ss"
Info: Registers with preset signals will power-up high
Info: Implemented 128 device resources after synthesis - the final resource count might be different
    Info: Implemented 2 input pins
    Info: Implemented 1 output pins
    Info: Implemented 117 logic cells
    Info: Implemented 8 RAM segments
Info: Quartus II Analysis & Synthesis was successful. 0 errors, 0 warnings
    Info: Peak virtual memory: 182 megabytes
    Info: Processing ended: Mon Aug 31 14:31:27 2009
    Info: Elapsed time: 00:00:08
    Info: Total CPU time (on all processors): 00:00:03


