Analysis & Synthesis report for lookup_mult
Wed Oct 28 23:44:26 2009
Quartus II Version 7.2 Build 151 09/26/2007 SJ Full Version


---------------------
; Table of Contents ;
---------------------
  1. Legal Notice
  2. Analysis & Synthesis Summary
  3. Analysis & Synthesis Settings
  4. Analysis & Synthesis Source Files Read
  5. Analysis & Synthesis Resource Usage Summary
  6. Analysis & Synthesis Resource Utilization by Entity
  7. Registers Removed During Synthesis
  8. Removed Registers Triggering Further Register Optimizations
  9. General Register Statistics
 10. Parameter Settings for User Entity Instance: Top-level Entity: |lookup_mult
 11. Parameter Settings for User Entity Instance: lookup:LOOK_UP_U0
 12. Parameter Settings for User Entity Instance: lookup:LOOK_UP_U1
 13. Parameter Settings for User Entity Instance: lookup:LOOK_UP_U2
 14. Parameter Settings for User Entity Instance: lookup:LOOK_UP_U3
 15. Analysis & Synthesis Messages
 16. Analysis & Synthesis Suppressed Messages



----------------
; Legal Notice ;
----------------
Copyright (C) 1991-2007 Altera Corporation
Your use of Altera Corporation's design tools, logic functions 
and other software and tools, and its AMPP partner logic 
functions, and any output files from any of the foregoing 
(including device programming or simulation files), and any 
associated documentation or information are expressly subject 
to the terms and conditions of the Altera Program License 
Subscription Agreement, Altera MegaCore Function License 
Agreement, or other applicable license agreement, including, 
without limitation, that your use is for the sole purpose of 
programming logic devices manufactured by Altera and sold by 
Altera or its authorized distributors.  Please refer to the 
applicable agreement for further details.



+-------------------------------------------------------------------------------+
; Analysis & Synthesis Summary                                                  ;
+------------------------------------+------------------------------------------+
; Analysis & Synthesis Status        ; Successful - Wed Oct 28 23:44:26 2009    ;
; Quartus II Version                 ; 7.2 Build 151 09/26/2007 SJ Full Version ;
; Revision Name                      ; lookup_mult                              ;
; Top-level Entity Name              ; lookup_mult                              ;
; Family                             ; Cyclone II                               ;
; Total logic elements               ; 0                                        ;
;     Total combinational functions  ; 0                                        ;
;     Dedicated logic registers      ; 0                                        ;
; Total registers                    ; 0                                        ;
; Total pins                         ; 18                                       ;
; Total virtual pins                 ; 0                                        ;
; Total memory bits                  ; 0                                        ;
; Embedded Multiplier 9-bit elements ; 0                                        ;
; Total PLLs                         ; 0                                        ;
+------------------------------------+------------------------------------------+


+--------------------------------------------------------------------------------------------------------------------------+
; Analysis & Synthesis Settings                                                                                            ;
+--------------------------------------------------------------------------------+--------------------+--------------------+
; Option                                                                         ; Setting            ; Default Value      ;
+--------------------------------------------------------------------------------+--------------------+--------------------+
; Device                                                                         ; EP2C5T144C8        ;                    ;
; Top-level entity name                                                          ; lookup_mult        ; lookup_mult        ;
; Family name                                                                    ; Cyclone II         ; Stratix II         ;
; Use Generated Physical Constraints File                                        ; Off                ;                    ;
; Use smart compilation                                                          ; Off                ; Off                ;
; Maximum processors allowed for parallel compilation                            ; 1                  ; 1                  ;
; Restructure Multiplexers                                                       ; Auto               ; Auto               ;
; Create Debugging Nodes for IP Cores                                            ; Off                ; Off                ;
; Preserve fewer node names                                                      ; On                 ; On                 ;
; Disable OpenCore Plus hardware evaluation                                      ; Off                ; Off                ;
; Verilog Version                                                                ; Verilog_2001       ; Verilog_2001       ;
; VHDL Version                                                                   ; VHDL93             ; VHDL93             ;
; State Machine Processing                                                       ; Auto               ; Auto               ;
; Safe State Machine                                                             ; Off                ; Off                ;
; Extract Verilog State Machines                                                 ; On                 ; On                 ;
; Extract VHDL State Machines                                                    ; On                 ; On                 ;
; Ignore Verilog initial constructs                                              ; Off                ; Off                ;
; Add Pass-Through Logic to Inferred RAMs                                        ; On                 ; On                 ;
; Parallel Synthesis                                                             ; Off                ; Off                ;
; DSP Block Balancing                                                            ; Auto               ; Auto               ;
; NOT Gate Push-Back                                                             ; On                 ; On                 ;
; Power-Up Don't Care                                                            ; On                 ; On                 ;
; Remove Redundant Logic Cells                                                   ; Off                ; Off                ;
; Remove Duplicate Registers                                                     ; On                 ; On                 ;
; Ignore CARRY Buffers                                                           ; Off                ; Off                ;
; Ignore CASCADE Buffers                                                         ; Off                ; Off                ;
; Ignore GLOBAL Buffers                                                          ; Off                ; Off                ;
; Ignore ROW GLOBAL Buffers                                                      ; Off                ; Off                ;
; Ignore LCELL Buffers                                                           ; Off                ; Off                ;
; Ignore SOFT Buffers                                                            ; On                 ; On                 ;
; Limit AHDL Integers to 32 Bits                                                 ; Off                ; Off                ;
; Optimization Technique -- Cyclone II/Cyclone III                               ; Balanced           ; Balanced           ;
; Carry Chain Length -- Stratix/Stratix GX/Cyclone/MAX II/Cyclone II/Cyclone III ; 70                 ; 70                 ;
; Auto Carry Chains                                                              ; On                 ; On                 ;
; Auto Open-Drain Pins                                                           ; On                 ; On                 ;
; Perform WYSIWYG Primitive Resynthesis                                          ; Off                ; Off                ;
; Perform gate-level register retiming                                           ; Off                ; Off                ;
; Allow register retiming to trade off Tsu/Tco with Fmax                         ; On                 ; On                 ;
; Auto ROM Replacement                                                           ; On                 ; On                 ;
; Auto RAM Replacement                                                           ; On                 ; On                 ;
; Auto Shift Register Replacement                                                ; Auto               ; Auto               ;
; Auto Clock Enable Replacement                                                  ; On                 ; On                 ;
; Allow Synchronous Control Signals                                              ; On                 ; On                 ;
; Force Use of Synchronous Clear Signals                                         ; Off                ; Off                ;
; Auto RAM to Logic Cell Conversion                                              ; Off                ; Off                ;
; Auto Resource Sharing                                                          ; Off                ; Off                ;
; Allow Any RAM Size For Recognition                                             ; Off                ; Off                ;
; Allow Any ROM Size For Recognition                                             ; Off                ; Off                ;
; Allow Any Shift Register Size For Recognition                                  ; Off                ; Off                ;
; Ignore translate_off and synthesis_off directives                              ; Off                ; Off                ;
; Show Parameter Settings Tables in Synthesis Report                             ; On                 ; On                 ;
; Ignore Maximum Fan-Out Assignments                                             ; Off                ; Off                ;
; Retiming Meta-Stability Register Sequence Length                               ; 2                  ; 2                  ;
; PowerPlay Power Optimization                                                   ; Normal compilation ; Normal compilation ;
; HDL message level                                                              ; Level2             ; Level2             ;
; Suppress Register Optimization Related Messages                                ; Off                ; Off                ;
; Number of Removed Registers Reported in Synthesis Report                       ; 100                ; 100                ;
; Clock MUX Protection                                                           ; On                 ; On                 ;
; Block Design Naming                                                            ; Auto               ; Auto               ;
+--------------------------------------------------------------------------------+--------------------+--------------------+


+-----------------------------------------------------------------------------------------------------------------------------------------------------+
; Analysis & Synthesis Source Files Read                                                                                                              ;
+----------------------------------+-----------------+------------------------+-----------------------------------------------------------------------+
; File Name with User-Entered Path ; Used in Netlist ; File Type              ; File Name with Absolute Path                                          ;
+----------------------------------+-----------------+------------------------+-----------------------------------------------------------------------+
; RTL/lookup.v                     ; yes             ; User Verilog HDL File  ; D:/Projecct/FPGA/EP2C5T144_V1.0/Project/lookup_mult/RTL/lookup.v      ;
; RTL/lookup_mult.v                ; yes             ; User Verilog HDL File  ; D:/Projecct/FPGA/EP2C5T144_V1.0/Project/lookup_mult/RTL/lookup_mult.v ;
+----------------------------------+-----------------+------------------------+-----------------------------------------------------------------------+


+-----------------------------------------------------+
; Analysis & Synthesis Resource Usage Summary         ;
+---------------------------------------------+-------+
; Resource                                    ; Usage ;
+---------------------------------------------+-------+
;                                             ;       ;
; Total combinational functions               ; 0     ;
; Logic element usage by number of LUT inputs ;       ;
;     -- 4 input functions                    ; 0     ;
;     -- 3 input functions                    ; 0     ;
;     -- <=2 input functions                  ; 0     ;
;                                             ;       ;
; Logic elements by mode                      ;       ;
;     -- normal mode                          ; 0     ;
;     -- arithmetic mode                      ; 0     ;
;                                             ;       ;
; Total registers                             ; 0     ;
;     -- Dedicated logic registers            ; 0     ;
;     -- I/O registers                        ; 0     ;
;                                             ;       ;
; I/O pins                                    ; 18    ;
+---------------------------------------------+-------+


+-----------------------------------------------------------------------------------------------------------------------------------------------------------------------------+
; Analysis & Synthesis Resource Utilization by Entity                                                                                                                         ;
+----------------------------+-------------------+--------------+-------------+--------------+---------+-----------+------+--------------+---------------------+--------------+
; Compilation Hierarchy Node ; LC Combinationals ; LC Registers ; Memory Bits ; DSP Elements ; DSP 9x9 ; DSP 18x18 ; Pins ; Virtual Pins ; Full Hierarchy Name ; Library Name ;
+----------------------------+-------------------+--------------+-------------+--------------+---------+-----------+------+--------------+---------------------+--------------+
; |lookup_mult               ; 0 (0)             ; 0 (0)        ; 0           ; 0            ; 0       ; 0         ; 18   ; 0            ; |lookup_mult        ; work         ;
+----------------------------+-------------------+--------------+-------------+--------------+---------+-----------+------+--------------+---------------------+--------------+
Note: For table entries with two numbers listed, the numbers in parentheses indicate the number of resources of the given type used by the specific entity alone. The numbers listed outside of parentheses indicate the total resources of the given type used by the specific entity and all of its sub-entities in the hierarchy.


+---------------------------------------------------------------------------------+
; Registers Removed During Synthesis                                              ;
+----------------------------------------+----------------------------------------+
; Register name                          ; Reason for Removal                     ;
+----------------------------------------+----------------------------------------+
; lookup:LOOK_UP_U3|out[0..3]            ; Stuck at GND due to stuck port clock   ;
; lookup:LOOK_UP_U2|out[0..3]            ; Stuck at GND due to stuck port clock   ;
; seconda[0..1]                          ; Lost fanout                            ;
; lookup:LOOK_UP_U1|out[0..3]            ; Stuck at GND due to stuck port clock   ;
; secondb[0..1]                          ; Lost fanout                            ;
; lookup:LOOK_UP_U0|out[0..3]            ; Stuck at GND due to stuck port clock   ;
; firsta[0..1]                           ; Lost fanout                            ;
; firstb[0..1]                           ; Lost fanout                            ;
; out[0]~reg0                            ; Stuck at GND due to stuck port data_in ;
; out[1]~reg0                            ; Stuck at GND due to stuck port data_in ;
; out[7]~reg0                            ; Stuck at GND due to stuck port data_in ;
; out[6]~reg0                            ; Stuck at GND due to stuck port data_in ;
; out[5]~reg0                            ; Stuck at GND due to stuck port data_in ;
; out[4]~reg0                            ; Stuck at GND due to stuck port data_in ;
; out[3]~reg0                            ; Stuck at GND due to stuck port data_in ;
; out[2]~reg0                            ; Stuck at GND due to stuck port data_in ;
; Total Number of Removed Registers = 32 ;                                        ;
+----------------------------------------+----------------------------------------+


+-----------------------------------------------------------------------------------------------------------------------------------------------+
; Removed Registers Triggering Further Register Optimizations                                                                                   ;
+--------------------------+-------------------------+------------------------------------------------------------------------------------------+
; Register name            ; Reason for Removal      ; Registers Removed due to This Register                                                   ;
+--------------------------+-------------------------+------------------------------------------------------------------------------------------+
; lookup:LOOK_UP_U3|out[3] ; Stuck at GND            ; seconda[1], secondb[1], out[7]~reg0, out[6]~reg0, out[5]~reg0, out[4]~reg0, out[3]~reg0, ;
;                          ; due to stuck port clock ; out[2]~reg0                                                                              ;
; lookup:LOOK_UP_U3|out[0] ; Stuck at GND            ; seconda[0], secondb[0], out[0]~reg0                                                      ;
;                          ; due to stuck port clock ;                                                                                          ;
; lookup:LOOK_UP_U3|out[1] ; Stuck at GND            ; out[1]~reg0                                                                              ;
;                          ; due to stuck port clock ;                                                                                          ;
; lookup:LOOK_UP_U2|out[0] ; Stuck at GND            ; firstb[0]                                                                                ;
;                          ; due to stuck port clock ;                                                                                          ;
; lookup:LOOK_UP_U2|out[3] ; Stuck at GND            ; firstb[1]                                                                                ;
;                          ; due to stuck port clock ;                                                                                          ;
; lookup:LOOK_UP_U1|out[0] ; Stuck at GND            ; firsta[0]                                                                                ;
;                          ; due to stuck port clock ;                                                                                          ;
; lookup:LOOK_UP_U1|out[3] ; Stuck at GND            ; firsta[1]                                                                                ;
;                          ; due to stuck port clock ;                                                                                          ;
+--------------------------+-------------------------+------------------------------------------------------------------------------------------+


+------------------------------------------------------+
; General Register Statistics                          ;
+----------------------------------------------+-------+
; Statistic                                    ; Value ;
+----------------------------------------------+-------+
; Total registers                              ; 0     ;
; Number of registers using Synchronous Clear  ; 0     ;
; Number of registers using Synchronous Load   ; 0     ;
; Number of registers using Asynchronous Clear ; 0     ;
; Number of registers using Asynchronous Load  ; 0     ;
; Number of registers using Clock Enable       ; 0     ;
; Number of registers using Preset             ; 0     ;
+----------------------------------------------+-------+


+-----------------------------------------------------------------------------+
; Parameter Settings for User Entity Instance: Top-level Entity: |lookup_mult ;
+----------------+-------+----------------------------------------------------+
; Parameter Name ; Value ; Type                                               ;
+----------------+-------+----------------------------------------------------+
; WIDTH          ; 4     ; Signed Integer                                     ;
; SIZE           ; 8     ; Signed Integer                                     ;
+----------------+-------+----------------------------------------------------+
Note: In order to hide this table in the UI and the text report file, please set the "Show Parameter Settings Tables in Synthesis Report" option in "Analysis and Synthesis Settings -> More Settings" to "Off".


+----------------------------------------------------------------+
; Parameter Settings for User Entity Instance: lookup:LOOK_UP_U0 ;
+----------------+-------+---------------------------------------+
; Parameter Name ; Value ; Type                                  ;
+----------------+-------+---------------------------------------+
; WIDTH          ; 2     ; Signed Integer                        ;
; SIZE           ; 4     ; Signed Integer                        ;
+----------------+-------+---------------------------------------+
Note: In order to hide this table in the UI and the text report file, please set the "Show Parameter Settings Tables in Synthesis Report" option in "Analysis and Synthesis Settings -> More Settings" to "Off".


+----------------------------------------------------------------+
; Parameter Settings for User Entity Instance: lookup:LOOK_UP_U1 ;
+----------------+-------+---------------------------------------+
; Parameter Name ; Value ; Type                                  ;
+----------------+-------+---------------------------------------+
; WIDTH          ; 2     ; Signed Integer                        ;
; SIZE           ; 4     ; Signed Integer                        ;
+----------------+-------+---------------------------------------+
Note: In order to hide this table in the UI and the text report file, please set the "Show Parameter Settings Tables in Synthesis Report" option in "Analysis and Synthesis Settings -> More Settings" to "Off".


+----------------------------------------------------------------+
; Parameter Settings for User Entity Instance: lookup:LOOK_UP_U2 ;
+----------------+-------+---------------------------------------+
; Parameter Name ; Value ; Type                                  ;
+----------------+-------+---------------------------------------+
; WIDTH          ; 2     ; Signed Integer                        ;
; SIZE           ; 4     ; Signed Integer                        ;
+----------------+-------+---------------------------------------+
Note: In order to hide this table in the UI and the text report file, please set the "Show Parameter Settings Tables in Synthesis Report" option in "Analysis and Synthesis Settings -> More Settings" to "Off".


+----------------------------------------------------------------+
; Parameter Settings for User Entity Instance: lookup:LOOK_UP_U3 ;
+----------------+-------+---------------------------------------+
; Parameter Name ; Value ; Type                                  ;
+----------------+-------+---------------------------------------+
; WIDTH          ; 2     ; Signed Integer                        ;
; SIZE           ; 4     ; Signed Integer                        ;
+----------------+-------+---------------------------------------+
Note: In order to hide this table in the UI and the text report file, please set the "Show Parameter Settings Tables in Synthesis Report" option in "Analysis and Synthesis Settings -> More Settings" to "Off".


+-------------------------------+
; Analysis & Synthesis Messages ;
+-------------------------------+
Info: *******************************************************************
Info: Running Quartus II Analysis & Synthesis
    Info: Version 7.2 Build 151 09/26/2007 SJ Full Version
    Info: Processing started: Wed Oct 28 23:44:24 2009
Info: Command: quartus_map --read_settings_files=on --write_settings_files=off lookup_mult -c lookup_mult
Info: Found 1 design units, including 1 entities, in source file RTL/lookup.v
    Info: Found entity 1: lookup
Info: Found 1 design units, including 1 entities, in source file RTL/lookup_mult.v
    Info: Found entity 1: lookup_mult
Info: Elaborating entity "lookup_mult" for the top level hierarchy
Info: Elaborating entity "lookup" for hierarchy "lookup:LOOK_UP_U0"
Warning (10230): Verilog HDL assignment warning at lookup.v(82): truncated value with size 32 to match size of target (4)
Warning: The following nets are missing source, defaulting to GND
    Warning (12110): Net "clk"
Warning (14110): No clock transition on "lookup:LOOK_UP_U3|out[0]" register due to stuck clock or clock enable
Warning (14130): Reduced register "lookup:LOOK_UP_U3|out[0]" with stuck clock port to stuck value GND
Warning (14110): No clock transition on "lookup:LOOK_UP_U3|out[3]" register due to stuck clock or clock enable
Warning (14130): Reduced register "lookup:LOOK_UP_U3|out[3]" with stuck clock port to stuck value GND
Warning (14110): No clock transition on "lookup:LOOK_UP_U3|out[2]" register due to stuck clock or clock enable
Warning (14130): Reduced register "lookup:LOOK_UP_U3|out[2]" with stuck clock port to stuck value GND
Warning (14110): No clock transition on "lookup:LOOK_UP_U3|out[1]" register due to stuck clock or clock enable
Warning (14130): Reduced register "lookup:LOOK_UP_U3|out[1]" with stuck clock port to stuck value GND
Warning (14110): No clock transition on "lookup:LOOK_UP_U2|out[0]" register due to stuck clock or clock enable
Warning (14130): Reduced register "lookup:LOOK_UP_U2|out[0]" with stuck clock port to stuck value GND
Warning (14110): No clock transition on "lookup:LOOK_UP_U2|out[3]" register due to stuck clock or clock enable
Warning (14130): Reduced register "lookup:LOOK_UP_U2|out[3]" with stuck clock port to stuck value GND
Warning (14110): No clock transition on "lookup:LOOK_UP_U2|out[2]" register due to stuck clock or clock enable
Warning (14130): Reduced register "lookup:LOOK_UP_U2|out[2]" with stuck clock port to stuck value GND
Warning (14110): No clock transition on "lookup:LOOK_UP_U2|out[1]" register due to stuck clock or clock enable
Warning (14130): Reduced register "lookup:LOOK_UP_U2|out[1]" with stuck clock port to stuck value GND
Warning (14110): No clock transition on "lookup:LOOK_UP_U1|out[0]" register due to stuck clock or clock enable
Warning (14130): Reduced register "lookup:LOOK_UP_U1|out[0]" with stuck clock port to stuck value GND
Warning (14110): No clock transition on "lookup:LOOK_UP_U1|out[3]" register due to stuck clock or clock enable
Warning (14130): Reduced register "lookup:LOOK_UP_U1|out[3]" with stuck clock port to stuck value GND
Warning (14110): No clock transition on "lookup:LOOK_UP_U1|out[2]" register due to stuck clock or clock enable
Warning (14130): Reduced register "lookup:LOOK_UP_U1|out[2]" with stuck clock port to stuck value GND
Warning (14110): No clock transition on "lookup:LOOK_UP_U1|out[1]" register due to stuck clock or clock enable
Warning (14130): Reduced register "lookup:LOOK_UP_U1|out[1]" with stuck clock port to stuck value GND
Warning (14110): No clock transition on "lookup:LOOK_UP_U0|out[0]" register due to stuck clock or clock enable
Warning (14130): Reduced register "lookup:LOOK_UP_U0|out[0]" with stuck clock port to stuck value GND
Warning (14110): No clock transition on "lookup:LOOK_UP_U0|out[3]" register due to stuck clock or clock enable
Warning (14130): Reduced register "lookup:LOOK_UP_U0|out[3]" with stuck clock port to stuck value GND
Warning (14110): No clock transition on "lookup:LOOK_UP_U0|out[2]" register due to stuck clock or clock enable
Warning (14130): Reduced register "lookup:LOOK_UP_U0|out[2]" with stuck clock port to stuck value GND
Warning (14110): No clock transition on "lookup:LOOK_UP_U0|out[1]" register due to stuck clock or clock enable
Warning (14130): Reduced register "lookup:LOOK_UP_U0|out[1]" with stuck clock port to stuck value GND
Warning (14130): Reduced register "out[0]~reg0" with stuck data_in port to stuck value GND
Warning (14130): Reduced register "out[1]~reg0" with stuck data_in port to stuck value GND
Warning (14130): Reduced register "out[7]~reg0" with stuck data_in port to stuck value GND
Warning (14130): Reduced register "out[6]~reg0" with stuck data_in port to stuck value GND
Warning (14130): Reduced register "out[5]~reg0" with stuck data_in port to stuck value GND
Warning (14130): Reduced register "out[4]~reg0" with stuck data_in port to stuck value GND
Warning (14130): Reduced register "out[3]~reg0" with stuck data_in port to stuck value GND
Warning (14130): Reduced register "out[2]~reg0" with stuck data_in port to stuck value GND
Warning: Output pins are stuck at VCC or GND
    Warning (13410): Pin "out[0]" stuck at GND
    Warning (13410): Pin "out[1]" stuck at GND
    Warning (13410): Pin "out[2]" stuck at GND
    Warning (13410): Pin "out[3]" stuck at GND
    Warning (13410): Pin "out[4]" stuck at GND
    Warning (13410): Pin "out[5]" stuck at GND
    Warning (13410): Pin "out[6]" stuck at GND
    Warning (13410): Pin "out[7]" stuck at GND
Info: 8 registers lost all their fanouts during netlist optimizations. The first 8 are displayed below.
    Info: Register "seconda[1]" lost all its fanouts during netlist optimizations.
    Info: Register "seconda[0]" lost all its fanouts during netlist optimizations.
    Info: Register "secondb[1]" lost all its fanouts during netlist optimizations.
    Info: Register "secondb[0]" lost all its fanouts during netlist optimizations.
    Info: Register "firsta[1]" lost all its fanouts during netlist optimizations.
    Info: Register "firsta[0]" lost all its fanouts during netlist optimizations.
    Info: Register "firstb[1]" lost all its fanouts during netlist optimizations.
    Info: Register "firstb[0]" lost all its fanouts during netlist optimizations.
Info: Generated suppressed messages file D:/Projecct/FPGA/EP2C5T144_V1.0/Project/lookup_mult/lookup_mult.map.smsg
Warning: Design contains 10 input pin(s) that do not drive logic
    Warning (15610): No output dependent on input pin "sys_clk"
    Warning (15610): No output dependent on input pin "sys_rst_n"
    Warning (15610): No output dependent on input pin "a[0]"
    Warning (15610): No output dependent on input pin "a[1]"
    Warning (15610): No output dependent on input pin "a[2]"
    Warning (15610): No output dependent on input pin "a[3]"
    Warning (15610): No output dependent on input pin "b[0]"
    Warning (15610): No output dependent on input pin "b[1]"
    Warning (15610): No output dependent on input pin "b[2]"
    Warning (15610): No output dependent on input pin "b[3]"
Info: Implemented 18 device resources after synthesis - the final resource count might be different
    Info: Implemented 10 input pins
    Info: Implemented 8 output pins
Info: Quartus II Analysis & Synthesis was successful. 0 errors, 63 warnings
    Info: Allocated 136 megabytes of memory during processing
    Info: Processing ended: Wed Oct 28 23:44:26 2009
    Info: Elapsed time: 00:00:02


+------------------------------------------+
; Analysis & Synthesis Suppressed Messages ;
+------------------------------------------+
The suppressed messages can be found in D:/Projecct/FPGA/EP2C5T144_V1.0/Project/lookup_mult/lookup_mult.map.smsg.


