Fitter report for segment
Sun Nov 06 19:56:41 2011
Quartus II Version 7.2 Build 151 09/26/2007 SJ Full Version


---------------------
; Table of Contents ;
---------------------
  1. Legal Notice
  2. Fitter Summary
  3. Fitter Settings
  4. Pin-Out File
  5. Fitter Resource Usage Summary
  6. Input Pins
  7. Output Pins
  8. I/O Bank Usage
  9. All Package Pins
 10. Output Pin Default Load For Reported TCO
 11. Fitter Resource Utilization by Entity
 12. Delay Chain Summary
 13. Control Signals
 14. Global & Other Fast Signals
 15. Non-Global High Fan-Out Signals
 16. Interconnect Usage Summary
 17. LAB Logic Elements
 18. LAB-wide Signals
 19. LAB Signals Sourced
 20. LAB Signals Sourced Out
 21. LAB Distinct Inputs
 22. Fitter Device Options
 23. Advanced Data - General
 24. Advanced Data - Placement Preparation
 25. Advanced Data - Placement
 26. Advanced Data - Routing
 27. Fitter Messages
 28. Fitter Suppressed Messages



----------------
; Legal Notice ;
----------------
Copyright (C) 1991-2007 Altera Corporation
Your use of Altera Corporation's design tools, logic functions 
and other software and tools, and its AMPP partner logic 
functions, and any output files from any of the foregoing 
(including device programming or simulation files), and any 
associated documentation or information are expressly subject 
to the terms and conditions of the Altera Program License 
Subscription Agreement, Altera MegaCore Function License 
Agreement, or other applicable license agreement, including, 
without limitation, that your use is for the sole purpose of 
programming logic devices manufactured by Altera and sold by 
Altera or its authorized distributors.  Please refer to the 
applicable agreement for further details.



+------------------------------------------------------------------+
; Fitter Summary                                                   ;
+-----------------------+------------------------------------------+
; Fitter Status         ; Successful - Sun Nov 06 19:56:41 2011    ;
; Quartus II Version    ; 7.2 Build 151 09/26/2007 SJ Full Version ;
; Revision Name         ; segment                                  ;
; Top-level Entity Name ; segment                                  ;
; Family                ; MAX II                                   ;
; Device                ; EPM240T100C5                             ;
; Timing Models         ; Final                                    ;
; Total logic elements  ; 87 / 240 ( 36 % )                        ;
; Total pins            ; 12 / 80 ( 15 % )                         ;
; Total virtual pins    ; 0                                        ;
; UFM blocks            ; 0 / 1 ( 0 % )                            ;
+-----------------------+------------------------------------------+


+--------------------------------------------------------------------------------------------------------------------------------------+
; Fitter Settings                                                                                                                      ;
+--------------------------------------------------------------------+--------------------------------+--------------------------------+
; Option                                                             ; Setting                        ; Default Value                  ;
+--------------------------------------------------------------------+--------------------------------+--------------------------------+
; Device                                                             ; EPM240T100C5                   ;                                ;
; Fit Attempts to Skip                                               ; 0                              ; 0.0                            ;
; Device I/O Standard                                                ; 3.3-V LVTTL                    ;                                ;
; Use smart compilation                                              ; Off                            ; Off                            ;
; Maximum processors allowed for parallel compilation                ; 1                              ; 1                              ;
; Use TimeQuest Timing Analyzer                                      ; Off                            ; Off                            ;
; Router Timing Optimization Level                                   ; Normal                         ; Normal                         ;
; Placement Effort Multiplier                                        ; 1.0                            ; 1.0                            ;
; Router Effort Multiplier                                           ; 1.0                            ; 1.0                            ;
; Always Enable Input Buffers                                        ; Off                            ; Off                            ;
; Optimize Hold Timing                                               ; IO Paths and Minimum TPD Paths ; IO Paths and Minimum TPD Paths ;
; Optimize Fast-Corner Timing                                        ; Off                            ; Off                            ;
; Equivalent RAM and MLAB Paused Read Capabilities                   ; Care                           ; Care                           ;
; Guarantee I/O Paths Have Zero Hold Time at Fast Corner             ; On                             ; On                             ;
; PowerPlay Power Optimization                                       ; Normal compilation             ; Normal compilation             ;
; Optimize Timing                                                    ; Normal compilation             ; Normal compilation             ;
; Optimize IOC Register Placement for Timing                         ; On                             ; On                             ;
; Limit to One Fitting Attempt                                       ; Off                            ; Off                            ;
; Final Placement Optimizations                                      ; Automatically                  ; Automatically                  ;
; Fitter Aggressive Routability Optimizations                        ; Automatically                  ; Automatically                  ;
; Fitter Initial Placement Seed                                      ; 1                              ; 1                              ;
; Slow Slew Rate                                                     ; Off                            ; Off                            ;
; PCI I/O                                                            ; Off                            ; Off                            ;
; Weak Pull-Up Resistor                                              ; Off                            ; Off                            ;
; Enable Bus-Hold Circuitry                                          ; Off                            ; Off                            ;
; Auto Delay Chains                                                  ; On                             ; On                             ;
; Perform Physical Synthesis for Combinational Logic for Performance ; Off                            ; Off                            ;
; Perform Register Duplication for Performance                       ; Off                            ; Off                            ;
; Perform Register Retiming for Performance                          ; Off                            ; Off                            ;
; Perform Asynchronous Signal Pipelining                             ; Off                            ; Off                            ;
; Fitter Effort                                                      ; Auto Fit                       ; Auto Fit                       ;
; Physical Synthesis Effort Level                                    ; Normal                         ; Normal                         ;
; Logic Cell Insertion - Logic Duplication                           ; Auto                           ; Auto                           ;
; Auto Register Duplication                                          ; Auto                           ; Auto                           ;
; Auto Global Clock                                                  ; On                             ; On                             ;
; Auto Global Register Control Signals                               ; On                             ; On                             ;
; Stop After Congestion Map Generation                               ; Off                            ; Off                            ;
; Save Intermediate Fitting Results                                  ; Off                            ; Off                            ;
+--------------------------------------------------------------------+--------------------------------+--------------------------------+


+--------------+
; Pin-Out File ;
+--------------+
The pin-out file can be found in C:/altera/work/MAXII240T100C5N/verilog/EX06/SEGMENT/segment.pin.


+-----------------------------------------------------------------+
; Fitter Resource Usage Summary                                   ;
+---------------------------------------------+-------------------+
; Resource                                    ; Usage             ;
+---------------------------------------------+-------------------+
; Total logic elements                        ; 87 / 240 ( 36 % ) ;
;     -- Combinational with no register       ; 42                ;
;     -- Register only                        ; 0                 ;
;     -- Combinational with a register        ; 45                ;
;                                             ;                   ;
; Logic element usage by number of LUT inputs ;                   ;
;     -- 4 input functions                    ; 46                ;
;     -- 3 input functions                    ; 8                 ;
;     -- 2 input functions                    ; 29                ;
;     -- 1 input functions                    ; 3                 ;
;     -- 0 input functions                    ; 1                 ;
;                                             ;                   ;
; Logic elements by mode                      ;                   ;
;     -- normal mode                          ; 68                ;
;     -- arithmetic mode                      ; 19                ;
;     -- qfbk mode                            ; 2                 ;
;     -- register cascade mode                ; 0                 ;
;     -- synchronous clear/load mode          ; 15                ;
;     -- asynchronous clear/load mode         ; 45                ;
;                                             ;                   ;
; Total registers                             ; 45 / 240 ( 19 % ) ;
; Total LABs                                  ; 13 / 24 ( 54 % )  ;
; Logic elements in carry chains              ; 21                ;
; User inserted logic elements                ; 0                 ;
; Virtual pins                                ; 0                 ;
; I/O pins                                    ; 12 / 80 ( 15 % )  ;
;     -- Clock pins                           ; 0 / 0 ( -- )      ;
; Global signals                              ; 2                 ;
; UFM blocks                                  ; 0 / 1 ( 0 % )     ;
; Global clocks                               ; 2 / 4 ( 50 % )    ;
; Average interconnect usage                  ; 7%                ;
; Peak interconnect usage                     ; 7%                ;
; Maximum fan-out node                        ; clk               ;
; Maximum fan-out                             ; 45                ;
; Highest non-global fan-out signal           ; data[0]~2076      ;
; Highest non-global fan-out                  ; 19                ;
; Total fan-out                               ; 404               ;
; Average fan-out                             ; 4.08              ;
+---------------------------------------------+-------------------+


+--------------------------------------------------------------------------------------------------------------------------------------------------------------------------------------------------------------+
; Input Pins                                                                                                                                                                                                   ;
+-------+-------+----------+--------------+--------------+-------------+-----------------------+--------------------+--------+-----------------+----------+--------------+--------------+----------------------+
; Name  ; Pin # ; I/O Bank ; X coordinate ; Y coordinate ; Cell number ; Combinational Fan-Out ; Registered Fan-Out ; Global ; PCI I/O Enabled ; Bus Hold ; Weak Pull Up ; I/O Standard ; Location assigned by ;
+-------+-------+----------+--------------+--------------+-------------+-----------------------+--------------------+--------+-----------------+----------+--------------+--------------+----------------------+
; clk   ; 61    ; 2        ; 8            ; 2            ; 1           ; 45                    ; 0                  ; yes    ; no              ; no       ; Off          ; 3.3-V LVTTL  ; User                 ;
; rst_n ; 83    ; 2        ; 6            ; 5            ; 2           ; 45                    ; 0                  ; yes    ; no              ; no       ; Off          ; 3.3-V LVTTL  ; User                 ;
; sw0   ; 73    ; 2        ; 8            ; 4            ; 1           ; 13                    ; 0                  ; no     ; no              ; no       ; Off          ; 3.3-V LVTTL  ; User                 ;
; sw1   ; 74    ; 2        ; 8            ; 4            ; 0           ; 12                    ; 0                  ; no     ; no              ; no       ; Off          ; 3.3-V LVTTL  ; User                 ;
; sw2   ; 75    ; 2        ; 7            ; 5            ; 0           ; 14                    ; 0                  ; no     ; no              ; no       ; Off          ; 3.3-V LVTTL  ; User                 ;
; sw3   ; 76    ; 2        ; 7            ; 5            ; 1           ; 14                    ; 0                  ; no     ; no              ; no       ; Off          ; 3.3-V LVTTL  ; User                 ;
; sw4   ; 77    ; 2        ; 7            ; 5            ; 2           ; 8                     ; 0                  ; no     ; no              ; no       ; Off          ; 3.3-V LVTTL  ; User                 ;
; sw5   ; 78    ; 2        ; 7            ; 5            ; 3           ; 5                     ; 0                  ; no     ; no              ; no       ; Off          ; 3.3-V LVTTL  ; User                 ;
; sw6   ; 81    ; 2        ; 6            ; 5            ; 0           ; 4                     ; 0                  ; no     ; no              ; no       ; Off          ; 3.3-V LVTTL  ; User                 ;
; sw7   ; 82    ; 2        ; 6            ; 5            ; 1           ; 1                     ; 0                  ; no     ; no              ; no       ; Off          ; 3.3-V LVTTL  ; User                 ;
+-------+-------+----------+--------------+--------------+-------------+-----------------------+--------------------+--------+-----------------+----------+--------------+--------------+----------------------+


+----------------------------------------------------------------------------------------------------------------------------------------------------------------------------------------------------------------------------------------------------------------------------+
; Output Pins                                                                                                                                                                                                                                                                ;
+-------+-------+----------+--------------+--------------+-------------+-----------------+----------------+-----------------+------------+---------------+----------+--------------+--------------+------------------+------------------------+----------------------+-------+
; Name  ; Pin # ; I/O Bank ; X coordinate ; Y coordinate ; Cell number ; Output Register ; Slow Slew Rate ; PCI I/O Enabled ; Open Drain ; TRI Primitive ; Bus Hold ; Weak Pull Up ; I/O Standard ; Current Strength ; Fast Output Connection ; Location assigned by ; Load  ;
+-------+-------+----------+--------------+--------------+-------------+-----------------+----------------+-----------------+------------+---------------+----------+--------------+--------------+------------------+------------------------+----------------------+-------+
; hc_cp ; 27    ; 1        ; 2            ; 0            ; 2           ; no              ; no             ; no              ; no         ; no            ; no       ; Off          ; 3.3-V LVTTL  ; 16mA             ; no                     ; User                 ; 10 pF ;
; hc_si ; 26    ; 1        ; 2            ; 0            ; 3           ; no              ; no             ; no              ; no         ; no            ; no       ; Off          ; 3.3-V LVTTL  ; 16mA             ; no                     ; User                 ; 10 pF ;
+-------+-------+----------+--------------+--------------+-------------+-----------------+----------------+-----------------+------------+---------------+----------+--------------+--------------+------------------+------------------------+----------------------+-------+


+------------------------------------------------------------+
; I/O Bank Usage                                             ;
+----------+------------------+---------------+--------------+
; I/O Bank ; Usage            ; VCCIO Voltage ; VREF Voltage ;
+----------+------------------+---------------+--------------+
; 1        ; 2 / 38 ( 5 % )   ; 3.3V          ; --           ;
; 2        ; 10 / 42 ( 24 % ) ; 3.3V          ; --           ;
+----------+------------------+---------------+--------------+


+----------------------------------------------------------------------------------------------------------------------------------------------+
; All Package Pins                                                                                                                             ;
+----------+------------+----------+----------------+--------+--------------+---------+------------+-----------------+----------+--------------+
; Location ; Pad Number ; I/O Bank ; Pin Name/Usage ; Dir.   ; I/O Standard ; Voltage ; I/O Type   ; User Assignment ; Bus Hold ; Weak Pull Up ;
+----------+------------+----------+----------------+--------+--------------+---------+------------+-----------------+----------+--------------+
; 1        ; 83         ; 2        ; RESERVED_INPUT ;        ;              ;         ; Column I/O ;                 ; no       ; Off          ;
; 2        ; 0          ; 1        ; RESERVED_INPUT ;        ;              ;         ; Row I/O    ;                 ; no       ; Off          ;
; 3        ; 1          ; 1        ; RESERVED_INPUT ;        ;              ;         ; Row I/O    ;                 ; no       ; Off          ;
; 4        ; 2          ; 1        ; RESERVED_INPUT ;        ;              ;         ; Row I/O    ;                 ; no       ; Off          ;
; 5        ; 3          ; 1        ; RESERVED_INPUT ;        ;              ;         ; Row I/O    ;                 ; no       ; Off          ;
; 6        ; 4          ; 1        ; RESERVED_INPUT ;        ;              ;         ; Row I/O    ;                 ; no       ; Off          ;
; 7        ; 5          ; 1        ; RESERVED_INPUT ;        ;              ;         ; Row I/O    ;                 ; no       ; Off          ;
; 8        ; 6          ; 1        ; RESERVED_INPUT ;        ;              ;         ; Row I/O    ;                 ; no       ; Off          ;
; 9        ;            ; 1        ; VCCIO1         ; power  ;              ; 3.3V    ; --         ;                 ; --       ; --           ;
; 10       ;            ;          ; GNDIO          ; gnd    ;              ;         ; --         ;                 ; --       ; --           ;
; 11       ;            ;          ; GNDINT         ; gnd    ;              ;         ; --         ;                 ; --       ; --           ;
; 12       ; 7          ; 1        ; RESERVED_INPUT ;        ;              ;         ; Row I/O    ;                 ; no       ; Off          ;
; 13       ;            ;          ; VCCINT         ; power  ;              ; 3.3V    ; --         ;                 ; --       ; --           ;
; 14       ; 8          ; 1        ; RESERVED_INPUT ;        ;              ;         ; Row I/O    ;                 ; no       ; Off          ;
; 15       ; 9          ; 1        ; RESERVED_INPUT ;        ;              ;         ; Row I/O    ;                 ; no       ; Off          ;
; 16       ; 10         ; 1        ; RESERVED_INPUT ;        ;              ;         ; Row I/O    ;                 ; no       ; Off          ;
; 17       ; 11         ; 1        ; RESERVED_INPUT ;        ;              ;         ; Row I/O    ;                 ; no       ; Off          ;
; 18       ; 12         ; 1        ; RESERVED_INPUT ;        ;              ;         ; Row I/O    ;                 ; no       ; Off          ;
; 19       ; 13         ; 1        ; RESERVED_INPUT ;        ;              ;         ; Row I/O    ;                 ; no       ; Off          ;
; 20       ; 14         ; 1        ; RESERVED_INPUT ;        ;              ;         ; Row I/O    ;                 ; no       ; Off          ;
; 21       ; 15         ; 1        ; RESERVED_INPUT ;        ;              ;         ; Row I/O    ;                 ; no       ; Off          ;
; 22       ; 16         ; 1        ; #TMS           ; input  ;              ;         ; --         ;                 ; --       ; --           ;
; 23       ; 17         ; 1        ; #TDI           ; input  ;              ;         ; --         ;                 ; --       ; --           ;
; 24       ; 18         ; 1        ; #TCK           ; input  ;              ;         ; --         ;                 ; --       ; --           ;
; 25       ; 19         ; 1        ; #TDO           ; output ;              ;         ; --         ;                 ; --       ; --           ;
; 26       ; 20         ; 1        ; hc_si          ; output ; 3.3-V LVTTL  ;         ; Column I/O ; Y               ; no       ; Off          ;
; 27       ; 21         ; 1        ; hc_cp          ; output ; 3.3-V LVTTL  ;         ; Column I/O ; Y               ; no       ; Off          ;
; 28       ; 22         ; 1        ; RESERVED_INPUT ;        ;              ;         ; Column I/O ;                 ; no       ; Off          ;
; 29       ; 23         ; 1        ; RESERVED_INPUT ;        ;              ;         ; Column I/O ;                 ; no       ; Off          ;
; 30       ; 24         ; 1        ; RESERVED_INPUT ;        ;              ;         ; Column I/O ;                 ; no       ; Off          ;
; 31       ;            ; 1        ; VCCIO1         ; power  ;              ; 3.3V    ; --         ;                 ; --       ; --           ;
; 32       ;            ;          ; GNDIO          ; gnd    ;              ;         ; --         ;                 ; --       ; --           ;
; 33       ; 25         ; 1        ; RESERVED_INPUT ;        ;              ;         ; Column I/O ;                 ; no       ; Off          ;
; 34       ; 26         ; 1        ; RESERVED_INPUT ;        ;              ;         ; Column I/O ;                 ; no       ; Off          ;
; 35       ; 27         ; 1        ; RESERVED_INPUT ;        ;              ;         ; Column I/O ;                 ; no       ; Off          ;
; 36       ; 28         ; 1        ; RESERVED_INPUT ;        ;              ;         ; Column I/O ;                 ; no       ; Off          ;
; 37       ; 29         ; 1        ; RESERVED_INPUT ;        ;              ;         ; Column I/O ;                 ; no       ; Off          ;
; 38       ; 30         ; 1        ; RESERVED_INPUT ;        ;              ;         ; Column I/O ;                 ; no       ; Off          ;
; 39       ; 31         ; 1        ; RESERVED_INPUT ;        ;              ;         ; Column I/O ;                 ; no       ; Off          ;
; 40       ; 32         ; 1        ; RESERVED_INPUT ;        ;              ;         ; Column I/O ;                 ; no       ; Off          ;
; 41       ; 33         ; 1        ; RESERVED_INPUT ;        ;              ;         ; Column I/O ;                 ; no       ; Off          ;
; 42       ; 34         ; 1        ; RESERVED_INPUT ;        ;              ;         ; Column I/O ;                 ; no       ; Off          ;
; 43       ; 35         ; 1        ; RESERVED_INPUT ;        ;              ;         ; Column I/O ;                 ; no       ; Off          ;
; 44       ; 36         ; 1        ; RESERVED_INPUT ;        ;              ;         ; Column I/O ;                 ; no       ; Off          ;
; 45       ;            ; 1        ; VCCIO1         ; power  ;              ; 3.3V    ; --         ;                 ; --       ; --           ;
; 46       ;            ;          ; GNDIO          ; gnd    ;              ;         ; --         ;                 ; --       ; --           ;
; 47       ; 37         ; 1        ; RESERVED_INPUT ;        ;              ;         ; Column I/O ;                 ; no       ; Off          ;
; 48       ; 38         ; 1        ; RESERVED_INPUT ;        ;              ;         ; Column I/O ;                 ; no       ; Off          ;
; 49       ; 39         ; 1        ; RESERVED_INPUT ;        ;              ;         ; Column I/O ;                 ; no       ; Off          ;
; 50       ; 40         ; 1        ; RESERVED_INPUT ;        ;              ;         ; Column I/O ;                 ; no       ; Off          ;
; 51       ; 41         ; 1        ; RESERVED_INPUT ;        ;              ;         ; Column I/O ;                 ; no       ; Off          ;
; 52       ; 42         ; 2        ; RESERVED_INPUT ;        ;              ;         ; Row I/O    ;                 ; no       ; Off          ;
; 53       ; 43         ; 2        ; RESERVED_INPUT ;        ;              ;         ; Row I/O    ;                 ; no       ; Off          ;
; 54       ; 44         ; 2        ; RESERVED_INPUT ;        ;              ;         ; Row I/O    ;                 ; no       ; Off          ;
; 55       ; 45         ; 2        ; RESERVED_INPUT ;        ;              ;         ; Row I/O    ;                 ; no       ; Off          ;
; 56       ; 46         ; 2        ; RESERVED_INPUT ;        ;              ;         ; Row I/O    ;                 ; no       ; Off          ;
; 57       ; 47         ; 2        ; RESERVED_INPUT ;        ;              ;         ; Row I/O    ;                 ; no       ; Off          ;
; 58       ; 48         ; 2        ; RESERVED_INPUT ;        ;              ;         ; Row I/O    ;                 ; no       ; Off          ;
; 59       ;            ; 2        ; VCCIO2         ; power  ;              ; 3.3V    ; --         ;                 ; --       ; --           ;
; 60       ;            ;          ; GNDIO          ; gnd    ;              ;         ; --         ;                 ; --       ; --           ;
; 61       ; 49         ; 2        ; clk            ; input  ; 3.3-V LVTTL  ;         ; Row I/O    ; Y               ; no       ; Off          ;
; 62       ; 50         ; 2        ; RESERVED_INPUT ;        ;              ;         ; Row I/O    ;                 ; no       ; Off          ;
; 63       ;            ;          ; VCCINT         ; power  ;              ; 3.3V    ; --         ;                 ; --       ; --           ;
; 64       ; 51         ; 2        ; RESERVED_INPUT ;        ;              ;         ; Row I/O    ;                 ; no       ; Off          ;
; 65       ;            ;          ; GNDINT         ; gnd    ;              ;         ; --         ;                 ; --       ; --           ;
; 66       ; 52         ; 2        ; RESERVED_INPUT ;        ;              ;         ; Row I/O    ;                 ; no       ; Off          ;
; 67       ; 53         ; 2        ; RESERVED_INPUT ;        ;              ;         ; Row I/O    ;                 ; no       ; Off          ;
; 68       ; 54         ; 2        ; RESERVED_INPUT ;        ;              ;         ; Row I/O    ;                 ; no       ; Off          ;
; 69       ; 55         ; 2        ; RESERVED_INPUT ;        ;              ;         ; Row I/O    ;                 ; no       ; Off          ;
; 70       ; 56         ; 2        ; RESERVED_INPUT ;        ;              ;         ; Row I/O    ;                 ; no       ; Off          ;
; 71       ; 57         ; 2        ; RESERVED_INPUT ;        ;              ;         ; Row I/O    ;                 ; no       ; Off          ;
; 72       ; 58         ; 2        ; RESERVED_INPUT ;        ;              ;         ; Row I/O    ;                 ; no       ; Off          ;
; 73       ; 59         ; 2        ; sw0            ; input  ; 3.3-V LVTTL  ;         ; Row I/O    ; Y               ; no       ; Off          ;
; 74       ; 60         ; 2        ; sw1            ; input  ; 3.3-V LVTTL  ;         ; Row I/O    ; Y               ; no       ; Off          ;
; 75       ; 61         ; 2        ; sw2            ; input  ; 3.3-V LVTTL  ;         ; Column I/O ; Y               ; no       ; Off          ;
; 76       ; 62         ; 2        ; sw3            ; input  ; 3.3-V LVTTL  ;         ; Column I/O ; Y               ; no       ; Off          ;
; 77       ; 63         ; 2        ; sw4            ; input  ; 3.3-V LVTTL  ;         ; Column I/O ; Y               ; no       ; Off          ;
; 78       ; 64         ; 2        ; sw5            ; input  ; 3.3-V LVTTL  ;         ; Column I/O ; Y               ; no       ; Off          ;
; 79       ;            ;          ; GNDIO          ; gnd    ;              ;         ; --         ;                 ; --       ; --           ;
; 80       ;            ; 2        ; VCCIO2         ; power  ;              ; 3.3V    ; --         ;                 ; --       ; --           ;
; 81       ; 65         ; 2        ; sw6            ; input  ; 3.3-V LVTTL  ;         ; Column I/O ; Y               ; no       ; Off          ;
; 82       ; 66         ; 2        ; sw7            ; input  ; 3.3-V LVTTL  ;         ; Column I/O ; Y               ; no       ; Off          ;
; 83       ; 67         ; 2        ; rst_n          ; input  ; 3.3-V LVTTL  ;         ; Column I/O ; Y               ; no       ; Off          ;
; 84       ; 68         ; 2        ; RESERVED_INPUT ;        ;              ;         ; Column I/O ;                 ; no       ; Off          ;
; 85       ; 69         ; 2        ; RESERVED_INPUT ;        ;              ;         ; Column I/O ;                 ; no       ; Off          ;
; 86       ; 70         ; 2        ; RESERVED_INPUT ;        ;              ;         ; Column I/O ;                 ; no       ; Off          ;
; 87       ; 71         ; 2        ; RESERVED_INPUT ;        ;              ;         ; Column I/O ;                 ; no       ; Off          ;
; 88       ; 72         ; 2        ; RESERVED_INPUT ;        ;              ;         ; Column I/O ;                 ; no       ; Off          ;
; 89       ; 73         ; 2        ; RESERVED_INPUT ;        ;              ;         ; Column I/O ;                 ; no       ; Off          ;
; 90       ; 74         ; 2        ; RESERVED_INPUT ;        ;              ;         ; Column I/O ;                 ; no       ; Off          ;
; 91       ; 75         ; 2        ; RESERVED_INPUT ;        ;              ;         ; Column I/O ;                 ; no       ; Off          ;
; 92       ; 76         ; 2        ; RESERVED_INPUT ;        ;              ;         ; Column I/O ;                 ; no       ; Off          ;
; 93       ;            ;          ; GNDIO          ; gnd    ;              ;         ; --         ;                 ; --       ; --           ;
; 94       ;            ; 2        ; VCCIO2         ; power  ;              ; 3.3V    ; --         ;                 ; --       ; --           ;
; 95       ; 77         ; 2        ; RESERVED_INPUT ;        ;              ;         ; Column I/O ;                 ; no       ; Off          ;
; 96       ; 78         ; 2        ; RESERVED_INPUT ;        ;              ;         ; Column I/O ;                 ; no       ; Off          ;
; 97       ; 79         ; 2        ; RESERVED_INPUT ;        ;              ;         ; Column I/O ;                 ; no       ; Off          ;
; 98       ; 80         ; 2        ; RESERVED_INPUT ;        ;              ;         ; Column I/O ;                 ; no       ; Off          ;
; 99       ; 81         ; 2        ; RESERVED_INPUT ;        ;              ;         ; Column I/O ;                 ; no       ; Off          ;
; 100      ; 82         ; 2        ; RESERVED_INPUT ;        ;              ;         ; Column I/O ;                 ; no       ; Off          ;
+----------+------------+----------+----------------+--------+--------------+---------+------------+-----------------+----------+--------------+
Note: Pin directions (input, output or bidir) are based on device operating in user mode.


+-------------------------------------------------------------+
; Output Pin Default Load For Reported TCO                    ;
+----------------------------+-------+------------------------+
; I/O Standard               ; Load  ; Termination Resistance ;
+----------------------------+-------+------------------------+
; 3.3-V LVTTL                ; 10 pF ; Not Available          ;
; 3.3-V LVCMOS               ; 10 pF ; Not Available          ;
; 2.5 V                      ; 10 pF ; Not Available          ;
; 1.8 V                      ; 10 pF ; Not Available          ;
; 1.5 V                      ; 10 pF ; Not Available          ;
; 3.3V Schmitt Trigger Input ; 10 pF ; Not Available          ;
; 2.5V Schmitt Trigger Input ; 10 pF ; Not Available          ;
+----------------------------+-------+------------------------+
Note: User assignments will override these defaults. The user specified values are listed in the Output Pins and Bidir Pins tables.


+---------------------------------------------------------------------------------------------------------------------------------------------------------------------------------------------------------------------------------------------------+
; Fitter Resource Utilization by Entity                                                                                                                                                                                                             ;
+-------------------------------------+-------------+--------------+------------+------+--------------+--------------+-------------------+------------------+-----------------+------------+-----------------------------------------+--------------+
; Compilation Hierarchy Node          ; Logic Cells ; LC Registers ; UFM Blocks ; Pins ; Virtual Pins ; LUT-Only LCs ; Register-Only LCs ; LUT/Register LCs ; Carry Chain LCs ; Packed LCs ; Full Hierarchy Name                     ; Library Name ;
+-------------------------------------+-------------+--------------+------------+------+--------------+--------------+-------------------+------------------+-----------------+------------+-----------------------------------------+--------------+
; |segment                            ; 87 (29)     ; 45           ; 0          ; 12   ; 0            ; 42 (10)      ; 0 (0)             ; 45 (19)          ; 21 (0)          ; 2 (0)      ; |segment                                ; work         ;
;    |hc164_driver:hc164_driver_inst| ; 58 (58)     ; 26           ; 0          ; 0    ; 0            ; 32 (32)      ; 0 (0)             ; 26 (26)          ; 21 (21)         ; 2 (2)      ; |segment|hc164_driver:hc164_driver_inst ; work         ;
+-------------------------------------+-------------+--------------+------------+------+--------------+--------------+-------------------+------------------+-----------------+------------+-----------------------------------------+--------------+
Note: For table entries with two numbers listed, the numbers in parentheses indicate the number of resources of the given type used by the specific entity alone. The numbers listed outside of parentheses indicate the total resources of the given type used by the specific entity and all of its sub-entities in the hierarchy.


+----------------------------------+
; Delay Chain Summary              ;
+-------+----------+---------------+
; Name  ; Pin Type ; Pad to Core 0 ;
+-------+----------+---------------+
; clk   ; Input    ; 0             ;
; rst_n ; Input    ; 1             ;
; sw0   ; Input    ; 0             ;
; sw2   ; Input    ; 0             ;
; sw4   ; Input    ; 0             ;
; sw6   ; Input    ; 0             ;
; sw5   ; Input    ; 0             ;
; sw3   ; Input    ; 0             ;
; sw1   ; Input    ; 0             ;
; sw7   ; Input    ; 0             ;
; hc_cp ; Output   ; --            ;
; hc_si ; Output   ; --            ;
+-------+----------+---------------+


+--------------------------------------------------------------------------------------------------------------------------------------+
; Control Signals                                                                                                                      ;
+--------------------------------------------+-------------+---------+--------------+--------+----------------------+------------------+
; Name                                       ; Location    ; Fan-Out ; Usage        ; Global ; Global Resource Used ; Global Line Name ;
+--------------------------------------------+-------------+---------+--------------+--------+----------------------+------------------+
; clk                                        ; PIN_61      ; 45      ; Clock        ; yes    ; Global Clock         ; GCLK2            ;
; data[0]~2076                               ; LC_X6_Y3_N3 ; 19      ; Clock enable ; no     ; --                   ; --               ;
; hc164_driver:hc164_driver_inst|clk_cnt[15] ; LC_X3_Y2_N7 ; 10      ; Sync. clear  ; no     ; --                   ; --               ;
; rst_n                                      ; PIN_83      ; 45      ; Async. clear ; yes    ; Global Clock         ; GCLK3            ;
; sw0                                        ; PIN_73      ; 13      ; Sync. clear  ; no     ; --                   ; --               ;
+--------------------------------------------+-------------+---------+--------------+--------+----------------------+------------------+


+----------------------------------------------------------------------+
; Global & Other Fast Signals                                          ;
+-------+----------+---------+----------------------+------------------+
; Name  ; Location ; Fan-Out ; Global Resource Used ; Global Line Name ;
+-------+----------+---------+----------------------+------------------+
; clk   ; PIN_61   ; 45      ; Global Clock         ; GCLK2            ;
; rst_n ; PIN_83   ; 45      ; Global Clock         ; GCLK3            ;
+-------+----------+---------+----------------------+------------------+


+----------------------------------------------------------+
; Non-Global High Fan-Out Signals                          ;
+------------------------------------------------+---------+
; Name                                           ; Fan-Out ;
+------------------------------------------------+---------+
; data[0]~2076                                   ; 19      ;
; sw3                                            ; 14      ;
; sw2                                            ; 14      ;
; sw0                                            ; 13      ;
; sw1                                            ; 12      ;
; hc164_driver:hc164_driver_inst|clk_cnt[15]     ; 10      ;
; hc164_driver:hc164_driver_inst|seg_led_num[2]  ; 10      ;
; hc164_driver:hc164_driver_inst|seg_led_num[1]  ; 9       ;
; sw4                                            ; 8       ;
; hc164_driver:hc164_driver_inst|seg_led_num[0]  ; 8       ;
; hc164_driver:hc164_driver_inst|Mux0~57         ; 7       ;
; hc164_driver:hc164_driver_inst|Mux1~344        ; 7       ;
; hc164_driver:hc164_driver_inst|Mux2~18         ; 7       ;
; hc164_driver:hc164_driver_inst|Mux3~20         ; 7       ;
; hc164_driver:hc164_driver_inst|tx_cnt[2]       ; 7       ;
; hc164_driver:hc164_driver_inst|tx_cnt[1]       ; 6       ;
; sw5                                            ; 5       ;
; hc164_driver:hc164_driver_inst|clk_cnt[7]~106  ; 5       ;
; hc164_driver:hc164_driver_inst|clk_cnt[2]~96   ; 5       ;
; sw6                                            ; 4       ;
; data[0]~2081                                   ; 4       ;
; data[0]~2080                                   ; 4       ;
; data[0]~2075                                   ; 4       ;
; data[0]~2074                                   ; 4       ;
; hc164_driver:hc164_driver_inst|tx_cnt[4]       ; 4       ;
; hc164_driver:hc164_driver_inst|Equal0~150      ; 3       ;
; hc164_driver:hc164_driver_inst|clk_cnt[12]~116 ; 3       ;
; hc164_driver:hc164_driver_inst|clk_cnt[0]      ; 3       ;
; hc164_driver:hc164_driver_inst|tx_cnt[5]       ; 3       ;
; hc164_driver:hc164_driver_inst|tx_cnt[3]       ; 3       ;
; hc164_driver:hc164_driver_inst|tx_cnt[0]       ; 2       ;
; hc164_driver:hc164_driver_inst|clk_cnt[14]     ; 2       ;
; hc164_driver:hc164_driver_inst|clk_cnt[13]     ; 2       ;
; hc164_driver:hc164_driver_inst|clk_cnt[12]     ; 2       ;
; hc164_driver:hc164_driver_inst|clk_cnt[11]     ; 2       ;
; hc164_driver:hc164_driver_inst|clk_cnt[10]     ; 2       ;
; hc164_driver:hc164_driver_inst|clk_cnt[9]      ; 2       ;
; hc164_driver:hc164_driver_inst|clk_cnt[8]      ; 2       ;
; hc164_driver:hc164_driver_inst|clk_cnt[7]      ; 2       ;
; hc164_driver:hc164_driver_inst|clk_cnt[6]      ; 2       ;
; hc164_driver:hc164_driver_inst|clk_cnt[5]      ; 2       ;
; hc164_driver:hc164_driver_inst|clk_cnt[4]      ; 2       ;
; hc164_driver:hc164_driver_inst|clk_cnt[3]      ; 2       ;
; hc164_driver:hc164_driver_inst|clk_cnt[2]      ; 2       ;
; hc164_driver:hc164_driver_inst|clk_cnt[1]      ; 2       ;
; hc164_driver:hc164_driver_inst|tx_cnt[3]~94    ; 2       ;
; data[25]                                       ; 2       ;
; hc164_driver:hc164_driver_inst|hc_cp           ; 2       ;
; sw7                                            ; 1       ;
; hc164_driver:hc164_driver_inst|Mux5~301        ; 1       ;
+------------------------------------------------+---------+


+-------------------------------------------------+
; Interconnect Usage Summary                      ;
+----------------------------+--------------------+
; Interconnect Resource Type ; Usage              ;
+----------------------------+--------------------+
; C4s                        ; 54 / 784 ( 7 % )   ;
; Direct links               ; 17 / 888 ( 2 % )   ;
; Global clocks              ; 2 / 4 ( 50 % )     ;
; LAB clocks                 ; 10 / 32 ( 31 % )   ;
; LUT chains                 ; 7 / 216 ( 3 % )    ;
; Local interconnects        ; 112 / 888 ( 13 % ) ;
; R4s                        ; 54 / 704 ( 8 % )   ;
+----------------------------+--------------------+


+---------------------------------------------------------------------------+
; LAB Logic Elements                                                        ;
+--------------------------------------------+------------------------------+
; Number of Logic Elements  (Average = 6.69) ; Number of LABs  (Total = 13) ;
+--------------------------------------------+------------------------------+
; 1                                          ; 4                            ;
; 2                                          ; 0                            ;
; 3                                          ; 1                            ;
; 4                                          ; 0                            ;
; 5                                          ; 0                            ;
; 6                                          ; 0                            ;
; 7                                          ; 0                            ;
; 8                                          ; 0                            ;
; 9                                          ; 0                            ;
; 10                                         ; 8                            ;
+--------------------------------------------+------------------------------+


+-------------------------------------------------------------------+
; LAB-wide Signals                                                  ;
+------------------------------------+------------------------------+
; LAB-wide Signals  (Average = 2.08) ; Number of LABs  (Total = 13) ;
+------------------------------------+------------------------------+
; 1 Async. clear                     ; 10                           ;
; 1 Clock                            ; 10                           ;
; 1 Clock enable                     ; 5                            ;
; 1 Sync. clear                      ; 2                            ;
+------------------------------------+------------------------------+


+----------------------------------------------------------------------------+
; LAB Signals Sourced                                                        ;
+---------------------------------------------+------------------------------+
; Number of Signals Sourced  (Average = 6.69) ; Number of LABs  (Total = 13) ;
+---------------------------------------------+------------------------------+
; 0                                           ; 0                            ;
; 1                                           ; 4                            ;
; 2                                           ; 0                            ;
; 3                                           ; 1                            ;
; 4                                           ; 0                            ;
; 5                                           ; 0                            ;
; 6                                           ; 0                            ;
; 7                                           ; 0                            ;
; 8                                           ; 0                            ;
; 9                                           ; 0                            ;
; 10                                          ; 8                            ;
+---------------------------------------------+------------------------------+


+--------------------------------------------------------------------------------+
; LAB Signals Sourced Out                                                        ;
+-------------------------------------------------+------------------------------+
; Number of Signals Sourced Out  (Average = 3.46) ; Number of LABs  (Total = 13) ;
+-------------------------------------------------+------------------------------+
; 0                                               ; 0                            ;
; 1                                               ; 4                            ;
; 2                                               ; 2                            ;
; 3                                               ; 3                            ;
; 4                                               ; 0                            ;
; 5                                               ; 1                            ;
; 6                                               ; 1                            ;
; 7                                               ; 0                            ;
; 8                                               ; 1                            ;
; 9                                               ; 1                            ;
+-------------------------------------------------+------------------------------+


+----------------------------------------------------------------------------+
; LAB Distinct Inputs                                                        ;
+---------------------------------------------+------------------------------+
; Number of Distinct Inputs  (Average = 8.77) ; Number of LABs  (Total = 13) ;
+---------------------------------------------+------------------------------+
; 0                                           ; 0                            ;
; 1                                           ; 0                            ;
; 2                                           ; 1                            ;
; 3                                           ; 2                            ;
; 4                                           ; 4                            ;
; 5                                           ; 0                            ;
; 6                                           ; 1                            ;
; 7                                           ; 0                            ;
; 8                                           ; 0                            ;
; 9                                           ; 0                            ;
; 10                                          ; 0                            ;
; 11                                          ; 1                            ;
; 12                                          ; 0                            ;
; 13                                          ; 0                            ;
; 14                                          ; 1                            ;
; 15                                          ; 0                            ;
; 16                                          ; 1                            ;
; 17                                          ; 0                            ;
; 18                                          ; 0                            ;
; 19                                          ; 0                            ;
; 20                                          ; 0                            ;
; 21                                          ; 1                            ;
; 22                                          ; 1                            ;
+---------------------------------------------+------------------------------+


+--------------------------------------------------------------------+
; Fitter Device Options                                              ;
+----------------------------------------------+---------------------+
; Option                                       ; Setting             ;
+----------------------------------------------+---------------------+
; Enable user-supplied start-up clock (CLKUSR) ; Off                 ;
; Enable device-wide reset (DEV_CLRn)          ; Off                 ;
; Enable device-wide output enable (DEV_OE)    ; Off                 ;
; Enable INIT_DONE output                      ; Off                 ;
; Configuration scheme                         ; Passive Serial      ;
; Reserve all unused pins                      ; As input tri-stated ;
; Base pin-out file on sameframe device        ; Off                 ;
+----------------------------------------------+---------------------+


+----------------------------+
; Advanced Data - General    ;
+--------------------+-------+
; Name               ; Value ;
+--------------------+-------+
; Status Code        ; 0     ;
; Desired User Slack ; 0     ;
; Fit Attempts       ; 1     ;
+--------------------+-------+


+--------------------------------------------------------------------------------------------------+
; Advanced Data - Placement Preparation                                                            ;
+--------------------------------------------------------------------------------+-----------------+
; Name                                                                           ; Value           ;
+--------------------------------------------------------------------------------+-----------------+
; Auto Fit Point 1 - Fit Attempt 1                                               ; ff              ;
; Mid Wire Use - Fit Attempt 1                                                   ; 18              ;
; Mid Slack - Fit Attempt 1                                                      ; -19427          ;
; Internal Atom Count - Fit Attempt 1                                            ; 87              ;
; LE/ALM Count - Fit Attempt 1                                                   ; 87              ;
; LAB Count - Fit Attempt 1                                                      ; 13              ;
; Outputs per Lab - Fit Attempt 1                                                ; 3.462           ;
; Inputs per LAB - Fit Attempt 1                                                 ; 7.154           ;
; Global Inputs per LAB - Fit Attempt 1                                          ; 1.538           ;
; LAB Constraint 'non-global clock / CE pair + async load' - Fit Attempt 1       ; 0:13            ;
; LAB Constraint 'ce + sync load' - Fit Attempt 1                                ; 0:7;1:6         ;
; LAB Constraint 'non-global controls' - Fit Attempt 1                           ; 0:6;1:5;2:2     ;
; LAB Constraint 'un-route combination' - Fit Attempt 1                          ; 0:6;1:5;2:2     ;
; LAB Constraint 'non-global with asyn_clear' - Fit Attempt 1                    ; 0:3;1:3;2:5;3:2 ;
; LAB Constraint 'un-route with async_clear' - Fit Attempt 1                     ; 0:3;1:3;2:5;3:2 ;
; LAB Constraint 'non-global async clear + sync clear' - Fit Attempt 1           ; 0:10;1:3        ;
; LAB Constraint 'global non-clock/non-asynch_clear' - Fit Attempt 1             ; 0:13            ;
; LAB Constraint 'ygr_cl_ngclk_gclkce_sload_aload_constraint' - Fit Attempt 1    ; 0:7;1:6         ;
; LAB Constraint 'global control signals' - Fit Attempt 1                        ; 0:3;2:10        ;
; LAB Constraint 'clock / ce pair constraint' - Fit Attempt 1                    ; 0:3;1:9;2:1     ;
; LAB Constraint 'aload_aclr pair with aload used' - Fit Attempt 1               ; 0:13            ;
; LAB Constraint 'aload_aclr pair' - Fit Attempt 1                               ; 0:3;1:10        ;
; LAB Constraint 'sload_sclear pair' - Fit Attempt 1                             ; 0:9;1:4         ;
; LAB Constraint 'invert_a constraint' - Fit Attempt 1                           ; 0:3;1:10        ;
; LAB Constraint 'has placement constraint' - Fit Attempt 1                      ; 0:11;1:2        ;
; LAB Constraint 'use of ADATA or SDATA by registers constraint' - Fit Attempt 1 ; 0:13            ;
; LEs in Chains - Fit Attempt 1                                                  ; 21              ;
; LEs in Long Chains - Fit Attempt 1                                             ; 15              ;
; LABs with Chains - Fit Attempt 1                                               ; 3               ;
; LABs with Multiple Chains - Fit Attempt 1                                      ; 0               ;
; Time - Fit Attempt 1                                                           ; 0               ;
+--------------------------------------------------------------------------------+-----------------+


+----------------------------------------------+
; Advanced Data - Placement                    ;
+-------------------------------------+--------+
; Name                                ; Value  ;
+-------------------------------------+--------+
; Auto Fit Point 2 - Fit Attempt 1    ; ff     ;
; Early Wire Use - Fit Attempt 1      ; 5      ;
; Early Slack - Fit Attempt 1         ; -23924 ;
; Auto Fit Point 4 - Fit Attempt 1    ; ff     ;
; Auto Fit Point 5 - Fit Attempt 1    ; ff     ;
; Auto Fit Point 4 - Fit Attempt 1    ; ff     ;
; Mid Wire Use - Fit Attempt 1        ; 8      ;
; Mid Slack - Fit Attempt 1           ; -23174 ;
; Auto Fit Point 5 - Fit Attempt 1    ; ff     ;
; Late Wire Use - Fit Attempt 1       ; 9      ;
; Late Slack - Fit Attempt 1          ; -23174 ;
; Peak Regional Wire - Fit Attempt 1  ; 0.000  ;
; Auto Fit Point 6 - Fit Attempt 1    ; ff     ;
; Time - Fit Attempt 1                ; 0      ;
; Time in tsm_tan.dll - Fit Attempt 1 ; 0.015  ;
+-------------------------------------+--------+


+----------------------------------------------+
; Advanced Data - Routing                      ;
+-------------------------------------+--------+
; Name                                ; Value  ;
+-------------------------------------+--------+
; Early Slack - Fit Attempt 1         ; -19884 ;
; Early Wire Use - Fit Attempt 1      ; 8      ;
; Peak Regional Wire - Fit Attempt 1  ; 7      ;
; Mid Slack - Fit Attempt 1           ; -22747 ;
; Late Slack - Fit Attempt 1          ; -22747 ;
; Late Wire Use - Fit Attempt 1       ; 10     ;
; Time - Fit Attempt 1                ; 0      ;
; Time in tsm_tan.dll - Fit Attempt 1 ; 0.031  ;
+-------------------------------------+--------+


+-----------------+
; Fitter Messages ;
+-----------------+
Info: *******************************************************************
Info: Running Quartus II Fitter
    Info: Version 7.2 Build 151 09/26/2007 SJ Full Version
    Info: Processing started: Sun Nov 06 19:56:40 2011
Info: Command: quartus_fit --read_settings_files=off --write_settings_files=off segment -c segment
Info: Selected device EPM240T100C5 for design "segment"
Warning: The high junction temperature operating condition is not set. Assuming a default value of '85'.
Warning: The low junction temperature operating condition is not set. Assuming a default value of '0'.
Info: Fitter is performing an Auto Fit compilation, which may decrease Fitter effort to reduce compilation time
Info: Device migration not selected. If you intend to use device migration later, you may need to change the pin assignments as they may be incompatible with other devices
    Info: Device EPM240T100I5 is compatible
    Info: Device EPM570T100C5 is compatible
    Info: Device EPM570T100I5 is compatible
Info: Fitter is using the Classic Timing Analyzer
Info: Timing requirements not specified -- optimizing circuit to achieve the following default global requirements
    Info: Assuming a global fmax requirement of 1000 MHz
    Info: Assuming a global tsu requirement of 2.0 ns
    Info: Assuming a global tco requirement of 1.0 ns
    Info: Assuming a global tpd requirement of 1.0 ns
Info: Completed User Assigned Global Signals Promotion Operation
Info: Automatically promoted signal "clk" to use Global clock
Info: Pin "clk" drives global clock, but is not placed in a dedicated clock pin position
Info: Automatically promoted signal "rst_n" to use Global clock
Info: Pin "rst_n" drives global clock, but is not placed in a dedicated clock pin position
Info: Completed Auto Global Promotion Operation
Info: Starting register packing
Info: Fitter is using Normal packing mode for logic elements with Auto setting for Auto Packed Registers logic option
Info: Started processing fast register assignments
Info: Finished processing fast register assignments
Info: Finished register packing: elapsed time is 00:00:00
Info: Fitter placement preparation operations beginning
Info: Fitter placement preparation operations ending: elapsed time is 00:00:00
Info: Fitter placement operations beginning
Info: Fitter placement was successful
Info: Fitter placement operations ending: elapsed time is 00:00:00
Info: Estimated most critical path is register to pin delay of 15.850 ns
    Info: 1: + IC(0.000 ns) + CELL(0.000 ns) = 0.000 ns; Loc. = LAB_X3_Y3; Fanout = 9; REG Node = 'hc164_driver:hc164_driver_inst|seg_led_num[1]'
    Info: 2: + IC(1.749 ns) + CELL(0.740 ns) = 2.489 ns; Loc. = LAB_X5_Y3; Fanout = 1; COMB Node = 'hc164_driver:hc164_driver_inst|Mux0~53'
    Info: 3: + IC(0.342 ns) + CELL(0.914 ns) = 3.745 ns; Loc. = LAB_X5_Y3; Fanout = 1; COMB Node = 'hc164_driver:hc164_driver_inst|Mux0~54'
    Info: 4: + IC(0.266 ns) + CELL(0.914 ns) = 4.925 ns; Loc. = LAB_X5_Y3; Fanout = 7; COMB Node = 'hc164_driver:hc164_driver_inst|Mux0~57'
    Info: 5: + IC(2.074 ns) + CELL(0.200 ns) = 7.199 ns; Loc. = LAB_X4_Y4; Fanout = 1; COMB Node = 'hc164_driver:hc164_driver_inst|WideOr6~19'
    Info: 6: + IC(2.074 ns) + CELL(0.200 ns) = 9.473 ns; Loc. = LAB_X5_Y3; Fanout = 1; COMB Node = 'hc164_driver:hc164_driver_inst|Mux5~298'
    Info: 7: + IC(2.042 ns) + CELL(0.200 ns) = 11.715 ns; Loc. = LAB_X2_Y3; Fanout = 1; COMB Node = 'hc164_driver:hc164_driver_inst|Mux5~299'
    Info: 8: + IC(1.813 ns) + CELL(2.322 ns) = 15.850 ns; Loc. = PIN_26; Fanout = 0; PIN Node = 'hc_si'
    Info: Total cell delay = 5.490 ns ( 34.64 % )
    Info: Total interconnect delay = 10.360 ns ( 65.36 % )
Info: Fitter routing operations beginning
Info: Average interconnect usage is 7% of the available device resources
    Info: Peak interconnect usage is 7% of the available device resources in the region that extends from location X0_Y0 to location X8_Y5
Info: Fitter routing operations ending: elapsed time is 00:00:00
Info: The Fitter performed an Auto Fit compilation.  Optimizations were skipped to reduce compilation time.
    Info: Optimizations that may affect the design's routability were skipped
    Info: Optimizations that may affect the design's timing were skipped
Info: Generated suppressed messages file C:/altera/work/MAXII240T100C5N/verilog/EX06/SEGMENT/segment.fit.smsg
Info: Quartus II Fitter was successful. 0 errors, 2 warnings
    Info: Allocated 164 megabytes of memory during processing
    Info: Processing ended: Sun Nov 06 19:56:41 2011
    Info: Elapsed time: 00:00:01


+----------------------------+
; Fitter Suppressed Messages ;
+----------------------------+
The suppressed messages can be found in C:/altera/work/MAXII240T100C5N/verilog/EX06/SEGMENT/segment.fit.smsg.


