Analysis & Synthesis report for segment
Sun Nov 06 19:56:38 2011
Quartus II Version 7.2 Build 151 09/26/2007 SJ Full Version


---------------------
; Table of Contents ;
---------------------
  1. Legal Notice
  2. Analysis & Synthesis Summary
  3. Analysis & Synthesis Settings
  4. Analysis & Synthesis Source Files Read
  5. Analysis & Synthesis Resource Usage Summary
  6. Analysis & Synthesis Resource Utilization by Entity
  7. Registers Removed During Synthesis
  8. General Register Statistics
  9. Inverted Register Statistics
 10. Multiplexer Restructuring Statistics (Restructuring Performed)
 11. Analysis & Synthesis Messages



----------------
; Legal Notice ;
----------------
Copyright (C) 1991-2007 Altera Corporation
Your use of Altera Corporation's design tools, logic functions 
and other software and tools, and its AMPP partner logic 
functions, and any output files from any of the foregoing 
(including device programming or simulation files), and any 
associated documentation or information are expressly subject 
to the terms and conditions of the Altera Program License 
Subscription Agreement, Altera MegaCore Function License 
Agreement, or other applicable license agreement, including, 
without limitation, that your use is for the sole purpose of 
programming logic devices manufactured by Altera and sold by 
Altera or its authorized distributors.  Please refer to the 
applicable agreement for further details.



+------------------------------------------------------------------------+
; Analysis & Synthesis Summary                                           ;
+-----------------------------+------------------------------------------+
; Analysis & Synthesis Status ; Successful - Sun Nov 06 19:56:38 2011    ;
; Quartus II Version          ; 7.2 Build 151 09/26/2007 SJ Full Version ;
; Revision Name               ; segment                                  ;
; Top-level Entity Name       ; segment                                  ;
; Family                      ; MAX II                                   ;
; Total logic elements        ; 89                                       ;
; Total pins                  ; 12                                       ;
; Total virtual pins          ; 0                                        ;
; Total memory bits           ; 0                                        ;
; DSP block 9-bit elements    ; 0                                        ;
; Total PLLs                  ; 0                                        ;
; Total DLLs                  ; 0                                        ;
+-----------------------------+------------------------------------------+


+--------------------------------------------------------------------------------------------------------------------------+
; Analysis & Synthesis Settings                                                                                            ;
+--------------------------------------------------------------------------------+--------------------+--------------------+
; Option                                                                         ; Setting            ; Default Value      ;
+--------------------------------------------------------------------------------+--------------------+--------------------+
; Device                                                                         ; EPM240T100C5       ;                    ;
; Top-level entity name                                                          ; segment            ; segment            ;
; Family name                                                                    ; MAX II             ; Stratix II         ;
; Use Generated Physical Constraints File                                        ; Off                ;                    ;
; Use smart compilation                                                          ; Off                ; Off                ;
; Maximum processors allowed for parallel compilation                            ; 1                  ; 1                  ;
; Restructure Multiplexers                                                       ; Auto               ; Auto               ;
; Create Debugging Nodes for IP Cores                                            ; Off                ; Off                ;
; Preserve fewer node names                                                      ; On                 ; On                 ;
; Disable OpenCore Plus hardware evaluation                                      ; Off                ; Off                ;
; Verilog Version                                                                ; Verilog_2001       ; Verilog_2001       ;
; VHDL Version                                                                   ; VHDL93             ; VHDL93             ;
; State Machine Processing                                                       ; Auto               ; Auto               ;
; Safe State Machine                                                             ; Off                ; Off                ;
; Extract Verilog State Machines                                                 ; On                 ; On                 ;
; Extract VHDL State Machines                                                    ; On                 ; On                 ;
; Ignore Verilog initial constructs                                              ; Off                ; Off                ;
; Add Pass-Through Logic to Inferred RAMs                                        ; On                 ; On                 ;
; Parallel Synthesis                                                             ; Off                ; Off                ;
; NOT Gate Push-Back                                                             ; On                 ; On                 ;
; Power-Up Don't Care                                                            ; On                 ; On                 ;
; Remove Redundant Logic Cells                                                   ; Off                ; Off                ;
; Remove Duplicate Registers                                                     ; On                 ; On                 ;
; Ignore CARRY Buffers                                                           ; Off                ; Off                ;
; Ignore CASCADE Buffers                                                         ; Off                ; Off                ;
; Ignore GLOBAL Buffers                                                          ; Off                ; Off                ;
; Ignore ROW GLOBAL Buffers                                                      ; Off                ; Off                ;
; Ignore LCELL Buffers                                                           ; Off                ; Off                ;
; Ignore SOFT Buffers                                                            ; On                 ; On                 ;
; Limit AHDL Integers to 32 Bits                                                 ; Off                ; Off                ;
; Optimization Technique -- MAX II                                               ; Balanced           ; Balanced           ;
; Carry Chain Length -- Stratix/Stratix GX/Cyclone/MAX II/Cyclone II/Cyclone III ; 70                 ; 70                 ;
; Auto Carry Chains                                                              ; On                 ; On                 ;
; Auto Open-Drain Pins                                                           ; On                 ; On                 ;
; Perform WYSIWYG Primitive Resynthesis                                          ; Off                ; Off                ;
; Perform gate-level register retiming                                           ; Off                ; Off                ;
; Allow register retiming to trade off Tsu/Tco with Fmax                         ; On                 ; On                 ;
; Auto Shift Register Replacement                                                ; Auto               ; Auto               ;
; Auto Clock Enable Replacement                                                  ; On                 ; On                 ;
; Allow Synchronous Control Signals                                              ; On                 ; On                 ;
; Force Use of Synchronous Clear Signals                                         ; Off                ; Off                ;
; Auto Resource Sharing                                                          ; Off                ; Off                ;
; Ignore translate_off and synthesis_off directives                              ; Off                ; Off                ;
; Show Parameter Settings Tables in Synthesis Report                             ; On                 ; On                 ;
; Ignore Maximum Fan-Out Assignments                                             ; Off                ; Off                ;
; Retiming Meta-Stability Register Sequence Length                               ; 2                  ; 2                  ;
; PowerPlay Power Optimization                                                   ; Normal compilation ; Normal compilation ;
; HDL message level                                                              ; Level2             ; Level2             ;
; Suppress Register Optimization Related Messages                                ; Off                ; Off                ;
; Number of Removed Registers Reported in Synthesis Report                       ; 100                ; 100                ;
; Clock MUX Protection                                                           ; On                 ; On                 ;
; Block Design Naming                                                            ; Auto               ; Auto               ;
+--------------------------------------------------------------------------------+--------------------+--------------------+


+--------------------------------------------------------------------------------------------------------------------------------------------------+
; Analysis & Synthesis Source Files Read                                                                                                           ;
+----------------------------------+-----------------+------------------------+--------------------------------------------------------------------+
; File Name with User-Entered Path ; Used in Netlist ; File Type              ; File Name with Absolute Path                                       ;
+----------------------------------+-----------------+------------------------+--------------------------------------------------------------------+
; hc164_driver.v                   ; yes             ; User Verilog HDL File  ; C:/altera/work/MAXII240T100C5N/verilog/EX06/SEGMENT/hc164_driver.v ;
; segment.v                        ; yes             ; User Verilog HDL File  ; C:/altera/work/MAXII240T100C5N/verilog/EX06/SEGMENT/segment.v      ;
+----------------------------------+-----------------+------------------------+--------------------------------------------------------------------+


+-----------------------------------------------------+
; Analysis & Synthesis Resource Usage Summary         ;
+---------------------------------------------+-------+
; Resource                                    ; Usage ;
+---------------------------------------------+-------+
; Total logic elements                        ; 89    ;
;     -- Combinational with no register       ; 44    ;
;     -- Register only                        ; 2     ;
;     -- Combinational with a register        ; 43    ;
;                                             ;       ;
; Logic element usage by number of LUT inputs ;       ;
;     -- 4 input functions                    ; 46    ;
;     -- 3 input functions                    ; 8     ;
;     -- 2 input functions                    ; 29    ;
;     -- 1 input functions                    ; 3     ;
;     -- 0 input functions                    ; 1     ;
;                                             ;       ;
; Logic elements by mode                      ;       ;
;     -- normal mode                          ; 70    ;
;     -- arithmetic mode                      ; 19    ;
;     -- qfbk mode                            ; 0     ;
;     -- register cascade mode                ; 0     ;
;     -- synchronous clear/load mode          ; 13    ;
;     -- asynchronous clear/load mode         ; 45    ;
;                                             ;       ;
; Total registers                             ; 45    ;
; Total logic cells in carry chains           ; 21    ;
; I/O pins                                    ; 12    ;
; Maximum fan-out node                        ; clk   ;
; Maximum fan-out                             ; 45    ;
; Total fan-out                               ; 395   ;
; Average fan-out                             ; 3.91  ;
+---------------------------------------------+-------+


+-----------------------------------------------------------------------------------------------------------------------------------------------------------------------------------------------------------------------------------------------------------------------------------------------------+
; Analysis & Synthesis Resource Utilization by Entity                                                                                                                                                                                                                                                 ;
+-------------------------------------+-------------+--------------+-------------+--------------+---------+-----------+-----------+------+--------------+--------------+-------------------+------------------+-----------------+------------+-----------------------------------------+--------------+
; Compilation Hierarchy Node          ; Logic Cells ; LC Registers ; Memory Bits ; DSP Elements ; DSP 9x9 ; DSP 18x18 ; DSP 36x36 ; Pins ; Virtual Pins ; LUT-Only LCs ; Register-Only LCs ; LUT/Register LCs ; Carry Chain LCs ; Packed LCs ; Full Hierarchy Name                     ; Library Name ;
+-------------------------------------+-------------+--------------+-------------+--------------+---------+-----------+-----------+------+--------------+--------------+-------------------+------------------+-----------------+------------+-----------------------------------------+--------------+
; |segment                            ; 89 (29)     ; 45           ; 0           ; 0            ; 0       ; 0         ; 0         ; 12   ; 0            ; 44 (10)      ; 2 (2)             ; 43 (17)          ; 21 (0)          ; 0 (0)      ; |segment                                ; work         ;
;    |hc164_driver:hc164_driver_inst| ; 60 (60)     ; 26           ; 0           ; 0            ; 0       ; 0         ; 0         ; 0    ; 0            ; 34 (34)      ; 0 (0)             ; 26 (26)          ; 21 (21)         ; 0 (0)      ; |segment|hc164_driver:hc164_driver_inst ; work         ;
+-------------------------------------+-------------+--------------+-------------+--------------+---------+-----------+-----------+------+--------------+--------------+-------------------+------------------+-----------------+------------+-----------------------------------------+--------------+
Note: For table entries with two numbers listed, the numbers in parentheses indicate the number of resources of the given type used by the specific entity alone. The numbers listed outside of parentheses indicate the total resources of the given type used by the specific entity and all of its sub-entities in the hierarchy.


+---------------------------------------------------------------------------------+
; Registers Removed During Synthesis                                              ;
+----------------------------------------+----------------------------------------+
; Register name                          ; Reason for Removal                     ;
+----------------------------------------+----------------------------------------+
; data_dot[0..7]                         ; Stuck at GND due to stuck port data_in ;
; data[8,16,24]                          ; Merged with data[0]                    ;
; data[13]                               ; Merged with data[29]                   ;
; data[4,12,20]                          ; Merged with data[28]                   ;
; data[9]                                ; Merged with data[25]                   ;
; data[5]                                ; Merged with data[21]                   ;
; data[1]                                ; Merged with data[17]                   ;
; data[2]                                ; Merged with data[18]                   ;
; data[0]                                ; Merged with data[28]                   ;
; data[17]                               ; Merged with data[25]                   ;
; Total Number of Removed Registers = 21 ;                                        ;
+----------------------------------------+----------------------------------------+


+------------------------------------------------------+
; General Register Statistics                          ;
+----------------------------------------------+-------+
; Statistic                                    ; Value ;
+----------------------------------------------+-------+
; Total registers                              ; 45    ;
; Number of registers using Synchronous Clear  ; 13    ;
; Number of registers using Synchronous Load   ; 0     ;
; Number of registers using Asynchronous Clear ; 45    ;
; Number of registers using Asynchronous Load  ; 0     ;
; Number of registers using Clock Enable       ; 19    ;
; Number of registers using Preset             ; 0     ;
+----------------------------------------------+-------+


+--------------------------------------------------+
; Inverted Register Statistics                     ;
+----------------------------------------+---------+
; Inverted Register                      ; Fan out ;
+----------------------------------------+---------+
; data[21]                               ; 1       ;
; data[10]                               ; 1       ;
; data[14]                               ; 1       ;
; data[6]                                ; 1       ;
; Total number of inverted registers = 4 ;         ;
+----------------------------------------+---------+


+------------------------------------------------------------------------------------------------------------------------------------------------------------+
; Multiplexer Restructuring Statistics (Restructuring Performed)                                                                                             ;
+--------------------+-----------+---------------+----------------------+------------------------+------------+----------------------------------------------+
; Multiplexer Inputs ; Bus Width ; Baseline Area ; Area if Restructured ; Saving if Restructured ; Registered ; Example Multiplexer Output                   ;
+--------------------+-----------+---------------+----------------------+------------------------+------------+----------------------------------------------+
; 8:1                ; 2 bits    ; 10 LEs        ; 10 LEs               ; 0 LEs                  ; No         ; |segment|hc164_driver:hc164_driver_inst|Mux0 ;
+--------------------+-----------+---------------+----------------------+------------------------+------------+----------------------------------------------+


+-------------------------------+
; Analysis & Synthesis Messages ;
+-------------------------------+
Info: *******************************************************************
Info: Running Quartus II Analysis & Synthesis
    Info: Version 7.2 Build 151 09/26/2007 SJ Full Version
    Info: Processing started: Sun Nov 06 19:56:35 2011
Info: Command: quartus_map --read_settings_files=on --write_settings_files=off segment -c segment
Info: Found 1 design units, including 1 entities, in source file hc164_driver.v
    Info: Found entity 1: hc164_driver
Info: Found 1 design units, including 1 entities, in source file segment.v
    Info: Found entity 1: segment
Info: Elaborating entity "segment" for the top level hierarchy
Info: Elaborating entity "hc164_driver" for hierarchy "hc164_driver:hc164_driver_inst"
Warning (14130): Reduced register "data_dot[0]" with stuck data_in port to stuck value GND
Warning (14130): Reduced register "data_dot[1]" with stuck data_in port to stuck value GND
Warning (14130): Reduced register "data_dot[2]" with stuck data_in port to stuck value GND
Warning (14130): Reduced register "data_dot[3]" with stuck data_in port to stuck value GND
Warning (14130): Reduced register "data_dot[4]" with stuck data_in port to stuck value GND
Warning (14130): Reduced register "data_dot[5]" with stuck data_in port to stuck value GND
Warning (14130): Reduced register "data_dot[6]" with stuck data_in port to stuck value GND
Warning (14130): Reduced register "data_dot[7]" with stuck data_in port to stuck value GND
Info: Duplicate registers merged to single register
    Info: Duplicate register "data[24]" merged to single register "data[0]"
    Info: Duplicate register "data[8]" merged to single register "data[0]"
    Info: Duplicate register "data[16]" merged to single register "data[0]"
    Info: Duplicate register "data[13]" merged to single register "data[29]"
    Info: Duplicate register "data[12]" merged to single register "data[28]"
    Info: Duplicate register "data[20]" merged to single register "data[28]"
    Info: Duplicate register "data[4]" merged to single register "data[28]"
    Info: Duplicate register "data[9]" merged to single register "data[25]"
    Info: Duplicate register "data[5]" merged to single register "data[21]"
    Info: Duplicate register "data[1]" merged to single register "data[17]"
Info: Duplicate registers merged to single register
    Info: Duplicate register "data[2]" merged to single register "data[18]", power-up level changed
Info: Duplicate registers merged to single register
    Info: Duplicate register "data[0]" merged to single register "data[28]", power-up level changed
    Info: Duplicate register "data[17]" merged to single register "data[25]", power-up level changed
Info: Registers with preset signals will power-up high
Info: Implemented 101 device resources after synthesis - the final resource count might be different
    Info: Implemented 10 input pins
    Info: Implemented 2 output pins
    Info: Implemented 89 logic cells
Info: Quartus II Analysis & Synthesis was successful. 0 errors, 8 warnings
    Info: Allocated 141 megabytes of memory during processing
    Info: Processing ended: Sun Nov 06 19:56:39 2011
    Info: Elapsed time: 00:00:04


