Flow report for ps2_key
Sun Aug 02 10:12:42 2009
Quartus II Version 9.0 Build 132 02/25/2009 SJ Full Version


---------------------
; Table of Contents ;
---------------------
  1. Legal Notice
  2. Flow Summary
  3. Flow Settings
  4. Flow Non-Default Global Settings
  5. Flow Elapsed Time
  6. Flow OS Summary
  7. Flow Log



----------------
; Legal Notice ;
----------------
Copyright (C) 1991-2009 Altera Corporation
Your use of Altera Corporation's design tools, logic functions 
and other software and tools, and its AMPP partner logic 
functions, and any output files from any of the foregoing 
(including device programming or simulation files), and any 
associated documentation or information are expressly subject 
to the terms and conditions of the Altera Program License 
Subscription Agreement, Altera MegaCore Function License 
Agreement, or other applicable license agreement, including, 
without limitation, that your use is for the sole purpose of 
programming logic devices manufactured by Altera and sold by 
Altera or its authorized distributors.  Please refer to the 
applicable agreement for further details.



+--------------------------------------------------------------------+
; Flow Summary                                                       ;
+-------------------------+------------------------------------------+
; Flow Status             ; Successful - Sun Aug 02 10:12:42 2009    ;
; Quartus II Version      ; 9.0 Build 132 02/25/2009 SJ Full Version ;
; Revision Name           ; ps2_key                                  ;
; Top-level Entity Name   ; ps2_key                                  ;
; Family                  ; MAX II                                   ;
; Device                  ; EPM240T100C5                             ;
; Timing Models           ; Final                                    ;
; Met timing requirements ; No                                       ;
; Total logic elements    ; 120 / 240 ( 50 % )                       ;
; Total pins              ; 5 / 80 ( 6 % )                           ;
; Total virtual pins      ; 0                                        ;
; UFM blocks              ; 0 / 1 ( 0 % )                            ;
+-------------------------+------------------------------------------+


+-----------------------------------------+
; Flow Settings                           ;
+-------------------+---------------------+
; Option            ; Setting             ;
+-------------------+---------------------+
; Start date & time ; 08/02/2009 10:12:19 ;
; Main task         ; Compilation         ;
; Revision Name     ; ps2_key             ;
+-------------------+---------------------+


+---------------------------------------------------------------------------------------------------------------------------------------------------------------+
; Flow Non-Default Global Settings                                                                                                                              ;
+-----------------------+--------------------------------------------------------------------------------------------+---------------+-------------+------------+
; Assignment Name       ; Value                                                                                      ; Default Value ; Entity Name ; Section Id ;
+-----------------------+--------------------------------------------------------------------------------------------+---------------+-------------+------------+
; COMPILER_SIGNATURE_ID ; 126665487391.124917913900212                                                               ; --            ; --          ; --         ;
; MISC_FILE             ; C:/franchiese/GR/BJ-EPM/实验例程以及说明文档0316/9、PS2键盘解码实验/ps2verilog/ps2_key.dpf ; --            ; --          ; --         ;
+-----------------------+--------------------------------------------------------------------------------------------+---------------+-------------+------------+


+-----------------------------------------------------------------------------------------------------------------------------+
; Flow Elapsed Time                                                                                                           ;
+-------------------------+--------------+-------------------------+---------------------+------------------------------------+
; Module Name             ; Elapsed Time ; Average Processors Used ; Peak Virtual Memory ; Total CPU Time (on all processors) ;
+-------------------------+--------------+-------------------------+---------------------+------------------------------------+
; Analysis & Synthesis    ; 00:00:05     ; 1.0                     ; 173 MB              ; 00:00:05                           ;
; Fitter                  ; 00:00:03     ; 1.0                     ; 175 MB              ; 00:00:02                           ;
; Assembler               ; 00:00:06     ; 1.0                     ; 136 MB              ; 00:00:05                           ;
; Classic Timing Analyzer ; 00:00:02     ; 1.0                     ; 123 MB              ; 00:00:02                           ;
; Total                   ; 00:00:16     ; --                      ; --                  ; 00:00:14                           ;
+-------------------------+--------------+-------------------------+---------------------+------------------------------------+


+---------------------------------------------------------------------------------------+
; Flow OS Summary                                                                       ;
+-------------------------+------------------+------------+------------+----------------+
; Module Name             ; Machine Hostname ; OS Name    ; OS Version ; Processor type ;
+-------------------------+------------------+------------+------------+----------------+
; Analysis & Synthesis    ; 1ac3b3f00b504bb  ; Windows XP ; 5.1        ; i686           ;
; Fitter                  ; 1ac3b3f00b504bb  ; Windows XP ; 5.1        ; i686           ;
; Assembler               ; 1ac3b3f00b504bb  ; Windows XP ; 5.1        ; i686           ;
; Classic Timing Analyzer ; 1ac3b3f00b504bb  ; Windows XP ; 5.1        ; i686           ;
+-------------------------+------------------+------------+------------+----------------+


------------
; Flow Log ;
------------
quartus_map --read_settings_files=on --write_settings_files=off ps2_key -c ps2_key
quartus_fit --read_settings_files=off --write_settings_files=off ps2_key -c ps2_key
quartus_asm --read_settings_files=off --write_settings_files=off ps2_key -c ps2_key
quartus_tan --read_settings_files=off --write_settings_files=off ps2_key -c ps2_key



