Analysis & Synthesis report for ps2_key
Sun Aug 02 10:12:23 2009
Quartus II Version 9.0 Build 132 02/25/2009 SJ Full Version


---------------------
; Table of Contents ;
---------------------
  1. Legal Notice
  2. Analysis & Synthesis Summary
  3. Analysis & Synthesis Settings
  4. Analysis & Synthesis Source Files Read
  5. Analysis & Synthesis Resource Usage Summary
  6. Analysis & Synthesis Resource Utilization by Entity
  7. User-Specified and Inferred Latches
  8. Registers Removed During Synthesis
  9. General Register Statistics
 10. Inverted Register Statistics
 11. Multiplexer Restructuring Statistics (Restructuring Performed)
 12. Analysis & Synthesis Messages



----------------
; Legal Notice ;
----------------
Copyright (C) 1991-2009 Altera Corporation
Your use of Altera Corporation's design tools, logic functions 
and other software and tools, and its AMPP partner logic 
functions, and any output files from any of the foregoing 
(including device programming or simulation files), and any 
associated documentation or information are expressly subject 
to the terms and conditions of the Altera Program License 
Subscription Agreement, Altera MegaCore Function License 
Agreement, or other applicable license agreement, including, 
without limitation, that your use is for the sole purpose of 
programming logic devices manufactured by Altera and sold by 
Altera or its authorized distributors.  Please refer to the 
applicable agreement for further details.



+------------------------------------------------------------------------+
; Analysis & Synthesis Summary                                           ;
+-----------------------------+------------------------------------------+
; Analysis & Synthesis Status ; Successful - Sun Aug 02 10:12:23 2009    ;
; Quartus II Version          ; 9.0 Build 132 02/25/2009 SJ Full Version ;
; Revision Name               ; ps2_key                                  ;
; Top-level Entity Name       ; ps2_key                                  ;
; Family                      ; MAX II                                   ;
; Total logic elements        ; 136                                      ;
; Total pins                  ; 5                                        ;
; Total virtual pins          ; 0                                        ;
; UFM blocks                  ; 0 / 1 ( 0 % )                            ;
+-----------------------------+------------------------------------------+


+----------------------------------------------------------------------------------------------------------+
; Analysis & Synthesis Settings                                                                            ;
+----------------------------------------------------------------+--------------------+--------------------+
; Option                                                         ; Setting            ; Default Value      ;
+----------------------------------------------------------------+--------------------+--------------------+
; Device                                                         ; EPM240T100C5       ;                    ;
; Top-level entity name                                          ; ps2_key            ; ps2_key            ;
; Family name                                                    ; MAX II             ; Stratix            ;
; Use smart compilation                                          ; Off                ; Off                ;
; Restructure Multiplexers                                       ; Auto               ; Auto               ;
; Create Debugging Nodes for IP Cores                            ; Off                ; Off                ;
; Preserve fewer node names                                      ; On                 ; On                 ;
; Disable OpenCore Plus hardware evaluation                      ; Off                ; Off                ;
; Verilog Version                                                ; Verilog_2001       ; Verilog_2001       ;
; VHDL Version                                                   ; VHDL93             ; VHDL93             ;
; State Machine Processing                                       ; Auto               ; Auto               ;
; Safe State Machine                                             ; Off                ; Off                ;
; Extract Verilog State Machines                                 ; On                 ; On                 ;
; Extract VHDL State Machines                                    ; On                 ; On                 ;
; Ignore Verilog initial constructs                              ; Off                ; Off                ;
; Iteration limit for constant Verilog loops                     ; 5000               ; 5000               ;
; Iteration limit for non-constant Verilog loops                 ; 250                ; 250                ;
; Add Pass-Through Logic to Inferred RAMs                        ; On                 ; On                 ;
; Parallel Synthesis                                             ; Off                ; Off                ;
; NOT Gate Push-Back                                             ; On                 ; On                 ;
; Power-Up Don't Care                                            ; On                 ; On                 ;
; Remove Redundant Logic Cells                                   ; Off                ; Off                ;
; Remove Duplicate Registers                                     ; On                 ; On                 ;
; Ignore CARRY Buffers                                           ; Off                ; Off                ;
; Ignore CASCADE Buffers                                         ; Off                ; Off                ;
; Ignore GLOBAL Buffers                                          ; Off                ; Off                ;
; Ignore ROW GLOBAL Buffers                                      ; Off                ; Off                ;
; Ignore LCELL Buffers                                           ; Off                ; Off                ;
; Ignore SOFT Buffers                                            ; On                 ; On                 ;
; Limit AHDL Integers to 32 Bits                                 ; Off                ; Off                ;
; Optimization Technique                                         ; Balanced           ; Balanced           ;
; Carry Chain Length                                             ; 70                 ; 70                 ;
; Auto Carry Chains                                              ; On                 ; On                 ;
; Auto Open-Drain Pins                                           ; On                 ; On                 ;
; Perform WYSIWYG Primitive Resynthesis                          ; Off                ; Off                ;
; Auto Shift Register Replacement                                ; Auto               ; Auto               ;
; Auto Clock Enable Replacement                                  ; On                 ; On                 ;
; Allow Synchronous Control Signals                              ; On                 ; On                 ;
; Force Use of Synchronous Clear Signals                         ; Off                ; Off                ;
; Auto Resource Sharing                                          ; Off                ; Off                ;
; Use LogicLock Constraints during Resource Balancing            ; On                 ; On                 ;
; Ignore translate_off and synthesis_off directives              ; Off                ; Off                ;
; Show Parameter Settings Tables in Synthesis Report             ; On                 ; On                 ;
; Ignore Maximum Fan-Out Assignments                             ; Off                ; Off                ;
; Synchronization Register Chain Length                          ; 2                  ; 2                  ;
; PowerPlay Power Optimization                                   ; Normal compilation ; Normal compilation ;
; HDL message level                                              ; Level2             ; Level2             ;
; Suppress Register Optimization Related Messages                ; Off                ; Off                ;
; Number of Removed Registers Reported in Synthesis Report       ; 100                ; 100                ;
; Number of Inverted Registers Reported in Synthesis Report      ; 100                ; 100                ;
; Clock MUX Protection                                           ; On                 ; On                 ;
; Block Design Naming                                            ; Auto               ; Auto               ;
; Synthesis Effort                                               ; Auto               ; Auto               ;
; Allows Asynchronous Clear Usage For Shift Register Replacement ; On                 ; On                 ;
; Analysis & Synthesis Message Level                             ; Medium             ; Medium             ;
+----------------------------------------------------------------+--------------------+--------------------+


+---------------------------------------------------------------------------------------------------------------------------------------------------------------------------------------+
; Analysis & Synthesis Source Files Read                                                                                                                                                ;
+----------------------------------+-----------------+------------------------+---------------------------------------------------------------------------------------------------------+
; File Name with User-Entered Path ; Used in Netlist ; File Type              ; File Name with Absolute Path                                                                            ;
+----------------------------------+-----------------+------------------------+---------------------------------------------------------------------------------------------------------+
; my_uart_tx.v                     ; yes             ; User Verilog HDL File  ; E:/Personal/写书计划/正文整理0801/第五部分 基础实验篇/BJ-EPM240学习板例程/EX8/ps2verilog/my_uart_tx.v   ;
; ps2_key.v                        ; yes             ; User Verilog HDL File  ; E:/Personal/写书计划/正文整理0801/第五部分 基础实验篇/BJ-EPM240学习板例程/EX8/ps2verilog/ps2_key.v      ;
; ps2scan.v                        ; yes             ; User Verilog HDL File  ; E:/Personal/写书计划/正文整理0801/第五部分 基础实验篇/BJ-EPM240学习板例程/EX8/ps2verilog/ps2scan.v      ;
; speed_select.v                   ; yes             ; User Verilog HDL File  ; E:/Personal/写书计划/正文整理0801/第五部分 基础实验篇/BJ-EPM240学习板例程/EX8/ps2verilog/speed_select.v ;
+----------------------------------+-----------------+------------------------+---------------------------------------------------------------------------------------------------------+


+-----------------------------------------------------+
; Analysis & Synthesis Resource Usage Summary         ;
+---------------------------------------------+-------+
; Resource                                    ; Usage ;
+---------------------------------------------+-------+
; Total logic elements                        ; 136   ;
;     -- Combinational with no register       ; 81    ;
;     -- Register only                        ; 19    ;
;     -- Combinational with a register        ; 36    ;
;                                             ;       ;
; Logic element usage by number of LUT inputs ;       ;
;     -- 4 input functions                    ; 79    ;
;     -- 3 input functions                    ; 13    ;
;     -- 2 input functions                    ; 23    ;
;     -- 1 input functions                    ; 1     ;
;     -- 0 input functions                    ; 1     ;
;                                             ;       ;
; Logic elements by mode                      ;       ;
;     -- normal mode                          ; 124   ;
;     -- arithmetic mode                      ; 12    ;
;     -- qfbk mode                            ; 0     ;
;     -- register cascade mode                ; 0     ;
;     -- synchronous clear/load mode          ; 13    ;
;     -- asynchronous clear/load mode         ; 46    ;
;                                             ;       ;
; Total registers                             ; 55    ;
; Total logic cells in carry chains           ; 13    ;
; I/O pins                                    ; 5     ;
; Maximum fan-out node                        ; clk   ;
; Maximum fan-out                             ; 55    ;
; Total fan-out                               ; 554   ;
; Average fan-out                             ; 3.93  ;
+---------------------------------------------+-------+


+-----------------------------------------------------------------------------------------------------------------------------------------------------------------------------------------------------------------------------------------+
; Analysis & Synthesis Resource Utilization by Entity                                                                                                                                                                                     ;
+--------------------------------+-------------+--------------+------------+------+--------------+--------------+-------------------+------------------+-----------------+------------+------------------------------------+--------------+
; Compilation Hierarchy Node     ; Logic Cells ; LC Registers ; UFM Blocks ; Pins ; Virtual Pins ; LUT-Only LCs ; Register-Only LCs ; LUT/Register LCs ; Carry Chain LCs ; Packed LCs ; Full Hierarchy Name                ; Library Name ;
+--------------------------------+-------------+--------------+------------+------+--------------+--------------+-------------------+------------------+-----------------+------------+------------------------------------+--------------+
; |ps2_key                       ; 136 (0)     ; 55           ; 0          ; 5    ; 0            ; 81 (0)       ; 19 (0)            ; 36 (0)           ; 13 (0)          ; 0 (0)      ; |ps2_key                           ; work         ;
;    |my_uart_tx:my_uart_tx|     ; 27 (27)     ; 16           ; 0          ; 0    ; 0            ; 11 (11)      ; 8 (8)             ; 8 (8)            ; 0 (0)           ; 0 (0)      ; |ps2_key|my_uart_tx:my_uart_tx     ; work         ;
;    |ps2scan:ps2scan|           ; 88 (88)     ; 25           ; 0          ; 0    ; 0            ; 63 (63)      ; 11 (11)           ; 14 (14)          ; 0 (0)           ; 0 (0)      ; |ps2_key|ps2scan:ps2scan           ; work         ;
;    |speed_select:speed_select| ; 21 (21)     ; 14           ; 0          ; 0    ; 0            ; 7 (7)        ; 0 (0)             ; 14 (14)          ; 13 (13)         ; 0 (0)      ; |ps2_key|speed_select:speed_select ; work         ;
+--------------------------------+-------------+--------------+------------+------+--------------+--------------+-------------------+------------------+-----------------+------------+------------------------------------+--------------+
Note: For table entries with two numbers listed, the numbers in parentheses indicate the number of resources of the given type used by the specific entity alone. The numbers listed outside of parentheses indicate the total resources of the given type used by the specific entity and all of its sub-entities in the hierarchy.


+-------------------------------------------------------------------------------------------------------+
; User-Specified and Inferred Latches                                                                   ;
+----------------------------------------------------+-------------------------+------------------------+
; Latch Name                                         ; Latch Enable Signal     ; Free of Timing Hazards ;
+----------------------------------------------------+-------------------------+------------------------+
; ps2scan:ps2scan|ps2_asci[3]                        ; ps2scan:ps2scan|WideOr1 ; yes                    ;
; ps2scan:ps2scan|ps2_asci[1]                        ; ps2scan:ps2scan|WideOr1 ; yes                    ;
; ps2scan:ps2scan|ps2_asci[4]                        ; ps2scan:ps2scan|WideOr1 ; yes                    ;
; ps2scan:ps2scan|ps2_asci[2]                        ; ps2scan:ps2scan|WideOr1 ; yes                    ;
; ps2scan:ps2scan|ps2_asci[0]                        ; ps2scan:ps2scan|WideOr1 ; yes                    ;
; Number of user-specified and inferred latches = 5  ;                         ;                        ;
+----------------------------------------------------+-------------------------+------------------------+
Note: All latches listed above may not be present at the end of synthesis due to various synthesis optimizations.


+--------------------------------------------------------------------------------+
; Registers Removed During Synthesis                                             ;
+---------------------------------------+----------------------------------------+
; Register name                         ; Reason for Removal                     ;
+---------------------------------------+----------------------------------------+
; my_uart_tx:my_uart_tx|tx_data[5,7]    ; Stuck at GND due to stuck port data_in ;
; my_uart_tx:my_uart_tx|bps_start_r~en  ; Lost fanout                            ;
; Total Number of Removed Registers = 3 ;                                        ;
+---------------------------------------+----------------------------------------+


+------------------------------------------------------+
; General Register Statistics                          ;
+----------------------------------------------+-------+
; Statistic                                    ; Value ;
+----------------------------------------------+-------+
; Total registers                              ; 55    ;
; Number of registers using Synchronous Clear  ; 13    ;
; Number of registers using Synchronous Load   ; 0     ;
; Number of registers using Asynchronous Clear ; 46    ;
; Number of registers using Asynchronous Load  ; 0     ;
; Number of registers using Clock Enable       ; 18    ;
; Number of registers using Preset             ; 0     ;
+----------------------------------------------+-------+


+--------------------------------------------------+
; Inverted Register Statistics                     ;
+----------------------------------------+---------+
; Inverted Register                      ; Fan out ;
+----------------------------------------+---------+
; my_uart_tx:my_uart_tx|rs232_tx_r       ; 2       ;
; Total number of inverted registers = 1 ;         ;
+----------------------------------------+---------+


+-----------------------------------------------------------------------------------------------------------------------------------------------------+
; Multiplexer Restructuring Statistics (Restructuring Performed)                                                                                      ;
+--------------------+-----------+---------------+----------------------+------------------------+------------+---------------------------------------+
; Multiplexer Inputs ; Bus Width ; Baseline Area ; Area if Restructured ; Saving if Restructured ; Registered ; Example Multiplexer Output            ;
+--------------------+-----------+---------------+----------------------+------------------------+------------+---------------------------------------+
; 3:1                ; 4 bits    ; 8 LEs         ; 4 LEs                ; 4 LEs                  ; Yes        ; |ps2_key|my_uart_tx:my_uart_tx|num[3] ;
+--------------------+-----------+---------------+----------------------+------------------------+------------+---------------------------------------+


+-------------------------------+
; Analysis & Synthesis Messages ;
+-------------------------------+
Info: *******************************************************************
Info: Running Quartus II Analysis & Synthesis
    Info: Version 9.0 Build 132 02/25/2009 SJ Full Version
    Info: Processing started: Sun Aug 02 10:12:18 2009
Info: Command: quartus_map --read_settings_files=on --write_settings_files=off ps2_key -c ps2_key
Info: Found 1 design units, including 1 entities, in source file my_uart_tx.v
    Info: Found entity 1: my_uart_tx
Info: Found 1 design units, including 1 entities, in source file ps2_key.v
    Info: Found entity 1: ps2_key
Info: Found 1 design units, including 1 entities, in source file ps2scan.v
    Info: Found entity 1: ps2scan
Info: Found 1 design units, including 1 entities, in source file speed_select.v
    Info: Found entity 1: speed_select
Info: Elaborating entity "ps2_key" for the top level hierarchy
Info: Elaborating entity "ps2scan" for hierarchy "ps2scan:ps2scan"
Warning (10240): Verilog HDL Always Construct warning at ps2scan.v(132): inferring latch(es) for variable "ps2_asci", which holds its previous value in one or more paths through the always construct
Info (10041): Inferred latch for "ps2_asci[0]" at ps2scan.v(132)
Info (10041): Inferred latch for "ps2_asci[1]" at ps2scan.v(132)
Info (10041): Inferred latch for "ps2_asci[2]" at ps2scan.v(132)
Info (10041): Inferred latch for "ps2_asci[3]" at ps2scan.v(132)
Info (10041): Inferred latch for "ps2_asci[4]" at ps2scan.v(132)
Info (10041): Inferred latch for "ps2_asci[5]" at ps2scan.v(132)
Info (10041): Inferred latch for "ps2_asci[6]" at ps2scan.v(132)
Info (10041): Inferred latch for "ps2_asci[7]" at ps2scan.v(132)
Info: Elaborating entity "speed_select" for hierarchy "speed_select:speed_select"
Info: Elaborating entity "my_uart_tx" for hierarchy "my_uart_tx:my_uart_tx"
Warning: Tri-state node(s) do not directly drive top-level pin(s)
    Warning: Converted tri-state buffer "my_uart_tx:my_uart_tx|bps_start" feeding internal logic into a wire
Warning: Latch ps2scan:ps2scan|ps2_asci[3] has unsafe behavior
    Warning: Ports D and ENA on the latch are fed by the same signal ps2scan:ps2scan|ps2_byte_r[7]
Warning: Latch ps2scan:ps2scan|ps2_asci[1] has unsafe behavior
    Warning: Ports D and ENA on the latch are fed by the same signal ps2scan:ps2scan|ps2_byte_r[7]
Warning: Latch ps2scan:ps2scan|ps2_asci[4] has unsafe behavior
    Warning: Ports D and ENA on the latch are fed by the same signal ps2scan:ps2scan|ps2_byte_r[7]
Warning: Latch ps2scan:ps2scan|ps2_asci[2] has unsafe behavior
    Warning: Ports D and ENA on the latch are fed by the same signal ps2scan:ps2scan|ps2_byte_r[7]
Warning: Latch ps2scan:ps2scan|ps2_asci[0] has unsafe behavior
    Warning: Ports D and ENA on the latch are fed by the same signal ps2scan:ps2scan|ps2_byte_r[7]
Info: Registers with preset signals will power-up high
Info: 1 registers lost all their fanouts during netlist optimizations. The first 1 are displayed below.
    Info: Register "my_uart_tx:my_uart_tx|bps_start_r~en" lost all its fanouts during netlist optimizations.
Info: Implemented 141 device resources after synthesis - the final resource count might be different
    Info: Implemented 4 input pins
    Info: Implemented 1 output pins
    Info: Implemented 136 logic cells
Info: Quartus II Analysis & Synthesis was successful. 0 errors, 13 warnings
    Info: Peak virtual memory: 173 megabytes
    Info: Processing ended: Sun Aug 02 10:12:23 2009
    Info: Elapsed time: 00:00:05
    Info: Total CPU time (on all processors): 00:00:05


